[0.067s] Invoking command in '/home/laxmi-arz-i006/moveit_resources-ros2/build/moveit_resources_fanuc_description': CMAKE_PREFIX_PATH=${CMAKE_PREFIX_PATH}:/home/laxmi-arz-i006/moveit_resources-ros2/install/panda_gazebo:/home/laxmi-arz-i006/moveit_resources-ros2/install/arm:/opt/ros/jazzy DEBUGINFOD_URLS=https://debuginfod.ubuntu.com /usr/bin/cmake --build /home/laxmi-arz-i006/moveit_resources-ros2/build/moveit_resources_fanuc_description -- -j16 -l16
[0.375s] Invoked command in '/home/laxmi-arz-i006/moveit_resources-ros2/build/moveit_resources_fanuc_description' returned '0': CMAKE_PREFIX_PATH=${CMAKE_PREFIX_PATH}:/home/laxmi-arz-i006/moveit_resources-ros2/install/panda_gazebo:/home/laxmi-arz-i006/moveit_resources-ros2/install/arm:/opt/ros/jazzy DEBUGINFOD_URLS=https://debuginfod.ubuntu.com /usr/bin/cmake --build /home/laxmi-arz-i006/moveit_resources-ros2/build/moveit_resources_fanuc_description -- -j16 -l16
[0.390s] Invoking command in '/home/laxmi-arz-i006/moveit_resources-ros2/build/moveit_resources_fanuc_description': CMAKE_PREFIX_PATH=${CMAKE_PREFIX_PATH}:/home/laxmi-arz-i006/moveit_resources-ros2/install/panda_gazebo:/home/laxmi-arz-i006/moveit_resources-ros2/install/arm:/opt/ros/jazzy DEBUGINFOD_URLS=https://debuginfod.ubuntu.com /usr/bin/cmake --install /home/laxmi-arz-i006/moveit_resources-ros2/build/moveit_resources_fanuc_description
[0.721s] -- Install configuration: ""
[0.721s] -- Up-to-date: /home/laxmi-arz-i006/moveit_resources-ros2/install/moveit_resources_fanuc_description/share/ament_index/resource_index/package_run_dependencies/moveit_resources_fanuc_description
[0.721s] -- Up-to-date: /home/laxmi-arz-i006/moveit_resources-ros2/install/moveit_resources_fanuc_description/share/ament_index/resource_index/parent_prefix_path/moveit_resources_fanuc_description
[0.722s] -- Up-to-date: /home/laxmi-arz-i006/moveit_resources-ros2/install/moveit_resources_fanuc_description/share/moveit_resources_fanuc_description/environment/ament_prefix_path.sh
[0.722s] -- Up-to-date: /home/laxmi-arz-i006/moveit_resources-ros2/install/moveit_resources_fanuc_description/share/moveit_resources_fanuc_description/environment/ament_prefix_path.dsv
[0.723s] -- Up-to-date: /home/laxmi-arz-i006/moveit_resources-ros2/install/moveit_resources_fanuc_description/share/moveit_resources_fanuc_description/environment/path.sh
[0.723s] -- Up-to-date: /home/laxmi-arz-i006/moveit_resources-ros2/install/moveit_resources_fanuc_description/share/moveit_resources_fanuc_description/environment/path.dsv
[0.723s] -- Up-to-date: /home/laxmi-arz-i006/moveit_resources-ros2/install/moveit_resources_fanuc_description/share/moveit_resources_fanuc_description/local_setup.bash
[0.723s] -- Up-to-date: /home/laxmi-arz-i006/moveit_resources-ros2/install/moveit_resources_fanuc_description/share/moveit_resources_fanuc_description/local_setup.sh
[0.723s] -- Up-to-date: /home/laxmi-arz-i006/moveit_resources-ros2/install/moveit_resources_fanuc_description/share/moveit_resources_fanuc_description/local_setup.zsh
[0.724s] -- Up-to-date: /home/laxmi-arz-i006/moveit_resources-ros2/install/moveit_resources_fanuc_description/share/moveit_resources_fanuc_description/local_setup.dsv
[0.724s] -- Installing: /home/laxmi-arz-i006/moveit_resources-ros2/install/moveit_resources_fanuc_description/share/moveit_resources_fanuc_description/package.dsv
[0.725s] -- Up-to-date: /home/laxmi-arz-i006/moveit_resources-ros2/install/moveit_resources_fanuc_description/share/ament_index/resource_index/packages/moveit_resources_fanuc_description
[0.725s] -- Up-to-date: /home/laxmi-arz-i006/moveit_resources-ros2/install/moveit_resources_fanuc_description/share/moveit_resources_fanuc_description/cmake/moveit_resources_fanuc_descriptionConfig.cmake
[0.725s] -- Up-to-date: /home/laxmi-arz-i006/moveit_resources-ros2/install/moveit_resources_fanuc_description/share/moveit_resources_fanuc_description/cmake/moveit_resources_fanuc_descriptionConfig-version.cmake
[0.725s] -- Up-to-date: /home/laxmi-arz-i006/moveit_resources-ros2/install/moveit_resources_fanuc_description/share/moveit_resources_fanuc_description/package.xml
[0.725s] -- Up-to-date: /home/laxmi-arz-i006/moveit_resources-ros2/install/moveit_resources_fanuc_description/share/moveit_resources_fanuc_description/meshes
[0.725s] -- Up-to-date: /home/laxmi-arz-i006/moveit_resources-ros2/install/moveit_resources_fanuc_description/share/moveit_resources_fanuc_description/meshes/collision
[0.726s] -- Up-to-date: /home/laxmi-arz-i006/moveit_resources-ros2/install/moveit_resources_fanuc_description/share/moveit_resources_fanuc_description/meshes/collision/link_5.stl
[0.726s] -- Up-to-date: /home/laxmi-arz-i006/moveit_resources-ros2/install/moveit_resources_fanuc_description/share/moveit_resources_fanuc_description/meshes/collision/base_link.stl
[0.727s] -- Up-to-date: /home/laxmi-arz-i006/moveit_resources-ros2/install/moveit_resources_fanuc_description/share/moveit_resources_fanuc_description/meshes/collision/link_1.stl
[0.727s] -- Up-to-date: /home/laxmi-arz-i006/moveit_resources-ros2/install/moveit_resources_fanuc_description/share/moveit_resources_fanuc_description/meshes/collision/link_4.stl
[0.727s] -- Up-to-date: /home/laxmi-arz-i006/moveit_resources-ros2/install/moveit_resources_fanuc_description/share/moveit_resources_fanuc_description/meshes/collision/link_2.stl
[0.727s] -- Up-to-date: /home/laxmi-arz-i006/moveit_resources-ros2/install/moveit_resources_fanuc_description/share/moveit_resources_fanuc_description/meshes/collision/link_6.stl
[0.738s] -- Up-to-date: /home/laxmi-arz-i006/moveit_resources-ros2/install/moveit_resources_fanuc_description/share/moveit_resources_fanuc_description/meshes/collision/link_3.stl
[0.738s] -- Up-to-date: /home/laxmi-arz-i006/moveit_resources-ros2/install/moveit_resources_fanuc_description/share/moveit_resources_fanuc_description/meshes/visual
[0.738s] -- Up-to-date: /home/laxmi-arz-i006/moveit_resources-ros2/install/moveit_resources_fanuc_description/share/moveit_resources_fanuc_description/meshes/visual/link_5.stl
[0.738s] -- Up-to-date: /home/laxmi-arz-i006/moveit_resources-ros2/install/moveit_resources_fanuc_description/share/moveit_resources_fanuc_description/meshes/visual/base_link.stl
[0.738s] -- Up-to-date: /home/laxmi-arz-i006/moveit_resources-ros2/install/moveit_resources_fanuc_description/share/moveit_resources_fanuc_description/meshes/visual/link_1.stl
[0.738s] -- Up-to-date: /home/laxmi-arz-i006/moveit_resources-ros2/install/moveit_resources_fanuc_description/share/moveit_resources_fanuc_description/meshes/visual/link_4.stl
[0.738s] -- Up-to-date: /home/laxmi-arz-i006/moveit_resources-ros2/install/moveit_resources_fanuc_description/share/moveit_resources_fanuc_description/meshes/visual/link_2.stl
[0.738s] -- Up-to-date: /home/laxmi-arz-i006/moveit_resources-ros2/install/moveit_resources_fanuc_description/share/moveit_resources_fanuc_description/meshes/visual/link_6.stl
[0.739s] -- Up-to-date: /home/laxmi-arz-i006/moveit_resources-ros2/install/moveit_resources_fanuc_description/share/moveit_resources_fanuc_description/meshes/visual/link_3.stl
[0.739s] -- Up-to-date: /home/laxmi-arz-i006/moveit_resources-ros2/install/moveit_resources_fanuc_description/share/moveit_resources_fanuc_description/urdf
[0.739s] -- Up-to-date: /home/laxmi-arz-i006/moveit_resources-ros2/install/moveit_resources_fanuc_description/share/moveit_resources_fanuc_description/urdf/fanuc.urdf
[0.783s] Invoked command in '/home/laxmi-arz-i006/moveit_resources-ros2/build/moveit_resources_fanuc_description' returned '0': CMAKE_PREFIX_PATH=${CMAKE_PREFIX_PATH}:/home/laxmi-arz-i006/moveit_resources-ros2/install/panda_gazebo:/home/laxmi-arz-i006/moveit_resources-ros2/install/arm:/opt/ros/jazzy DEBUGINFOD_URLS=https://debuginfod.ubuntu.com /usr/bin/cmake --install /home/laxmi-arz-i006/moveit_resources-ros2/build/moveit_resources_fanuc_description
