[0.052s] Invoking command in '/home/laxmi-arz-i006/moveit_resources-ros2/build/moveit_resources_fanuc_description': CMAKE_PREFIX_PATH=${CMAKE_PREFIX_PATH}:/opt/ros/jazzy DEBUGINFOD_URLS=https://debuginfod.ubuntu.com /usr/bin/cmake /home/laxmi-arz-i006/moveit_resources-ros2/fanuc_description -DCMAKE_INSTALL_PREFIX=/home/laxmi-arz-i006/moveit_resources-ros2/install/moveit_resources_fanuc_description
[0.434s] -- The C compiler identification is GNU 13.3.0
[0.434s] -- The CXX compiler identification is GNU 13.3.0
[0.434s] -- Detecting C compiler ABI info
[0.434s] -- Detecting C compiler ABI info - done
[0.434s] -- Check for working C compiler: /usr/bin/cc - skipped
[0.434s] -- Detecting C compile features
[0.434s] -- Detecting C compile features - done
[0.441s] -- Detecting CXX compiler ABI info
[0.577s] -- Detecting CXX compiler ABI info - done
[0.589s] -- Check for working CXX compiler: /usr/bin/c++ - skipped
[0.589s] -- Detecting CXX compile features
[0.590s] -- Detecting CXX compile features - done
[0.611s] -- Found ament_cmake: 2.5.4 (/opt/ros/jazzy/share/ament_cmake/cmake)
[0.830s] -- Found Python3: /usr/bin/python3 (found version "3.12.3") found components: Interpreter 
[1.185s] -- Configuring done (1.1s)
[1.190s] -- Generating done (0.0s)
[1.194s] -- Build files have been written to: /home/laxmi-arz-i006/moveit_resources-ros2/build/moveit_resources_fanuc_description
[1.203s] Invoked command in '/home/laxmi-arz-i006/moveit_resources-ros2/build/moveit_resources_fanuc_description' returned '0': CMAKE_PREFIX_PATH=${CMAKE_PREFIX_PATH}:/opt/ros/jazzy DEBUGINFOD_URLS=https://debuginfod.ubuntu.com /usr/bin/cmake /home/laxmi-arz-i006/moveit_resources-ros2/fanuc_description -DCMAKE_INSTALL_PREFIX=/home/laxmi-arz-i006/moveit_resources-ros2/install/moveit_resources_fanuc_description
[1.206s] Invoking command in '/home/laxmi-arz-i006/moveit_resources-ros2/build/moveit_resources_fanuc_description': CMAKE_PREFIX_PATH=${CMAKE_PREFIX_PATH}:/opt/ros/jazzy DEBUGINFOD_URLS=https://debuginfod.ubuntu.com /usr/bin/cmake --build /home/laxmi-arz-i006/moveit_resources-ros2/build/moveit_resources_fanuc_description -- -j16 -l16
[1.257s] Invoked command in '/home/laxmi-arz-i006/moveit_resources-ros2/build/moveit_resources_fanuc_description' returned '0': CMAKE_PREFIX_PATH=${CMAKE_PREFIX_PATH}:/opt/ros/jazzy DEBUGINFOD_URLS=https://debuginfod.ubuntu.com /usr/bin/cmake --build /home/laxmi-arz-i006/moveit_resources-ros2/build/moveit_resources_fanuc_description -- -j16 -l16
[1.270s] Invoking command in '/home/laxmi-arz-i006/moveit_resources-ros2/build/moveit_resources_fanuc_description': CMAKE_PREFIX_PATH=${CMAKE_PREFIX_PATH}:/opt/ros/jazzy DEBUGINFOD_URLS=https://debuginfod.ubuntu.com /usr/bin/cmake --install /home/laxmi-arz-i006/moveit_resources-ros2/build/moveit_resources_fanuc_description
[1.281s] -- Install configuration: ""
[1.281s] -- Installing: /home/laxmi-arz-i006/moveit_resources-ros2/install/moveit_resources_fanuc_description/share/ament_index/resource_index/package_run_dependencies/moveit_resources_fanuc_description
[1.281s] -- Installing: /home/laxmi-arz-i006/moveit_resources-ros2/install/moveit_resources_fanuc_description/share/ament_index/resource_index/parent_prefix_path/moveit_resources_fanuc_description
[1.282s] -- Installing: /home/laxmi-arz-i006/moveit_resources-ros2/install/moveit_resources_fanuc_description/share/moveit_resources_fanuc_description/environment/ament_prefix_path.sh
[1.282s] -- Installing: /home/laxmi-arz-i006/moveit_resources-ros2/install/moveit_resources_fanuc_description/share/moveit_resources_fanuc_description/environment/ament_prefix_path.dsv
[1.282s] -- Installing: /home/laxmi-arz-i006/moveit_resources-ros2/install/moveit_resources_fanuc_description/share/moveit_resources_fanuc_description/environment/path.sh
[1.282s] -- Installing: /home/laxmi-arz-i006/moveit_resources-ros2/install/moveit_resources_fanuc_description/share/moveit_resources_fanuc_description/environment/path.dsv
[1.282s] -- Installing: /home/laxmi-arz-i006/moveit_resources-ros2/install/moveit_resources_fanuc_description/share/moveit_resources_fanuc_description/local_setup.bash
[1.283s] -- Installing: /home/laxmi-arz-i006/moveit_resources-ros2/install/moveit_resources_fanuc_description/share/moveit_resources_fanuc_description/local_setup.sh
[1.283s] -- Installing: /home/laxmi-arz-i006/moveit_resources-ros2/install/moveit_resources_fanuc_description/share/moveit_resources_fanuc_description/local_setup.zsh
[1.283s] -- Installing: /home/laxmi-arz-i006/moveit_resources-ros2/install/moveit_resources_fanuc_description/share/moveit_resources_fanuc_description/local_setup.dsv
[1.283s] -- Installing: /home/laxmi-arz-i006/moveit_resources-ros2/install/moveit_resources_fanuc_description/share/moveit_resources_fanuc_description/package.dsv
[1.284s] -- Installing: /home/laxmi-arz-i006/moveit_resources-ros2/install/moveit_resources_fanuc_description/share/ament_index/resource_index/packages/moveit_resources_fanuc_description
[1.284s] -- Installing: /home/laxmi-arz-i006/moveit_resources-ros2/install/moveit_resources_fanuc_description/share/moveit_resources_fanuc_description/cmake/moveit_resources_fanuc_descriptionConfig.cmake
[1.284s] -- Installing: /home/laxmi-arz-i006/moveit_resources-ros2/install/moveit_resources_fanuc_description/share/moveit_resources_fanuc_description/cmake/moveit_resources_fanuc_descriptionConfig-version.cmake
[1.285s] -- Installing: /home/laxmi-arz-i006/moveit_resources-ros2/install/moveit_resources_fanuc_description/share/moveit_resources_fanuc_description/package.xml
[1.285s] -- Installing: /home/laxmi-arz-i006/moveit_resources-ros2/install/moveit_resources_fanuc_description/share/moveit_resources_fanuc_description/meshes
[1.285s] -- Installing: /home/laxmi-arz-i006/moveit_resources-ros2/install/moveit_resources_fanuc_description/share/moveit_resources_fanuc_description/meshes/collision
[1.286s] -- Installing: /home/laxmi-arz-i006/moveit_resources-ros2/install/moveit_resources_fanuc_description/share/moveit_resources_fanuc_description/meshes/collision/link_5.stl
[1.287s] -- Installing: /home/laxmi-arz-i006/moveit_resources-ros2/install/moveit_resources_fanuc_description/share/moveit_resources_fanuc_description/meshes/collision/base_link.stl
[1.287s] -- Installing: /home/laxmi-arz-i006/moveit_resources-ros2/install/moveit_resources_fanuc_description/share/moveit_resources_fanuc_description/meshes/collision/link_1.stl
[1.288s] -- Installing: /home/laxmi-arz-i006/moveit_resources-ros2/install/moveit_resources_fanuc_description/share/moveit_resources_fanuc_description/meshes/collision/link_4.stl
[1.289s] -- Installing: /home/laxmi-arz-i006/moveit_resources-ros2/install/moveit_resources_fanuc_description/share/moveit_resources_fanuc_description/meshes/collision/link_2.stl
[1.290s] -- Installing: /home/laxmi-arz-i006/moveit_resources-ros2/install/moveit_resources_fanuc_description/share/moveit_resources_fanuc_description/meshes/collision/link_6.stl
[1.290s] -- Installing: /home/laxmi-arz-i006/moveit_resources-ros2/install/moveit_resources_fanuc_description/share/moveit_resources_fanuc_description/meshes/collision/link_3.stl
[1.291s] -- Installing: /home/laxmi-arz-i006/moveit_resources-ros2/install/moveit_resources_fanuc_description/share/moveit_resources_fanuc_description/meshes/visual
[1.291s] -- Installing: /home/laxmi-arz-i006/moveit_resources-ros2/install/moveit_resources_fanuc_description/share/moveit_resources_fanuc_description/meshes/visual/link_5.stl
[1.291s] -- Installing: /home/laxmi-arz-i006/moveit_resources-ros2/install/moveit_resources_fanuc_description/share/moveit_resources_fanuc_description/meshes/visual/base_link.stl
[1.292s] -- Installing: /home/laxmi-arz-i006/moveit_resources-ros2/install/moveit_resources_fanuc_description/share/moveit_resources_fanuc_description/meshes/visual/link_1.stl
[1.292s] -- Installing: /home/laxmi-arz-i006/moveit_resources-ros2/install/moveit_resources_fanuc_description/share/moveit_resources_fanuc_description/meshes/visual/link_4.stl
[1.293s] -- Installing: /home/laxmi-arz-i006/moveit_resources-ros2/install/moveit_resources_fanuc_description/share/moveit_resources_fanuc_description/meshes/visual/link_2.stl
[1.294s] -- Installing: /home/laxmi-arz-i006/moveit_resources-ros2/install/moveit_resources_fanuc_description/share/moveit_resources_fanuc_description/meshes/visual/link_6.stl
[1.295s] -- Installing: /home/laxmi-arz-i006/moveit_resources-ros2/install/moveit_resources_fanuc_description/share/moveit_resources_fanuc_description/meshes/visual/link_3.stl
[1.296s] -- Installing: /home/laxmi-arz-i006/moveit_resources-ros2/install/moveit_resources_fanuc_description/share/moveit_resources_fanuc_description/urdf
[1.296s] -- Installing: /home/laxmi-arz-i006/moveit_resources-ros2/install/moveit_resources_fanuc_description/share/moveit_resources_fanuc_description/urdf/fanuc.urdf
[1.297s] Invoked command in '/home/laxmi-arz-i006/moveit_resources-ros2/build/moveit_resources_fanuc_description' returned '0': CMAKE_PREFIX_PATH=${CMAKE_PREFIX_PATH}:/opt/ros/jazzy DEBUGINFOD_URLS=https://debuginfod.ubuntu.com /usr/bin/cmake --install /home/laxmi-arz-i006/moveit_resources-ros2/build/moveit_resources_fanuc_description
