[0.036s] Invoking command in '/home/laxmi-arz-i006/moveit_resources-ros2/build/moveit_resources_panda_moveit_config': AMENT_PREFIX_PATH=/home/laxmi-arz-i006/moveit_resources-ros2/install/moveit_resources_panda_description:${AMENT_PREFIX_PATH} CMAKE_PREFIX_PATH=/home/laxmi-arz-i006/moveit_resources-ros2/install/moveit_resources_panda_description:/opt/ros/jazzy/opt/gz_sim_vendor:/opt/ros/jazzy/opt/gz_sensors_vendor:/opt/ros/jazzy/opt/gz_physics_vendor:/opt/ros/jazzy/opt/sdformat_vendor:/opt/ros/jazzy/opt/gz_gui_vendor:/opt/ros/jazzy/opt/gz_transport_vendor:/opt/ros/jazzy/opt/gz_rendering_vendor:/opt/ros/jazzy/opt/gz_plugin_vendor:/opt/ros/jazzy/opt/gz_fuel_tools_vendor:/opt/ros/jazzy/opt/gz_msgs_vendor:/opt/ros/jazzy/opt/gz_common_vendor:/opt/ros/jazzy/opt/gz_math_vendor:/opt/ros/jazzy/opt/gz_utils_vendor:/opt/ros/jazzy/opt/gz_tools_vendor:/opt/ros/jazzy/opt/gz_ogre_next_vendor:/opt/ros/jazzy/opt/gz_dartsim_vendor:/opt/ros/jazzy/opt/gz_cmake_vendor:/opt/ros/jazzy DEBUGINFOD_URLS=https://debuginfod.ubuntu.com /usr/bin/cmake /home/laxmi-arz-i006/moveit_resources-ros2/panda_moveit_config -DCMAKE_INSTALL_PREFIX=/home/laxmi-arz-i006/moveit_resources-ros2/install/moveit_resources_panda_moveit_config
[0.119s] -- The C compiler identification is GNU 13.3.0
[0.192s] -- The CXX compiler identification is GNU 13.3.0
[0.219s] -- Detecting C compiler ABI info
[0.348s] -- Detecting C compiler ABI info - done
[0.361s] -- Check for working C compiler: /usr/bin/cc - skipped
[0.361s] -- Detecting C compile features
[0.361s] -- Detecting C compile features - done
[0.376s] -- Detecting CXX compiler ABI info
[0.525s] -- Detecting CXX compiler ABI info - done
[0.537s] -- Check for working CXX compiler: /usr/bin/c++ - skipped
[0.538s] -- Detecting CXX compile features
[0.538s] -- Detecting CXX compile features - done
[0.545s] -- Found ament_cmake: 2.5.4 (/opt/ros/jazzy/share/ament_cmake/cmake)
[0.777s] -- Found Python3: /usr/bin/python3 (found version "3.12.3") found components: Interpreter 
[1.088s] -- Configuring done (1.0s)
[1.095s] -- Generating done (0.0s)
[1.097s] -- Build files have been written to: /home/laxmi-arz-i006/moveit_resources-ros2/build/moveit_resources_panda_moveit_config
[1.108s] Invoked command in '/home/laxmi-arz-i006/moveit_resources-ros2/build/moveit_resources_panda_moveit_config' returned '0': AMENT_PREFIX_PATH=/home/laxmi-arz-i006/moveit_resources-ros2/install/moveit_resources_panda_description:${AMENT_PREFIX_PATH} CMAKE_PREFIX_PATH=/home/laxmi-arz-i006/moveit_resources-ros2/install/moveit_resources_panda_description:/opt/ros/jazzy/opt/gz_sim_vendor:/opt/ros/jazzy/opt/gz_sensors_vendor:/opt/ros/jazzy/opt/gz_physics_vendor:/opt/ros/jazzy/opt/sdformat_vendor:/opt/ros/jazzy/opt/gz_gui_vendor:/opt/ros/jazzy/opt/gz_transport_vendor:/opt/ros/jazzy/opt/gz_rendering_vendor:/opt/ros/jazzy/opt/gz_plugin_vendor:/opt/ros/jazzy/opt/gz_fuel_tools_vendor:/opt/ros/jazzy/opt/gz_msgs_vendor:/opt/ros/jazzy/opt/gz_common_vendor:/opt/ros/jazzy/opt/gz_math_vendor:/opt/ros/jazzy/opt/gz_utils_vendor:/opt/ros/jazzy/opt/gz_tools_vendor:/opt/ros/jazzy/opt/gz_ogre_next_vendor:/opt/ros/jazzy/opt/gz_dartsim_vendor:/opt/ros/jazzy/opt/gz_cmake_vendor:/opt/ros/jazzy DEBUGINFOD_URLS=https://debuginfod.ubuntu.com /usr/bin/cmake /home/laxmi-arz-i006/moveit_resources-ros2/panda_moveit_config -DCMAKE_INSTALL_PREFIX=/home/laxmi-arz-i006/moveit_resources-ros2/install/moveit_resources_panda_moveit_config
[1.109s] Invoking command in '/home/laxmi-arz-i006/moveit_resources-ros2/build/moveit_resources_panda_moveit_config': AMENT_PREFIX_PATH=/home/laxmi-arz-i006/moveit_resources-ros2/install/moveit_resources_panda_description:${AMENT_PREFIX_PATH} CMAKE_PREFIX_PATH=/home/laxmi-arz-i006/moveit_resources-ros2/install/moveit_resources_panda_description:/opt/ros/jazzy/opt/gz_sim_vendor:/opt/ros/jazzy/opt/gz_sensors_vendor:/opt/ros/jazzy/opt/gz_physics_vendor:/opt/ros/jazzy/opt/sdformat_vendor:/opt/ros/jazzy/opt/gz_gui_vendor:/opt/ros/jazzy/opt/gz_transport_vendor:/opt/ros/jazzy/opt/gz_rendering_vendor:/opt/ros/jazzy/opt/gz_plugin_vendor:/opt/ros/jazzy/opt/gz_fuel_tools_vendor:/opt/ros/jazzy/opt/gz_msgs_vendor:/opt/ros/jazzy/opt/gz_common_vendor:/opt/ros/jazzy/opt/gz_math_vendor:/opt/ros/jazzy/opt/gz_utils_vendor:/opt/ros/jazzy/opt/gz_tools_vendor:/opt/ros/jazzy/opt/gz_ogre_next_vendor:/opt/ros/jazzy/opt/gz_dartsim_vendor:/opt/ros/jazzy/opt/gz_cmake_vendor:/opt/ros/jazzy DEBUGINFOD_URLS=https://debuginfod.ubuntu.com /usr/bin/cmake --build /home/laxmi-arz-i006/moveit_resources-ros2/build/moveit_resources_panda_moveit_config -- -j16 -l16
[1.168s] Invoked command in '/home/laxmi-arz-i006/moveit_resources-ros2/build/moveit_resources_panda_moveit_config' returned '0': AMENT_PREFIX_PATH=/home/laxmi-arz-i006/moveit_resources-ros2/install/moveit_resources_panda_description:${AMENT_PREFIX_PATH} CMAKE_PREFIX_PATH=/home/laxmi-arz-i006/moveit_resources-ros2/install/moveit_resources_panda_description:/opt/ros/jazzy/opt/gz_sim_vendor:/opt/ros/jazzy/opt/gz_sensors_vendor:/opt/ros/jazzy/opt/gz_physics_vendor:/opt/ros/jazzy/opt/sdformat_vendor:/opt/ros/jazzy/opt/gz_gui_vendor:/opt/ros/jazzy/opt/gz_transport_vendor:/opt/ros/jazzy/opt/gz_rendering_vendor:/opt/ros/jazzy/opt/gz_plugin_vendor:/opt/ros/jazzy/opt/gz_fuel_tools_vendor:/opt/ros/jazzy/opt/gz_msgs_vendor:/opt/ros/jazzy/opt/gz_common_vendor:/opt/ros/jazzy/opt/gz_math_vendor:/opt/ros/jazzy/opt/gz_utils_vendor:/opt/ros/jazzy/opt/gz_tools_vendor:/opt/ros/jazzy/opt/gz_ogre_next_vendor:/opt/ros/jazzy/opt/gz_dartsim_vendor:/opt/ros/jazzy/opt/gz_cmake_vendor:/opt/ros/jazzy DEBUGINFOD_URLS=https://debuginfod.ubuntu.com /usr/bin/cmake --build /home/laxmi-arz-i006/moveit_resources-ros2/build/moveit_resources_panda_moveit_config -- -j16 -l16
[1.169s] Invoking command in '/home/laxmi-arz-i006/moveit_resources-ros2/build/moveit_resources_panda_moveit_config': AMENT_PREFIX_PATH=/home/laxmi-arz-i006/moveit_resources-ros2/install/moveit_resources_panda_description:${AMENT_PREFIX_PATH} CMAKE_PREFIX_PATH=/home/laxmi-arz-i006/moveit_resources-ros2/install/moveit_resources_panda_description:/opt/ros/jazzy/opt/gz_sim_vendor:/opt/ros/jazzy/opt/gz_sensors_vendor:/opt/ros/jazzy/opt/gz_physics_vendor:/opt/ros/jazzy/opt/sdformat_vendor:/opt/ros/jazzy/opt/gz_gui_vendor:/opt/ros/jazzy/opt/gz_transport_vendor:/opt/ros/jazzy/opt/gz_rendering_vendor:/opt/ros/jazzy/opt/gz_plugin_vendor:/opt/ros/jazzy/opt/gz_fuel_tools_vendor:/opt/ros/jazzy/opt/gz_msgs_vendor:/opt/ros/jazzy/opt/gz_common_vendor:/opt/ros/jazzy/opt/gz_math_vendor:/opt/ros/jazzy/opt/gz_utils_vendor:/opt/ros/jazzy/opt/gz_tools_vendor:/opt/ros/jazzy/opt/gz_ogre_next_vendor:/opt/ros/jazzy/opt/gz_dartsim_vendor:/opt/ros/jazzy/opt/gz_cmake_vendor:/opt/ros/jazzy DEBUGINFOD_URLS=https://debuginfod.ubuntu.com /usr/bin/cmake --install /home/laxmi-arz-i006/moveit_resources-ros2/build/moveit_resources_panda_moveit_config
[1.184s] -- Install configuration: ""
[1.185s] -- Installing: /home/laxmi-arz-i006/moveit_resources-ros2/install/moveit_resources_panda_moveit_config/share/ament_index/resource_index/package_run_dependencies/moveit_resources_panda_moveit_config
[1.185s] -- Installing: /home/laxmi-arz-i006/moveit_resources-ros2/install/moveit_resources_panda_moveit_config/share/ament_index/resource_index/parent_prefix_path/moveit_resources_panda_moveit_config
[1.185s] -- Installing: /home/laxmi-arz-i006/moveit_resources-ros2/install/moveit_resources_panda_moveit_config/share/moveit_resources_panda_moveit_config/environment/ament_prefix_path.sh
[1.186s] -- Installing: /home/laxmi-arz-i006/moveit_resources-ros2/install/moveit_resources_panda_moveit_config/share/moveit_resources_panda_moveit_config/environment/ament_prefix_path.dsv
[1.186s] -- Installing: /home/laxmi-arz-i006/moveit_resources-ros2/install/moveit_resources_panda_moveit_config/share/moveit_resources_panda_moveit_config/environment/path.sh
[1.186s] -- Installing: /home/laxmi-arz-i006/moveit_resources-ros2/install/moveit_resources_panda_moveit_config/share/moveit_resources_panda_moveit_config/environment/path.dsv
[1.186s] -- Installing: /home/laxmi-arz-i006/moveit_resources-ros2/install/moveit_resources_panda_moveit_config/share/moveit_resources_panda_moveit_config/local_setup.bash
[1.191s] -- Installing: /home/laxmi-arz-i006/moveit_resources-ros2/install/moveit_resources_panda_moveit_config/share/moveit_resources_panda_moveit_config/local_setup.sh
[1.191s] -- Installing: /home/laxmi-arz-i006/moveit_resources-ros2/install/moveit_resources_panda_moveit_config/share/moveit_resources_panda_moveit_config/local_setup.zsh
[1.191s] -- Installing: /home/laxmi-arz-i006/moveit_resources-ros2/install/moveit_resources_panda_moveit_config/share/moveit_resources_panda_moveit_config/local_setup.dsv
[1.191s] -- Installing: /home/laxmi-arz-i006/moveit_resources-ros2/install/moveit_resources_panda_moveit_config/share/moveit_resources_panda_moveit_config/package.dsv
[1.192s] -- Installing: /home/laxmi-arz-i006/moveit_resources-ros2/install/moveit_resources_panda_moveit_config/share/ament_index/resource_index/packages/moveit_resources_panda_moveit_config
[1.192s] -- Installing: /home/laxmi-arz-i006/moveit_resources-ros2/install/moveit_resources_panda_moveit_config/share/moveit_resources_panda_moveit_config/cmake/moveit_resources_panda_moveit_configConfig.cmake
[1.193s] -- Installing: /home/laxmi-arz-i006/moveit_resources-ros2/install/moveit_resources_panda_moveit_config/share/moveit_resources_panda_moveit_config/cmake/moveit_resources_panda_moveit_configConfig-version.cmake
[1.193s] -- Installing: /home/laxmi-arz-i006/moveit_resources-ros2/install/moveit_resources_panda_moveit_config/share/moveit_resources_panda_moveit_config/package.xml
[1.194s] -- Installing: /home/laxmi-arz-i006/moveit_resources-ros2/install/moveit_resources_panda_moveit_config/share/moveit_resources_panda_moveit_config/launch
[1.194s] -- Installing: /home/laxmi-arz-i006/moveit_resources-ros2/install/moveit_resources_panda_moveit_config/share/moveit_resources_panda_moveit_config/launch/move_group.launch.py
[1.194s] -- Installing: /home/laxmi-arz-i006/moveit_resources-ros2/install/moveit_resources_panda_moveit_config/share/moveit_resources_panda_moveit_config/launch/demo.launch.py
[1.196s] -- Installing: /home/laxmi-arz-i006/moveit_resources-ros2/install/moveit_resources_panda_moveit_config/share/moveit_resources_panda_moveit_config/launch/moveit_empty.rviz
[1.198s] -- Installing: /home/laxmi-arz-i006/moveit_resources-ros2/install/moveit_resources_panda_moveit_config/share/moveit_resources_panda_moveit_config/launch/moveit_rviz.launch.py
[1.199s] -- Installing: /home/laxmi-arz-i006/moveit_resources-ros2/install/moveit_resources_panda_moveit_config/share/moveit_resources_panda_moveit_config/launch/moveit.rviz
[1.199s] -- Installing: /home/laxmi-arz-i006/moveit_resources-ros2/install/moveit_resources_panda_moveit_config/share/moveit_resources_panda_moveit_config/config
[1.201s] -- Installing: /home/laxmi-arz-i006/moveit_resources-ros2/install/moveit_resources_panda_moveit_config/share/moveit_resources_panda_moveit_config/config/trac_ik_kinematics.yaml
[1.201s] -- Installing: /home/laxmi-arz-i006/moveit_resources-ros2/install/moveit_resources_panda_moveit_config/share/moveit_resources_panda_moveit_config/config/sensors_kinect_depthmap.yaml
[1.201s] -- Installing: /home/laxmi-arz-i006/moveit_resources-ros2/install/moveit_resources_panda_moveit_config/share/moveit_resources_panda_moveit_config/config/panda_arm.xacro
[1.202s] -- Installing: /home/laxmi-arz-i006/moveit_resources-ros2/install/moveit_resources_panda_moveit_config/share/moveit_resources_panda_moveit_config/config/chomp_planning.yaml
[1.202s] -- Installing: /home/laxmi-arz-i006/moveit_resources-ros2/install/moveit_resources_panda_moveit_config/share/moveit_resources_panda_moveit_config/config/joint_limits.yaml
[1.202s] -- Installing: /home/laxmi-arz-i006/moveit_resources-ros2/install/moveit_resources_panda_moveit_config/share/moveit_resources_panda_moveit_config/config/moveit_controllers.yaml
[1.202s] -- Installing: /home/laxmi-arz-i006/moveit_resources-ros2/install/moveit_resources_panda_moveit_config/share/moveit_resources_panda_moveit_config/config/sensors_kinect_pointcloud.yaml
[1.202s] -- Installing: /home/laxmi-arz-i006/moveit_resources-ros2/install/moveit_resources_panda_moveit_config/share/moveit_resources_panda_moveit_config/config/gripper_moveit_controllers.yaml
[1.203s] -- Installing: /home/laxmi-arz-i006/moveit_resources-ros2/install/moveit_resources_panda_moveit_config/share/moveit_resources_panda_moveit_config/config/panda_arm.srdf.xacro
[1.203s] -- Installing: /home/laxmi-arz-i006/moveit_resources-ros2/install/moveit_resources_panda_moveit_config/share/moveit_resources_panda_moveit_config/config/move_group.rviz
[1.203s] -- Installing: /home/laxmi-arz-i006/moveit_resources-ros2/install/moveit_resources_panda_moveit_config/share/moveit_resources_panda_moveit_config/config/panda_arm_hand.srdf.xacro
[1.203s] -- Installing: /home/laxmi-arz-i006/moveit_resources-ros2/install/moveit_resources_panda_moveit_config/share/moveit_resources_panda_moveit_config/config/panda.urdf.xacro
[1.205s] -- Installing: /home/laxmi-arz-i006/moveit_resources-ros2/install/moveit_resources_panda_moveit_config/share/moveit_resources_panda_moveit_config/config/kinematics.yaml
[1.205s] -- Installing: /home/laxmi-arz-i006/moveit_resources-ros2/install/moveit_resources_panda_moveit_config/share/moveit_resources_panda_moveit_config/config/pilz_industrial_motion_planner_planning.yaml
[1.205s] -- Installing: /home/laxmi-arz-i006/moveit_resources-ros2/install/moveit_resources_panda_moveit_config/share/moveit_resources_panda_moveit_config/config/ros2_controllers.yaml
[1.205s] -- Installing: /home/laxmi-arz-i006/moveit_resources-ros2/install/moveit_resources_panda_moveit_config/share/moveit_resources_panda_moveit_config/config/panda_hand.ros2_control.xacro
[1.205s] -- Installing: /home/laxmi-arz-i006/moveit_resources-ros2/install/moveit_resources_panda_moveit_config/share/moveit_resources_panda_moveit_config/config/panda.ros2_control.xacro
[1.205s] -- Installing: /home/laxmi-arz-i006/moveit_resources-ros2/install/moveit_resources_panda_moveit_config/share/moveit_resources_panda_moveit_config/config/initial_positions.yaml
[1.205s] -- Installing: /home/laxmi-arz-i006/moveit_resources-ros2/install/moveit_resources_panda_moveit_config/share/moveit_resources_panda_moveit_config/config/stomp_planning.yaml
[1.206s] -- Installing: /home/laxmi-arz-i006/moveit_resources-ros2/install/moveit_resources_panda_moveit_config/share/moveit_resources_panda_moveit_config/config/panda.srdf
[1.206s] -- Installing: /home/laxmi-arz-i006/moveit_resources-ros2/install/moveit_resources_panda_moveit_config/share/moveit_resources_panda_moveit_config/config/bio_ik_kinematics.yaml
[1.206s] -- Installing: /home/laxmi-arz-i006/moveit_resources-ros2/install/moveit_resources_panda_moveit_config/share/moveit_resources_panda_moveit_config/config/pilz_cartesian_limits.yaml
[1.206s] -- Installing: /home/laxmi-arz-i006/moveit_resources-ros2/install/moveit_resources_panda_moveit_config/share/moveit_resources_panda_moveit_config/config/hard_joint_limits.yaml
[1.206s] -- Installing: /home/laxmi-arz-i006/moveit_resources-ros2/install/moveit_resources_panda_moveit_config/share/moveit_resources_panda_moveit_config/config/hand.xacro
[1.207s] -- Installing: /home/laxmi-arz-i006/moveit_resources-ros2/install/moveit_resources_panda_moveit_config/share/moveit_resources_panda_moveit_config/config/ompl_planning.yaml
[1.207s] -- Installing: /home/laxmi-arz-i006/moveit_resources-ros2/install/moveit_resources_panda_moveit_config/share/moveit_resources_panda_moveit_config/.setup_assistant
[1.237s] Invoked command in '/home/laxmi-arz-i006/moveit_resources-ros2/build/moveit_resources_panda_moveit_config' returned '0': AMENT_PREFIX_PATH=/home/laxmi-arz-i006/moveit_resources-ros2/install/moveit_resources_panda_description:${AMENT_PREFIX_PATH} CMAKE_PREFIX_PATH=/home/laxmi-arz-i006/moveit_resources-ros2/install/moveit_resources_panda_description:/opt/ros/jazzy/opt/gz_sim_vendor:/opt/ros/jazzy/opt/gz_sensors_vendor:/opt/ros/jazzy/opt/gz_physics_vendor:/opt/ros/jazzy/opt/sdformat_vendor:/opt/ros/jazzy/opt/gz_gui_vendor:/opt/ros/jazzy/opt/gz_transport_vendor:/opt/ros/jazzy/opt/gz_rendering_vendor:/opt/ros/jazzy/opt/gz_plugin_vendor:/opt/ros/jazzy/opt/gz_fuel_tools_vendor:/opt/ros/jazzy/opt/gz_msgs_vendor:/opt/ros/jazzy/opt/gz_common_vendor:/opt/ros/jazzy/opt/gz_math_vendor:/opt/ros/jazzy/opt/gz_utils_vendor:/opt/ros/jazzy/opt/gz_tools_vendor:/opt/ros/jazzy/opt/gz_ogre_next_vendor:/opt/ros/jazzy/opt/gz_dartsim_vendor:/opt/ros/jazzy/opt/gz_cmake_vendor:/opt/ros/jazzy DEBUGINFOD_URLS=https://debuginfod.ubuntu.com /usr/bin/cmake --install /home/laxmi-arz-i006/moveit_resources-ros2/build/moveit_resources_panda_moveit_config
