[0.056s] Invoking command in '/home/laxmi-arz-i006/moveit_resources-ros2/build/rviz_marker_tools': CMAKE_PREFIX_PATH=${CMAKE_PREFIX_PATH}:/opt/ros/jazzy DEBUGINFOD_URLS=https://debuginfod.ubuntu.com /usr/bin/cmake --build /home/laxmi-arz-i006/moveit_resources-ros2/build/rviz_marker_tools -- -j16 -l16
[0.411s] [100%] Built target rviz_marker_tools
[0.715s] Invoked command in '/home/laxmi-arz-i006/moveit_resources-ros2/build/rviz_marker_tools' returned '0': CMAKE_PREFIX_PATH=${CMAKE_PREFIX_PATH}:/opt/ros/jazzy DEBUGINFOD_URLS=https://debuginfod.ubuntu.com /usr/bin/cmake --build /home/laxmi-arz-i006/moveit_resources-ros2/build/rviz_marker_tools -- -j16 -l16
[0.717s] Invoking command in '/home/laxmi-arz-i006/moveit_resources-ros2/build/rviz_marker_tools': CMAKE_PREFIX_PATH=${CMAKE_PREFIX_PATH}:/opt/ros/jazzy DEBUGINFOD_URLS=https://debuginfod.ubuntu.com /usr/bin/cmake --install /home/laxmi-arz-i006/moveit_resources-ros2/build/rviz_marker_tools
[0.748s] -- Install configuration: "Release"
[0.748s] -- Up-to-date: /home/laxmi-arz-i006/moveit_resources-ros2/install/rviz_marker_tools/include
[0.748s] -- Up-to-date: /home/laxmi-arz-i006/moveit_resources-ros2/install/rviz_marker_tools/include/rviz_marker_tools
[0.748s] -- Up-to-date: /home/laxmi-arz-i006/moveit_resources-ros2/install/rviz_marker_tools/include/rviz_marker_tools/marker_creation.h
[0.748s] -- Up-to-date: /home/laxmi-arz-i006/moveit_resources-ros2/install/rviz_marker_tools/lib/librviz_marker_tools.so
[0.749s] -- Up-to-date: /home/laxmi-arz-i006/moveit_resources-ros2/install/rviz_marker_tools/share/rviz_marker_tools/environment/library_path.sh
[0.749s] -- Up-to-date: /home/laxmi-arz-i006/moveit_resources-ros2/install/rviz_marker_tools/share/rviz_marker_tools/environment/library_path.dsv
[0.749s] -- Up-to-date: /home/laxmi-arz-i006/moveit_resources-ros2/install/rviz_marker_tools/share/ament_index/resource_index/package_run_dependencies/rviz_marker_tools
[0.749s] -- Up-to-date: /home/laxmi-arz-i006/moveit_resources-ros2/install/rviz_marker_tools/share/ament_index/resource_index/parent_prefix_path/rviz_marker_tools
[0.749s] -- Up-to-date: /home/laxmi-arz-i006/moveit_resources-ros2/install/rviz_marker_tools/share/rviz_marker_tools/environment/ament_prefix_path.sh
[0.749s] -- Up-to-date: /home/laxmi-arz-i006/moveit_resources-ros2/install/rviz_marker_tools/share/rviz_marker_tools/environment/ament_prefix_path.dsv
[0.750s] -- Up-to-date: /home/laxmi-arz-i006/moveit_resources-ros2/install/rviz_marker_tools/share/rviz_marker_tools/environment/path.sh
[0.750s] -- Up-to-date: /home/laxmi-arz-i006/moveit_resources-ros2/install/rviz_marker_tools/share/rviz_marker_tools/environment/path.dsv
[0.750s] -- Up-to-date: /home/laxmi-arz-i006/moveit_resources-ros2/install/rviz_marker_tools/share/rviz_marker_tools/local_setup.bash
[0.750s] -- Up-to-date: /home/laxmi-arz-i006/moveit_resources-ros2/install/rviz_marker_tools/share/rviz_marker_tools/local_setup.sh
[0.750s] -- Up-to-date: /home/laxmi-arz-i006/moveit_resources-ros2/install/rviz_marker_tools/share/rviz_marker_tools/local_setup.zsh
[0.751s] -- Up-to-date: /home/laxmi-arz-i006/moveit_resources-ros2/install/rviz_marker_tools/share/rviz_marker_tools/local_setup.dsv
[0.751s] -- Installing: /home/laxmi-arz-i006/moveit_resources-ros2/install/rviz_marker_tools/share/rviz_marker_tools/package.dsv
[0.751s] -- Up-to-date: /home/laxmi-arz-i006/moveit_resources-ros2/install/rviz_marker_tools/share/ament_index/resource_index/packages/rviz_marker_tools
[0.754s] -- Up-to-date: /home/laxmi-arz-i006/moveit_resources-ros2/install/rviz_marker_tools/share/rviz_marker_tools/cmake/rviz_marker_toolsTargetsExport.cmake
[0.754s] -- Up-to-date: /home/laxmi-arz-i006/moveit_resources-ros2/install/rviz_marker_tools/share/rviz_marker_tools/cmake/rviz_marker_toolsTargetsExport-release.cmake
[0.754s] -- Up-to-date: /home/laxmi-arz-i006/moveit_resources-ros2/install/rviz_marker_tools/share/rviz_marker_tools/cmake/ament_cmake_export_targets-extras.cmake
[0.754s] -- Up-to-date: /home/laxmi-arz-i006/moveit_resources-ros2/install/rviz_marker_tools/share/rviz_marker_tools/cmake/ament_cmake_export_dependencies-extras.cmake
[0.754s] -- Up-to-date: /home/laxmi-arz-i006/moveit_resources-ros2/install/rviz_marker_tools/share/rviz_marker_tools/cmake/rviz_marker_toolsConfig.cmake
[0.754s] -- Up-to-date: /home/laxmi-arz-i006/moveit_resources-ros2/install/rviz_marker_tools/share/rviz_marker_tools/cmake/rviz_marker_toolsConfig-version.cmake
[0.771s] -- Up-to-date: /home/laxmi-arz-i006/moveit_resources-ros2/install/rviz_marker_tools/share/rviz_marker_tools/package.xml
[0.887s] Invoked command in '/home/laxmi-arz-i006/moveit_resources-ros2/build/rviz_marker_tools' returned '0': CMAKE_PREFIX_PATH=${CMAKE_PREFIX_PATH}:/opt/ros/jazzy DEBUGINFOD_URLS=https://debuginfod.ubuntu.com /usr/bin/cmake --install /home/laxmi-arz-i006/moveit_resources-ros2/build/rviz_marker_tools
