[1.548s] Invoking command in '/home/laxmi-arz-i006/moveit_resources-ros2/arm': DEBUGINFOD_URLS=https://debuginfod.ubuntu.com PYTHONPATH=/home/laxmi-arz-i006/moveit_resources-ros2/build/arm/prefix_override:/usr/lib/python3/dist-packages/colcon_core/task/python/colcon_distutils_commands:/home/laxmi-arz-i006/moveit_resources-ros2/install/arm/lib/python3.12/site-packages:${PYTHONPATH} /usr/bin/python3 -W ignore:setup.py install is deprecated -W ignore:easy_install command is deprecated setup.py egg_info --egg-base ../build/arm build --build-base /home/laxmi-arz-i006/moveit_resources-ros2/build/arm/build install --record /home/laxmi-arz-i006/moveit_resources-ros2/build/arm/install.log --single-version-externally-managed install_data
[1.920s] running egg_info
[1.949s] writing ../build/arm/arm.egg-info/PKG-INFO
[1.949s] writing dependency_links to ../build/arm/arm.egg-info/dependency_links.txt
[1.949s] writing entry points to ../build/arm/arm.egg-info/entry_points.txt
[1.950s] writing requirements to ../build/arm/arm.egg-info/requires.txt
[1.950s] writing top-level names to ../build/arm/arm.egg-info/top_level.txt
[2.010s] reading manifest file '../build/arm/arm.egg-info/SOURCES.txt'
[2.011s] writing manifest file '../build/arm/arm.egg-info/SOURCES.txt'
[2.011s] running build
[2.011s] running build_py
[2.011s] running install
[2.020s] running install_lib
[2.050s] running install_data
[2.051s] running install_egg_info
[2.082s] removing '/home/laxmi-arz-i006/moveit_resources-ros2/install/arm/lib/python3.12/site-packages/arm-0.0.0-py3.12.egg-info' (and everything under it)
[2.082s] Copying ../build/arm/arm.egg-info to /home/laxmi-arz-i006/moveit_resources-ros2/install/arm/lib/python3.12/site-packages/arm-0.0.0-py3.12.egg-info
[2.083s] running install_scripts
[2.277s] Installing add_wall script to /home/laxmi-arz-i006/moveit_resources-ros2/install/arm/lib/arm
[2.278s] writing list of installed files to '/home/laxmi-arz-i006/moveit_resources-ros2/build/arm/install.log'
[2.311s] Invoked command in '/home/laxmi-arz-i006/moveit_resources-ros2/arm' returned '0': DEBUGINFOD_URLS=https://debuginfod.ubuntu.com PYTHONPATH=/home/laxmi-arz-i006/moveit_resources-ros2/build/arm/prefix_override:/usr/lib/python3/dist-packages/colcon_core/task/python/colcon_distutils_commands:/home/laxmi-arz-i006/moveit_resources-ros2/install/arm/lib/python3.12/site-packages:${PYTHONPATH} /usr/bin/python3 -W ignore:setup.py install is deprecated -W ignore:easy_install command is deprecated setup.py egg_info --egg-base ../build/arm build --build-base /home/laxmi-arz-i006/moveit_resources-ros2/build/arm/build install --record /home/laxmi-arz-i006/moveit_resources-ros2/build/arm/install.log --single-version-externally-managed install_data
