[0.033s] Invoking command in '/home/laxmi-arz-i006/moveit_resources-ros2/build/moveit_task_constructor_core': AMENT_PREFIX_PATH=/home/laxmi-arz-i006/moveit_resources-ros2/install/moveit_resources_fanuc_moveit_config:/home/laxmi-arz-i006/moveit_resources-ros2/install/rviz_marker_tools:/home/laxmi-arz-i006/moveit_resources-ros2/install/moveit_task_constructor_msgs:/home/laxmi-arz-i006/moveit_resources-ros2/install/moveit_resources_fanuc_description:${AMENT_PREFIX_PATH} CMAKE_PREFIX_PATH=/home/laxmi-arz-i006/moveit_resources-ros2/install/moveit_resources_fanuc_moveit_config:/home/laxmi-arz-i006/moveit_resources-ros2/install/rviz_marker_tools:/home/laxmi-arz-i006/moveit_resources-ros2/install/moveit_task_constructor_msgs:/home/laxmi-arz-i006/moveit_resources-ros2/install/moveit_resources_fanuc_description:/opt/ros/jazzy/opt/gz_sim_vendor:/opt/ros/jazzy/opt/gz_sensors_vendor:/opt/ros/jazzy/opt/gz_physics_vendor:/opt/ros/jazzy/opt/sdformat_vendor:/opt/ros/jazzy/opt/gz_gui_vendor:/opt/ros/jazzy/opt/gz_transport_vendor:/opt/ros/jazzy/opt/gz_rendering_vendor:/opt/ros/jazzy/opt/gz_plugin_vendor:/opt/ros/jazzy/opt/gz_fuel_tools_vendor:/opt/ros/jazzy/opt/gz_msgs_vendor:/opt/ros/jazzy/opt/gz_common_vendor:/opt/ros/jazzy/opt/gz_math_vendor:/opt/ros/jazzy/opt/gz_utils_vendor:/opt/ros/jazzy/opt/gz_tools_vendor:/opt/ros/jazzy/opt/gz_ogre_next_vendor:/opt/ros/jazzy/opt/gz_dartsim_vendor:/opt/ros/jazzy/opt/gz_cmake_vendor:/opt/ros/jazzy DEBUGINFOD_URLS=https://debuginfod.ubuntu.com LD_LIBRARY_PATH=/home/laxmi-arz-i006/moveit_resources-ros2/install/rviz_marker_tools/lib:/home/laxmi-arz-i006/moveit_resources-ros2/install/moveit_task_constructor_msgs/lib:${LD_LIBRARY_PATH} PYTHONPATH=/home/laxmi-arz-i006/moveit_resources-ros2/install/moveit_task_constructor_msgs/lib/python3.12/site-packages:${PYTHONPATH} /usr/bin/cmake --build /home/laxmi-arz-i006/moveit_resources-ros2/build/moveit_task_constructor_core -- -j16 -l16
[0.140s] [  1%] [32mBuilding CXX object src/CMakeFiles/moveit_task_constructor_core.dir/container.cpp.o[0m
[0.140s] [  2%] [32mBuilding CXX object gmock/CMakeFiles/gmock_main.dir/src/gmock_main.cc.o[0m
[0.141s] [  3%] [32mBuilding CXX object gtest/CMakeFiles/gtest.dir/src/gtest-all.cc.o[0m
[0.141s] [  4%] [32mBuilding CXX object gmock/CMakeFiles/gmock.dir/opt/ros/jazzy/src/gtest_vendor/src/gtest-all.cc.o[0m
[0.141s] [  5%] [32mBuilding CXX object gtest/CMakeFiles/gtest_main.dir/src/gtest_main.cc.o[0m
[0.143s] [  6%] [32mBuilding CXX object src/CMakeFiles/moveit_task_constructor_core.dir/marker_tools.cpp.o[0m
[0.143s] [  7%] [32mBuilding CXX object src/CMakeFiles/moveit_task_constructor_core.dir/introspection.cpp.o[0m
[0.143s] [  8%] [32mBuilding CXX object src/CMakeFiles/moveit_task_constructor_core.dir/cost_terms.cpp.o[0m
[0.157s] [  9%] [32mBuilding CXX object gmock/CMakeFiles/gmock.dir/src/gmock-all.cc.o[0m
[0.157s] [ 10%] [32mBuilding CXX object src/CMakeFiles/moveit_task_constructor_core.dir/storage.cpp.o[0m
[0.158s] [ 11%] [32mBuilding CXX object src/CMakeFiles/moveit_task_constructor_core.dir/properties.cpp.o[0m
[0.158s] [ 12%] [32mBuilding CXX object src/CMakeFiles/moveit_task_constructor_core.dir/stage.cpp.o[0m
[0.167s] [ 13%] [32mBuilding CXX object src/CMakeFiles/moveit_task_constructor_core.dir/task.cpp.o[0m
[0.167s] [ 15%] [32mBuilding CXX object src/CMakeFiles/moveit_task_constructor_core.dir/merge.cpp.o[0m
[0.177s] [ 16%] [32mBuilding CXX object src/CMakeFiles/moveit_task_constructor_core.dir/utils.cpp.o[0m
[0.184s] [ 16%] Built target ament_cmake_python_copy_moveit
[1.477s] running egg_info
[1.479s] creating moveit.egg-info
[1.624s] writing moveit.egg-info/PKG-INFO
[1.625s] writing dependency_links to moveit.egg-info/dependency_links.txt
[1.626s] writing top-level names to moveit.egg-info/top_level.txt
[1.627s] writing manifest file 'moveit.egg-info/SOURCES.txt'
[1.806s] reading manifest file 'moveit.egg-info/SOURCES.txt'
[1.808s] writing manifest file 'moveit.egg-info/SOURCES.txt'
[1.931s] [ 16%] Built target ament_cmake_python_build_moveit_egg
[1.981s] [ 17%] [32mBuilding CXX object src/CMakeFiles/moveit_task_constructor_core.dir/solvers/planner_interface.cpp.o[0m
[2.172s] [ 18%] [32m[1mLinking CXX static library libgtest_main.a[0m
[2.300s] [ 18%] Built target gtest_main
[2.349s] [ 19%] [32mBuilding CXX object src/CMakeFiles/moveit_task_constructor_core.dir/solvers/cartesian_path.cpp.o[0m
[3.377s] [ 20%] [32m[1mLinking CXX static library libgmock_main.a[0m
[3.545s] [ 20%] Built target gmock_main
[3.588s] [ 21%] [32mBuilding CXX object src/CMakeFiles/moveit_task_constructor_core.dir/solvers/joint_interpolation.cpp.o[0m
[7.177s] [ 22%] [32mBuilding CXX object src/CMakeFiles/moveit_task_constructor_core.dir/solvers/pipeline_planner.cpp.o[0m
[9.004s] [ 23%] [32mBuilding CXX object src/CMakeFiles/moveit_task_constructor_core.dir/solvers/multi_planner.cpp.o[0m
[25.629s] [ 24%] [32m[1mLinking CXX static library libgmock.a[0m
[25.696s] [ 24%] Built target gmock
[25.771s] [ 25%] [32m[1mLinking CXX static library libgtest.a[0m
[25.836s] [ 25%] Built target gtest
[33.352s] [ 26%] [32m[1mLinking CXX shared library libmoveit_task_constructor_core.so[0m
[33.753s] [ 26%] Built target moveit_task_constructor_core
[33.798s] [ 29%] [32mBuilding CXX object src/stages/CMakeFiles/moveit_task_constructor_core_stages.dir/current_state.cpp.o[0m
[33.798s] [ 29%] [32mBuilding CXX object python/bindings/CMakeFiles/moveit_task_constructor_core_python_tools.dir/src/properties.cpp.o[0m
[33.798s] [ 30%] [32mBuilding CXX object src/stages/CMakeFiles/moveit_task_constructor_core_stages.dir/fix_collision_objects.cpp.o[0m
[33.802s] [ 31%] [32mBuilding CXX object src/stages/CMakeFiles/moveit_task_constructor_core_stages.dir/generate_pose.cpp.o[0m
[33.802s] [ 33%] [32mBuilding CXX object src/stages/CMakeFiles/moveit_task_constructor_core_stages.dir/fixed_cartesian_poses.cpp.o[0m
[33.802s] [ 33%] [32mBuilding CXX object src/stages/CMakeFiles/moveit_task_constructor_core_stages.dir/generate_random_pose.cpp.o[0m
[33.805s] [ 34%] [32mBuilding CXX object test/CMakeFiles/gtest_utils.dir/gtest_value_printers.cpp.o[0m
[33.805s] [ 35%] [32mBuilding CXX object src/stages/CMakeFiles/moveit_task_constructor_core_stages.dir/passthrough.cpp.o[0m
[33.805s] [ 36%] [32mBuilding CXX object test/CMakeFiles/gtest_utils.dir/stage_mockups.cpp.o[0m
[33.805s] [ 37%] [32mBuilding CXX object src/stages/CMakeFiles/moveit_task_constructor_core_stages.dir/modify_planning_scene.cpp.o[0m
[33.805s] [ 38%] [32mBuilding CXX object src/stages/CMakeFiles/moveit_task_constructor_core_stages.dir/generate_place_pose.cpp.o[0m
[33.806s] [ 39%] [32mBuilding CXX object src/stages/CMakeFiles/moveit_task_constructor_core_stages.dir/predicate_filter.cpp.o[0m
[33.806s] [ 40%] [32mBuilding CXX object src/stages/CMakeFiles/moveit_task_constructor_core_stages.dir/fixed_state.cpp.o[0m
[33.809s] [ 41%] [32mBuilding CXX object test/CMakeFiles/gtest_utils.dir/models.cpp.o[0m
[33.809s] [ 43%] [32mBuilding CXX object src/stages/CMakeFiles/moveit_task_constructor_core_stages.dir/generate_grasp_pose.cpp.o[0m
[33.825s] [ 44%] [32mBuilding CXX object src/stages/CMakeFiles/moveit_task_constructor_core_stages.dir/compute_ik.cpp.o[0m
[46.055s] [ 45%] [32mBuilding CXX object src/stages/CMakeFiles/moveit_task_constructor_core_stages.dir/limit_solutions.cpp.o[0m
[48.403s] [ 46%] [32mBuilding CXX object src/stages/CMakeFiles/moveit_task_constructor_core_stages.dir/connect.cpp.o[0m
[48.828s] [ 47%] [32mBuilding CXX object src/stages/CMakeFiles/moveit_task_constructor_core_stages.dir/move_to.cpp.o[0m
[49.819s] [ 48%] [32mBuilding CXX object src/stages/CMakeFiles/moveit_task_constructor_core_stages.dir/move_relative.cpp.o[0m
[50.164s] [ 49%] [32mBuilding CXX object src/stages/CMakeFiles/moveit_task_constructor_core_stages.dir/simple_grasp.cpp.o[0m
[52.082s] [ 50%] [32mBuilding CXX object src/stages/CMakeFiles/moveit_task_constructor_core_stages.dir/pick.cpp.o[0m
[53.117s] [ 51%] [32m[1mLinking CXX shared library libgtest_utils.so[0m
[53.813s] [ 51%] Built target gtest_utils
[54.045s] [ 52%] [32m[1mLinking CXX shared library libmoveit_task_constructor_core_python_tools.so[0m
[54.471s] [ 52%] Built target moveit_task_constructor_core_python_tools
[72.249s] [ 53%] [32m[1mLinking CXX shared library libmoveit_task_constructor_core_stages.so[0m
[72.604s] [ 53%] Built target moveit_task_constructor_core_stages
[72.659s] [ 54%] [32mBuilding CXX object test/CMakeFiles/moveit_task_constructor_core-test-limit-solutions.dir/test_limit_solutions.cpp.o[0m
[72.659s] [ 55%] [32mBuilding CXX object test/CMakeFiles/moveit_task_constructor_core-test-container.dir/test_container.cpp.o[0m
[72.663s] [ 56%] [32mBuilding CXX object test/CMakeFiles/moveit_task_constructor_core-test-interface-state.dir/test_interface_state.cpp.o[0m
[72.663s] [ 58%] [32mBuilding CXX object test/CMakeFiles/moveit_task_constructor_core-test-properties.dir/test_properties.cpp.o[0m
[72.663s] [ 59%] [32mBuilding CXX object test/CMakeFiles/moveit_task_constructor_core-test-stage.dir/test_stage.cpp.o[0m
[72.664s] [ 60%] [32mBuilding CXX object test/CMakeFiles/moveit_task_constructor_core-test-mockups.dir/test_mockups.cpp.o[0m
[72.665s] [ 61%] [32mBuilding CXX object python/bindings/CMakeFiles/pymoveit_mtc.dir/src/solvers.cpp.o[0m
[72.671s] [ 62%] [32mBuilding CXX object test/CMakeFiles/moveit_task_constructor_core-test-fallback.dir/test_fallback.cpp.o[0m
[72.682s] [ 63%] [32mBuilding CXX object test/CMakeFiles/moveit_task_constructor_core-test-cost-queue.dir/test_cost_queue.cpp.o[0m
[72.683s] [ 64%] [32mBuilding CXX object src/stages/CMakeFiles/moveit_task_constructor_core_stage_plugins.dir/plugins.cpp.o[0m
[72.687s] [ 65%] [32mBuilding CXX object test/CMakeFiles/moveit_task_constructor_core-test-move-to.dir/test_move_to.cpp.o[0m
[72.688s] [ 66%] [32mBuilding CXX object test/CMakeFiles/moveit_task_constructor_core-test-serial.dir/test_serial.cpp.o[0m
[72.690s] [ 67%] [32mBuilding CXX object test/CMakeFiles/moveit_task_constructor_core-test-pruning.dir/test_pruning.cpp.o[0m
[72.693s] [ 68%] [32mBuilding CXX object test/CMakeFiles/moveit_task_constructor_core-test-move-relative.dir/test_move_relative.cpp.o[0m
[72.697s] [ 69%] [32mBuilding CXX object test/CMakeFiles/moveit_task_constructor_core-test-cost-terms.dir/test_cost_terms.cpp.o[0m
[72.713s] [ 70%] [32mBuilding CXX object test/CMakeFiles/moveit_task_constructor_core-test-storage.dir/test_storage.cpp.o[0m
[78.816s] [ 72%] [32m[1mLinking CXX executable moveit_task_constructor_core-test-properties[0m
[79.847s] [ 72%] Built target moveit_task_constructor_core-test-properties
[79.870s] [ 73%] [32mBuilding CXX object python/bindings/CMakeFiles/pymoveit_mtc.dir/src/core.cpp.o[0m
[88.307s] [ 74%] [32m[1mLinking CXX shared library libmoveit_task_constructor_core_stage_plugins.so[0m
[88.799s] [ 74%] Built target moveit_task_constructor_core_stage_plugins
[88.827s] [ 75%] [32mBuilding CXX object python/bindings/CMakeFiles/pymoveit_mtc.dir/src/stages.cpp.o[0m
[92.148s] [ 77%] [32m[1mLinking CXX executable moveit_task_constructor_core-test-limit-solutions[0m
[92.152s] [ 77%] [32m[1mLinking CXX executable moveit_task_constructor_core-test-storage[0m
[92.353s] [ 78%] [32m[1mLinking CXX executable moveit_task_constructor_core-test-interface-state[0m
[93.114s] [ 78%] Built target moveit_task_constructor_core-test-storage
[93.128s] [ 78%] Built target moveit_task_constructor_core-test-limit-solutions
[93.190s] [ 79%] [32mBuilding CXX object test/CMakeFiles/moveit_task_constructor_core-test-pipeline-planner.dir/test_pipeline_planner.cpp.o[0m
[93.201s] [ 80%] [32mBuilding CXX object test/CMakeFiles/pick_ur5.dir/pick_ur5.cpp.o[0m
[93.235s] [ 80%] Built target moveit_task_constructor_core-test-interface-state
[93.274s] [ 81%] [32mBuilding CXX object python/bindings/CMakeFiles/pymoveit_mtc.dir/src/module.cpp.o[0m
[93.800s] [ 82%] [32m[1mLinking CXX executable moveit_task_constructor_core-test-cost-queue[0m
[94.573s] [ 82%] Built target moveit_task_constructor_core-test-cost-queue
[94.639s] [ 83%] [32mBuilding CXX object test/CMakeFiles/pick_pr2.dir/pick_pr2.cpp.o[0m
[96.834s] [ 84%] [32m[1mLinking CXX executable moveit_task_constructor_core-test-stage[0m
[97.714s] [ 84%] Built target moveit_task_constructor_core-test-stage
[97.799s] [ 86%] [32mBuilding CXX object test/CMakeFiles/pick_pa10.dir/pick_pa10.cpp.o[0m
[97.911s] [ 87%] [32m[1mLinking CXX executable moveit_task_constructor_core-test-serial[0m
[98.198s] [ 88%] [32m[1mLinking CXX executable moveit_task_constructor_core-test-pruning[0m
[98.795s] [ 88%] Built target moveit_task_constructor_core-test-serial
[98.964s] [ 88%] Built target moveit_task_constructor_core-test-pruning
[99.496s] [ 89%] [32m[1mLinking CXX executable moveit_task_constructor_core-test-mockups[0m
[99.770s] [ 90%] [32m[1mLinking CXX executable moveit_task_constructor_core-test-move-to[0m
[100.249s] [ 91%] [32m[1mLinking CXX executable moveit_task_constructor_core-test-cost-terms[0m
[100.345s] [ 91%] Built target moveit_task_constructor_core-test-mockups
[100.631s] [ 91%] Built target moveit_task_constructor_core-test-move-to
[100.697s] [ 92%] [32m[1mLinking CXX executable moveit_task_constructor_core-test-move-relative[0m
[100.772s] [ 93%] [32m[1mLinking CXX executable moveit_task_constructor_core-test-fallback[0m
[101.094s] [ 93%] Built target moveit_task_constructor_core-test-cost-terms
[101.317s] [ 93%] Built target moveit_task_constructor_core-test-move-relative
[101.380s] [ 93%] Built target moveit_task_constructor_core-test-fallback
[101.536s] [ 94%] [32m[1mLinking CXX executable moveit_task_constructor_core-test-container[0m
[102.083s] [ 94%] Built target moveit_task_constructor_core-test-container
[109.476s] [ 95%] [32m[1mLinking CXX executable moveit_task_constructor_core-test-pipeline-planner[0m
[109.994s] [ 95%] Built target moveit_task_constructor_core-test-pipeline-planner
[110.472s] [ 96%] [32m[1mLinking CXX executable pick_ur5[0m
[110.877s] [ 97%] [32m[1mLinking CXX executable pick_pr2[0m
[110.977s] [ 97%] Built target pick_ur5
[111.318s] [ 97%] Built target pick_pr2
[113.439s] [ 98%] [32m[1mLinking CXX executable pick_pa10[0m
[113.630s] [100%] [32m[1mLinking CXX shared module pymoveit_mtc.cpython-312-x86_64-linux-gnu.so[0m
[113.882s] [100%] Built target pick_pa10
[115.690s] [01m[Klto-wrapper:[m[K [01;35m[Kwarning: [m[Kusing serial compilation of 12 LTRANS jobs
[115.691s] [01m[Klto-wrapper:[m[K [01;36m[Knote: [m[Ksee the ]8;;https://gcc.gnu.org/onlinedocs/gcc/Optimize-Options.html#index-flto‘[01m[K-flto[m[K’ option documentation]8;; for more information
[128.931s] [100%] Built target pymoveit_mtc
[129.011s] Invoked command in '/home/laxmi-arz-i006/moveit_resources-ros2/build/moveit_task_constructor_core' returned '0': AMENT_PREFIX_PATH=/home/laxmi-arz-i006/moveit_resources-ros2/install/moveit_resources_fanuc_moveit_config:/home/laxmi-arz-i006/moveit_resources-ros2/install/rviz_marker_tools:/home/laxmi-arz-i006/moveit_resources-ros2/install/moveit_task_constructor_msgs:/home/laxmi-arz-i006/moveit_resources-ros2/install/moveit_resources_fanuc_description:${AMENT_PREFIX_PATH} CMAKE_PREFIX_PATH=/home/laxmi-arz-i006/moveit_resources-ros2/install/moveit_resources_fanuc_moveit_config:/home/laxmi-arz-i006/moveit_resources-ros2/install/rviz_marker_tools:/home/laxmi-arz-i006/moveit_resources-ros2/install/moveit_task_constructor_msgs:/home/laxmi-arz-i006/moveit_resources-ros2/install/moveit_resources_fanuc_description:/opt/ros/jazzy/opt/gz_sim_vendor:/opt/ros/jazzy/opt/gz_sensors_vendor:/opt/ros/jazzy/opt/gz_physics_vendor:/opt/ros/jazzy/opt/sdformat_vendor:/opt/ros/jazzy/opt/gz_gui_vendor:/opt/ros/jazzy/opt/gz_transport_vendor:/opt/ros/jazzy/opt/gz_rendering_vendor:/opt/ros/jazzy/opt/gz_plugin_vendor:/opt/ros/jazzy/opt/gz_fuel_tools_vendor:/opt/ros/jazzy/opt/gz_msgs_vendor:/opt/ros/jazzy/opt/gz_common_vendor:/opt/ros/jazzy/opt/gz_math_vendor:/opt/ros/jazzy/opt/gz_utils_vendor:/opt/ros/jazzy/opt/gz_tools_vendor:/opt/ros/jazzy/opt/gz_ogre_next_vendor:/opt/ros/jazzy/opt/gz_dartsim_vendor:/opt/ros/jazzy/opt/gz_cmake_vendor:/opt/ros/jazzy DEBUGINFOD_URLS=https://debuginfod.ubuntu.com LD_LIBRARY_PATH=/home/laxmi-arz-i006/moveit_resources-ros2/install/rviz_marker_tools/lib:/home/laxmi-arz-i006/moveit_resources-ros2/install/moveit_task_constructor_msgs/lib:${LD_LIBRARY_PATH} PYTHONPATH=/home/laxmi-arz-i006/moveit_resources-ros2/install/moveit_task_constructor_msgs/lib/python3.12/site-packages:${PYTHONPATH} /usr/bin/cmake --build /home/laxmi-arz-i006/moveit_resources-ros2/build/moveit_task_constructor_core -- -j16 -l16
[129.051s] Invoking command in '/home/laxmi-arz-i006/moveit_resources-ros2/build/moveit_task_constructor_core': AMENT_PREFIX_PATH=/home/laxmi-arz-i006/moveit_resources-ros2/install/moveit_resources_fanuc_moveit_config:/home/laxmi-arz-i006/moveit_resources-ros2/install/rviz_marker_tools:/home/laxmi-arz-i006/moveit_resources-ros2/install/moveit_task_constructor_msgs:/home/laxmi-arz-i006/moveit_resources-ros2/install/moveit_resources_fanuc_description:${AMENT_PREFIX_PATH} CMAKE_PREFIX_PATH=/home/laxmi-arz-i006/moveit_resources-ros2/install/moveit_resources_fanuc_moveit_config:/home/laxmi-arz-i006/moveit_resources-ros2/install/rviz_marker_tools:/home/laxmi-arz-i006/moveit_resources-ros2/install/moveit_task_constructor_msgs:/home/laxmi-arz-i006/moveit_resources-ros2/install/moveit_resources_fanuc_description:/opt/ros/jazzy/opt/gz_sim_vendor:/opt/ros/jazzy/opt/gz_sensors_vendor:/opt/ros/jazzy/opt/gz_physics_vendor:/opt/ros/jazzy/opt/sdformat_vendor:/opt/ros/jazzy/opt/gz_gui_vendor:/opt/ros/jazzy/opt/gz_transport_vendor:/opt/ros/jazzy/opt/gz_rendering_vendor:/opt/ros/jazzy/opt/gz_plugin_vendor:/opt/ros/jazzy/opt/gz_fuel_tools_vendor:/opt/ros/jazzy/opt/gz_msgs_vendor:/opt/ros/jazzy/opt/gz_common_vendor:/opt/ros/jazzy/opt/gz_math_vendor:/opt/ros/jazzy/opt/gz_utils_vendor:/opt/ros/jazzy/opt/gz_tools_vendor:/opt/ros/jazzy/opt/gz_ogre_next_vendor:/opt/ros/jazzy/opt/gz_dartsim_vendor:/opt/ros/jazzy/opt/gz_cmake_vendor:/opt/ros/jazzy DEBUGINFOD_URLS=https://debuginfod.ubuntu.com LD_LIBRARY_PATH=/home/laxmi-arz-i006/moveit_resources-ros2/install/rviz_marker_tools/lib:/home/laxmi-arz-i006/moveit_resources-ros2/install/moveit_task_constructor_msgs/lib:${LD_LIBRARY_PATH} PYTHONPATH=/home/laxmi-arz-i006/moveit_resources-ros2/install/moveit_task_constructor_msgs/lib/python3.12/site-packages:${PYTHONPATH} /usr/bin/cmake --install /home/laxmi-arz-i006/moveit_resources-ros2/build/moveit_task_constructor_core
[129.072s] -- Install configuration: "Release"
[129.074s] -- Installing: /home/laxmi-arz-i006/moveit_resources-ros2/install/moveit_task_constructor_core/lib/libmoveit_task_constructor_core_stages.so
[129.077s] -- Set non-toolchain portion of runtime path of "/home/laxmi-arz-i006/moveit_resources-ros2/install/moveit_task_constructor_core/lib/libmoveit_task_constructor_core_stages.so" to ""
[129.077s] -- Installing: /home/laxmi-arz-i006/moveit_resources-ros2/install/moveit_task_constructor_core/lib/libmoveit_task_constructor_core_stage_plugins.so
[129.078s] -- Set non-toolchain portion of runtime path of "/home/laxmi-arz-i006/moveit_resources-ros2/install/moveit_task_constructor_core/lib/libmoveit_task_constructor_core_stage_plugins.so" to ""
[129.078s] -- Installing: /home/laxmi-arz-i006/moveit_resources-ros2/install/moveit_task_constructor_core/lib/libmoveit_task_constructor_core.so
[129.083s] -- Set non-toolchain portion of runtime path of "/home/laxmi-arz-i006/moveit_resources-ros2/install/moveit_task_constructor_core/lib/libmoveit_task_constructor_core.so" to ""
[129.083s] -- Installing: /home/laxmi-arz-i006/moveit_resources-ros2/install/moveit_task_constructor_core/share/moveit_task_constructor_core/environment/pythonpath.sh
[129.084s] -- Installing: /home/laxmi-arz-i006/moveit_resources-ros2/install/moveit_task_constructor_core/share/moveit_task_constructor_core/environment/pythonpath.dsv
[129.084s] -- Installing: /home/laxmi-arz-i006/moveit_resources-ros2/install/moveit_task_constructor_core/lib/python3.12/site-packages/moveit-0.1.4-py3.12.egg-info
[129.084s] -- Installing: /home/laxmi-arz-i006/moveit_resources-ros2/install/moveit_task_constructor_core/lib/python3.12/site-packages/moveit-0.1.4-py3.12.egg-info/dependency_links.txt
[129.085s] -- Installing: /home/laxmi-arz-i006/moveit_resources-ros2/install/moveit_task_constructor_core/lib/python3.12/site-packages/moveit-0.1.4-py3.12.egg-info/SOURCES.txt
[129.085s] -- Installing: /home/laxmi-arz-i006/moveit_resources-ros2/install/moveit_task_constructor_core/lib/python3.12/site-packages/moveit-0.1.4-py3.12.egg-info/top_level.txt
[129.085s] -- Installing: /home/laxmi-arz-i006/moveit_resources-ros2/install/moveit_task_constructor_core/lib/python3.12/site-packages/moveit-0.1.4-py3.12.egg-info/PKG-INFO
[129.086s] -- Installing: /home/laxmi-arz-i006/moveit_resources-ros2/install/moveit_task_constructor_core/lib/python3.12/site-packages/moveit
[129.086s] -- Installing: /home/laxmi-arz-i006/moveit_resources-ros2/install/moveit_task_constructor_core/lib/python3.12/site-packages/moveit/__init__.py
[129.086s] -- Installing: /home/laxmi-arz-i006/moveit_resources-ros2/install/moveit_task_constructor_core/lib/python3.12/site-packages/moveit/task_constructor
[129.087s] -- Installing: /home/laxmi-arz-i006/moveit_resources-ros2/install/moveit_task_constructor_core/lib/python3.12/site-packages/moveit/task_constructor/__init__.py
[129.087s] -- Installing: /home/laxmi-arz-i006/moveit_resources-ros2/install/moveit_task_constructor_core/lib/python3.12/site-packages/moveit/task_constructor/stages.py
[129.087s] -- Installing: /home/laxmi-arz-i006/moveit_resources-ros2/install/moveit_task_constructor_core/lib/python3.12/site-packages/moveit/task_constructor/core.py
[129.201s] Listing '/home/laxmi-arz-i006/moveit_resources-ros2/install/moveit_task_constructor_core/lib/python3.12/site-packages/moveit'...
[129.201s] Compiling '/home/laxmi-arz-i006/moveit_resources-ros2/install/moveit_task_constructor_core/lib/python3.12/site-packages/moveit/__init__.py'...
[129.201s] Listing '/home/laxmi-arz-i006/moveit_resources-ros2/install/moveit_task_constructor_core/lib/python3.12/site-packages/moveit/task_constructor'...
[129.202s] Compiling '/home/laxmi-arz-i006/moveit_resources-ros2/install/moveit_task_constructor_core/lib/python3.12/site-packages/moveit/task_constructor/__init__.py'...
[129.202s] Compiling '/home/laxmi-arz-i006/moveit_resources-ros2/install/moveit_task_constructor_core/lib/python3.12/site-packages/moveit/task_constructor/core.py'...
[129.202s] Compiling '/home/laxmi-arz-i006/moveit_resources-ros2/install/moveit_task_constructor_core/lib/python3.12/site-packages/moveit/task_constructor/stages.py'...
[129.212s] -- Installing: /home/laxmi-arz-i006/moveit_resources-ros2/install/moveit_task_constructor_core/include/moveit/python/pybind11
[129.212s] -- Installing: /home/laxmi-arz-i006/moveit_resources-ros2/install/moveit_task_constructor_core/include/moveit/python/pybind11/gil_safe_call_once.h
[129.212s] -- Installing: /home/laxmi-arz-i006/moveit_resources-ros2/install/moveit_task_constructor_core/include/moveit/python/pybind11/embed.h
[129.213s] -- Installing: /home/laxmi-arz-i006/moveit_resources-ros2/install/moveit_task_constructor_core/include/moveit/python/pybind11/buffer_info.h
[129.213s] -- Installing: /home/laxmi-arz-i006/moveit_resources-ros2/install/moveit_task_constructor_core/include/moveit/python/pybind11/typing.h
[129.213s] -- Installing: /home/laxmi-arz-i006/moveit_resources-ros2/install/moveit_task_constructor_core/include/moveit/python/pybind11/iostream.h
[129.213s] -- Installing: /home/laxmi-arz-i006/moveit_resources-ros2/install/moveit_task_constructor_core/include/moveit/python/pybind11/numpy.h
[129.214s] -- Installing: /home/laxmi-arz-i006/moveit_resources-ros2/install/moveit_task_constructor_core/include/moveit/python/pybind11/trampoline_self_life_support.h
[129.214s] -- Installing: /home/laxmi-arz-i006/moveit_resources-ros2/install/moveit_task_constructor_core/include/moveit/python/pybind11/stl
[129.214s] -- Installing: /home/laxmi-arz-i006/moveit_resources-ros2/install/moveit_task_constructor_core/include/moveit/python/pybind11/stl/filesystem.h
[129.214s] -- Installing: /home/laxmi-arz-i006/moveit_resources-ros2/install/moveit_task_constructor_core/include/moveit/python/pybind11/pybind11.h
[129.214s] -- Installing: /home/laxmi-arz-i006/moveit_resources-ros2/install/moveit_task_constructor_core/include/moveit/python/pybind11/eigen
[129.215s] -- Installing: /home/laxmi-arz-i006/moveit_resources-ros2/install/moveit_task_constructor_core/include/moveit/python/pybind11/eigen/matrix.h
[129.215s] -- Installing: /home/laxmi-arz-i006/moveit_resources-ros2/install/moveit_task_constructor_core/include/moveit/python/pybind11/eigen/tensor.h
[129.216s] -- Installing: /home/laxmi-arz-i006/moveit_resources-ros2/install/moveit_task_constructor_core/include/moveit/python/pybind11/eigen/common.h
[129.216s] -- Installing: /home/laxmi-arz-i006/moveit_resources-ros2/install/moveit_task_constructor_core/include/moveit/python/pybind11/functional.h
[129.217s] -- Installing: /home/laxmi-arz-i006/moveit_resources-ros2/install/moveit_task_constructor_core/include/moveit/python/pybind11/stl_bind.h
[129.217s] -- Installing: /home/laxmi-arz-i006/moveit_resources-ros2/install/moveit_task_constructor_core/include/moveit/python/pybind11/detail
[129.217s] -- Installing: /home/laxmi-arz-i006/moveit_resources-ros2/install/moveit_task_constructor_core/include/moveit/python/pybind11/detail/descr.h
[129.217s] -- Installing: /home/laxmi-arz-i006/moveit_resources-ros2/install/moveit_task_constructor_core/include/moveit/python/pybind11/detail/smart_holder_sfinae_hooks_only.h
[129.217s] -- Installing: /home/laxmi-arz-i006/moveit_resources-ros2/install/moveit_task_constructor_core/include/moveit/python/pybind11/detail/internals.h
[129.217s] -- Installing: /home/laxmi-arz-i006/moveit_resources-ros2/install/moveit_task_constructor_core/include/moveit/python/pybind11/detail/smart_holder_type_casters.h
[129.218s] -- Installing: /home/laxmi-arz-i006/moveit_resources-ros2/install/moveit_task_constructor_core/include/moveit/python/pybind11/detail/smart_holder_poc.h
[129.218s] -- Installing: /home/laxmi-arz-i006/moveit_resources-ros2/install/moveit_task_constructor_core/include/moveit/python/pybind11/detail/class.h
[129.218s] -- Installing: /home/laxmi-arz-i006/moveit_resources-ros2/install/moveit_task_constructor_core/include/moveit/python/pybind11/detail/init.h
[129.218s] -- Installing: /home/laxmi-arz-i006/moveit_resources-ros2/install/moveit_task_constructor_core/include/moveit/python/pybind11/detail/typeid.h
[129.218s] -- Installing: /home/laxmi-arz-i006/moveit_resources-ros2/install/moveit_task_constructor_core/include/moveit/python/pybind11/detail/common.h
[129.218s] -- Installing: /home/laxmi-arz-i006/moveit_resources-ros2/install/moveit_task_constructor_core/include/moveit/python/pybind11/detail/type_caster_odr_guard.h
[129.219s] -- Installing: /home/laxmi-arz-i006/moveit_resources-ros2/install/moveit_task_constructor_core/include/moveit/python/pybind11/detail/type_caster_base.h
[129.219s] -- Installing: /home/laxmi-arz-i006/moveit_resources-ros2/install/moveit_task_constructor_core/include/moveit/python/pybind11/detail/dynamic_raw_ptr_cast_if_possible.h
[129.219s] -- Installing: /home/laxmi-arz-i006/moveit_resources-ros2/install/moveit_task_constructor_core/include/moveit/python/pybind11/common.h
[129.219s] -- Installing: /home/laxmi-arz-i006/moveit_resources-ros2/install/moveit_task_constructor_core/include/moveit/python/pybind11/chrono.h
[129.220s] -- Installing: /home/laxmi-arz-i006/moveit_resources-ros2/install/moveit_task_constructor_core/include/moveit/python/pybind11/eigen.h
[129.220s] -- Installing: /home/laxmi-arz-i006/moveit_resources-ros2/install/moveit_task_constructor_core/include/moveit/python/pybind11/smart_holder.h
[129.220s] -- Installing: /home/laxmi-arz-i006/moveit_resources-ros2/install/moveit_task_constructor_core/include/moveit/python/pybind11/eval.h
[129.220s] -- Installing: /home/laxmi-arz-i006/moveit_resources-ros2/install/moveit_task_constructor_core/include/moveit/python/pybind11/pytypes.h
[129.221s] -- Installing: /home/laxmi-arz-i006/moveit_resources-ros2/install/moveit_task_constructor_core/include/moveit/python/pybind11/complex.h
[129.221s] -- Installing: /home/laxmi-arz-i006/moveit_resources-ros2/install/moveit_task_constructor_core/include/moveit/python/pybind11/cast.h
[129.221s] -- Installing: /home/laxmi-arz-i006/moveit_resources-ros2/install/moveit_task_constructor_core/include/moveit/python/pybind11/attr.h
[129.221s] -- Installing: /home/laxmi-arz-i006/moveit_resources-ros2/install/moveit_task_constructor_core/include/moveit/python/pybind11/type_caster_pyobject_ptr.h
[129.222s] -- Installing: /home/laxmi-arz-i006/moveit_resources-ros2/install/moveit_task_constructor_core/include/moveit/python/pybind11/stl.h
[129.222s] -- Installing: /home/laxmi-arz-i006/moveit_resources-ros2/install/moveit_task_constructor_core/include/moveit/python/pybind11/operators.h
[129.222s] -- Installing: /home/laxmi-arz-i006/moveit_resources-ros2/install/moveit_task_constructor_core/include/moveit/python/pybind11/options.h
[129.222s] -- Installing: /home/laxmi-arz-i006/moveit_resources-ros2/install/moveit_task_constructor_core/include/moveit/python/pybind11/gil.h
[129.223s] -- Installing: /home/laxmi-arz-i006/moveit_resources-ros2/install/moveit_task_constructor_core/share/moveit_task_constructor_core/cmake/pybind11Config.cmake
[129.223s] -- Installing: /home/laxmi-arz-i006/moveit_resources-ros2/install/moveit_task_constructor_core/share/moveit_task_constructor_core/cmake/pybind11ConfigVersion.cmake
[129.224s] -- Installing: /home/laxmi-arz-i006/moveit_resources-ros2/install/moveit_task_constructor_core/share/moveit_task_constructor_core/cmake/FindPythonLibsNew.cmake
[129.224s] -- Installing: /home/laxmi-arz-i006/moveit_resources-ros2/install/moveit_task_constructor_core/share/moveit_task_constructor_core/cmake/pybind11Common.cmake
[129.224s] -- Installing: /home/laxmi-arz-i006/moveit_resources-ros2/install/moveit_task_constructor_core/share/moveit_task_constructor_core/cmake/pybind11Tools.cmake
[129.224s] -- Installing: /home/laxmi-arz-i006/moveit_resources-ros2/install/moveit_task_constructor_core/share/moveit_task_constructor_core/cmake/pybind11NewTools.cmake
[129.225s] -- Installing: /home/laxmi-arz-i006/moveit_resources-ros2/install/moveit_task_constructor_core/share/moveit_task_constructor_core/cmake/pybind11Targets.cmake
[129.226s] -- Installing: /home/laxmi-arz-i006/moveit_resources-ros2/install/moveit_task_constructor_core/share/pkgconfig/pybind11.pc
[129.227s] -- Installing: /home/laxmi-arz-i006/moveit_resources-ros2/install/moveit_task_constructor_core/lib/libmoveit_task_constructor_core_python_tools.so
[129.228s] -- Set non-toolchain portion of runtime path of "/home/laxmi-arz-i006/moveit_resources-ros2/install/moveit_task_constructor_core/lib/libmoveit_task_constructor_core_python_tools.so" to ""
[129.228s] -- Installing: /home/laxmi-arz-i006/moveit_resources-ros2/install/moveit_task_constructor_core/lib/python3.12/site-packages/pymoveit_mtc.cpython-312-x86_64-linux-gnu.so
[129.230s] -- Set non-toolchain portion of runtime path of "/home/laxmi-arz-i006/moveit_resources-ros2/install/moveit_task_constructor_core/lib/python3.12/site-packages/pymoveit_mtc.cpython-312-x86_64-linux-gnu.so" to ""
[129.232s] -- Up-to-date: /home/laxmi-arz-i006/moveit_resources-ros2/install/moveit_task_constructor_core/include
[129.232s] -- Up-to-date: /home/laxmi-arz-i006/moveit_resources-ros2/install/moveit_task_constructor_core/include/moveit
[129.232s] -- Installing: /home/laxmi-arz-i006/moveit_resources-ros2/install/moveit_task_constructor_core/include/moveit/task_constructor
[129.232s] -- Installing: /home/laxmi-arz-i006/moveit_resources-ros2/install/moveit_task_constructor_core/include/moveit/task_constructor/utils.h
[129.233s] -- Installing: /home/laxmi-arz-i006/moveit_resources-ros2/install/moveit_task_constructor_core/include/moveit/task_constructor/introspection.h
[129.233s] -- Installing: /home/laxmi-arz-i006/moveit_resources-ros2/install/moveit_task_constructor_core/include/moveit/task_constructor/task.h
[129.233s] -- Installing: /home/laxmi-arz-i006/moveit_resources-ros2/install/moveit_task_constructor_core/include/moveit/task_constructor/stages
[129.233s] -- Installing: /home/laxmi-arz-i006/moveit_resources-ros2/install/moveit_task_constructor_core/include/moveit/task_constructor/stages/fixed_state.h
[129.233s] -- Installing: /home/laxmi-arz-i006/moveit_resources-ros2/install/moveit_task_constructor_core/include/moveit/task_constructor/stages/generate_pose.h
[129.233s] -- Installing: /home/laxmi-arz-i006/moveit_resources-ros2/install/moveit_task_constructor_core/include/moveit/task_constructor/stages/compute_ik.h
[129.234s] -- Installing: /home/laxmi-arz-i006/moveit_resources-ros2/install/moveit_task_constructor_core/include/moveit/task_constructor/stages/modify_planning_scene.h
[129.234s] -- Installing: /home/laxmi-arz-i006/moveit_resources-ros2/install/moveit_task_constructor_core/include/moveit/task_constructor/stages/current_state.h
[129.234s] -- Installing: /home/laxmi-arz-i006/moveit_resources-ros2/install/moveit_task_constructor_core/include/moveit/task_constructor/stages/generate_grasp_pose.h
[129.234s] -- Installing: /home/laxmi-arz-i006/moveit_resources-ros2/install/moveit_task_constructor_core/include/moveit/task_constructor/stages/move_relative.h
[129.234s] -- Installing: /home/laxmi-arz-i006/moveit_resources-ros2/install/moveit_task_constructor_core/include/moveit/task_constructor/stages/fixed_cartesian_poses.h
[129.235s] -- Installing: /home/laxmi-arz-i006/moveit_resources-ros2/install/moveit_task_constructor_core/include/moveit/task_constructor/stages/connect.h
[129.235s] -- Installing: /home/laxmi-arz-i006/moveit_resources-ros2/install/moveit_task_constructor_core/include/moveit/task_constructor/stages/fix_collision_objects.h
[129.235s] -- Installing: /home/laxmi-arz-i006/moveit_resources-ros2/install/moveit_task_constructor_core/include/moveit/task_constructor/stages/pick.h
[129.235s] -- Installing: /home/laxmi-arz-i006/moveit_resources-ros2/install/moveit_task_constructor_core/include/moveit/task_constructor/stages/generate_random_pose.h
[129.235s] -- Installing: /home/laxmi-arz-i006/moveit_resources-ros2/install/moveit_task_constructor_core/include/moveit/task_constructor/stages/noop.h
[129.235s] -- Installing: /home/laxmi-arz-i006/moveit_resources-ros2/install/moveit_task_constructor_core/include/moveit/task_constructor/stages/generate_place_pose.h
[129.236s] -- Installing: /home/laxmi-arz-i006/moveit_resources-ros2/install/moveit_task_constructor_core/include/moveit/task_constructor/stages/simple_grasp.h
[129.236s] -- Installing: /home/laxmi-arz-i006/moveit_resources-ros2/install/moveit_task_constructor_core/include/moveit/task_constructor/stages/predicate_filter.h
[129.236s] -- Installing: /home/laxmi-arz-i006/moveit_resources-ros2/install/moveit_task_constructor_core/include/moveit/task_constructor/stages/passthrough.h
[129.237s] -- Installing: /home/laxmi-arz-i006/moveit_resources-ros2/install/moveit_task_constructor_core/include/moveit/task_constructor/stages/move_to.h
[129.237s] -- Installing: /home/laxmi-arz-i006/moveit_resources-ros2/install/moveit_task_constructor_core/include/moveit/task_constructor/stages/limit_solutions.h
[129.237s] -- Installing: /home/laxmi-arz-i006/moveit_resources-ros2/install/moveit_task_constructor_core/include/moveit/task_constructor/marker_tools.h
[129.237s] -- Installing: /home/laxmi-arz-i006/moveit_resources-ros2/install/moveit_task_constructor_core/include/moveit/task_constructor/storage.h
[129.238s] -- Installing: /home/laxmi-arz-i006/moveit_resources-ros2/install/moveit_task_constructor_core/include/moveit/task_constructor/type_traits.h
[129.238s] -- Installing: /home/laxmi-arz-i006/moveit_resources-ros2/install/moveit_task_constructor_core/include/moveit/task_constructor/trajectory_execution_info.h
[129.238s] -- Installing: /home/laxmi-arz-i006/moveit_resources-ros2/install/moveit_task_constructor_core/include/moveit/task_constructor/moveit_compat.h
[129.238s] -- Installing: /home/laxmi-arz-i006/moveit_resources-ros2/install/moveit_task_constructor_core/include/moveit/task_constructor/solvers
[129.238s] -- Installing: /home/laxmi-arz-i006/moveit_resources-ros2/install/moveit_task_constructor_core/include/moveit/task_constructor/solvers/planner_interface.h
[129.239s] -- Installing: /home/laxmi-arz-i006/moveit_resources-ros2/install/moveit_task_constructor_core/include/moveit/task_constructor/solvers/joint_interpolation.h
[129.239s] -- Installing: /home/laxmi-arz-i006/moveit_resources-ros2/install/moveit_task_constructor_core/include/moveit/task_constructor/solvers/multi_planner.h
[129.239s] -- Installing: /home/laxmi-arz-i006/moveit_resources-ros2/install/moveit_task_constructor_core/include/moveit/task_constructor/solvers/cartesian_path.h
[129.239s] -- Installing: /home/laxmi-arz-i006/moveit_resources-ros2/install/moveit_task_constructor_core/include/moveit/task_constructor/solvers/pipeline_planner.h
[129.240s] -- Installing: /home/laxmi-arz-i006/moveit_resources-ros2/install/moveit_task_constructor_core/include/moveit/task_constructor/stage.h
[129.240s] -- Installing: /home/laxmi-arz-i006/moveit_resources-ros2/install/moveit_task_constructor_core/include/moveit/task_constructor/cost_terms.h
[129.240s] -- Installing: /home/laxmi-arz-i006/moveit_resources-ros2/install/moveit_task_constructor_core/include/moveit/task_constructor/merge.h
[129.240s] -- Installing: /home/laxmi-arz-i006/moveit_resources-ros2/install/moveit_task_constructor_core/include/moveit/task_constructor/properties.h
[129.241s] -- Installing: /home/laxmi-arz-i006/moveit_resources-ros2/install/moveit_task_constructor_core/include/moveit/task_constructor/cost_queue.h
[129.241s] -- Installing: /home/laxmi-arz-i006/moveit_resources-ros2/install/moveit_task_constructor_core/include/moveit/task_constructor/stages.h
[129.241s] -- Installing: /home/laxmi-arz-i006/moveit_resources-ros2/install/moveit_task_constructor_core/include/moveit/task_constructor/container.h
[129.241s] -- Installing: /home/laxmi-arz-i006/moveit_resources-ros2/install/moveit_task_constructor_core/include/moveit/task_constructor/solvers.h
[129.242s] -- Up-to-date: /home/laxmi-arz-i006/moveit_resources-ros2/install/moveit_task_constructor_core/include/moveit/python
[129.242s] -- Installing: /home/laxmi-arz-i006/moveit_resources-ros2/install/moveit_task_constructor_core/include/moveit/python/task_constructor
[129.242s] -- Installing: /home/laxmi-arz-i006/moveit_resources-ros2/install/moveit_task_constructor_core/include/moveit/python/task_constructor/properties.h
[129.243s] -- Installing: /home/laxmi-arz-i006/moveit_resources-ros2/install/moveit_task_constructor_core/share/moveit_task_constructor_core/motion_planning_stages_plugin_description.xml
[129.244s] -- Installing: /home/laxmi-arz-i006/moveit_resources-ros2/install/moveit_task_constructor_core/share/moveit_task_constructor_core/environment/library_path.sh
[129.244s] -- Installing: /home/laxmi-arz-i006/moveit_resources-ros2/install/moveit_task_constructor_core/share/moveit_task_constructor_core/environment/library_path.dsv
[129.245s] -- Installing: /home/laxmi-arz-i006/moveit_resources-ros2/install/moveit_task_constructor_core/share/ament_index/resource_index/package_run_dependencies/moveit_task_constructor_core
[129.246s] -- Installing: /home/laxmi-arz-i006/moveit_resources-ros2/install/moveit_task_constructor_core/share/ament_index/resource_index/parent_prefix_path/moveit_task_constructor_core
[129.247s] -- Installing: /home/laxmi-arz-i006/moveit_resources-ros2/install/moveit_task_constructor_core/share/moveit_task_constructor_core/environment/ament_prefix_path.sh
[129.247s] -- Installing: /home/laxmi-arz-i006/moveit_resources-ros2/install/moveit_task_constructor_core/share/moveit_task_constructor_core/environment/ament_prefix_path.dsv
[129.248s] -- Installing: /home/laxmi-arz-i006/moveit_resources-ros2/install/moveit_task_constructor_core/share/moveit_task_constructor_core/environment/path.sh
[129.248s] -- Installing: /home/laxmi-arz-i006/moveit_resources-ros2/install/moveit_task_constructor_core/share/moveit_task_constructor_core/environment/path.dsv
[129.248s] -- Installing: /home/laxmi-arz-i006/moveit_resources-ros2/install/moveit_task_constructor_core/share/moveit_task_constructor_core/local_setup.bash
[129.249s] -- Installing: /home/laxmi-arz-i006/moveit_resources-ros2/install/moveit_task_constructor_core/share/moveit_task_constructor_core/local_setup.sh
[129.249s] -- Installing: /home/laxmi-arz-i006/moveit_resources-ros2/install/moveit_task_constructor_core/share/moveit_task_constructor_core/local_setup.zsh
[129.249s] -- Installing: /home/laxmi-arz-i006/moveit_resources-ros2/install/moveit_task_constructor_core/share/moveit_task_constructor_core/local_setup.dsv
[129.250s] -- Installing: /home/laxmi-arz-i006/moveit_resources-ros2/install/moveit_task_constructor_core/share/moveit_task_constructor_core/package.dsv
[129.250s] -- Installing: /home/laxmi-arz-i006/moveit_resources-ros2/install/moveit_task_constructor_core/share/ament_index/resource_index/packages/moveit_task_constructor_core
[129.251s] -- Installing: /home/laxmi-arz-i006/moveit_resources-ros2/install/moveit_task_constructor_core/share/ament_index/resource_index/moveit_task_constructor_core__pluginlib__plugin/moveit_task_constructor_core
[129.251s] -- Installing: /home/laxmi-arz-i006/moveit_resources-ros2/install/moveit_task_constructor_core/share/moveit_task_constructor_core/cmake/moveit_task_constructor_coreTargetsExport.cmake
[129.252s] -- Installing: /home/laxmi-arz-i006/moveit_resources-ros2/install/moveit_task_constructor_core/share/moveit_task_constructor_core/cmake/moveit_task_constructor_coreTargetsExport-release.cmake
[129.252s] -- Installing: /home/laxmi-arz-i006/moveit_resources-ros2/install/moveit_task_constructor_core/share/moveit_task_constructor_core/cmake/ament_cmake_export_targets-extras.cmake
[129.253s] -- Installing: /home/laxmi-arz-i006/moveit_resources-ros2/install/moveit_task_constructor_core/share/moveit_task_constructor_core/cmake/ament_cmake_export_dependencies-extras.cmake
[129.253s] -- Installing: /home/laxmi-arz-i006/moveit_resources-ros2/install/moveit_task_constructor_core/share/moveit_task_constructor_core/cmake/moveit_task_constructor_coreConfig.cmake
[129.254s] -- Installing: /home/laxmi-arz-i006/moveit_resources-ros2/install/moveit_task_constructor_core/share/moveit_task_constructor_core/cmake/moveit_task_constructor_coreConfig-version.cmake
[129.254s] -- Installing: /home/laxmi-arz-i006/moveit_resources-ros2/install/moveit_task_constructor_core/share/moveit_task_constructor_core/package.xml
[129.270s] Invoked command in '/home/laxmi-arz-i006/moveit_resources-ros2/build/moveit_task_constructor_core' returned '0': AMENT_PREFIX_PATH=/home/laxmi-arz-i006/moveit_resources-ros2/install/moveit_resources_fanuc_moveit_config:/home/laxmi-arz-i006/moveit_resources-ros2/install/rviz_marker_tools:/home/laxmi-arz-i006/moveit_resources-ros2/install/moveit_task_constructor_msgs:/home/laxmi-arz-i006/moveit_resources-ros2/install/moveit_resources_fanuc_description:${AMENT_PREFIX_PATH} CMAKE_PREFIX_PATH=/home/laxmi-arz-i006/moveit_resources-ros2/install/moveit_resources_fanuc_moveit_config:/home/laxmi-arz-i006/moveit_resources-ros2/install/rviz_marker_tools:/home/laxmi-arz-i006/moveit_resources-ros2/install/moveit_task_constructor_msgs:/home/laxmi-arz-i006/moveit_resources-ros2/install/moveit_resources_fanuc_description:/opt/ros/jazzy/opt/gz_sim_vendor:/opt/ros/jazzy/opt/gz_sensors_vendor:/opt/ros/jazzy/opt/gz_physics_vendor:/opt/ros/jazzy/opt/sdformat_vendor:/opt/ros/jazzy/opt/gz_gui_vendor:/opt/ros/jazzy/opt/gz_transport_vendor:/opt/ros/jazzy/opt/gz_rendering_vendor:/opt/ros/jazzy/opt/gz_plugin_vendor:/opt/ros/jazzy/opt/gz_fuel_tools_vendor:/opt/ros/jazzy/opt/gz_msgs_vendor:/opt/ros/jazzy/opt/gz_common_vendor:/opt/ros/jazzy/opt/gz_math_vendor:/opt/ros/jazzy/opt/gz_utils_vendor:/opt/ros/jazzy/opt/gz_tools_vendor:/opt/ros/jazzy/opt/gz_ogre_next_vendor:/opt/ros/jazzy/opt/gz_dartsim_vendor:/opt/ros/jazzy/opt/gz_cmake_vendor:/opt/ros/jazzy DEBUGINFOD_URLS=https://debuginfod.ubuntu.com LD_LIBRARY_PATH=/home/laxmi-arz-i006/moveit_resources-ros2/install/rviz_marker_tools/lib:/home/laxmi-arz-i006/moveit_resources-ros2/install/moveit_task_constructor_msgs/lib:${LD_LIBRARY_PATH} PYTHONPATH=/home/laxmi-arz-i006/moveit_resources-ros2/install/moveit_task_constructor_msgs/lib/python3.12/site-packages:${PYTHONPATH} /usr/bin/cmake --install /home/laxmi-arz-i006/moveit_resources-ros2/build/moveit_task_constructor_core
