[0.050s] Invoking command in '/home/laxmi-arz-i006/moveit_resources-ros2/build/rviz_marker_tools': CMAKE_PREFIX_PATH=${CMAKE_PREFIX_PATH}:/opt/ros/jazzy DEBUGINFOD_URLS=https://debuginfod.ubuntu.com /usr/bin/cmake --build /home/laxmi-arz-i006/moveit_resources-ros2/build/rviz_marker_tools -- -j16 -l16
[0.483s] [100%] Built target rviz_marker_tools
[0.497s] Invoked command in '/home/laxmi-arz-i006/moveit_resources-ros2/build/rviz_marker_tools' returned '0': CMAKE_PREFIX_PATH=${CMAKE_PREFIX_PATH}:/opt/ros/jazzy DEBUGINFOD_URLS=https://debuginfod.ubuntu.com /usr/bin/cmake --build /home/laxmi-arz-i006/moveit_resources-ros2/build/rviz_marker_tools -- -j16 -l16
[0.500s] Invoking command in '/home/laxmi-arz-i006/moveit_resources-ros2/build/rviz_marker_tools': CMAKE_PREFIX_PATH=${CMAKE_PREFIX_PATH}:/opt/ros/jazzy DEBUGINFOD_URLS=https://debuginfod.ubuntu.com /usr/bin/cmake --install /home/laxmi-arz-i006/moveit_resources-ros2/build/rviz_marker_tools
[0.835s] -- Install configuration: "Release"
[0.835s] -- Up-to-date: /home/laxmi-arz-i006/moveit_resources-ros2/install/rviz_marker_tools/include
[0.836s] -- Up-to-date: /home/laxmi-arz-i006/moveit_resources-ros2/install/rviz_marker_tools/include/rviz_marker_tools
[0.836s] -- Up-to-date: /home/laxmi-arz-i006/moveit_resources-ros2/install/rviz_marker_tools/include/rviz_marker_tools/marker_creation.h
[0.837s] -- Up-to-date: /home/laxmi-arz-i006/moveit_resources-ros2/install/rviz_marker_tools/lib/librviz_marker_tools.so
[0.837s] -- Up-to-date: /home/laxmi-arz-i006/moveit_resources-ros2/install/rviz_marker_tools/share/rviz_marker_tools/environment/library_path.sh
[0.838s] -- Up-to-date: /home/laxmi-arz-i006/moveit_resources-ros2/install/rviz_marker_tools/share/rviz_marker_tools/environment/library_path.dsv
[0.838s] -- Up-to-date: /home/laxmi-arz-i006/moveit_resources-ros2/install/rviz_marker_tools/share/ament_index/resource_index/package_run_dependencies/rviz_marker_tools
[0.839s] -- Up-to-date: /home/laxmi-arz-i006/moveit_resources-ros2/install/rviz_marker_tools/share/ament_index/resource_index/parent_prefix_path/rviz_marker_tools
[0.839s] -- Up-to-date: /home/laxmi-arz-i006/moveit_resources-ros2/install/rviz_marker_tools/share/rviz_marker_tools/environment/ament_prefix_path.sh
[0.840s] -- Up-to-date: /home/laxmi-arz-i006/moveit_resources-ros2/install/rviz_marker_tools/share/rviz_marker_tools/environment/ament_prefix_path.dsv
[0.840s] -- Up-to-date: /home/laxmi-arz-i006/moveit_resources-ros2/install/rviz_marker_tools/share/rviz_marker_tools/environment/path.sh
[0.841s] -- Up-to-date: /home/laxmi-arz-i006/moveit_resources-ros2/install/rviz_marker_tools/share/rviz_marker_tools/environment/path.dsv
[0.841s] -- Up-to-date: /home/laxmi-arz-i006/moveit_resources-ros2/install/rviz_marker_tools/share/rviz_marker_tools/local_setup.bash
[0.841s] -- Up-to-date: /home/laxmi-arz-i006/moveit_resources-ros2/install/rviz_marker_tools/share/rviz_marker_tools/local_setup.sh
[0.841s] -- Up-to-date: /home/laxmi-arz-i006/moveit_resources-ros2/install/rviz_marker_tools/share/rviz_marker_tools/local_setup.zsh
[0.842s] -- Up-to-date: /home/laxmi-arz-i006/moveit_resources-ros2/install/rviz_marker_tools/share/rviz_marker_tools/local_setup.dsv
[0.842s] -- Installing: /home/laxmi-arz-i006/moveit_resources-ros2/install/rviz_marker_tools/share/rviz_marker_tools/package.dsv
[0.842s] -- Up-to-date: /home/laxmi-arz-i006/moveit_resources-ros2/install/rviz_marker_tools/share/ament_index/resource_index/packages/rviz_marker_tools
[0.842s] -- Up-to-date: /home/laxmi-arz-i006/moveit_resources-ros2/install/rviz_marker_tools/share/rviz_marker_tools/cmake/rviz_marker_toolsTargetsExport.cmake
[0.842s] -- Up-to-date: /home/laxmi-arz-i006/moveit_resources-ros2/install/rviz_marker_tools/share/rviz_marker_tools/cmake/rviz_marker_toolsTargetsExport-release.cmake
[0.842s] -- Up-to-date: /home/laxmi-arz-i006/moveit_resources-ros2/install/rviz_marker_tools/share/rviz_marker_tools/cmake/ament_cmake_export_targets-extras.cmake
[0.843s] -- Up-to-date: /home/laxmi-arz-i006/moveit_resources-ros2/install/rviz_marker_tools/share/rviz_marker_tools/cmake/ament_cmake_export_dependencies-extras.cmake
[0.843s] -- Up-to-date: /home/laxmi-arz-i006/moveit_resources-ros2/install/rviz_marker_tools/share/rviz_marker_tools/cmake/rviz_marker_toolsConfig.cmake
[0.843s] -- Up-to-date: /home/laxmi-arz-i006/moveit_resources-ros2/install/rviz_marker_tools/share/rviz_marker_tools/cmake/rviz_marker_toolsConfig-version.cmake
[0.843s] -- Up-to-date: /home/laxmi-arz-i006/moveit_resources-ros2/install/rviz_marker_tools/share/rviz_marker_tools/package.xml
[0.946s] Invoked command in '/home/laxmi-arz-i006/moveit_resources-ros2/build/rviz_marker_tools' returned '0': CMAKE_PREFIX_PATH=${CMAKE_PREFIX_PATH}:/opt/ros/jazzy DEBUGINFOD_URLS=https://debuginfod.ubuntu.com /usr/bin/cmake --install /home/laxmi-arz-i006/moveit_resources-ros2/build/rviz_marker_tools
