[0.359s] Invoking command in '/home/laxmi-arz-i006/moveit_resources-ros2/build/hello_moveit': CMAKE_PREFIX_PATH=${CMAKE_PREFIX_PATH}:/home/laxmi-arz-i006/moveit_resources-ros2/install/panda_gazebo:/home/laxmi-arz-i006/moveit_resources-ros2/install/arm:/opt/ros/jazzy DEBUGINFOD_URLS=https://debuginfod.ubuntu.com /usr/bin/cmake --build /home/laxmi-arz-i006/moveit_resources-ros2/build/hello_moveit -- -j16 -l16
[0.491s] [ 50%] Built target plan_around_objects
[0.491s] [ 75%] [32mBuilding CXX object CMakeFiles/hello_moveit_v2.dir/src/hello_moveit_v2.cpp.o[0m
[9.021s] [01m[K/home/laxmi-arz-i006/moveit_resources-ros2/hello_moveit/src/hello_moveit_v2.cpp:[m[K In function ‘[01m[Kint[01;32m[K main[m[K(int, char**)[m[K’:
[9.022s] [01m[K/home/laxmi-arz-i006/moveit_resources-ros2/hello_moveit/src/hello_moveit_v2.cpp:127:54:[m[K [01;35m[Kwarning: [m[K‘[01m[Kdouble moveit::planning_interface::MoveGroupInterface::[01;32m[KcomputeCartesianPath[m[K(const std::vector<geometry_msgs::msg::Pose_<std::allocator<void> > >&, double, double, moveit_msgs::msg::RobotTrajectory&, bool, moveit_msgs::msg::MoveItErrorCodes*)[m[K’ is deprecated: Drop jump_threshold [[01;35m[K]8;;https://gcc.gnu.org/onlinedocs/gcc/Warning-Options.html#index-Wdeprecated-declarations-Wdeprecated-declarations]8;;[m[K]
[9.022s]   127 |     double fraction = [01;35m[Kmove_group.computeCartesianPath([m[K
[9.022s]       |                       [01;35m[K~~~~~~~~~~~~~~~~~~~~~~~~~~~~~~~^[m[K
[9.022s]   128 | [01;35m[K        waypoints, 0.002, 0.0, traj)[m[K;
[9.022s]       |         [01;35m[K~~~~~~~~~~~~~~~~~~~~~~~~~~~~[m[K                  
[9.022s] In file included from [01m[K/home/laxmi-arz-i006/moveit_resources-ros2/hello_moveit/src/hello_moveit_v2.cpp:5[m[K:
[9.022s] [01m[K/opt/ros/jazzy/include/moveit_ros_planning_interface/moveit/move_group_interface/move_group_interface.hpp:765:3:[m[K [01;36m[Knote: [m[Kdeclared here
[9.022s]   765 |   [01;36m[KcomputeCartesianPath[m[K(const std::vector<geometry_msgs::msg::Pose>& waypoints, double eef_step,
[9.022s]       |   [01;36m[K^~~~~~~~~~~~~~~~~~~~[m[K
[9.025s] [01m[K/home/laxmi-arz-i006/moveit_resources-ros2/hello_moveit/src/hello_moveit_v2.cpp:145:10:[m[K [01;31m[Kerror: [m[K‘[01m[Kstruct moveit::planning_interface::MoveGroupInterface::Plan[m[K’ has no member named ‘[01m[Ktrajectory_[m[K’; did you mean ‘[01m[Ktrajectory[m[K’?
[9.025s]   145 |     plan.[01;31m[Ktrajectory_[m[K = traj;
[9.025s]       |          [01;31m[K^~~~~~~~~~~[m[K
[9.025s]       |          [32m[Ktrajectory[m[K
[12.917s] gmake[2]: *** [CMakeFiles/hello_moveit_v2.dir/build.make:76: CMakeFiles/hello_moveit_v2.dir/src/hello_moveit_v2.cpp.o] Error 1
[12.917s] gmake[1]: *** [CMakeFiles/Makefile2:139: CMakeFiles/hello_moveit_v2.dir/all] Error 2
[12.918s] gmake: *** [Makefile:146: all] Error 2
[12.922s] Invoked command in '/home/laxmi-arz-i006/moveit_resources-ros2/build/hello_moveit' returned '2': CMAKE_PREFIX_PATH=${CMAKE_PREFIX_PATH}:/home/laxmi-arz-i006/moveit_resources-ros2/install/panda_gazebo:/home/laxmi-arz-i006/moveit_resources-ros2/install/arm:/opt/ros/jazzy DEBUGINFOD_URLS=https://debuginfod.ubuntu.com /usr/bin/cmake --build /home/laxmi-arz-i006/moveit_resources-ros2/build/hello_moveit -- -j16 -l16
