[ 50%] Built target plan_around_objects
[ 75%] [32mBuilding CXX object CMakeFiles/hello_moveit_v2.dir/src/hello_moveit_v2.cpp.o[0m
[01m[K/home/laxmi-arz-i006/moveit_resources-ros2/hello_moveit/src/hello_moveit_v2.cpp:[m[K In function ‘[01m[Kint[01;32m[K main[m[K(int, char**)[m[K’:
[01m[K/home/laxmi-arz-i006/moveit_resources-ros2/hello_moveit/src/hello_moveit_v2.cpp:168:54:[m[K [01;35m[Kwarning: [m[K‘[01m[Kdouble moveit::planning_interface::MoveGroupInterface::[01;32m[KcomputeCartesianPath[m[K(const std::vector<geometry_msgs::msg::Pose_<std::allocator<void> > >&, double, double, moveit_msgs::msg::RobotTrajectory&, bool, moveit_msgs::msg::MoveItErrorCodes*)[m[K’ is deprecated: Drop jump_threshold [[01;35m[K]8;;https://gcc.gnu.org/onlinedocs/gcc/Warning-Options.html#index-Wdeprecated-declarations-Wdeprecated-declarations]8;;[m[K]
  168 |     double fraction = [01;35m[Kmove_group.computeCartesianPath(waypoints, eef_step, jump_threshold, trajectory)[m[K;
      |                       [01;35m[K~~~~~~~~~~~~~~~~~~~~~~~~~~~~~~~^~~~~~~~~~~~~~~~~~~~~~~~~~~~~~~~~~~~~~~~~~~~~~~~~[m[K
In file included from [01m[K/home/laxmi-arz-i006/moveit_resources-ros2/hello_moveit/src/hello_moveit_v2.cpp:8[m[K:
[01m[K/opt/ros/jazzy/include/moveit_ros_planning_interface/moveit/move_group_interface/move_group_interface.hpp:765:3:[m[K [01;36m[Knote: [m[Kdeclared here
  765 |   [01;36m[KcomputeCartesianPath[m[K(const std::vector<geometry_msgs::msg::Pose>& waypoints, double eef_step,
      |   [01;36m[K^~~~~~~~~~~~~~~~~~~~[m[K
[100%] [32m[1mLinking CXX executable hello_moveit_v2[0m
[100%] Built target hello_moveit_v2
-- Install configuration: ""
-- Installing: /home/laxmi-arz-i006/moveit_resources-ros2/install/hello_moveit/lib/hello_moveit/hello_moveit_v2
-- Set non-toolchain portion of runtime path of "/home/laxmi-arz-i006/moveit_resources-ros2/install/hello_moveit/lib/hello_moveit/hello_moveit_v2" to ""
-- Up-to-date: /home/laxmi-arz-i006/moveit_resources-ros2/install/hello_moveit/lib/hello_moveit/plan_around_objects
-- Up-to-date: /home/laxmi-arz-i006/moveit_resources-ros2/install/hello_moveit/share/ament_index/resource_index/package_run_dependencies/hello_moveit
-- Up-to-date: /home/laxmi-arz-i006/moveit_resources-ros2/install/hello_moveit/share/ament_index/resource_index/parent_prefix_path/hello_moveit
-- Up-to-date: /home/laxmi-arz-i006/moveit_resources-ros2/install/hello_moveit/share/hello_moveit/environment/ament_prefix_path.sh
-- Up-to-date: /home/laxmi-arz-i006/moveit_resources-ros2/install/hello_moveit/share/hello_moveit/environment/ament_prefix_path.dsv
-- Up-to-date: /home/laxmi-arz-i006/moveit_resources-ros2/install/hello_moveit/share/hello_moveit/environment/path.sh
-- Up-to-date: /home/laxmi-arz-i006/moveit_resources-ros2/install/hello_moveit/share/hello_moveit/environment/path.dsv
-- Up-to-date: /home/laxmi-arz-i006/moveit_resources-ros2/install/hello_moveit/share/hello_moveit/local_setup.bash
-- Up-to-date: /home/laxmi-arz-i006/moveit_resources-ros2/install/hello_moveit/share/hello_moveit/local_setup.sh
-- Up-to-date: /home/laxmi-arz-i006/moveit_resources-ros2/install/hello_moveit/share/hello_moveit/local_setup.zsh
-- Up-to-date: /home/laxmi-arz-i006/moveit_resources-ros2/install/hello_moveit/share/hello_moveit/local_setup.dsv
-- Installing: /home/laxmi-arz-i006/moveit_resources-ros2/install/hello_moveit/share/hello_moveit/package.dsv
-- Up-to-date: /home/laxmi-arz-i006/moveit_resources-ros2/install/hello_moveit/share/ament_index/resource_index/packages/hello_moveit
-- Up-to-date: /home/laxmi-arz-i006/moveit_resources-ros2/install/hello_moveit/share/hello_moveit/cmake/hello_moveitConfig.cmake
-- Up-to-date: /home/laxmi-arz-i006/moveit_resources-ros2/install/hello_moveit/share/hello_moveit/cmake/hello_moveitConfig-version.cmake
-- Up-to-date: /home/laxmi-arz-i006/moveit_resources-ros2/install/hello_moveit/share/hello_moveit/package.xml
