[0.057s] Invoking command in '/home/laxmi-arz-i006/moveit_resources-ros2/build/moveit_resources_fanuc_description': CMAKE_PREFIX_PATH=${CMAKE_PREFIX_PATH}:/opt/ros/jazzy DEBUGINFOD_URLS=https://debuginfod.ubuntu.com /usr/bin/cmake --build /home/laxmi-arz-i006/moveit_resources-ros2/build/moveit_resources_fanuc_description -- -j16 -l16
[0.499s] Invoked command in '/home/laxmi-arz-i006/moveit_resources-ros2/build/moveit_resources_fanuc_description' returned '0': CMAKE_PREFIX_PATH=${CMAKE_PREFIX_PATH}:/opt/ros/jazzy DEBUGINFOD_URLS=https://debuginfod.ubuntu.com /usr/bin/cmake --build /home/laxmi-arz-i006/moveit_resources-ros2/build/moveit_resources_fanuc_description -- -j16 -l16
[0.511s] Invoking command in '/home/laxmi-arz-i006/moveit_resources-ros2/build/moveit_resources_fanuc_description': CMAKE_PREFIX_PATH=${CMAKE_PREFIX_PATH}:/opt/ros/jazzy DEBUGINFOD_URLS=https://debuginfod.ubuntu.com /usr/bin/cmake --install /home/laxmi-arz-i006/moveit_resources-ros2/build/moveit_resources_fanuc_description
[0.822s] -- Install configuration: ""
[0.823s] -- Up-to-date: /home/laxmi-arz-i006/moveit_resources-ros2/install/moveit_resources_fanuc_description/share/ament_index/resource_index/package_run_dependencies/moveit_resources_fanuc_description
[0.823s] -- Up-to-date: /home/laxmi-arz-i006/moveit_resources-ros2/install/moveit_resources_fanuc_description/share/ament_index/resource_index/parent_prefix_path/moveit_resources_fanuc_description
[0.824s] -- Up-to-date: /home/laxmi-arz-i006/moveit_resources-ros2/install/moveit_resources_fanuc_description/share/moveit_resources_fanuc_description/environment/ament_prefix_path.sh
[0.824s] -- Up-to-date: /home/laxmi-arz-i006/moveit_resources-ros2/install/moveit_resources_fanuc_description/share/moveit_resources_fanuc_description/environment/ament_prefix_path.dsv
[0.824s] -- Up-to-date: /home/laxmi-arz-i006/moveit_resources-ros2/install/moveit_resources_fanuc_description/share/moveit_resources_fanuc_description/environment/path.sh
[0.825s] -- Up-to-date: /home/laxmi-arz-i006/moveit_resources-ros2/install/moveit_resources_fanuc_description/share/moveit_resources_fanuc_description/environment/path.dsv
[0.826s] -- Up-to-date: /home/laxmi-arz-i006/moveit_resources-ros2/install/moveit_resources_fanuc_description/share/moveit_resources_fanuc_description/local_setup.bash
[0.826s] -- Up-to-date: /home/laxmi-arz-i006/moveit_resources-ros2/install/moveit_resources_fanuc_description/share/moveit_resources_fanuc_description/local_setup.sh
[0.826s] -- Up-to-date: /home/laxmi-arz-i006/moveit_resources-ros2/install/moveit_resources_fanuc_description/share/moveit_resources_fanuc_description/local_setup.zsh
[0.826s] -- Up-to-date: /home/laxmi-arz-i006/moveit_resources-ros2/install/moveit_resources_fanuc_description/share/moveit_resources_fanuc_description/local_setup.dsv
[0.827s] -- Up-to-date: /home/laxmi-arz-i006/moveit_resources-ros2/install/moveit_resources_fanuc_description/share/moveit_resources_fanuc_description/package.dsv
[0.827s] -- Up-to-date: /home/laxmi-arz-i006/moveit_resources-ros2/install/moveit_resources_fanuc_description/share/ament_index/resource_index/packages/moveit_resources_fanuc_description
[0.827s] -- Up-to-date: /home/laxmi-arz-i006/moveit_resources-ros2/install/moveit_resources_fanuc_description/share/moveit_resources_fanuc_description/cmake/moveit_resources_fanuc_descriptionConfig.cmake
[0.827s] -- Up-to-date: /home/laxmi-arz-i006/moveit_resources-ros2/install/moveit_resources_fanuc_description/share/moveit_resources_fanuc_description/cmake/moveit_resources_fanuc_descriptionConfig-version.cmake
[0.827s] -- Up-to-date: /home/laxmi-arz-i006/moveit_resources-ros2/install/moveit_resources_fanuc_description/share/moveit_resources_fanuc_description/package.xml
[0.827s] -- Up-to-date: /home/laxmi-arz-i006/moveit_resources-ros2/install/moveit_resources_fanuc_description/share/moveit_resources_fanuc_description/meshes
[0.827s] -- Up-to-date: /home/laxmi-arz-i006/moveit_resources-ros2/install/moveit_resources_fanuc_description/share/moveit_resources_fanuc_description/meshes/collision
[0.828s] -- Up-to-date: /home/laxmi-arz-i006/moveit_resources-ros2/install/moveit_resources_fanuc_description/share/moveit_resources_fanuc_description/meshes/collision/link_5.stl
[0.828s] -- Up-to-date: /home/laxmi-arz-i006/moveit_resources-ros2/install/moveit_resources_fanuc_description/share/moveit_resources_fanuc_description/meshes/collision/base_link.stl
[0.828s] -- Up-to-date: /home/laxmi-arz-i006/moveit_resources-ros2/install/moveit_resources_fanuc_description/share/moveit_resources_fanuc_description/meshes/collision/link_1.stl
[0.829s] -- Up-to-date: /home/laxmi-arz-i006/moveit_resources-ros2/install/moveit_resources_fanuc_description/share/moveit_resources_fanuc_description/meshes/collision/link_4.stl
[0.829s] -- Up-to-date: /home/laxmi-arz-i006/moveit_resources-ros2/install/moveit_resources_fanuc_description/share/moveit_resources_fanuc_description/meshes/collision/link_2.stl
[0.829s] -- Up-to-date: /home/laxmi-arz-i006/moveit_resources-ros2/install/moveit_resources_fanuc_description/share/moveit_resources_fanuc_description/meshes/collision/link_6.stl
[0.830s] -- Up-to-date: /home/laxmi-arz-i006/moveit_resources-ros2/install/moveit_resources_fanuc_description/share/moveit_resources_fanuc_description/meshes/collision/link_3.stl
[0.830s] -- Up-to-date: /home/laxmi-arz-i006/moveit_resources-ros2/install/moveit_resources_fanuc_description/share/moveit_resources_fanuc_description/meshes/visual
[0.830s] -- Up-to-date: /home/laxmi-arz-i006/moveit_resources-ros2/install/moveit_resources_fanuc_description/share/moveit_resources_fanuc_description/meshes/visual/link_5.stl
[0.831s] -- Up-to-date: /home/laxmi-arz-i006/moveit_resources-ros2/install/moveit_resources_fanuc_description/share/moveit_resources_fanuc_description/meshes/visual/base_link.stl
[0.831s] -- Up-to-date: /home/laxmi-arz-i006/moveit_resources-ros2/install/moveit_resources_fanuc_description/share/moveit_resources_fanuc_description/meshes/visual/link_1.stl
[0.831s] -- Up-to-date: /home/laxmi-arz-i006/moveit_resources-ros2/install/moveit_resources_fanuc_description/share/moveit_resources_fanuc_description/meshes/visual/link_4.stl
[0.831s] -- Up-to-date: /home/laxmi-arz-i006/moveit_resources-ros2/install/moveit_resources_fanuc_description/share/moveit_resources_fanuc_description/meshes/visual/link_2.stl
[0.831s] -- Up-to-date: /home/laxmi-arz-i006/moveit_resources-ros2/install/moveit_resources_fanuc_description/share/moveit_resources_fanuc_description/meshes/visual/link_6.stl
[0.832s] -- Up-to-date: /home/laxmi-arz-i006/moveit_resources-ros2/install/moveit_resources_fanuc_description/share/moveit_resources_fanuc_description/meshes/visual/link_3.stl
[0.832s] -- Up-to-date: /home/laxmi-arz-i006/moveit_resources-ros2/install/moveit_resources_fanuc_description/share/moveit_resources_fanuc_description/urdf
[0.833s] -- Up-to-date: /home/laxmi-arz-i006/moveit_resources-ros2/install/moveit_resources_fanuc_description/share/moveit_resources_fanuc_description/urdf/fanuc.urdf
[0.860s] Invoked command in '/home/laxmi-arz-i006/moveit_resources-ros2/build/moveit_resources_fanuc_description' returned '0': CMAKE_PREFIX_PATH=${CMAKE_PREFIX_PATH}:/opt/ros/jazzy DEBUGINFOD_URLS=https://debuginfod.ubuntu.com /usr/bin/cmake --install /home/laxmi-arz-i006/moveit_resources-ros2/build/moveit_resources_fanuc_description
