[0.045s] Invoking command in '/home/laxmi-arz-i006/moveit_resources-ros2/build/moveit_resources_panda_description': CMAKE_PREFIX_PATH=${CMAKE_PREFIX_PATH}:/opt/ros/jazzy DEBUGINFOD_URLS=https://debuginfod.ubuntu.com /usr/bin/cmake /home/laxmi-arz-i006/moveit_resources-ros2/panda_description -DCMAKE_INSTALL_PREFIX=/home/laxmi-arz-i006/moveit_resources-ros2/install/moveit_resources_panda_description
[0.425s] -- The C compiler identification is GNU 13.3.0
[0.426s] -- The CXX compiler identification is GNU 13.3.0
[0.427s] -- Detecting C compiler ABI info
[0.427s] -- Detecting C compiler ABI info - done
[0.427s] -- Check for working C compiler: /usr/bin/cc - skipped
[0.427s] -- Detecting C compile features
[0.427s] -- Detecting C compile features - done
[0.431s] -- Detecting CXX compiler ABI info
[0.569s] -- Detecting CXX compiler ABI info - done
[0.581s] -- Check for working CXX compiler: /usr/bin/c++ - skipped
[0.581s] -- Detecting CXX compile features
[0.582s] -- Detecting CXX compile features - done
[0.601s] -- Found ament_cmake: 2.5.4 (/opt/ros/jazzy/share/ament_cmake/cmake)
[0.840s] -- Found Python3: /usr/bin/python3 (found version "3.12.3") found components: Interpreter 
[1.190s] -- Configuring done (1.1s)
[1.196s] -- Generating done (0.0s)
[1.197s] -- Build files have been written to: /home/laxmi-arz-i006/moveit_resources-ros2/build/moveit_resources_panda_description
[1.203s] Invoked command in '/home/laxmi-arz-i006/moveit_resources-ros2/build/moveit_resources_panda_description' returned '0': CMAKE_PREFIX_PATH=${CMAKE_PREFIX_PATH}:/opt/ros/jazzy DEBUGINFOD_URLS=https://debuginfod.ubuntu.com /usr/bin/cmake /home/laxmi-arz-i006/moveit_resources-ros2/panda_description -DCMAKE_INSTALL_PREFIX=/home/laxmi-arz-i006/moveit_resources-ros2/install/moveit_resources_panda_description
[1.204s] Invoking command in '/home/laxmi-arz-i006/moveit_resources-ros2/build/moveit_resources_panda_description': CMAKE_PREFIX_PATH=${CMAKE_PREFIX_PATH}:/opt/ros/jazzy DEBUGINFOD_URLS=https://debuginfod.ubuntu.com /usr/bin/cmake --build /home/laxmi-arz-i006/moveit_resources-ros2/build/moveit_resources_panda_description -- -j16 -l16
[1.261s] Invoked command in '/home/laxmi-arz-i006/moveit_resources-ros2/build/moveit_resources_panda_description' returned '0': CMAKE_PREFIX_PATH=${CMAKE_PREFIX_PATH}:/opt/ros/jazzy DEBUGINFOD_URLS=https://debuginfod.ubuntu.com /usr/bin/cmake --build /home/laxmi-arz-i006/moveit_resources-ros2/build/moveit_resources_panda_description -- -j16 -l16
[1.263s] Invoking command in '/home/laxmi-arz-i006/moveit_resources-ros2/build/moveit_resources_panda_description': CMAKE_PREFIX_PATH=${CMAKE_PREFIX_PATH}:/opt/ros/jazzy DEBUGINFOD_URLS=https://debuginfod.ubuntu.com /usr/bin/cmake --install /home/laxmi-arz-i006/moveit_resources-ros2/build/moveit_resources_panda_description
[1.274s] -- Install configuration: ""
[1.274s] -- Installing: /home/laxmi-arz-i006/moveit_resources-ros2/install/moveit_resources_panda_description/share/ament_index/resource_index/package_run_dependencies/moveit_resources_panda_description
[1.275s] -- Installing: /home/laxmi-arz-i006/moveit_resources-ros2/install/moveit_resources_panda_description/share/ament_index/resource_index/parent_prefix_path/moveit_resources_panda_description
[1.275s] -- Installing: /home/laxmi-arz-i006/moveit_resources-ros2/install/moveit_resources_panda_description/share/moveit_resources_panda_description/environment/ament_prefix_path.sh
[1.275s] -- Installing: /home/laxmi-arz-i006/moveit_resources-ros2/install/moveit_resources_panda_description/share/moveit_resources_panda_description/environment/ament_prefix_path.dsv
[1.276s] -- Installing: /home/laxmi-arz-i006/moveit_resources-ros2/install/moveit_resources_panda_description/share/moveit_resources_panda_description/environment/path.sh
[1.276s] -- Installing: /home/laxmi-arz-i006/moveit_resources-ros2/install/moveit_resources_panda_description/share/moveit_resources_panda_description/environment/path.dsv
[1.276s] -- Installing: /home/laxmi-arz-i006/moveit_resources-ros2/install/moveit_resources_panda_description/share/moveit_resources_panda_description/local_setup.bash
[1.277s] -- Installing: /home/laxmi-arz-i006/moveit_resources-ros2/install/moveit_resources_panda_description/share/moveit_resources_panda_description/local_setup.sh
[1.277s] -- Installing: /home/laxmi-arz-i006/moveit_resources-ros2/install/moveit_resources_panda_description/share/moveit_resources_panda_description/local_setup.zsh
[1.277s] -- Installing: /home/laxmi-arz-i006/moveit_resources-ros2/install/moveit_resources_panda_description/share/moveit_resources_panda_description/local_setup.dsv
[1.277s] -- Installing: /home/laxmi-arz-i006/moveit_resources-ros2/install/moveit_resources_panda_description/share/moveit_resources_panda_description/package.dsv
[1.278s] -- Installing: /home/laxmi-arz-i006/moveit_resources-ros2/install/moveit_resources_panda_description/share/ament_index/resource_index/packages/moveit_resources_panda_description
[1.278s] -- Installing: /home/laxmi-arz-i006/moveit_resources-ros2/install/moveit_resources_panda_description/share/moveit_resources_panda_description/cmake/moveit_resources_panda_descriptionConfig.cmake
[1.278s] -- Installing: /home/laxmi-arz-i006/moveit_resources-ros2/install/moveit_resources_panda_description/share/moveit_resources_panda_description/cmake/moveit_resources_panda_descriptionConfig-version.cmake
[1.279s] -- Installing: /home/laxmi-arz-i006/moveit_resources-ros2/install/moveit_resources_panda_description/share/moveit_resources_panda_description/package.xml
[1.279s] -- Installing: /home/laxmi-arz-i006/moveit_resources-ros2/install/moveit_resources_panda_description/share/moveit_resources_panda_description/meshes
[1.279s] -- Installing: /home/laxmi-arz-i006/moveit_resources-ros2/install/moveit_resources_panda_description/share/moveit_resources_panda_description/meshes/collision
[1.279s] -- Installing: /home/laxmi-arz-i006/moveit_resources-ros2/install/moveit_resources_panda_description/share/moveit_resources_panda_description/meshes/collision/link0.stl
[1.280s] -- Installing: /home/laxmi-arz-i006/moveit_resources-ros2/install/moveit_resources_panda_description/share/moveit_resources_panda_description/meshes/collision/link2.stl
[1.280s] -- Installing: /home/laxmi-arz-i006/moveit_resources-ros2/install/moveit_resources_panda_description/share/moveit_resources_panda_description/meshes/collision/link3.stl
[1.281s] -- Installing: /home/laxmi-arz-i006/moveit_resources-ros2/install/moveit_resources_panda_description/share/moveit_resources_panda_description/meshes/collision/link4.stl
[1.281s] -- Installing: /home/laxmi-arz-i006/moveit_resources-ros2/install/moveit_resources_panda_description/share/moveit_resources_panda_description/meshes/collision/link6.stl
[1.281s] -- Installing: /home/laxmi-arz-i006/moveit_resources-ros2/install/moveit_resources_panda_description/share/moveit_resources_panda_description/meshes/collision/link7.stl
[1.282s] -- Installing: /home/laxmi-arz-i006/moveit_resources-ros2/install/moveit_resources_panda_description/share/moveit_resources_panda_description/meshes/collision/link1.stl
[1.282s] -- Installing: /home/laxmi-arz-i006/moveit_resources-ros2/install/moveit_resources_panda_description/share/moveit_resources_panda_description/meshes/collision/link5.stl
[1.283s] -- Installing: /home/laxmi-arz-i006/moveit_resources-ros2/install/moveit_resources_panda_description/share/moveit_resources_panda_description/meshes/collision/finger.stl
[1.283s] -- Installing: /home/laxmi-arz-i006/moveit_resources-ros2/install/moveit_resources_panda_description/share/moveit_resources_panda_description/meshes/collision/hand.stl
[1.283s] -- Installing: /home/laxmi-arz-i006/moveit_resources-ros2/install/moveit_resources_panda_description/share/moveit_resources_panda_description/meshes/visual
[1.283s] -- Installing: /home/laxmi-arz-i006/moveit_resources-ros2/install/moveit_resources_panda_description/share/moveit_resources_panda_description/meshes/visual/link0.dae
[1.286s] -- Installing: /home/laxmi-arz-i006/moveit_resources-ros2/install/moveit_resources_panda_description/share/moveit_resources_panda_description/meshes/visual/link1.dae
[1.287s] -- Installing: /home/laxmi-arz-i006/moveit_resources-ros2/install/moveit_resources_panda_description/share/moveit_resources_panda_description/meshes/visual/link2.dae
[1.288s] -- Installing: /home/laxmi-arz-i006/moveit_resources-ros2/install/moveit_resources_panda_description/share/moveit_resources_panda_description/meshes/visual/link6.dae
[1.291s] -- Installing: /home/laxmi-arz-i006/moveit_resources-ros2/install/moveit_resources_panda_description/share/moveit_resources_panda_description/meshes/visual/link4.dae
[1.293s] -- Installing: /home/laxmi-arz-i006/moveit_resources-ros2/install/moveit_resources_panda_description/share/moveit_resources_panda_description/meshes/visual/link3.dae
[1.295s] -- Installing: /home/laxmi-arz-i006/moveit_resources-ros2/install/moveit_resources_panda_description/share/moveit_resources_panda_description/meshes/visual/link7.dae
[1.297s] -- Installing: /home/laxmi-arz-i006/moveit_resources-ros2/install/moveit_resources_panda_description/share/moveit_resources_panda_description/meshes/visual/hand.dae
[1.299s] -- Installing: /home/laxmi-arz-i006/moveit_resources-ros2/install/moveit_resources_panda_description/share/moveit_resources_panda_description/meshes/visual/link5.dae
[1.302s] -- Installing: /home/laxmi-arz-i006/moveit_resources-ros2/install/moveit_resources_panda_description/share/moveit_resources_panda_description/meshes/visual/finger.dae
[1.302s] -- Installing: /home/laxmi-arz-i006/moveit_resources-ros2/install/moveit_resources_panda_description/share/moveit_resources_panda_description/urdf
[1.302s] -- Installing: /home/laxmi-arz-i006/moveit_resources-ros2/install/moveit_resources_panda_description/share/moveit_resources_panda_description/urdf/panda.urdf
[1.303s] -- Installing: /home/laxmi-arz-i006/moveit_resources-ros2/install/moveit_resources_panda_description/share/moveit_resources_panda_description/urdf/panda.urdf.xacro
[1.354s] Invoked command in '/home/laxmi-arz-i006/moveit_resources-ros2/build/moveit_resources_panda_description' returned '0': CMAKE_PREFIX_PATH=${CMAKE_PREFIX_PATH}:/opt/ros/jazzy DEBUGINFOD_URLS=https://debuginfod.ubuntu.com /usr/bin/cmake --install /home/laxmi-arz-i006/moveit_resources-ros2/build/moveit_resources_panda_description
