[1.928s] Invoking command in '/home/laxmi-arz-i006/moveit_resources-ros2/arm': DEBUGINFOD_URLS=https://debuginfod.ubuntu.com PYTHONPATH=/home/laxmi-arz-i006/moveit_resources-ros2/build/arm/prefix_override:/usr/lib/python3/dist-packages/colcon_core/task/python/colcon_distutils_commands:/home/laxmi-arz-i006/moveit_resources-ros2/install/arm/lib/python3.12/site-packages:${PYTHONPATH} /usr/bin/python3 -W ignore:setup.py install is deprecated -W ignore:easy_install command is deprecated setup.py egg_info --egg-base ../build/arm build --build-base /home/laxmi-arz-i006/moveit_resources-ros2/build/arm/build install --record /home/laxmi-arz-i006/moveit_resources-ros2/build/arm/install.log --single-version-externally-managed install_data
[2.354s] running egg_info
[2.354s] creating ../build/arm/arm.egg-info
[2.387s] writing ../build/arm/arm.egg-info/PKG-INFO
[2.387s] writing dependency_links to ../build/arm/arm.egg-info/dependency_links.txt
[2.387s] writing entry points to ../build/arm/arm.egg-info/entry_points.txt
[2.387s] writing requirements to ../build/arm/arm.egg-info/requires.txt
[2.387s] writing top-level names to ../build/arm/arm.egg-info/top_level.txt
[2.388s] writing manifest file '../build/arm/arm.egg-info/SOURCES.txt'
[2.449s] reading manifest file '../build/arm/arm.egg-info/SOURCES.txt'
[2.450s] writing manifest file '../build/arm/arm.egg-info/SOURCES.txt'
[2.450s] running build
[2.450s] running build_py
[2.451s] creating /home/laxmi-arz-i006/moveit_resources-ros2/build/arm/build
[2.451s] creating /home/laxmi-arz-i006/moveit_resources-ros2/build/arm/build/lib
[2.451s] creating /home/laxmi-arz-i006/moveit_resources-ros2/build/arm/build/lib/arm
[2.451s] copying arm/__init__.py -> /home/laxmi-arz-i006/moveit_resources-ros2/build/arm/build/lib/arm
[2.451s] copying arm/generate_waypoints.py -> /home/laxmi-arz-i006/moveit_resources-ros2/build/arm/build/lib/arm
[2.452s] copying arm/planning_scene.py -> /home/laxmi-arz-i006/moveit_resources-ros2/build/arm/build/lib/arm
[2.452s] running install
[2.466s] running install_lib
[2.505s] creating /home/laxmi-arz-i006/moveit_resources-ros2/install/arm/lib/python3.12/site-packages/arm
[2.505s] copying /home/laxmi-arz-i006/moveit_resources-ros2/build/arm/build/lib/arm/__init__.py -> /home/laxmi-arz-i006/moveit_resources-ros2/install/arm/lib/python3.12/site-packages/arm
[2.505s] copying /home/laxmi-arz-i006/moveit_resources-ros2/build/arm/build/lib/arm/generate_waypoints.py -> /home/laxmi-arz-i006/moveit_resources-ros2/install/arm/lib/python3.12/site-packages/arm
[2.505s] copying /home/laxmi-arz-i006/moveit_resources-ros2/build/arm/build/lib/arm/planning_scene.py -> /home/laxmi-arz-i006/moveit_resources-ros2/install/arm/lib/python3.12/site-packages/arm
[2.506s] byte-compiling /home/laxmi-arz-i006/moveit_resources-ros2/install/arm/lib/python3.12/site-packages/arm/__init__.py to __init__.cpython-312.pyc
[2.506s] byte-compiling /home/laxmi-arz-i006/moveit_resources-ros2/install/arm/lib/python3.12/site-packages/arm/generate_waypoints.py to generate_waypoints.cpython-312.pyc
[2.508s] byte-compiling /home/laxmi-arz-i006/moveit_resources-ros2/install/arm/lib/python3.12/site-packages/arm/planning_scene.py to planning_scene.cpython-312.pyc
[2.509s] running install_data
[2.509s] creating /home/laxmi-arz-i006/moveit_resources-ros2/install/arm/share/ament_index
[2.509s] creating /home/laxmi-arz-i006/moveit_resources-ros2/install/arm/share/ament_index/resource_index
[2.510s] creating /home/laxmi-arz-i006/moveit_resources-ros2/install/arm/share/ament_index/resource_index/packages
[2.510s] copying resource/arm -> /home/laxmi-arz-i006/moveit_resources-ros2/install/arm/share/ament_index/resource_index/packages
[2.510s] copying package.xml -> /home/laxmi-arz-i006/moveit_resources-ros2/install/arm/share/arm
[2.510s] running install_egg_info
[2.564s] Copying ../build/arm/arm.egg-info to /home/laxmi-arz-i006/moveit_resources-ros2/install/arm/lib/python3.12/site-packages/arm-0.0.0-py3.12.egg-info
[2.564s] running install_scripts
[2.769s] Installing add_wall script to /home/laxmi-arz-i006/moveit_resources-ros2/install/arm/lib/arm
[2.769s] writing list of installed files to '/home/laxmi-arz-i006/moveit_resources-ros2/build/arm/install.log'
[2.808s] Invoked command in '/home/laxmi-arz-i006/moveit_resources-ros2/arm' returned '0': DEBUGINFOD_URLS=https://debuginfod.ubuntu.com PYTHONPATH=/home/laxmi-arz-i006/moveit_resources-ros2/build/arm/prefix_override:/usr/lib/python3/dist-packages/colcon_core/task/python/colcon_distutils_commands:/home/laxmi-arz-i006/moveit_resources-ros2/install/arm/lib/python3.12/site-packages:${PYTHONPATH} /usr/bin/python3 -W ignore:setup.py install is deprecated -W ignore:easy_install command is deprecated setup.py egg_info --egg-base ../build/arm build --build-base /home/laxmi-arz-i006/moveit_resources-ros2/build/arm/build install --record /home/laxmi-arz-i006/moveit_resources-ros2/build/arm/install.log --single-version-externally-managed install_data
