[2.723s] Invoking command in '/home/laxmi-arz-i006/moveit_resources-ros2/arm': DEBUGINFOD_URLS=https://debuginfod.ubuntu.com PYTHONPATH=/home/laxmi-arz-i006/moveit_resources-ros2/build/arm/prefix_override:/usr/lib/python3/dist-packages/colcon_core/task/python/colcon_distutils_commands:/home/laxmi-arz-i006/moveit_resources-ros2/install/arm/lib/python3.12/site-packages:${PYTHONPATH} /usr/bin/python3 -W ignore:setup.py install is deprecated -W ignore:easy_install command is deprecated setup.py egg_info --egg-base ../build/arm build --build-base /home/laxmi-arz-i006/moveit_resources-ros2/build/arm/build install --record /home/laxmi-arz-i006/moveit_resources-ros2/build/arm/install.log --single-version-externally-managed install_data
[3.460s] running egg_info
[3.522s] writing ../build/arm/arm.egg-info/PKG-INFO
[3.525s] writing dependency_links to ../build/arm/arm.egg-info/dependency_links.txt
[3.525s] writing entry points to ../build/arm/arm.egg-info/entry_points.txt
[3.525s] writing requirements to ../build/arm/arm.egg-info/requires.txt
[3.525s] writing top-level names to ../build/arm/arm.egg-info/top_level.txt
[3.667s] reading manifest file '../build/arm/arm.egg-info/SOURCES.txt'
[3.668s] writing manifest file '../build/arm/arm.egg-info/SOURCES.txt'
[3.669s] running build
[3.669s] running build_py
[3.672s] running install
[3.688s] running install_lib
[3.752s] running install_data
[3.753s] running install_egg_info
[3.826s] removing '/home/laxmi-arz-i006/moveit_resources-ros2/install/arm/lib/python3.12/site-packages/arm-0.0.0-py3.12.egg-info' (and everything under it)
[3.827s] Copying ../build/arm/arm.egg-info to /home/laxmi-arz-i006/moveit_resources-ros2/install/arm/lib/python3.12/site-packages/arm-0.0.0-py3.12.egg-info
[3.830s] running install_scripts
[4.246s] Installing add_wall script to /home/laxmi-arz-i006/moveit_resources-ros2/install/arm/lib/arm
[4.246s] writing list of installed files to '/home/laxmi-arz-i006/moveit_resources-ros2/build/arm/install.log'
[4.311s] Invoked command in '/home/laxmi-arz-i006/moveit_resources-ros2/arm' returned '0': DEBUGINFOD_URLS=https://debuginfod.ubuntu.com PYTHONPATH=/home/laxmi-arz-i006/moveit_resources-ros2/build/arm/prefix_override:/usr/lib/python3/dist-packages/colcon_core/task/python/colcon_distutils_commands:/home/laxmi-arz-i006/moveit_resources-ros2/install/arm/lib/python3.12/site-packages:${PYTHONPATH} /usr/bin/python3 -W ignore:setup.py install is deprecated -W ignore:easy_install command is deprecated setup.py egg_info --egg-base ../build/arm build --build-base /home/laxmi-arz-i006/moveit_resources-ros2/build/arm/build install --record /home/laxmi-arz-i006/moveit_resources-ros2/build/arm/install.log --single-version-externally-managed install_data
