[1.617s] Invoking command in '/home/laxmi-arz-i006/moveit_resources-ros2/arm': DEBUGINFOD_URLS=https://debuginfod.ubuntu.com PYTHONPATH=/home/laxmi-arz-i006/moveit_resources-ros2/build/arm/prefix_override:/usr/lib/python3/dist-packages/colcon_core/task/python/colcon_distutils_commands:/home/laxmi-arz-i006/moveit_resources-ros2/install/arm/lib/python3.12/site-packages:${PYTHONPATH} /usr/bin/python3 -W ignore:setup.py install is deprecated -W ignore:easy_install command is deprecated setup.py egg_info --egg-base ../build/arm build --build-base /home/laxmi-arz-i006/moveit_resources-ros2/build/arm/build install --record /home/laxmi-arz-i006/moveit_resources-ros2/build/arm/install.log --single-version-externally-managed install_data
[1.993s] running egg_info
[2.022s] writing ../build/arm/arm.egg-info/PKG-INFO
[2.023s] writing dependency_links to ../build/arm/arm.egg-info/dependency_links.txt
[2.023s] writing entry points to ../build/arm/arm.egg-info/entry_points.txt
[2.023s] writing requirements to ../build/arm/arm.egg-info/requires.txt
[2.023s] writing top-level names to ../build/arm/arm.egg-info/top_level.txt
[2.079s] reading manifest file '../build/arm/arm.egg-info/SOURCES.txt'
[2.080s] writing manifest file '../build/arm/arm.egg-info/SOURCES.txt'
[2.080s] running build
[2.080s] running build_py
[2.081s] copying arm/planning_scene.py -> /home/laxmi-arz-i006/moveit_resources-ros2/build/arm/build/lib/arm
[2.081s] running install
[2.091s] running install_lib
[2.120s] copying /home/laxmi-arz-i006/moveit_resources-ros2/build/arm/build/lib/arm/planning_scene.py -> /home/laxmi-arz-i006/moveit_resources-ros2/install/arm/lib/python3.12/site-packages/arm
[2.120s] byte-compiling /home/laxmi-arz-i006/moveit_resources-ros2/install/arm/lib/python3.12/site-packages/arm/planning_scene.py to planning_scene.cpython-312.pyc
[2.122s] running install_data
[2.122s] running install_egg_info
[2.151s] removing '/home/laxmi-arz-i006/moveit_resources-ros2/install/arm/lib/python3.12/site-packages/arm-0.0.0-py3.12.egg-info' (and everything under it)
[2.151s] Copying ../build/arm/arm.egg-info to /home/laxmi-arz-i006/moveit_resources-ros2/install/arm/lib/python3.12/site-packages/arm-0.0.0-py3.12.egg-info
[2.152s] running install_scripts
[2.356s] Installing add_wall script to /home/laxmi-arz-i006/moveit_resources-ros2/install/arm/lib/arm
[2.356s] writing list of installed files to '/home/laxmi-arz-i006/moveit_resources-ros2/build/arm/install.log'
[2.394s] Invoked command in '/home/laxmi-arz-i006/moveit_resources-ros2/arm' returned '0': DEBUGINFOD_URLS=https://debuginfod.ubuntu.com PYTHONPATH=/home/laxmi-arz-i006/moveit_resources-ros2/build/arm/prefix_override:/usr/lib/python3/dist-packages/colcon_core/task/python/colcon_distutils_commands:/home/laxmi-arz-i006/moveit_resources-ros2/install/arm/lib/python3.12/site-packages:${PYTHONPATH} /usr/bin/python3 -W ignore:setup.py install is deprecated -W ignore:easy_install command is deprecated setup.py egg_info --egg-base ../build/arm build --build-base /home/laxmi-arz-i006/moveit_resources-ros2/build/arm/build install --record /home/laxmi-arz-i006/moveit_resources-ros2/build/arm/install.log --single-version-externally-managed install_data
