[0.396s] Invoking command in '/home/laxmi-arz-i006/moveit_resources-ros2/build/hello_moveit': CMAKE_PREFIX_PATH=${CMAKE_PREFIX_PATH}:/opt/ros/jazzy DEBUGINFOD_URLS=https://debuginfod.ubuntu.com /usr/bin/cmake /home/laxmi-arz-i006/moveit_resources-ros2/hello_moveit -DCMAKE_INSTALL_PREFIX=/home/laxmi-arz-i006/moveit_resources-ros2/install/hello_moveit
[0.480s] -- The C compiler identification is GNU 13.3.0
[0.561s] -- The CXX compiler identification is GNU 13.3.0
[0.584s] -- Detecting C compiler ABI info
[0.704s] -- Detecting C compiler ABI info - done
[0.726s] -- Check for working C compiler: /usr/bin/cc - skipped
[0.727s] -- Detecting C compile features
[0.727s] -- Detecting C compile features - done
[0.741s] -- Detecting CXX compiler ABI info
[0.882s] -- Detecting CXX compiler ABI info - done
[0.904s] -- Check for working CXX compiler: /usr/bin/c++ - skipped
[0.904s] -- Detecting CXX compile features
[0.905s] -- Detecting CXX compile features - done
[0.915s] -- Found ament_cmake: 2.5.4 (/opt/ros/jazzy/share/ament_cmake/cmake)
[1.129s] -- Found Python3: /usr/bin/python3 (found version "3.12.3") found components: Interpreter 
[1.352s] -- Found moveit_msgs: 2.6.0 (/opt/ros/jazzy/share/moveit_msgs/cmake)
[1.459s] -- Found rosidl_generator_c: 4.6.6 (/opt/ros/jazzy/share/rosidl_generator_c/cmake)
[1.491s] -- Found rosidl_generator_cpp: 4.6.6 (/opt/ros/jazzy/share/rosidl_generator_cpp/cmake)
[1.529s] -- Using all available rosidl_typesupport_c: rosidl_typesupport_fastrtps_c;rosidl_typesupport_introspection_c
[1.570s] -- Using all available rosidl_typesupport_cpp: rosidl_typesupport_fastrtps_cpp;rosidl_typesupport_introspection_cpp
[2.089s] -- Found moveit_ros_planning_interface: 2.12.3 (/opt/ros/jazzy/share/moveit_ros_planning_interface/cmake)
[2.303s] -- Found Boost: /usr/lib/x86_64-linux-gnu/cmake/Boost-1.83.0/BoostConfig.cmake (found version "1.83.0") found components: date_time filesystem program_options system thread 
[2.354s] -- Found Boost: /usr/lib/x86_64-linux-gnu/cmake/Boost-1.83.0/BoostConfig.cmake (found version "1.83.0") found components: chrono date_time filesystem iostreams program_options regex serialization system thread 
[2.514s] -- Found parameter_traits: 0.5.0 (/opt/ros/jazzy/share/parameter_traits/cmake)
[2.611s] -- Found rmw_implementation_cmake: 7.3.2 (/opt/ros/jazzy/share/rmw_implementation_cmake/cmake)
[2.620s] -- Found rmw_fastrtps_cpp: 8.4.3 (/opt/ros/jazzy/share/rmw_fastrtps_cpp/cmake)
[2.763s] -- Found OpenSSL: /usr/lib/x86_64-linux-gnu/libcrypto.so (found version "3.0.13")  
[2.793s] -- Found FastRTPS: /opt/ros/jazzy/include (Required is at least version "2.13") 
[2.828s] -- Using RMW implementation 'rmw_fastrtps_cpp' as default
[2.965s] -- Found rclcpp_lifecycle: 28.1.13 (/opt/ros/jazzy/share/rclcpp_lifecycle/cmake)
[3.047s] -- Found Boost: /usr/lib/x86_64-linux-gnu/cmake/Boost-1.83.0/BoostConfig.cmake (found version "1.83.0") found components: filesystem 
[3.144s] -- Found Eigen3: TRUE (found version "3.4.0") 
[3.145s] -- Ensuring Eigen3 include directory is part of orocos-kdl CMake target
[3.402s] -- Found Boost: /usr/lib/x86_64-linux-gnu/cmake/Boost-1.83.0/BoostConfig.cmake (found version "1.83.0") found components: system filesystem date_time program_options thread chrono 
[3.470s] -- Found Boost: /usr/lib/x86_64-linux-gnu/cmake/Boost-1.83.0/BoostConfig.cmake (found version "1.83.0") found components: thread system filesystem regex date_time program_options 
[3.511s] -- Found Boost: /usr/lib/x86_64-linux-gnu/cmake/Boost-1.83.0/BoostConfig.cmake (found version "1.83.0") found components: system filesystem date_time program_options thread 
[3.571s] -- Found moveit_visual_tools: 4.1.2 (/opt/ros/jazzy/share/moveit_visual_tools/cmake)
[3.702s] -- Setting OGRE_DIR to: '/opt/ros/jazzy/share/rviz_ogre_vendor/cmake/../../../opt/rviz_ogre_vendor/lib/OGRE/cmake'
[3.705s] -- Found OGRE
[3.705s] --   static     : OFF
[3.706s] --   components : MeshLodGenerator;Overlay;Paging;Property;RTShaderSystem;Terrain;Volume
[3.706s] --   plugins    : Plugin_BSPSceneManager;Plugin_OctreeSceneManager;Plugin_PCZSceneManager;Plugin_ParticleFX;RenderSystem_GL;RenderSystem_GL3Plus;Codec_STBI
[3.706s] --   media      : /opt/ros/jazzy/opt/rviz_ogre_vendor/share/OGRE/Media
[3.706s] -- OGRE_LIBRARIES: OgreMeshLodGenerator;OgreOverlay;OgrePaging;OgreProperty;OgreRTShaderSystem;OgreTerrain;OgreVolume;OgreMain
[3.706s] -- OGRE_LIBRARY_DIRS: /opt/ros/jazzy/opt/rviz_ogre_vendor/lib
[3.706s] -- OGRE_PLUGINS: Plugin_BSPSceneManager;Plugin_OctreeSceneManager;Plugin_PCZSceneManager;Plugin_ParticleFX;RenderSystem_GL;RenderSystem_GL3Plus;Codec_STBI
[3.706s] -- OGRE_PLUGIN_DIR: /opt/ros/jazzy/opt/rviz_ogre_vendor/lib/OGRE
[3.706s] -- rviz_ogre_vendor::OgreOverlay for IMPORTED_LOCATION_RELEASE: /opt/ros/jazzy/opt/rviz_ogre_vendor/lib/libOgreOverlay.so
[3.706s] -- rviz_ogre_vendor::OgreOverlay for IMPORTED_LOCATION_DEBUG: /opt/ros/jazzy/opt/rviz_ogre_vendor/lib/libOgreOverlay.so
[3.706s] -- rviz_ogre_vendor::OgreMain for IMPORTED_LOCATION_RELEASE: /opt/ros/jazzy/opt/rviz_ogre_vendor/lib/libOgreMain.so
[3.707s] -- rviz_ogre_vendor::OgreMain for IMPORTED_LOCATION_DEBUG: /opt/ros/jazzy/opt/rviz_ogre_vendor/lib/libOgreMain.so
[3.744s] -- Found ZLIB: /usr/lib/x86_64-linux-gnu/libz.so (found version "1.3")  
[3.759s] -- Found OpenGL: /usr/lib/x86_64-linux-gnu/libOpenGL.so   
[3.962s] -- Found X11: /usr/include   
[3.962s] -- Looking for XOpenDisplay in /usr/lib/x86_64-linux-gnu/libX11.so;/usr/lib/x86_64-linux-gnu/libXext.so
[4.068s] -- Looking for XOpenDisplay in /usr/lib/x86_64-linux-gnu/libX11.so;/usr/lib/x86_64-linux-gnu/libXext.so - found
[4.068s] -- Looking for gethostbyname
[4.172s] -- Looking for gethostbyname - found
[4.172s] -- Looking for connect
[4.274s] -- Looking for connect - found
[4.274s] -- Looking for remove
[4.375s] -- Looking for remove - found
[4.376s] -- Looking for shmat
[4.475s] -- Looking for shmat - found
[4.476s] -- Looking for IceConnectionNumber in ICE
[4.581s] -- Looking for IceConnectionNumber in ICE - found
[4.609s] -- Setting yaml-cpp_DIR to: '/opt/ros/jazzy/share/yaml_cpp_vendor/cmake/../../../opt/yaml_cpp_vendor/share/cmake/yaml-cpp'
[4.788s] -- Found ament_lint_auto: 0.17.3 (/opt/ros/jazzy/share/ament_lint_auto/cmake)
[4.922s] -- Added test 'cppcheck' to perform static code analysis on C / C++ code
[4.923s] -- Configured cppcheck include dirs: $<BUILD_INTERFACE:/home/laxmi-arz-i006/moveit_resources-ros2/hello_moveit/include>
[4.923s] -- Configured cppcheck exclude dirs and/or files: 
[4.924s] -- Added test 'lint_cmake' to check CMake code style
[4.927s] -- Added test 'uncrustify' to check C / C++ code style
[4.927s] -- Configured uncrustify additional arguments: 
[4.928s] -- Added test 'xmllint' to check XML markup files
[4.930s] -- Configuring done (4.5s)
[4.997s] -- Generating done (0.0s)
[5.009s] -- Build files have been written to: /home/laxmi-arz-i006/moveit_resources-ros2/build/hello_moveit
[5.029s] Invoked command in '/home/laxmi-arz-i006/moveit_resources-ros2/build/hello_moveit' returned '0': CMAKE_PREFIX_PATH=${CMAKE_PREFIX_PATH}:/opt/ros/jazzy DEBUGINFOD_URLS=https://debuginfod.ubuntu.com /usr/bin/cmake /home/laxmi-arz-i006/moveit_resources-ros2/hello_moveit -DCMAKE_INSTALL_PREFIX=/home/laxmi-arz-i006/moveit_resources-ros2/install/hello_moveit
[5.030s] Invoking command in '/home/laxmi-arz-i006/moveit_resources-ros2/build/hello_moveit': CMAKE_PREFIX_PATH=${CMAKE_PREFIX_PATH}:/opt/ros/jazzy DEBUGINFOD_URLS=https://debuginfod.ubuntu.com /usr/bin/cmake --build /home/laxmi-arz-i006/moveit_resources-ros2/build/hello_moveit -- -j16 -l16
[5.101s] [ 25%] [32mBuilding CXX object CMakeFiles/hello_moveit_v2.dir/src/hello_moveit_v2.cpp.o[0m
[5.102s] [ 50%] [32mBuilding CXX object CMakeFiles/plan_around_objects.dir/src/plan_around_objects.cpp.o[0m
[15.912s] [01m[K/home/laxmi-arz-i006/moveit_resources-ros2/hello_moveit/src/hello_moveit_v2.cpp:[m[K In function ‘[01m[Kint[01;32m[K main[m[K(int, char**)[m[K’:
[15.912s] [01m[K/home/laxmi-arz-i006/moveit_resources-ros2/hello_moveit/src/hello_moveit_v2.cpp:167:54:[m[K [01;35m[Kwarning: [m[K‘[01m[Kdouble moveit::planning_interface::MoveGroupInterface::[01;32m[KcomputeCartesianPath[m[K(const std::vector<geometry_msgs::msg::Pose_<std::allocator<void> > >&, double, double, moveit_msgs::msg::RobotTrajectory&, bool, moveit_msgs::msg::MoveItErrorCodes*)[m[K’ is deprecated: Drop jump_threshold [[01;35m[K]8;;https://gcc.gnu.org/onlinedocs/gcc/Warning-Options.html#index-Wdeprecated-declarations-Wdeprecated-declarations]8;;[m[K]
[15.912s]   167 |     double fraction = [01;35m[Kmove_group.computeCartesianPath(waypoints, eef_step, jump_threshold, trajectory)[m[K;
[15.912s]       |                       [01;35m[K~~~~~~~~~~~~~~~~~~~~~~~~~~~~~~~^~~~~~~~~~~~~~~~~~~~~~~~~~~~~~~~~~~~~~~~~~~~~~~~~[m[K
[15.912s] In file included from [01m[K/home/laxmi-arz-i006/moveit_resources-ros2/hello_moveit/src/hello_moveit_v2.cpp:8[m[K:
[15.912s] [01m[K/opt/ros/jazzy/include/moveit_ros_planning_interface/moveit/move_group_interface/move_group_interface.hpp:765:3:[m[K [01;36m[Knote: [m[Kdeclared here
[15.912s]   765 |   [01;36m[KcomputeCartesianPath[m[K(const std::vector<geometry_msgs::msg::Pose>& waypoints, double eef_step,
[15.912s]       |   [01;36m[K^~~~~~~~~~~~~~~~~~~~[m[K
[15.914s] [01m[K/home/laxmi-arz-i006/moveit_resources-ros2/hello_moveit/src/hello_moveit_v2.cpp:188:8:[m[K [01;31m[Kerror: [m[Kexpected ‘[01m[K,[m[K’ or ‘[01m[K;[m[K’ before ‘[01m[Kmove_group[m[K’
[15.914s]   188 |        [01;31m[Kmove_group[m[K.execute(trajectory);
[15.915s]       |        [01;31m[K^~~~~~~~~~[m[K
[19.531s] gmake[2]: *** [CMakeFiles/hello_moveit_v2.dir/build.make:76: CMakeFiles/hello_moveit_v2.dir/src/hello_moveit_v2.cpp.o] Error 1
[19.532s] gmake[1]: *** [CMakeFiles/Makefile2:139: CMakeFiles/hello_moveit_v2.dir/all] Error 2
[19.532s] gmake[1]: *** Waiting for unfinished jobs....
[20.139s] [ 75%] [32m[1mLinking CXX executable plan_around_objects[0m
[20.926s] [ 75%] Built target plan_around_objects
[20.928s] gmake: *** [Makefile:146: all] Error 2
[20.930s] Invoked command in '/home/laxmi-arz-i006/moveit_resources-ros2/build/hello_moveit' returned '2': CMAKE_PREFIX_PATH=${CMAKE_PREFIX_PATH}:/opt/ros/jazzy DEBUGINFOD_URLS=https://debuginfod.ubuntu.com /usr/bin/cmake --build /home/laxmi-arz-i006/moveit_resources-ros2/build/hello_moveit -- -j16 -l16
