[1.556s] Invoking command in '/home/laxmi-arz-i006/moveit_resources-ros2/arm': DEBUGINFOD_URLS=https://debuginfod.ubuntu.com PYTHONPATH=/home/laxmi-arz-i006/moveit_resources-ros2/build/arm/prefix_override:/usr/lib/python3/dist-packages/colcon_core/task/python/colcon_distutils_commands:/home/laxmi-arz-i006/moveit_resources-ros2/install/arm/lib/python3.12/site-packages:${PYTHONPATH} /usr/bin/python3 -W ignore:setup.py install is deprecated -W ignore:easy_install command is deprecated setup.py egg_info --egg-base ../build/arm build --build-base /home/laxmi-arz-i006/moveit_resources-ros2/build/arm/build install --record /home/laxmi-arz-i006/moveit_resources-ros2/build/arm/install.log --single-version-externally-managed install_data
[1.908s] running egg_info
[1.934s] writing ../build/arm/arm.egg-info/PKG-INFO
[1.934s] writing dependency_links to ../build/arm/arm.egg-info/dependency_links.txt
[1.934s] writing entry points to ../build/arm/arm.egg-info/entry_points.txt
[1.934s] writing requirements to ../build/arm/arm.egg-info/requires.txt
[1.934s] writing top-level names to ../build/arm/arm.egg-info/top_level.txt
[1.991s] reading manifest file '../build/arm/arm.egg-info/SOURCES.txt'
[1.992s] writing manifest file '../build/arm/arm.egg-info/SOURCES.txt'
[1.992s] running build
[1.992s] running build_py
[1.993s] copying arm/planning_scene.py -> /home/laxmi-arz-i006/moveit_resources-ros2/build/arm/build/lib/arm
[1.993s] running install
[2.002s] running install_lib
[2.029s] copying /home/laxmi-arz-i006/moveit_resources-ros2/build/arm/build/lib/arm/planning_scene.py -> /home/laxmi-arz-i006/moveit_resources-ros2/install/arm/lib/python3.12/site-packages/arm
[2.030s] byte-compiling /home/laxmi-arz-i006/moveit_resources-ros2/install/arm/lib/python3.12/site-packages/arm/planning_scene.py to planning_scene.cpython-312.pyc
[2.031s] running install_data
[2.031s] running install_egg_info
[2.060s] removing '/home/laxmi-arz-i006/moveit_resources-ros2/install/arm/lib/python3.12/site-packages/arm-0.0.0-py3.12.egg-info' (and everything under it)
[2.060s] Copying ../build/arm/arm.egg-info to /home/laxmi-arz-i006/moveit_resources-ros2/install/arm/lib/python3.12/site-packages/arm-0.0.0-py3.12.egg-info
[2.061s] running install_scripts
[2.261s] Installing add_wall script to /home/laxmi-arz-i006/moveit_resources-ros2/install/arm/lib/arm
[2.261s] writing list of installed files to '/home/laxmi-arz-i006/moveit_resources-ros2/build/arm/install.log'
[2.303s] Invoked command in '/home/laxmi-arz-i006/moveit_resources-ros2/arm' returned '0': DEBUGINFOD_URLS=https://debuginfod.ubuntu.com PYTHONPATH=/home/laxmi-arz-i006/moveit_resources-ros2/build/arm/prefix_override:/usr/lib/python3/dist-packages/colcon_core/task/python/colcon_distutils_commands:/home/laxmi-arz-i006/moveit_resources-ros2/install/arm/lib/python3.12/site-packages:${PYTHONPATH} /usr/bin/python3 -W ignore:setup.py install is deprecated -W ignore:easy_install command is deprecated setup.py egg_info --egg-base ../build/arm build --build-base /home/laxmi-arz-i006/moveit_resources-ros2/build/arm/build install --record /home/laxmi-arz-i006/moveit_resources-ros2/build/arm/install.log --single-version-externally-managed install_data
