[0.049s] Invoking command in '/home/laxmi-arz-i006/moveit_resources-ros2/build/moveit2_tutorials': AMENT_PREFIX_PATH=/home/laxmi-arz-i006/moveit_resources-ros2/install/moveit_task_constructor_core:/home/laxmi-arz-i006/moveit_resources-ros2/install/moveit_resources_panda_moveit_config:/home/laxmi-arz-i006/moveit_resources-ros2/install/moveit_resources_fanuc_moveit_config:/home/laxmi-arz-i006/moveit_resources-ros2/install/rviz_marker_tools:/home/laxmi-arz-i006/moveit_resources-ros2/install/moveit_task_constructor_msgs:/home/laxmi-arz-i006/moveit_resources-ros2/install/moveit_resources_panda_description:/home/laxmi-arz-i006/moveit_resources-ros2/install/moveit_resources_fanuc_description:${AMENT_PREFIX_PATH} CMAKE_MODULE_PATH=/home/laxmi-arz-i006/moveit_resources-ros2/install/moveit_task_constructor_core/share/moveit_task_constructor_core/cmake CMAKE_PREFIX_PATH=/home/laxmi-arz-i006/moveit_resources-ros2/install/moveit_task_constructor_core:/home/laxmi-arz-i006/moveit_resources-ros2/install/moveit_resources_panda_moveit_config:/home/laxmi-arz-i006/moveit_resources-ros2/install/moveit_resources_fanuc_moveit_config:/home/laxmi-arz-i006/moveit_resources-ros2/install/rviz_marker_tools:/home/laxmi-arz-i006/moveit_resources-ros2/install/moveit_task_constructor_msgs:/home/laxmi-arz-i006/moveit_resources-ros2/install/moveit_resources_panda_description:/home/laxmi-arz-i006/moveit_resources-ros2/install/moveit_resources_fanuc_description:/opt/ros/jazzy/opt/gz_sim_vendor:/opt/ros/jazzy/opt/gz_sensors_vendor:/opt/ros/jazzy/opt/gz_physics_vendor:/opt/ros/jazzy/opt/sdformat_vendor:/opt/ros/jazzy/opt/gz_gui_vendor:/opt/ros/jazzy/opt/gz_transport_vendor:/opt/ros/jazzy/opt/gz_rendering_vendor:/opt/ros/jazzy/opt/gz_plugin_vendor:/opt/ros/jazzy/opt/gz_fuel_tools_vendor:/opt/ros/jazzy/opt/gz_msgs_vendor:/opt/ros/jazzy/opt/gz_common_vendor:/opt/ros/jazzy/opt/gz_math_vendor:/opt/ros/jazzy/opt/gz_utils_vendor:/opt/ros/jazzy/opt/gz_tools_vendor:/opt/ros/jazzy/opt/gz_ogre_next_vendor:/opt/ros/jazzy/opt/gz_dartsim_vendor:/opt/ros/jazzy/opt/gz_cmake_vendor:/opt/ros/jazzy DEBUGINFOD_URLS=https://debuginfod.ubuntu.com LD_LIBRARY_PATH=/home/laxmi-arz-i006/moveit_resources-ros2/install/moveit_task_constructor_core/lib:/home/laxmi-arz-i006/moveit_resources-ros2/install/rviz_marker_tools/lib:/home/laxmi-arz-i006/moveit_resources-ros2/install/moveit_task_constructor_msgs/lib:${LD_LIBRARY_PATH} PYTHONPATH=/home/laxmi-arz-i006/moveit_resources-ros2/install/moveit_task_constructor_core/lib/python3.12/site-packages:/home/laxmi-arz-i006/moveit_resources-ros2/install/moveit_task_constructor_msgs/lib/python3.12/site-packages:${PYTHONPATH} /usr/bin/cmake /home/laxmi-arz-i006/moveit_resources-ros2/moveit2_tutorials -DCMAKE_INSTALL_PREFIX=/home/laxmi-arz-i006/moveit_resources-ros2/install/moveit2_tutorials
[0.165s] -- The C compiler identification is GNU 13.3.0
[0.245s] -- The CXX compiler identification is GNU 13.3.0
[0.273s] -- Detecting C compiler ABI info
[0.462s] -- Detecting C compiler ABI info - done
[0.480s] -- Check for working C compiler: /usr/bin/cc - skipped
[0.481s] -- Detecting C compile features
[0.481s] -- Detecting C compile features - done
[0.499s] -- Detecting CXX compiler ABI info
[0.676s] -- Detecting CXX compiler ABI info - done
[0.690s] -- Check for working CXX compiler: /usr/bin/c++ - skipped
[0.690s] -- Detecting CXX compile features
[0.691s] -- Detecting CXX compile features - done
[0.705s] -- Found moveit_common: 2.12.3 (/opt/ros/jazzy/share/moveit_common/cmake)
[0.713s] -- Found ament_cmake: 2.5.4 (/opt/ros/jazzy/share/ament_cmake/cmake)
[0.973s] -- Found Python3: /usr/bin/python3 (found version "3.12.3") found components: Interpreter 
[1.373s] [0mmoveit2_tutorials: You did not request a specific build type: Choosing 'Release' for maximum performance[0m
[1.388s] -- Found Boost: /usr/lib/x86_64-linux-gnu/cmake/Boost-1.83.0/BoostConfig.cmake (found version "1.83.0")  
[1.395s] -- Found control_msgs: 5.5.0 (/opt/ros/jazzy/share/control_msgs/cmake)
[1.482s] -- Found rosidl_generator_c: 4.6.6 (/opt/ros/jazzy/share/rosidl_generator_c/cmake)
[1.511s] -- Found rosidl_generator_cpp: 4.6.6 (/opt/ros/jazzy/share/rosidl_generator_cpp/cmake)
[1.543s] -- Using all available rosidl_typesupport_c: rosidl_typesupport_fastrtps_c;rosidl_typesupport_introspection_c
[1.586s] -- Using all available rosidl_typesupport_cpp: rosidl_typesupport_fastrtps_cpp;rosidl_typesupport_introspection_cpp
[1.915s] -- Found interactive_markers: 2.5.5 (/opt/ros/jazzy/share/interactive_markers/cmake)
[2.001s] -- Found rmw_implementation_cmake: 7.3.2 (/opt/ros/jazzy/share/rmw_implementation_cmake/cmake)
[2.008s] -- Found rmw_fastrtps_cpp: 8.4.3 (/opt/ros/jazzy/share/rmw_fastrtps_cpp/cmake)
[2.139s] -- Found OpenSSL: /usr/lib/x86_64-linux-gnu/libcrypto.so (found version "3.0.13")  
[2.175s] -- Found FastRTPS: /opt/ros/jazzy/include (Required is at least version "2.13") 
[2.216s] -- Using RMW implementation 'rmw_fastrtps_cpp' as default
[2.402s] -- Found moveit_core: 2.12.3 (/opt/ros/jazzy/share/moveit_core/cmake)
[2.631s] -- Found Boost: /usr/lib/x86_64-linux-gnu/cmake/Boost-1.83.0/BoostConfig.cmake (found version "1.83.0") found components: chrono date_time filesystem iostreams program_options regex serialization system thread 
[2.744s] -- Found parameter_traits: 0.5.0 (/opt/ros/jazzy/share/parameter_traits/cmake)
[2.777s] -- Found rclcpp_lifecycle: 28.1.13 (/opt/ros/jazzy/share/rclcpp_lifecycle/cmake)
[2.830s] -- Found Boost: /usr/lib/x86_64-linux-gnu/cmake/Boost-1.83.0/BoostConfig.cmake (found version "1.83.0") found components: filesystem 
[2.920s] -- Found Eigen3: TRUE (found version "3.4.0") 
[2.921s] -- Ensuring Eigen3 include directory is part of orocos-kdl CMake target
[3.359s] -- Found moveit_ros_planning: 2.12.3 (/opt/ros/jazzy/share/moveit_ros_planning/cmake)
[3.365s] -- Found Boost: /usr/lib/x86_64-linux-gnu/cmake/Boost-1.83.0/BoostConfig.cmake (found version "1.83.0") found components: system filesystem date_time program_options thread chrono 
[3.424s] -- Found moveit_ros_planning_interface: 2.12.3 (/opt/ros/jazzy/share/moveit_ros_planning_interface/cmake)
[3.431s] -- Found Boost: /usr/lib/x86_64-linux-gnu/cmake/Boost-1.83.0/BoostConfig.cmake (found version "1.83.0") found components: date_time filesystem program_options system thread 
[3.458s] -- Found Boost: /usr/lib/x86_64-linux-gnu/cmake/Boost-1.83.0/BoostConfig.cmake (found version "1.83.0") found components: thread system filesystem regex date_time program_options 
[3.496s] -- Found Boost: /usr/lib/x86_64-linux-gnu/cmake/Boost-1.83.0/BoostConfig.cmake (found version "1.83.0") found components: system filesystem date_time program_options thread 
[3.554s] -- Found moveit_ros_trajectory_cache: 2.12.3 (/opt/ros/jazzy/share/moveit_ros_trajectory_cache/cmake)
[3.572s] -- Found moveit_servo: 2.12.3 (/opt/ros/jazzy/share/moveit_servo/cmake)
[3.621s] -- Found moveit_task_constructor_core: 0.1.4 (/home/laxmi-arz-i006/moveit_resources-ros2/install/moveit_task_constructor_core/share/moveit_task_constructor_core/cmake)
[3.720s] -- Found moveit_visual_tools: 4.1.2 (/opt/ros/jazzy/share/moveit_visual_tools/cmake)
[3.852s] -- Setting OGRE_DIR to: '/opt/ros/jazzy/share/rviz_ogre_vendor/cmake/../../../opt/rviz_ogre_vendor/lib/OGRE/cmake'
[3.854s] -- Found OGRE
[3.854s] --   static     : OFF
[3.855s] --   components : MeshLodGenerator;Overlay;Paging;Property;RTShaderSystem;Terrain;Volume
[3.855s] --   plugins    : Plugin_BSPSceneManager;Plugin_OctreeSceneManager;Plugin_PCZSceneManager;Plugin_ParticleFX;RenderSystem_GL;RenderSystem_GL3Plus;Codec_STBI
[3.855s] --   media      : /opt/ros/jazzy/opt/rviz_ogre_vendor/share/OGRE/Media
[3.855s] -- OGRE_LIBRARIES: OgreMeshLodGenerator;OgreOverlay;OgrePaging;OgreProperty;OgreRTShaderSystem;OgreTerrain;OgreVolume;OgreMain
[3.855s] -- OGRE_LIBRARY_DIRS: /opt/ros/jazzy/opt/rviz_ogre_vendor/lib
[3.855s] -- OGRE_PLUGINS: Plugin_BSPSceneManager;Plugin_OctreeSceneManager;Plugin_PCZSceneManager;Plugin_ParticleFX;RenderSystem_GL;RenderSystem_GL3Plus;Codec_STBI
[3.855s] -- OGRE_PLUGIN_DIR: /opt/ros/jazzy/opt/rviz_ogre_vendor/lib/OGRE
[3.856s] -- rviz_ogre_vendor::OgreOverlay for IMPORTED_LOCATION_RELEASE: /opt/ros/jazzy/opt/rviz_ogre_vendor/lib/libOgreOverlay.so
[3.856s] -- rviz_ogre_vendor::OgreOverlay for IMPORTED_LOCATION_DEBUG: /opt/ros/jazzy/opt/rviz_ogre_vendor/lib/libOgreOverlay.so
[3.856s] -- rviz_ogre_vendor::OgreMain for IMPORTED_LOCATION_RELEASE: /opt/ros/jazzy/opt/rviz_ogre_vendor/lib/libOgreMain.so
[3.856s] -- rviz_ogre_vendor::OgreMain for IMPORTED_LOCATION_DEBUG: /opt/ros/jazzy/opt/rviz_ogre_vendor/lib/libOgreMain.so
[3.901s] -- Found ZLIB: /usr/lib/x86_64-linux-gnu/libz.so (found version "1.3")  
[3.918s] -- Found OpenGL: /usr/lib/x86_64-linux-gnu/libOpenGL.so   
[4.298s] -- Found X11: /usr/include   
[4.298s] -- Looking for XOpenDisplay in /usr/lib/x86_64-linux-gnu/libX11.so;/usr/lib/x86_64-linux-gnu/libXext.so
[4.496s] -- Looking for XOpenDisplay in /usr/lib/x86_64-linux-gnu/libX11.so;/usr/lib/x86_64-linux-gnu/libXext.so - found
[4.496s] -- Looking for gethostbyname
[4.684s] -- Looking for gethostbyname - found
[4.684s] -- Looking for connect
[4.885s] -- Looking for connect - found
[4.885s] -- Looking for remove
[5.089s] -- Looking for remove - found
[5.089s] -- Looking for shmat
[5.286s] -- Looking for shmat - found
[5.286s] -- Looking for IceConnectionNumber in ICE
[5.461s] -- Looking for IceConnectionNumber in ICE - found
[5.510s] -- Setting yaml-cpp_DIR to: '/opt/ros/jazzy/share/yaml_cpp_vendor/cmake/../../../opt/yaml_cpp_vendor/share/cmake/yaml-cpp'
[5.813s] -- Found warehouse_ros_sqlite: 1.0.5 (/opt/ros/jazzy/share/warehouse_ros_sqlite/cmake)
[6.377s] -- Found ament_lint_auto: 0.17.3 (/opt/ros/jazzy/share/ament_lint_auto/cmake)
[6.384s] -- Found ament_cmake_gtest: 2.5.4 (/opt/ros/jazzy/share/ament_cmake_gtest/cmake)
[6.390s] -- Found ros_testing: 0.6.0 (/opt/ros/jazzy/share/ros_testing/cmake)
[6.397s] -- Found launch_testing_ament_cmake: 3.4.9 (/opt/ros/jazzy/share/launch_testing_ament_cmake/cmake)
[6.407s] -- Found python_cmake_module: 0.11.1 (/opt/ros/jazzy/share/python_cmake_module/cmake)
[6.635s] -- Found PythonExtra: /usr/bin/python3  
[6.645s] -- Found Boost: /usr/lib/x86_64-linux-gnu/cmake/Boost-1.83.0/BoostConfig.cmake (found version "1.83.0") found components: filesystem 
[6.659s] -- Found gtest sources under '/opt/ros/jazzy/src/gtest_vendor': C++ tests using 'Google Test' will be built
[6.670s] -- Found Threads: TRUE  
[6.724s] -- Configuring done (6.7s)
[8.505s] -- Generating done (1.5s)
[8.962s] -- Build files have been written to: /home/laxmi-arz-i006/moveit_resources-ros2/build/moveit2_tutorials
[9.141s] Invoked command in '/home/laxmi-arz-i006/moveit_resources-ros2/build/moveit2_tutorials' returned '0': AMENT_PREFIX_PATH=/home/laxmi-arz-i006/moveit_resources-ros2/install/moveit_task_constructor_core:/home/laxmi-arz-i006/moveit_resources-ros2/install/moveit_resources_panda_moveit_config:/home/laxmi-arz-i006/moveit_resources-ros2/install/moveit_resources_fanuc_moveit_config:/home/laxmi-arz-i006/moveit_resources-ros2/install/rviz_marker_tools:/home/laxmi-arz-i006/moveit_resources-ros2/install/moveit_task_constructor_msgs:/home/laxmi-arz-i006/moveit_resources-ros2/install/moveit_resources_panda_description:/home/laxmi-arz-i006/moveit_resources-ros2/install/moveit_resources_fanuc_description:${AMENT_PREFIX_PATH} CMAKE_MODULE_PATH=/home/laxmi-arz-i006/moveit_resources-ros2/install/moveit_task_constructor_core/share/moveit_task_constructor_core/cmake CMAKE_PREFIX_PATH=/home/laxmi-arz-i006/moveit_resources-ros2/install/moveit_task_constructor_core:/home/laxmi-arz-i006/moveit_resources-ros2/install/moveit_resources_panda_moveit_config:/home/laxmi-arz-i006/moveit_resources-ros2/install/moveit_resources_fanuc_moveit_config:/home/laxmi-arz-i006/moveit_resources-ros2/install/rviz_marker_tools:/home/laxmi-arz-i006/moveit_resources-ros2/install/moveit_task_constructor_msgs:/home/laxmi-arz-i006/moveit_resources-ros2/install/moveit_resources_panda_description:/home/laxmi-arz-i006/moveit_resources-ros2/install/moveit_resources_fanuc_description:/opt/ros/jazzy/opt/gz_sim_vendor:/opt/ros/jazzy/opt/gz_sensors_vendor:/opt/ros/jazzy/opt/gz_physics_vendor:/opt/ros/jazzy/opt/sdformat_vendor:/opt/ros/jazzy/opt/gz_gui_vendor:/opt/ros/jazzy/opt/gz_transport_vendor:/opt/ros/jazzy/opt/gz_rendering_vendor:/opt/ros/jazzy/opt/gz_plugin_vendor:/opt/ros/jazzy/opt/gz_fuel_tools_vendor:/opt/ros/jazzy/opt/gz_msgs_vendor:/opt/ros/jazzy/opt/gz_common_vendor:/opt/ros/jazzy/opt/gz_math_vendor:/opt/ros/jazzy/opt/gz_utils_vendor:/opt/ros/jazzy/opt/gz_tools_vendor:/opt/ros/jazzy/opt/gz_ogre_next_vendor:/opt/ros/jazzy/opt/gz_dartsim_vendor:/opt/ros/jazzy/opt/gz_cmake_vendor:/opt/ros/jazzy DEBUGINFOD_URLS=https://debuginfod.ubuntu.com LD_LIBRARY_PATH=/home/laxmi-arz-i006/moveit_resources-ros2/install/moveit_task_constructor_core/lib:/home/laxmi-arz-i006/moveit_resources-ros2/install/rviz_marker_tools/lib:/home/laxmi-arz-i006/moveit_resources-ros2/install/moveit_task_constructor_msgs/lib:${LD_LIBRARY_PATH} PYTHONPATH=/home/laxmi-arz-i006/moveit_resources-ros2/install/moveit_task_constructor_core/lib/python3.12/site-packages:/home/laxmi-arz-i006/moveit_resources-ros2/install/moveit_task_constructor_msgs/lib/python3.12/site-packages:${PYTHONPATH} /usr/bin/cmake /home/laxmi-arz-i006/moveit_resources-ros2/moveit2_tutorials -DCMAKE_INSTALL_PREFIX=/home/laxmi-arz-i006/moveit_resources-ros2/install/moveit2_tutorials
[9.142s] Invoking command in '/home/laxmi-arz-i006/moveit_resources-ros2/build/moveit2_tutorials': AMENT_PREFIX_PATH=/home/laxmi-arz-i006/moveit_resources-ros2/install/moveit_task_constructor_core:/home/laxmi-arz-i006/moveit_resources-ros2/install/moveit_resources_panda_moveit_config:/home/laxmi-arz-i006/moveit_resources-ros2/install/moveit_resources_fanuc_moveit_config:/home/laxmi-arz-i006/moveit_resources-ros2/install/rviz_marker_tools:/home/laxmi-arz-i006/moveit_resources-ros2/install/moveit_task_constructor_msgs:/home/laxmi-arz-i006/moveit_resources-ros2/install/moveit_resources_panda_description:/home/laxmi-arz-i006/moveit_resources-ros2/install/moveit_resources_fanuc_description:${AMENT_PREFIX_PATH} CMAKE_MODULE_PATH=/home/laxmi-arz-i006/moveit_resources-ros2/install/moveit_task_constructor_core/share/moveit_task_constructor_core/cmake CMAKE_PREFIX_PATH=/home/laxmi-arz-i006/moveit_resources-ros2/install/moveit_task_constructor_core:/home/laxmi-arz-i006/moveit_resources-ros2/install/moveit_resources_panda_moveit_config:/home/laxmi-arz-i006/moveit_resources-ros2/install/moveit_resources_fanuc_moveit_config:/home/laxmi-arz-i006/moveit_resources-ros2/install/rviz_marker_tools:/home/laxmi-arz-i006/moveit_resources-ros2/install/moveit_task_constructor_msgs:/home/laxmi-arz-i006/moveit_resources-ros2/install/moveit_resources_panda_description:/home/laxmi-arz-i006/moveit_resources-ros2/install/moveit_resources_fanuc_description:/opt/ros/jazzy/opt/gz_sim_vendor:/opt/ros/jazzy/opt/gz_sensors_vendor:/opt/ros/jazzy/opt/gz_physics_vendor:/opt/ros/jazzy/opt/sdformat_vendor:/opt/ros/jazzy/opt/gz_gui_vendor:/opt/ros/jazzy/opt/gz_transport_vendor:/opt/ros/jazzy/opt/gz_rendering_vendor:/opt/ros/jazzy/opt/gz_plugin_vendor:/opt/ros/jazzy/opt/gz_fuel_tools_vendor:/opt/ros/jazzy/opt/gz_msgs_vendor:/opt/ros/jazzy/opt/gz_common_vendor:/opt/ros/jazzy/opt/gz_math_vendor:/opt/ros/jazzy/opt/gz_utils_vendor:/opt/ros/jazzy/opt/gz_tools_vendor:/opt/ros/jazzy/opt/gz_ogre_next_vendor:/opt/ros/jazzy/opt/gz_dartsim_vendor:/opt/ros/jazzy/opt/gz_cmake_vendor:/opt/ros/jazzy DEBUGINFOD_URLS=https://debuginfod.ubuntu.com LD_LIBRARY_PATH=/home/laxmi-arz-i006/moveit_resources-ros2/install/moveit_task_constructor_core/lib:/home/laxmi-arz-i006/moveit_resources-ros2/install/rviz_marker_tools/lib:/home/laxmi-arz-i006/moveit_resources-ros2/install/moveit_task_constructor_msgs/lib:${LD_LIBRARY_PATH} PYTHONPATH=/home/laxmi-arz-i006/moveit_resources-ros2/install/moveit_task_constructor_core/lib/python3.12/site-packages:/home/laxmi-arz-i006/moveit_resources-ros2/install/moveit_task_constructor_msgs/lib/python3.12/site-packages:${PYTHONPATH} /usr/bin/cmake --build /home/laxmi-arz-i006/moveit_resources-ros2/build/moveit2_tutorials -- -j16 -l16
[9.477s] [  2%] [32mBuilding CXX object doc/examples/motion_planning_api/CMakeFiles/motion_planning_api_tutorial.dir/src/motion_planning_api_tutorial.cpp.o[0m
[9.482s] [  4%] [32mBuilding CXX object doc/examples/planning_scene_ros_api/CMakeFiles/planning_scene_ros_api_tutorial.dir/src/planning_scene_ros_api_tutorial.cpp.o[0m
[9.494s] [  7%] [32mBuilding CXX object doc/how_to_guides/pilz_industrial_motion_planner/CMakeFiles/pilz_move_group.dir/src/pilz_move_group.cpp.o[0m
[9.498s] [  9%] [32mBuilding CXX object doc/examples/move_group_interface/CMakeFiles/move_group_interface_tutorial.dir/src/move_group_interface_tutorial.cpp.o[0m
[9.503s] [ 11%] [32mBuilding CXX object doc/how_to_guides/trajectory_cache/CMakeFiles/trajectory_cache_demo.dir/src/trajectory_cache_demo.cpp.o[0m
[9.508s] [ 14%] [32mBuilding CXX object doc/examples/realtime_servo/CMakeFiles/pose_tracking_tutorial.dir/src/pose_tracking_tutorial.cpp.o[0m
[9.529s] [ 19%] [32mBuilding CXX object doc/how_to_guides/using_ompl_constrained_planning/CMakeFiles/ompl_constrained_planning.dir/src/ompl_constrained_planning_tutorial.cpp.o[0m
[9.536s] [ 19%] [32mBuilding CXX object doc/how_to_guides/pilz_industrial_motion_planner/CMakeFiles/pilz_mtc.dir/src/pilz_mtc.cpp.o[0m
[9.538s] [ 21%] [32mBuilding CXX object doc/examples/motion_planning_pipeline/CMakeFiles/motion_planning_pipeline_tutorial.dir/src/motion_planning_pipeline_tutorial.cpp.o[0m
[9.544s] [ 23%] [32mBuilding CXX object doc/examples/robot_model_and_robot_state/CMakeFiles/robot_model_and_robot_state_tutorial.dir/src/robot_model_and_robot_state_tutorial.cpp.o[0m
[9.545s] [ 26%] [32mBuilding CXX object doc/how_to_guides/kinematics_cost_function/CMakeFiles/kinematics_cost_function_tutorial.dir/src/kinematics_cost_function_tutorial.cpp.o[0m
[9.547s] [ 28%] [32mBuilding CXX object doc/how_to_guides/pilz_industrial_motion_planner/CMakeFiles/pilz_sequence.dir/src/pilz_sequence.cpp.o[0m
[9.549s] [ 30%] [32mBuilding CXX object doc/examples/moveit_cpp/CMakeFiles/moveit_cpp_tutorial.dir/src/moveit_cpp_tutorial.cpp.o[0m
[9.562s] [ 33%] [32mBuilding CXX object doc/how_to_guides/parallel_planning/CMakeFiles/parallel_planning_example.dir/src/parallel_planning_main.cpp.o[0m
[9.563s] [ 35%] [32mBuilding CXX object doc/examples/collision_environments/CMakeFiles/collision_scene_example.dir/src/collision_scene_example.cpp.o[0m
[9.627s] [ 38%] [32mBuilding CXX object doc/examples/planning_scene/CMakeFiles/planning_scene_tutorial.dir/src/planning_scene_tutorial.cpp.o[0m
