[0.451s] Invoking command in '/home/laxmi-arz-i006/moveit_resources-ros2/build/hello_moveit': CMAKE_PREFIX_PATH=${CMAKE_PREFIX_PATH}:/opt/ros/jazzy DEBUGINFOD_URLS=https://debuginfod.ubuntu.com /usr/bin/cmake --build /home/laxmi-arz-i006/moveit_resources-ros2/build/hello_moveit -- -j16 -l16
[0.570s] [ 50%] Built target plan_around_objects
[0.571s] [ 75%] [32mBuilding CXX object CMakeFiles/hello_moveit_v2.dir/src/hello_moveit_v2.cpp.o[0m
[18.050s] [01m[K/home/laxmi-arz-i006/moveit_resources-ros2/hello_moveit/src/hello_moveit_v2.cpp:[m[K In function ‘[01m[Kint[01;32m[K main[m[K(int, char**)[m[K’:
[18.077s] [01m[K/home/laxmi-arz-i006/moveit_resources-ros2/hello_moveit/src/hello_moveit_v2.cpp:168:54:[m[K [01;35m[Kwarning: [m[K‘[01m[Kdouble moveit::planning_interface::MoveGroupInterface::[01;32m[KcomputeCartesianPath[m[K(const std::vector<geometry_msgs::msg::Pose_<std::allocator<void> > >&, double, double, moveit_msgs::msg::RobotTrajectory&, bool, moveit_msgs::msg::MoveItErrorCodes*)[m[K’ is deprecated: Drop jump_threshold [[01;35m[K]8;;https://gcc.gnu.org/onlinedocs/gcc/Warning-Options.html#index-Wdeprecated-declarations-Wdeprecated-declarations]8;;[m[K]
[18.079s]   168 |     double fraction = [01;35m[Kmove_group.computeCartesianPath(waypoints, eef_step, jump_threshold, trajectory)[m[K;
[18.080s]       |                       [01;35m[K~~~~~~~~~~~~~~~~~~~~~~~~~~~~~~~^~~~~~~~~~~~~~~~~~~~~~~~~~~~~~~~~~~~~~~~~~~~~~~~~[m[K
[18.084s] In file included from [01m[K/home/laxmi-arz-i006/moveit_resources-ros2/hello_moveit/src/hello_moveit_v2.cpp:8[m[K:
[18.087s] [01m[K/opt/ros/jazzy/include/moveit_ros_planning_interface/moveit/move_group_interface/move_group_interface.hpp:765:3:[m[K [01;36m[Knote: [m[Kdeclared here
[18.088s]   765 |   [01;36m[KcomputeCartesianPath[m[K(const std::vector<geometry_msgs::msg::Pose>& waypoints, double eef_step,
[18.088s]       |   [01;36m[K^~~~~~~~~~~~~~~~~~~~[m[K
[28.537s] [100%] [32m[1mLinking CXX executable hello_moveit_v2[0m
[29.405s] [100%] Built target hello_moveit_v2
[29.469s] Invoked command in '/home/laxmi-arz-i006/moveit_resources-ros2/build/hello_moveit' returned '0': CMAKE_PREFIX_PATH=${CMAKE_PREFIX_PATH}:/opt/ros/jazzy DEBUGINFOD_URLS=https://debuginfod.ubuntu.com /usr/bin/cmake --build /home/laxmi-arz-i006/moveit_resources-ros2/build/hello_moveit -- -j16 -l16
[29.505s] Invoking command in '/home/laxmi-arz-i006/moveit_resources-ros2/build/hello_moveit': CMAKE_PREFIX_PATH=${CMAKE_PREFIX_PATH}:/opt/ros/jazzy DEBUGINFOD_URLS=https://debuginfod.ubuntu.com /usr/bin/cmake --install /home/laxmi-arz-i006/moveit_resources-ros2/build/hello_moveit
[29.517s] -- Install configuration: ""
[29.517s] -- Installing: /home/laxmi-arz-i006/moveit_resources-ros2/install/hello_moveit/lib/hello_moveit/hello_moveit_v2
[29.518s] -- Set non-toolchain portion of runtime path of "/home/laxmi-arz-i006/moveit_resources-ros2/install/hello_moveit/lib/hello_moveit/hello_moveit_v2" to ""
[29.518s] -- Installing: /home/laxmi-arz-i006/moveit_resources-ros2/install/hello_moveit/lib/hello_moveit/plan_around_objects
[29.519s] -- Set non-toolchain portion of runtime path of "/home/laxmi-arz-i006/moveit_resources-ros2/install/hello_moveit/lib/hello_moveit/plan_around_objects" to ""
[29.519s] -- Installing: /home/laxmi-arz-i006/moveit_resources-ros2/install/hello_moveit/share/ament_index/resource_index/package_run_dependencies/hello_moveit
[29.519s] -- Installing: /home/laxmi-arz-i006/moveit_resources-ros2/install/hello_moveit/share/ament_index/resource_index/parent_prefix_path/hello_moveit
[29.519s] -- Installing: /home/laxmi-arz-i006/moveit_resources-ros2/install/hello_moveit/share/hello_moveit/environment/ament_prefix_path.sh
[29.519s] -- Installing: /home/laxmi-arz-i006/moveit_resources-ros2/install/hello_moveit/share/hello_moveit/environment/ament_prefix_path.dsv
[29.520s] -- Installing: /home/laxmi-arz-i006/moveit_resources-ros2/install/hello_moveit/share/hello_moveit/environment/path.sh
[29.520s] -- Installing: /home/laxmi-arz-i006/moveit_resources-ros2/install/hello_moveit/share/hello_moveit/environment/path.dsv
[29.520s] -- Installing: /home/laxmi-arz-i006/moveit_resources-ros2/install/hello_moveit/share/hello_moveit/local_setup.bash
[29.520s] -- Installing: /home/laxmi-arz-i006/moveit_resources-ros2/install/hello_moveit/share/hello_moveit/local_setup.sh
[29.520s] -- Installing: /home/laxmi-arz-i006/moveit_resources-ros2/install/hello_moveit/share/hello_moveit/local_setup.zsh
[29.520s] -- Installing: /home/laxmi-arz-i006/moveit_resources-ros2/install/hello_moveit/share/hello_moveit/local_setup.dsv
[29.521s] -- Installing: /home/laxmi-arz-i006/moveit_resources-ros2/install/hello_moveit/share/hello_moveit/package.dsv
[29.521s] -- Installing: /home/laxmi-arz-i006/moveit_resources-ros2/install/hello_moveit/share/ament_index/resource_index/packages/hello_moveit
[29.521s] -- Installing: /home/laxmi-arz-i006/moveit_resources-ros2/install/hello_moveit/share/hello_moveit/cmake/hello_moveitConfig.cmake
[29.521s] -- Installing: /home/laxmi-arz-i006/moveit_resources-ros2/install/hello_moveit/share/hello_moveit/cmake/hello_moveitConfig-version.cmake
[29.521s] -- Installing: /home/laxmi-arz-i006/moveit_resources-ros2/install/hello_moveit/share/hello_moveit/package.xml
[29.533s] Invoked command in '/home/laxmi-arz-i006/moveit_resources-ros2/build/hello_moveit' returned '0': CMAKE_PREFIX_PATH=${CMAKE_PREFIX_PATH}:/opt/ros/jazzy DEBUGINFOD_URLS=https://debuginfod.ubuntu.com /usr/bin/cmake --install /home/laxmi-arz-i006/moveit_resources-ros2/build/hello_moveit
