[0.051s] Invoking command in '/home/laxmi-arz-i006/moveit_resources-ros2/build/moveit_resources_panda_description': CMAKE_PREFIX_PATH=${CMAKE_PREFIX_PATH}:/opt/ros/jazzy DEBUGINFOD_URLS=https://debuginfod.ubuntu.com /usr/bin/cmake --build /home/laxmi-arz-i006/moveit_resources-ros2/build/moveit_resources_panda_description -- -j16 -l16
[0.341s] Invoked command in '/home/laxmi-arz-i006/moveit_resources-ros2/build/moveit_resources_panda_description' returned '0': CMAKE_PREFIX_PATH=${CMAKE_PREFIX_PATH}:/opt/ros/jazzy DEBUGINFOD_URLS=https://debuginfod.ubuntu.com /usr/bin/cmake --build /home/laxmi-arz-i006/moveit_resources-ros2/build/moveit_resources_panda_description -- -j16 -l16
[0.343s] Invoking command in '/home/laxmi-arz-i006/moveit_resources-ros2/build/moveit_resources_panda_description': CMAKE_PREFIX_PATH=${CMAKE_PREFIX_PATH}:/opt/ros/jazzy DEBUGINFOD_URLS=https://debuginfod.ubuntu.com /usr/bin/cmake --install /home/laxmi-arz-i006/moveit_resources-ros2/build/moveit_resources_panda_description
[0.714s] -- Install configuration: ""
[0.716s] -- Up-to-date: /home/laxmi-arz-i006/moveit_resources-ros2/install/moveit_resources_panda_description/share/ament_index/resource_index/package_run_dependencies/moveit_resources_panda_description
[0.716s] -- Up-to-date: /home/laxmi-arz-i006/moveit_resources-ros2/install/moveit_resources_panda_description/share/ament_index/resource_index/parent_prefix_path/moveit_resources_panda_description
[0.717s] -- Up-to-date: /home/laxmi-arz-i006/moveit_resources-ros2/install/moveit_resources_panda_description/share/moveit_resources_panda_description/environment/ament_prefix_path.sh
[0.717s] -- Up-to-date: /home/laxmi-arz-i006/moveit_resources-ros2/install/moveit_resources_panda_description/share/moveit_resources_panda_description/environment/ament_prefix_path.dsv
[0.717s] -- Up-to-date: /home/laxmi-arz-i006/moveit_resources-ros2/install/moveit_resources_panda_description/share/moveit_resources_panda_description/environment/path.sh
[0.717s] -- Up-to-date: /home/laxmi-arz-i006/moveit_resources-ros2/install/moveit_resources_panda_description/share/moveit_resources_panda_description/environment/path.dsv
[0.718s] -- Up-to-date: /home/laxmi-arz-i006/moveit_resources-ros2/install/moveit_resources_panda_description/share/moveit_resources_panda_description/local_setup.bash
[0.718s] -- Up-to-date: /home/laxmi-arz-i006/moveit_resources-ros2/install/moveit_resources_panda_description/share/moveit_resources_panda_description/local_setup.sh
[0.719s] -- Up-to-date: /home/laxmi-arz-i006/moveit_resources-ros2/install/moveit_resources_panda_description/share/moveit_resources_panda_description/local_setup.zsh
[0.719s] -- Up-to-date: /home/laxmi-arz-i006/moveit_resources-ros2/install/moveit_resources_panda_description/share/moveit_resources_panda_description/local_setup.dsv
[0.719s] -- Installing: /home/laxmi-arz-i006/moveit_resources-ros2/install/moveit_resources_panda_description/share/moveit_resources_panda_description/package.dsv
[0.720s] -- Up-to-date: /home/laxmi-arz-i006/moveit_resources-ros2/install/moveit_resources_panda_description/share/ament_index/resource_index/packages/moveit_resources_panda_description
[0.720s] -- Up-to-date: /home/laxmi-arz-i006/moveit_resources-ros2/install/moveit_resources_panda_description/share/moveit_resources_panda_description/cmake/moveit_resources_panda_descriptionConfig.cmake
[0.720s] -- Up-to-date: /home/laxmi-arz-i006/moveit_resources-ros2/install/moveit_resources_panda_description/share/moveit_resources_panda_description/cmake/moveit_resources_panda_descriptionConfig-version.cmake
[0.722s] -- Up-to-date: /home/laxmi-arz-i006/moveit_resources-ros2/install/moveit_resources_panda_description/share/moveit_resources_panda_description/package.xml
[0.723s] -- Up-to-date: /home/laxmi-arz-i006/moveit_resources-ros2/install/moveit_resources_panda_description/share/moveit_resources_panda_description/meshes
[0.723s] -- Up-to-date: /home/laxmi-arz-i006/moveit_resources-ros2/install/moveit_resources_panda_description/share/moveit_resources_panda_description/meshes/collision
[0.723s] -- Up-to-date: /home/laxmi-arz-i006/moveit_resources-ros2/install/moveit_resources_panda_description/share/moveit_resources_panda_description/meshes/collision/link0.stl
[0.724s] -- Up-to-date: /home/laxmi-arz-i006/moveit_resources-ros2/install/moveit_resources_panda_description/share/moveit_resources_panda_description/meshes/collision/link2.stl
[0.724s] -- Up-to-date: /home/laxmi-arz-i006/moveit_resources-ros2/install/moveit_resources_panda_description/share/moveit_resources_panda_description/meshes/collision/link3.stl
[0.724s] -- Up-to-date: /home/laxmi-arz-i006/moveit_resources-ros2/install/moveit_resources_panda_description/share/moveit_resources_panda_description/meshes/collision/link4.stl
[0.725s] -- Up-to-date: /home/laxmi-arz-i006/moveit_resources-ros2/install/moveit_resources_panda_description/share/moveit_resources_panda_description/meshes/collision/link6.stl
[0.725s] -- Up-to-date: /home/laxmi-arz-i006/moveit_resources-ros2/install/moveit_resources_panda_description/share/moveit_resources_panda_description/meshes/collision/link7.stl
[0.725s] -- Up-to-date: /home/laxmi-arz-i006/moveit_resources-ros2/install/moveit_resources_panda_description/share/moveit_resources_panda_description/meshes/collision/link1.stl
[0.725s] -- Up-to-date: /home/laxmi-arz-i006/moveit_resources-ros2/install/moveit_resources_panda_description/share/moveit_resources_panda_description/meshes/collision/link5.stl
[0.725s] -- Up-to-date: /home/laxmi-arz-i006/moveit_resources-ros2/install/moveit_resources_panda_description/share/moveit_resources_panda_description/meshes/collision/finger.stl
[0.725s] -- Up-to-date: /home/laxmi-arz-i006/moveit_resources-ros2/install/moveit_resources_panda_description/share/moveit_resources_panda_description/meshes/collision/hand.stl
[0.725s] -- Up-to-date: /home/laxmi-arz-i006/moveit_resources-ros2/install/moveit_resources_panda_description/share/moveit_resources_panda_description/meshes/visual
[0.725s] -- Up-to-date: /home/laxmi-arz-i006/moveit_resources-ros2/install/moveit_resources_panda_description/share/moveit_resources_panda_description/meshes/visual/link0.dae
[0.726s] -- Up-to-date: /home/laxmi-arz-i006/moveit_resources-ros2/install/moveit_resources_panda_description/share/moveit_resources_panda_description/meshes/visual/link1.dae
[0.726s] -- Up-to-date: /home/laxmi-arz-i006/moveit_resources-ros2/install/moveit_resources_panda_description/share/moveit_resources_panda_description/meshes/visual/link2.dae
[0.726s] -- Up-to-date: /home/laxmi-arz-i006/moveit_resources-ros2/install/moveit_resources_panda_description/share/moveit_resources_panda_description/meshes/visual/link6.dae
[0.726s] -- Up-to-date: /home/laxmi-arz-i006/moveit_resources-ros2/install/moveit_resources_panda_description/share/moveit_resources_panda_description/meshes/visual/link4.dae
[0.727s] -- Up-to-date: /home/laxmi-arz-i006/moveit_resources-ros2/install/moveit_resources_panda_description/share/moveit_resources_panda_description/meshes/visual/link3.dae
[0.727s] -- Up-to-date: /home/laxmi-arz-i006/moveit_resources-ros2/install/moveit_resources_panda_description/share/moveit_resources_panda_description/meshes/visual/link7.dae
[0.727s] -- Up-to-date: /home/laxmi-arz-i006/moveit_resources-ros2/install/moveit_resources_panda_description/share/moveit_resources_panda_description/meshes/visual/hand.dae
[0.727s] -- Up-to-date: /home/laxmi-arz-i006/moveit_resources-ros2/install/moveit_resources_panda_description/share/moveit_resources_panda_description/meshes/visual/link5.dae
[0.727s] -- Up-to-date: /home/laxmi-arz-i006/moveit_resources-ros2/install/moveit_resources_panda_description/share/moveit_resources_panda_description/meshes/visual/finger.dae
[0.727s] -- Up-to-date: /home/laxmi-arz-i006/moveit_resources-ros2/install/moveit_resources_panda_description/share/moveit_resources_panda_description/urdf
[0.727s] -- Up-to-date: /home/laxmi-arz-i006/moveit_resources-ros2/install/moveit_resources_panda_description/share/moveit_resources_panda_description/urdf/panda.urdf
[0.727s] -- Up-to-date: /home/laxmi-arz-i006/moveit_resources-ros2/install/moveit_resources_panda_description/share/moveit_resources_panda_description/urdf/panda.urdf.xacro
[0.829s] Invoked command in '/home/laxmi-arz-i006/moveit_resources-ros2/build/moveit_resources_panda_description' returned '0': CMAKE_PREFIX_PATH=${CMAKE_PREFIX_PATH}:/opt/ros/jazzy DEBUGINFOD_URLS=https://debuginfod.ubuntu.com /usr/bin/cmake --install /home/laxmi-arz-i006/moveit_resources-ros2/build/moveit_resources_panda_description
