[0.339s] Invoking command in '/home/laxmi-arz-i006/moveit_resources-ros2/build/mycobot_mtc_demos': CMAKE_PREFIX_PATH=${CMAKE_PREFIX_PATH}:/home/laxmi-arz-i006/moveit_resources-ros2/install/panda_gazebo:/home/laxmi-arz-i006/moveit_resources-ros2/install/arm:/opt/ros/jazzy DEBUGINFOD_URLS=https://debuginfod.ubuntu.com /usr/bin/cmake --build /home/laxmi-arz-i006/moveit_resources-ros2/build/mycobot_mtc_demos -- -j16 -l16
[0.424s] [ 16%] Built target ik_clearance_cost_parameters
[0.453s] [ 41%] Built target mycobot_mtc_demos_alternative_path_costs
[0.453s] [ 50%] Built target mycobot_mtc_demos_fallbacks_move_to
[0.455s] [ 66%] Built target mycobot_mtc_demos_cartesian
[0.457s] [ 83%] Built target mycobot_mtc_demos_modular
[0.483s] [100%] Built target mycobot_mtc_demos_ik_clearance_cost
[0.810s] Invoked command in '/home/laxmi-arz-i006/moveit_resources-ros2/build/mycobot_mtc_demos' returned '0': CMAKE_PREFIX_PATH=${CMAKE_PREFIX_PATH}:/home/laxmi-arz-i006/moveit_resources-ros2/install/panda_gazebo:/home/laxmi-arz-i006/moveit_resources-ros2/install/arm:/opt/ros/jazzy DEBUGINFOD_URLS=https://debuginfod.ubuntu.com /usr/bin/cmake --build /home/laxmi-arz-i006/moveit_resources-ros2/build/mycobot_mtc_demos -- -j16 -l16
[0.812s] Invoking command in '/home/laxmi-arz-i006/moveit_resources-ros2/build/mycobot_mtc_demos': CMAKE_PREFIX_PATH=${CMAKE_PREFIX_PATH}:/home/laxmi-arz-i006/moveit_resources-ros2/install/panda_gazebo:/home/laxmi-arz-i006/moveit_resources-ros2/install/arm:/opt/ros/jazzy DEBUGINFOD_URLS=https://debuginfod.ubuntu.com /usr/bin/cmake --install /home/laxmi-arz-i006/moveit_resources-ros2/build/mycobot_mtc_demos
[0.839s] -- Install configuration: "Release"
[0.839s] -- Up-to-date: /home/laxmi-arz-i006/moveit_resources-ros2/install/mycobot_mtc_demos/lib/mycobot_mtc_demos/alternative_path_costs
[0.839s] -- Up-to-date: /home/laxmi-arz-i006/moveit_resources-ros2/install/mycobot_mtc_demos/lib/mycobot_mtc_demos/cartesian
[0.840s] -- Up-to-date: /home/laxmi-arz-i006/moveit_resources-ros2/install/mycobot_mtc_demos/lib/mycobot_mtc_demos/fallbacks_move_to
[0.841s] -- Up-to-date: /home/laxmi-arz-i006/moveit_resources-ros2/install/mycobot_mtc_demos/include/mycobot_mtc_demos
[0.841s] -- Up-to-date: /home/laxmi-arz-i006/moveit_resources-ros2/install/mycobot_mtc_demos/include/mycobot_mtc_demos/ik_clearance_cost_parameters.hpp
[0.841s] -- Up-to-date: /home/laxmi-arz-i006/moveit_resources-ros2/install/mycobot_mtc_demos/lib/mycobot_mtc_demos/ik_clearance_cost
[0.842s] -- Up-to-date: /home/laxmi-arz-i006/moveit_resources-ros2/install/mycobot_mtc_demos/lib/mycobot_mtc_demos/modular
[0.842s] -- Up-to-date: /home/laxmi-arz-i006/moveit_resources-ros2/install/mycobot_mtc_demos/share/mycobot_mtc_demos/launch
[0.842s] -- Up-to-date: /home/laxmi-arz-i006/moveit_resources-ros2/install/mycobot_mtc_demos/share/mycobot_mtc_demos/launch/mtc_demos.launch.py
[0.842s] -- Up-to-date: /home/laxmi-arz-i006/moveit_resources-ros2/install/mycobot_mtc_demos/share/mycobot_mtc_demos/rviz
[0.842s] -- Up-to-date: /home/laxmi-arz-i006/moveit_resources-ros2/install/mycobot_mtc_demos/share/mycobot_mtc_demos/rviz/mtc_demos.rviz
[0.842s] -- Up-to-date: /home/laxmi-arz-i006/moveit_resources-ros2/install/mycobot_mtc_demos/share/ament_index/resource_index/package_run_dependencies/mycobot_mtc_demos
[0.843s] -- Up-to-date: /home/laxmi-arz-i006/moveit_resources-ros2/install/mycobot_mtc_demos/share/ament_index/resource_index/parent_prefix_path/mycobot_mtc_demos
[0.843s] -- Up-to-date: /home/laxmi-arz-i006/moveit_resources-ros2/install/mycobot_mtc_demos/share/mycobot_mtc_demos/environment/ament_prefix_path.sh
[0.843s] -- Up-to-date: /home/laxmi-arz-i006/moveit_resources-ros2/install/mycobot_mtc_demos/share/mycobot_mtc_demos/environment/ament_prefix_path.dsv
[0.843s] -- Up-to-date: /home/laxmi-arz-i006/moveit_resources-ros2/install/mycobot_mtc_demos/share/mycobot_mtc_demos/environment/path.sh
[0.843s] -- Up-to-date: /home/laxmi-arz-i006/moveit_resources-ros2/install/mycobot_mtc_demos/share/mycobot_mtc_demos/environment/path.dsv
[0.844s] -- Up-to-date: /home/laxmi-arz-i006/moveit_resources-ros2/install/mycobot_mtc_demos/share/mycobot_mtc_demos/local_setup.bash
[0.844s] -- Up-to-date: /home/laxmi-arz-i006/moveit_resources-ros2/install/mycobot_mtc_demos/share/mycobot_mtc_demos/local_setup.sh
[0.845s] -- Up-to-date: /home/laxmi-arz-i006/moveit_resources-ros2/install/mycobot_mtc_demos/share/mycobot_mtc_demos/local_setup.zsh
[0.845s] -- Up-to-date: /home/laxmi-arz-i006/moveit_resources-ros2/install/mycobot_mtc_demos/share/mycobot_mtc_demos/local_setup.dsv
[0.846s] -- Installing: /home/laxmi-arz-i006/moveit_resources-ros2/install/mycobot_mtc_demos/share/mycobot_mtc_demos/package.dsv
[0.847s] -- Up-to-date: /home/laxmi-arz-i006/moveit_resources-ros2/install/mycobot_mtc_demos/share/ament_index/resource_index/packages/mycobot_mtc_demos
[0.848s] -- Up-to-date: /home/laxmi-arz-i006/moveit_resources-ros2/install/mycobot_mtc_demos/share/mycobot_mtc_demos/cmake/mycobot_mtc_demosConfig.cmake
[0.849s] -- Up-to-date: /home/laxmi-arz-i006/moveit_resources-ros2/install/mycobot_mtc_demos/share/mycobot_mtc_demos/cmake/mycobot_mtc_demosConfig-version.cmake
[0.849s] -- Up-to-date: /home/laxmi-arz-i006/moveit_resources-ros2/install/mycobot_mtc_demos/share/mycobot_mtc_demos/package.xml
[0.863s] Invoked command in '/home/laxmi-arz-i006/moveit_resources-ros2/build/mycobot_mtc_demos' returned '0': CMAKE_PREFIX_PATH=${CMAKE_PREFIX_PATH}:/home/laxmi-arz-i006/moveit_resources-ros2/install/panda_gazebo:/home/laxmi-arz-i006/moveit_resources-ros2/install/arm:/opt/ros/jazzy DEBUGINFOD_URLS=https://debuginfod.ubuntu.com /usr/bin/cmake --install /home/laxmi-arz-i006/moveit_resources-ros2/build/mycobot_mtc_demos
