[0.025s] Invoking command in '/home/laxmi-arz-i006/moveit_resources-ros2/build/moveit_task_constructor_core': AMENT_PREFIX_PATH=/home/laxmi-arz-i006/moveit_resources-ros2/install/moveit_resources_fanuc_moveit_config:/home/laxmi-arz-i006/moveit_resources-ros2/install/rviz_marker_tools:/home/laxmi-arz-i006/moveit_resources-ros2/install/moveit_task_constructor_msgs:/home/laxmi-arz-i006/moveit_resources-ros2/install/moveit_resources_fanuc_description:${AMENT_PREFIX_PATH} CMAKE_PREFIX_PATH=/home/laxmi-arz-i006/moveit_resources-ros2/install/moveit_resources_fanuc_moveit_config:/home/laxmi-arz-i006/moveit_resources-ros2/install/rviz_marker_tools:/home/laxmi-arz-i006/moveit_resources-ros2/install/moveit_task_constructor_msgs:/home/laxmi-arz-i006/moveit_resources-ros2/install/moveit_resources_fanuc_description:/opt/ros/jazzy/opt/gz_sim_vendor:/opt/ros/jazzy/opt/gz_sensors_vendor:/opt/ros/jazzy/opt/gz_physics_vendor:/opt/ros/jazzy/opt/sdformat_vendor:/opt/ros/jazzy/opt/gz_gui_vendor:/opt/ros/jazzy/opt/gz_transport_vendor:/opt/ros/jazzy/opt/gz_rendering_vendor:/opt/ros/jazzy/opt/gz_plugin_vendor:/opt/ros/jazzy/opt/gz_fuel_tools_vendor:/opt/ros/jazzy/opt/gz_msgs_vendor:/opt/ros/jazzy/opt/gz_common_vendor:/opt/ros/jazzy/opt/gz_math_vendor:/opt/ros/jazzy/opt/gz_utils_vendor:/opt/ros/jazzy/opt/gz_tools_vendor:/opt/ros/jazzy/opt/gz_ogre_next_vendor:/opt/ros/jazzy/opt/gz_dartsim_vendor:/opt/ros/jazzy/opt/gz_cmake_vendor:/opt/ros/jazzy DEBUGINFOD_URLS=https://debuginfod.ubuntu.com LD_LIBRARY_PATH=/home/laxmi-arz-i006/moveit_resources-ros2/install/rviz_marker_tools/lib:/home/laxmi-arz-i006/moveit_resources-ros2/install/moveit_task_constructor_msgs/lib:${LD_LIBRARY_PATH} PYTHONPATH=/home/laxmi-arz-i006/moveit_resources-ros2/install/moveit_task_constructor_msgs/lib/python3.12/site-packages:${PYTHONPATH} /usr/bin/cmake --build /home/laxmi-arz-i006/moveit_resources-ros2/build/moveit_task_constructor_core -- -j16 -l16
[0.126s] [  0%] Built target ament_cmake_python_copy_moveit
[0.127s] [  2%] Built target gtest
[0.127s] [  4%] Built target gtest_main
[0.129s] [  6%] Built target gmock_main
[0.133s] [  9%] Built target gmock
[0.288s] [ 26%] Built target moveit_task_constructor_core
[0.341s] [ 29%] Built target moveit_task_constructor_core_python_tools
[0.362s] [ 33%] Built target gtest_utils
[0.447s] running egg_info
[0.478s] writing moveit.egg-info/PKG-INFO
[0.478s] writing dependency_links to moveit.egg-info/dependency_links.txt
[0.478s] writing top-level names to moveit.egg-info/top_level.txt
[0.509s] [ 53%] Built target moveit_task_constructor_core_stages
[0.611s] reading manifest file 'moveit.egg-info/SOURCES.txt'
[0.612s] writing manifest file 'moveit.egg-info/SOURCES.txt'
[0.621s] [ 55%] Built target moveit_task_constructor_core-test-serial
[0.630s] [ 58%] Built target moveit_task_constructor_core-test-pruning
[0.642s] [ 60%] Built target moveit_task_constructor_core-test-storage
[0.643s] [ 62%] Built target moveit_task_constructor_core_stage_plugins
[0.659s] [ 64%] Built target moveit_task_constructor_core-test-stage
[0.659s] [ 66%] Built target moveit_task_constructor_core-test-properties
[0.659s] [ 70%] Built target moveit_task_constructor_core-test-cost-queue
[0.660s] [ 70%] Built target moveit_task_constructor_core-test-interface-state
[0.663s] [ 73%] Built target moveit_task_constructor_core-test-fallback
[0.668s] [ 75%] Built target moveit_task_constructor_core-test-move-to
[0.677s] [ 77%] Built target moveit_task_constructor_core-test-cost-terms
[0.678s] [ 77%] Built target ament_cmake_python_build_moveit_egg
[0.681s] [ 79%] Built target moveit_task_constructor_core-test-container
[0.684s] [ 81%] Built target moveit_task_constructor_core-test-limit-solutions
[0.687s] [ 83%] Built target moveit_task_constructor_core-test-mockups
[0.710s] [ 89%] Built target pymoveit_mtc
[0.720s] [ 93%] Built target moveit_task_constructor_core-test-pipeline-planner
[0.720s] [ 93%] Built target moveit_task_constructor_core-test-move-relative
[0.733s] [ 95%] Built target pick_pr2
[0.737s] [ 97%] Built target pick_ur5
[0.742s] [100%] Built target pick_pa10
[0.758s] Invoked command in '/home/laxmi-arz-i006/moveit_resources-ros2/build/moveit_task_constructor_core' returned '0': AMENT_PREFIX_PATH=/home/laxmi-arz-i006/moveit_resources-ros2/install/moveit_resources_fanuc_moveit_config:/home/laxmi-arz-i006/moveit_resources-ros2/install/rviz_marker_tools:/home/laxmi-arz-i006/moveit_resources-ros2/install/moveit_task_constructor_msgs:/home/laxmi-arz-i006/moveit_resources-ros2/install/moveit_resources_fanuc_description:${AMENT_PREFIX_PATH} CMAKE_PREFIX_PATH=/home/laxmi-arz-i006/moveit_resources-ros2/install/moveit_resources_fanuc_moveit_config:/home/laxmi-arz-i006/moveit_resources-ros2/install/rviz_marker_tools:/home/laxmi-arz-i006/moveit_resources-ros2/install/moveit_task_constructor_msgs:/home/laxmi-arz-i006/moveit_resources-ros2/install/moveit_resources_fanuc_description:/opt/ros/jazzy/opt/gz_sim_vendor:/opt/ros/jazzy/opt/gz_sensors_vendor:/opt/ros/jazzy/opt/gz_physics_vendor:/opt/ros/jazzy/opt/sdformat_vendor:/opt/ros/jazzy/opt/gz_gui_vendor:/opt/ros/jazzy/opt/gz_transport_vendor:/opt/ros/jazzy/opt/gz_rendering_vendor:/opt/ros/jazzy/opt/gz_plugin_vendor:/opt/ros/jazzy/opt/gz_fuel_tools_vendor:/opt/ros/jazzy/opt/gz_msgs_vendor:/opt/ros/jazzy/opt/gz_common_vendor:/opt/ros/jazzy/opt/gz_math_vendor:/opt/ros/jazzy/opt/gz_utils_vendor:/opt/ros/jazzy/opt/gz_tools_vendor:/opt/ros/jazzy/opt/gz_ogre_next_vendor:/opt/ros/jazzy/opt/gz_dartsim_vendor:/opt/ros/jazzy/opt/gz_cmake_vendor:/opt/ros/jazzy DEBUGINFOD_URLS=https://debuginfod.ubuntu.com LD_LIBRARY_PATH=/home/laxmi-arz-i006/moveit_resources-ros2/install/rviz_marker_tools/lib:/home/laxmi-arz-i006/moveit_resources-ros2/install/moveit_task_constructor_msgs/lib:${LD_LIBRARY_PATH} PYTHONPATH=/home/laxmi-arz-i006/moveit_resources-ros2/install/moveit_task_constructor_msgs/lib/python3.12/site-packages:${PYTHONPATH} /usr/bin/cmake --build /home/laxmi-arz-i006/moveit_resources-ros2/build/moveit_task_constructor_core -- -j16 -l16
[0.761s] Invoking command in '/home/laxmi-arz-i006/moveit_resources-ros2/build/moveit_task_constructor_core': AMENT_PREFIX_PATH=/home/laxmi-arz-i006/moveit_resources-ros2/install/moveit_resources_fanuc_moveit_config:/home/laxmi-arz-i006/moveit_resources-ros2/install/rviz_marker_tools:/home/laxmi-arz-i006/moveit_resources-ros2/install/moveit_task_constructor_msgs:/home/laxmi-arz-i006/moveit_resources-ros2/install/moveit_resources_fanuc_description:${AMENT_PREFIX_PATH} CMAKE_PREFIX_PATH=/home/laxmi-arz-i006/moveit_resources-ros2/install/moveit_resources_fanuc_moveit_config:/home/laxmi-arz-i006/moveit_resources-ros2/install/rviz_marker_tools:/home/laxmi-arz-i006/moveit_resources-ros2/install/moveit_task_constructor_msgs:/home/laxmi-arz-i006/moveit_resources-ros2/install/moveit_resources_fanuc_description:/opt/ros/jazzy/opt/gz_sim_vendor:/opt/ros/jazzy/opt/gz_sensors_vendor:/opt/ros/jazzy/opt/gz_physics_vendor:/opt/ros/jazzy/opt/sdformat_vendor:/opt/ros/jazzy/opt/gz_gui_vendor:/opt/ros/jazzy/opt/gz_transport_vendor:/opt/ros/jazzy/opt/gz_rendering_vendor:/opt/ros/jazzy/opt/gz_plugin_vendor:/opt/ros/jazzy/opt/gz_fuel_tools_vendor:/opt/ros/jazzy/opt/gz_msgs_vendor:/opt/ros/jazzy/opt/gz_common_vendor:/opt/ros/jazzy/opt/gz_math_vendor:/opt/ros/jazzy/opt/gz_utils_vendor:/opt/ros/jazzy/opt/gz_tools_vendor:/opt/ros/jazzy/opt/gz_ogre_next_vendor:/opt/ros/jazzy/opt/gz_dartsim_vendor:/opt/ros/jazzy/opt/gz_cmake_vendor:/opt/ros/jazzy DEBUGINFOD_URLS=https://debuginfod.ubuntu.com LD_LIBRARY_PATH=/home/laxmi-arz-i006/moveit_resources-ros2/install/rviz_marker_tools/lib:/home/laxmi-arz-i006/moveit_resources-ros2/install/moveit_task_constructor_msgs/lib:${LD_LIBRARY_PATH} PYTHONPATH=/home/laxmi-arz-i006/moveit_resources-ros2/install/moveit_task_constructor_msgs/lib/python3.12/site-packages:${PYTHONPATH} /usr/bin/cmake --install /home/laxmi-arz-i006/moveit_resources-ros2/build/moveit_task_constructor_core
[0.771s] -- Install configuration: "Release"
[0.772s] -- Up-to-date: /home/laxmi-arz-i006/moveit_resources-ros2/install/moveit_task_constructor_core/lib/libmoveit_task_constructor_core_stages.so
[0.773s] -- Up-to-date: /home/laxmi-arz-i006/moveit_resources-ros2/install/moveit_task_constructor_core/lib/libmoveit_task_constructor_core_stage_plugins.so
[0.774s] -- Up-to-date: /home/laxmi-arz-i006/moveit_resources-ros2/install/moveit_task_constructor_core/lib/libmoveit_task_constructor_core.so
[0.774s] -- Up-to-date: /home/laxmi-arz-i006/moveit_resources-ros2/install/moveit_task_constructor_core/share/moveit_task_constructor_core/environment/pythonpath.sh
[0.774s] -- Up-to-date: /home/laxmi-arz-i006/moveit_resources-ros2/install/moveit_task_constructor_core/share/moveit_task_constructor_core/environment/pythonpath.dsv
[0.775s] -- Up-to-date: /home/laxmi-arz-i006/moveit_resources-ros2/install/moveit_task_constructor_core/lib/python3.12/site-packages/moveit-0.1.4-py3.12.egg-info
[0.775s] -- Installing: /home/laxmi-arz-i006/moveit_resources-ros2/install/moveit_task_constructor_core/lib/python3.12/site-packages/moveit-0.1.4-py3.12.egg-info/dependency_links.txt
[0.775s] -- Installing: /home/laxmi-arz-i006/moveit_resources-ros2/install/moveit_task_constructor_core/lib/python3.12/site-packages/moveit-0.1.4-py3.12.egg-info/SOURCES.txt
[0.775s] -- Installing: /home/laxmi-arz-i006/moveit_resources-ros2/install/moveit_task_constructor_core/lib/python3.12/site-packages/moveit-0.1.4-py3.12.egg-info/top_level.txt
[0.775s] -- Installing: /home/laxmi-arz-i006/moveit_resources-ros2/install/moveit_task_constructor_core/lib/python3.12/site-packages/moveit-0.1.4-py3.12.egg-info/PKG-INFO
[0.775s] -- Up-to-date: /home/laxmi-arz-i006/moveit_resources-ros2/install/moveit_task_constructor_core/lib/python3.12/site-packages/moveit
[0.775s] -- Up-to-date: /home/laxmi-arz-i006/moveit_resources-ros2/install/moveit_task_constructor_core/lib/python3.12/site-packages/moveit/__init__.py
[0.775s] -- Up-to-date: /home/laxmi-arz-i006/moveit_resources-ros2/install/moveit_task_constructor_core/lib/python3.12/site-packages/moveit/task_constructor
[0.775s] -- Up-to-date: /home/laxmi-arz-i006/moveit_resources-ros2/install/moveit_task_constructor_core/lib/python3.12/site-packages/moveit/task_constructor/__init__.py
[0.775s] -- Up-to-date: /home/laxmi-arz-i006/moveit_resources-ros2/install/moveit_task_constructor_core/lib/python3.12/site-packages/moveit/task_constructor/stages.py
[0.776s] -- Up-to-date: /home/laxmi-arz-i006/moveit_resources-ros2/install/moveit_task_constructor_core/lib/python3.12/site-packages/moveit/task_constructor/core.py
[0.818s] Listing '/home/laxmi-arz-i006/moveit_resources-ros2/install/moveit_task_constructor_core/lib/python3.12/site-packages/moveit'...
[0.818s] Listing '/home/laxmi-arz-i006/moveit_resources-ros2/install/moveit_task_constructor_core/lib/python3.12/site-packages/moveit/task_constructor'...
[0.825s] -- Up-to-date: /home/laxmi-arz-i006/moveit_resources-ros2/install/moveit_task_constructor_core/include/moveit/python/pybind11
[0.825s] -- Up-to-date: /home/laxmi-arz-i006/moveit_resources-ros2/install/moveit_task_constructor_core/include/moveit/python/pybind11/gil_safe_call_once.h
[0.825s] -- Up-to-date: /home/laxmi-arz-i006/moveit_resources-ros2/install/moveit_task_constructor_core/include/moveit/python/pybind11/embed.h
[0.825s] -- Up-to-date: /home/laxmi-arz-i006/moveit_resources-ros2/install/moveit_task_constructor_core/include/moveit/python/pybind11/buffer_info.h
[0.826s] -- Up-to-date: /home/laxmi-arz-i006/moveit_resources-ros2/install/moveit_task_constructor_core/include/moveit/python/pybind11/typing.h
[0.826s] -- Up-to-date: /home/laxmi-arz-i006/moveit_resources-ros2/install/moveit_task_constructor_core/include/moveit/python/pybind11/iostream.h
[0.826s] -- Up-to-date: /home/laxmi-arz-i006/moveit_resources-ros2/install/moveit_task_constructor_core/include/moveit/python/pybind11/numpy.h
[0.826s] -- Up-to-date: /home/laxmi-arz-i006/moveit_resources-ros2/install/moveit_task_constructor_core/include/moveit/python/pybind11/trampoline_self_life_support.h
[0.826s] -- Up-to-date: /home/laxmi-arz-i006/moveit_resources-ros2/install/moveit_task_constructor_core/include/moveit/python/pybind11/stl
[0.826s] -- Up-to-date: /home/laxmi-arz-i006/moveit_resources-ros2/install/moveit_task_constructor_core/include/moveit/python/pybind11/stl/filesystem.h
[0.826s] -- Up-to-date: /home/laxmi-arz-i006/moveit_resources-ros2/install/moveit_task_constructor_core/include/moveit/python/pybind11/pybind11.h
[0.826s] -- Up-to-date: /home/laxmi-arz-i006/moveit_resources-ros2/install/moveit_task_constructor_core/include/moveit/python/pybind11/eigen
[0.826s] -- Up-to-date: /home/laxmi-arz-i006/moveit_resources-ros2/install/moveit_task_constructor_core/include/moveit/python/pybind11/eigen/matrix.h
[0.826s] -- Up-to-date: /home/laxmi-arz-i006/moveit_resources-ros2/install/moveit_task_constructor_core/include/moveit/python/pybind11/eigen/tensor.h
[0.827s] -- Up-to-date: /home/laxmi-arz-i006/moveit_resources-ros2/install/moveit_task_constructor_core/include/moveit/python/pybind11/eigen/common.h
[0.827s] -- Up-to-date: /home/laxmi-arz-i006/moveit_resources-ros2/install/moveit_task_constructor_core/include/moveit/python/pybind11/functional.h
[0.827s] -- Up-to-date: /home/laxmi-arz-i006/moveit_resources-ros2/install/moveit_task_constructor_core/include/moveit/python/pybind11/stl_bind.h
[0.827s] -- Up-to-date: /home/laxmi-arz-i006/moveit_resources-ros2/install/moveit_task_constructor_core/include/moveit/python/pybind11/detail
[0.827s] -- Up-to-date: /home/laxmi-arz-i006/moveit_resources-ros2/install/moveit_task_constructor_core/include/moveit/python/pybind11/detail/descr.h
[0.827s] -- Up-to-date: /home/laxmi-arz-i006/moveit_resources-ros2/install/moveit_task_constructor_core/include/moveit/python/pybind11/detail/smart_holder_sfinae_hooks_only.h
[0.827s] -- Up-to-date: /home/laxmi-arz-i006/moveit_resources-ros2/install/moveit_task_constructor_core/include/moveit/python/pybind11/detail/internals.h
[0.827s] -- Up-to-date: /home/laxmi-arz-i006/moveit_resources-ros2/install/moveit_task_constructor_core/include/moveit/python/pybind11/detail/smart_holder_type_casters.h
[0.827s] -- Up-to-date: /home/laxmi-arz-i006/moveit_resources-ros2/install/moveit_task_constructor_core/include/moveit/python/pybind11/detail/smart_holder_poc.h
[0.828s] -- Up-to-date: /home/laxmi-arz-i006/moveit_resources-ros2/install/moveit_task_constructor_core/include/moveit/python/pybind11/detail/class.h
[0.828s] -- Up-to-date: /home/laxmi-arz-i006/moveit_resources-ros2/install/moveit_task_constructor_core/include/moveit/python/pybind11/detail/init.h
[0.828s] -- Up-to-date: /home/laxmi-arz-i006/moveit_resources-ros2/install/moveit_task_constructor_core/include/moveit/python/pybind11/detail/typeid.h
[0.828s] -- Up-to-date: /home/laxmi-arz-i006/moveit_resources-ros2/install/moveit_task_constructor_core/include/moveit/python/pybind11/detail/common.h
[0.828s] -- Up-to-date: /home/laxmi-arz-i006/moveit_resources-ros2/install/moveit_task_constructor_core/include/moveit/python/pybind11/detail/type_caster_odr_guard.h
[0.828s] -- Up-to-date: /home/laxmi-arz-i006/moveit_resources-ros2/install/moveit_task_constructor_core/include/moveit/python/pybind11/detail/type_caster_base.h
[0.828s] -- Up-to-date: /home/laxmi-arz-i006/moveit_resources-ros2/install/moveit_task_constructor_core/include/moveit/python/pybind11/detail/dynamic_raw_ptr_cast_if_possible.h
[0.828s] -- Up-to-date: /home/laxmi-arz-i006/moveit_resources-ros2/install/moveit_task_constructor_core/include/moveit/python/pybind11/common.h
[0.828s] -- Up-to-date: /home/laxmi-arz-i006/moveit_resources-ros2/install/moveit_task_constructor_core/include/moveit/python/pybind11/chrono.h
[0.828s] -- Up-to-date: /home/laxmi-arz-i006/moveit_resources-ros2/install/moveit_task_constructor_core/include/moveit/python/pybind11/eigen.h
[0.828s] -- Up-to-date: /home/laxmi-arz-i006/moveit_resources-ros2/install/moveit_task_constructor_core/include/moveit/python/pybind11/smart_holder.h
[0.828s] -- Up-to-date: /home/laxmi-arz-i006/moveit_resources-ros2/install/moveit_task_constructor_core/include/moveit/python/pybind11/eval.h
[0.829s] -- Up-to-date: /home/laxmi-arz-i006/moveit_resources-ros2/install/moveit_task_constructor_core/include/moveit/python/pybind11/pytypes.h
[0.829s] -- Up-to-date: /home/laxmi-arz-i006/moveit_resources-ros2/install/moveit_task_constructor_core/include/moveit/python/pybind11/complex.h
[0.829s] -- Up-to-date: /home/laxmi-arz-i006/moveit_resources-ros2/install/moveit_task_constructor_core/include/moveit/python/pybind11/cast.h
[0.829s] -- Up-to-date: /home/laxmi-arz-i006/moveit_resources-ros2/install/moveit_task_constructor_core/include/moveit/python/pybind11/attr.h
[0.829s] -- Up-to-date: /home/laxmi-arz-i006/moveit_resources-ros2/install/moveit_task_constructor_core/include/moveit/python/pybind11/type_caster_pyobject_ptr.h
[0.829s] -- Up-to-date: /home/laxmi-arz-i006/moveit_resources-ros2/install/moveit_task_constructor_core/include/moveit/python/pybind11/stl.h
[0.829s] -- Up-to-date: /home/laxmi-arz-i006/moveit_resources-ros2/install/moveit_task_constructor_core/include/moveit/python/pybind11/operators.h
[0.829s] -- Up-to-date: /home/laxmi-arz-i006/moveit_resources-ros2/install/moveit_task_constructor_core/include/moveit/python/pybind11/options.h
[0.830s] -- Up-to-date: /home/laxmi-arz-i006/moveit_resources-ros2/install/moveit_task_constructor_core/include/moveit/python/pybind11/gil.h
[0.830s] -- Up-to-date: /home/laxmi-arz-i006/moveit_resources-ros2/install/moveit_task_constructor_core/share/moveit_task_constructor_core/cmake/pybind11Config.cmake
[0.830s] -- Up-to-date: /home/laxmi-arz-i006/moveit_resources-ros2/install/moveit_task_constructor_core/share/moveit_task_constructor_core/cmake/pybind11ConfigVersion.cmake
[0.830s] -- Up-to-date: /home/laxmi-arz-i006/moveit_resources-ros2/install/moveit_task_constructor_core/share/moveit_task_constructor_core/cmake/FindPythonLibsNew.cmake
[0.830s] -- Up-to-date: /home/laxmi-arz-i006/moveit_resources-ros2/install/moveit_task_constructor_core/share/moveit_task_constructor_core/cmake/pybind11Common.cmake
[0.831s] -- Up-to-date: /home/laxmi-arz-i006/moveit_resources-ros2/install/moveit_task_constructor_core/share/moveit_task_constructor_core/cmake/pybind11Tools.cmake
[0.831s] -- Up-to-date: /home/laxmi-arz-i006/moveit_resources-ros2/install/moveit_task_constructor_core/share/moveit_task_constructor_core/cmake/pybind11NewTools.cmake
[0.831s] -- Up-to-date: /home/laxmi-arz-i006/moveit_resources-ros2/install/moveit_task_constructor_core/share/moveit_task_constructor_core/cmake/pybind11Targets.cmake
[0.831s] -- Up-to-date: /home/laxmi-arz-i006/moveit_resources-ros2/install/moveit_task_constructor_core/share/pkgconfig/pybind11.pc
[0.831s] -- Up-to-date: /home/laxmi-arz-i006/moveit_resources-ros2/install/moveit_task_constructor_core/lib/libmoveit_task_constructor_core_python_tools.so
[0.831s] -- Up-to-date: /home/laxmi-arz-i006/moveit_resources-ros2/install/moveit_task_constructor_core/lib/python3.12/site-packages/pymoveit_mtc.cpython-312-x86_64-linux-gnu.so
[0.832s] -- Up-to-date: /home/laxmi-arz-i006/moveit_resources-ros2/install/moveit_task_constructor_core/include
[0.832s] -- Up-to-date: /home/laxmi-arz-i006/moveit_resources-ros2/install/moveit_task_constructor_core/include/moveit
[0.832s] -- Up-to-date: /home/laxmi-arz-i006/moveit_resources-ros2/install/moveit_task_constructor_core/include/moveit/task_constructor
[0.832s] -- Up-to-date: /home/laxmi-arz-i006/moveit_resources-ros2/install/moveit_task_constructor_core/include/moveit/task_constructor/utils.h
[0.832s] -- Up-to-date: /home/laxmi-arz-i006/moveit_resources-ros2/install/moveit_task_constructor_core/include/moveit/task_constructor/introspection.h
[0.832s] -- Up-to-date: /home/laxmi-arz-i006/moveit_resources-ros2/install/moveit_task_constructor_core/include/moveit/task_constructor/task.h
[0.832s] -- Up-to-date: /home/laxmi-arz-i006/moveit_resources-ros2/install/moveit_task_constructor_core/include/moveit/task_constructor/stages
[0.833s] -- Up-to-date: /home/laxmi-arz-i006/moveit_resources-ros2/install/moveit_task_constructor_core/include/moveit/task_constructor/stages/fixed_state.h
[0.833s] -- Up-to-date: /home/laxmi-arz-i006/moveit_resources-ros2/install/moveit_task_constructor_core/include/moveit/task_constructor/stages/generate_pose.h
[0.833s] -- Up-to-date: /home/laxmi-arz-i006/moveit_resources-ros2/install/moveit_task_constructor_core/include/moveit/task_constructor/stages/compute_ik.h
[0.833s] -- Up-to-date: /home/laxmi-arz-i006/moveit_resources-ros2/install/moveit_task_constructor_core/include/moveit/task_constructor/stages/modify_planning_scene.h
[0.833s] -- Up-to-date: /home/laxmi-arz-i006/moveit_resources-ros2/install/moveit_task_constructor_core/include/moveit/task_constructor/stages/current_state.h
[0.833s] -- Up-to-date: /home/laxmi-arz-i006/moveit_resources-ros2/install/moveit_task_constructor_core/include/moveit/task_constructor/stages/generate_grasp_pose.h
[0.833s] -- Up-to-date: /home/laxmi-arz-i006/moveit_resources-ros2/install/moveit_task_constructor_core/include/moveit/task_constructor/stages/move_relative.h
[0.833s] -- Up-to-date: /home/laxmi-arz-i006/moveit_resources-ros2/install/moveit_task_constructor_core/include/moveit/task_constructor/stages/fixed_cartesian_poses.h
[0.833s] -- Up-to-date: /home/laxmi-arz-i006/moveit_resources-ros2/install/moveit_task_constructor_core/include/moveit/task_constructor/stages/connect.h
[0.834s] -- Up-to-date: /home/laxmi-arz-i006/moveit_resources-ros2/install/moveit_task_constructor_core/include/moveit/task_constructor/stages/fix_collision_objects.h
[0.834s] -- Up-to-date: /home/laxmi-arz-i006/moveit_resources-ros2/install/moveit_task_constructor_core/include/moveit/task_constructor/stages/pick.h
[0.834s] -- Up-to-date: /home/laxmi-arz-i006/moveit_resources-ros2/install/moveit_task_constructor_core/include/moveit/task_constructor/stages/generate_random_pose.h
[0.834s] -- Up-to-date: /home/laxmi-arz-i006/moveit_resources-ros2/install/moveit_task_constructor_core/include/moveit/task_constructor/stages/noop.h
[0.834s] -- Up-to-date: /home/laxmi-arz-i006/moveit_resources-ros2/install/moveit_task_constructor_core/include/moveit/task_constructor/stages/generate_place_pose.h
[0.834s] -- Up-to-date: /home/laxmi-arz-i006/moveit_resources-ros2/install/moveit_task_constructor_core/include/moveit/task_constructor/stages/simple_grasp.h
[0.834s] -- Up-to-date: /home/laxmi-arz-i006/moveit_resources-ros2/install/moveit_task_constructor_core/include/moveit/task_constructor/stages/predicate_filter.h
[0.834s] -- Up-to-date: /home/laxmi-arz-i006/moveit_resources-ros2/install/moveit_task_constructor_core/include/moveit/task_constructor/stages/passthrough.h
[0.834s] -- Up-to-date: /home/laxmi-arz-i006/moveit_resources-ros2/install/moveit_task_constructor_core/include/moveit/task_constructor/stages/move_to.h
[0.834s] -- Up-to-date: /home/laxmi-arz-i006/moveit_resources-ros2/install/moveit_task_constructor_core/include/moveit/task_constructor/stages/limit_solutions.h
[0.834s] -- Up-to-date: /home/laxmi-arz-i006/moveit_resources-ros2/install/moveit_task_constructor_core/include/moveit/task_constructor/marker_tools.h
[0.835s] -- Up-to-date: /home/laxmi-arz-i006/moveit_resources-ros2/install/moveit_task_constructor_core/include/moveit/task_constructor/storage.h
[0.835s] -- Up-to-date: /home/laxmi-arz-i006/moveit_resources-ros2/install/moveit_task_constructor_core/include/moveit/task_constructor/type_traits.h
[0.835s] -- Up-to-date: /home/laxmi-arz-i006/moveit_resources-ros2/install/moveit_task_constructor_core/include/moveit/task_constructor/trajectory_execution_info.h
[0.835s] -- Up-to-date: /home/laxmi-arz-i006/moveit_resources-ros2/install/moveit_task_constructor_core/include/moveit/task_constructor/moveit_compat.h
[0.835s] -- Up-to-date: /home/laxmi-arz-i006/moveit_resources-ros2/install/moveit_task_constructor_core/include/moveit/task_constructor/solvers
[0.835s] -- Up-to-date: /home/laxmi-arz-i006/moveit_resources-ros2/install/moveit_task_constructor_core/include/moveit/task_constructor/solvers/planner_interface.h
[0.835s] -- Up-to-date: /home/laxmi-arz-i006/moveit_resources-ros2/install/moveit_task_constructor_core/include/moveit/task_constructor/solvers/joint_interpolation.h
[0.836s] -- Up-to-date: /home/laxmi-arz-i006/moveit_resources-ros2/install/moveit_task_constructor_core/include/moveit/task_constructor/solvers/multi_planner.h
[0.836s] -- Up-to-date: /home/laxmi-arz-i006/moveit_resources-ros2/install/moveit_task_constructor_core/include/moveit/task_constructor/solvers/cartesian_path.h
[0.836s] -- Up-to-date: /home/laxmi-arz-i006/moveit_resources-ros2/install/moveit_task_constructor_core/include/moveit/task_constructor/solvers/pipeline_planner.h
[0.836s] -- Up-to-date: /home/laxmi-arz-i006/moveit_resources-ros2/install/moveit_task_constructor_core/include/moveit/task_constructor/stage.h
[0.836s] -- Up-to-date: /home/laxmi-arz-i006/moveit_resources-ros2/install/moveit_task_constructor_core/include/moveit/task_constructor/cost_terms.h
[0.836s] -- Up-to-date: /home/laxmi-arz-i006/moveit_resources-ros2/install/moveit_task_constructor_core/include/moveit/task_constructor/merge.h
[0.836s] -- Up-to-date: /home/laxmi-arz-i006/moveit_resources-ros2/install/moveit_task_constructor_core/include/moveit/task_constructor/properties.h
[0.836s] -- Up-to-date: /home/laxmi-arz-i006/moveit_resources-ros2/install/moveit_task_constructor_core/include/moveit/task_constructor/cost_queue.h
[0.836s] -- Up-to-date: /home/laxmi-arz-i006/moveit_resources-ros2/install/moveit_task_constructor_core/include/moveit/task_constructor/stages.h
[0.836s] -- Up-to-date: /home/laxmi-arz-i006/moveit_resources-ros2/install/moveit_task_constructor_core/include/moveit/task_constructor/container.h
[0.837s] -- Up-to-date: /home/laxmi-arz-i006/moveit_resources-ros2/install/moveit_task_constructor_core/include/moveit/task_constructor/solvers.h
[0.837s] -- Up-to-date: /home/laxmi-arz-i006/moveit_resources-ros2/install/moveit_task_constructor_core/include/moveit/python
[0.837s] -- Up-to-date: /home/laxmi-arz-i006/moveit_resources-ros2/install/moveit_task_constructor_core/include/moveit/python/task_constructor
[0.837s] -- Up-to-date: /home/laxmi-arz-i006/moveit_resources-ros2/install/moveit_task_constructor_core/include/moveit/python/task_constructor/properties.h
[0.837s] -- Up-to-date: /home/laxmi-arz-i006/moveit_resources-ros2/install/moveit_task_constructor_core/share/moveit_task_constructor_core/motion_planning_stages_plugin_description.xml
[0.837s] -- Up-to-date: /home/laxmi-arz-i006/moveit_resources-ros2/install/moveit_task_constructor_core/share/moveit_task_constructor_core/environment/library_path.sh
[0.837s] -- Up-to-date: /home/laxmi-arz-i006/moveit_resources-ros2/install/moveit_task_constructor_core/share/moveit_task_constructor_core/environment/library_path.dsv
[0.837s] -- Up-to-date: /home/laxmi-arz-i006/moveit_resources-ros2/install/moveit_task_constructor_core/share/ament_index/resource_index/package_run_dependencies/moveit_task_constructor_core
[0.837s] -- Up-to-date: /home/laxmi-arz-i006/moveit_resources-ros2/install/moveit_task_constructor_core/share/ament_index/resource_index/parent_prefix_path/moveit_task_constructor_core
[0.837s] -- Up-to-date: /home/laxmi-arz-i006/moveit_resources-ros2/install/moveit_task_constructor_core/share/moveit_task_constructor_core/environment/ament_prefix_path.sh
[0.837s] -- Up-to-date: /home/laxmi-arz-i006/moveit_resources-ros2/install/moveit_task_constructor_core/share/moveit_task_constructor_core/environment/ament_prefix_path.dsv
[0.838s] -- Up-to-date: /home/laxmi-arz-i006/moveit_resources-ros2/install/moveit_task_constructor_core/share/moveit_task_constructor_core/environment/path.sh
[0.838s] -- Up-to-date: /home/laxmi-arz-i006/moveit_resources-ros2/install/moveit_task_constructor_core/share/moveit_task_constructor_core/environment/path.dsv
[0.838s] -- Up-to-date: /home/laxmi-arz-i006/moveit_resources-ros2/install/moveit_task_constructor_core/share/moveit_task_constructor_core/local_setup.bash
[0.838s] -- Up-to-date: /home/laxmi-arz-i006/moveit_resources-ros2/install/moveit_task_constructor_core/share/moveit_task_constructor_core/local_setup.sh
[0.838s] -- Up-to-date: /home/laxmi-arz-i006/moveit_resources-ros2/install/moveit_task_constructor_core/share/moveit_task_constructor_core/local_setup.zsh
[0.838s] -- Up-to-date: /home/laxmi-arz-i006/moveit_resources-ros2/install/moveit_task_constructor_core/share/moveit_task_constructor_core/local_setup.dsv
[0.838s] -- Installing: /home/laxmi-arz-i006/moveit_resources-ros2/install/moveit_task_constructor_core/share/moveit_task_constructor_core/package.dsv
[0.838s] -- Up-to-date: /home/laxmi-arz-i006/moveit_resources-ros2/install/moveit_task_constructor_core/share/ament_index/resource_index/packages/moveit_task_constructor_core
[0.838s] -- Up-to-date: /home/laxmi-arz-i006/moveit_resources-ros2/install/moveit_task_constructor_core/share/ament_index/resource_index/moveit_task_constructor_core__pluginlib__plugin/moveit_task_constructor_core
[0.838s] -- Up-to-date: /home/laxmi-arz-i006/moveit_resources-ros2/install/moveit_task_constructor_core/share/moveit_task_constructor_core/cmake/moveit_task_constructor_coreTargetsExport.cmake
[0.838s] -- Up-to-date: /home/laxmi-arz-i006/moveit_resources-ros2/install/moveit_task_constructor_core/share/moveit_task_constructor_core/cmake/moveit_task_constructor_coreTargetsExport-release.cmake
[0.838s] -- Up-to-date: /home/laxmi-arz-i006/moveit_resources-ros2/install/moveit_task_constructor_core/share/moveit_task_constructor_core/cmake/ament_cmake_export_targets-extras.cmake
[0.839s] -- Up-to-date: /home/laxmi-arz-i006/moveit_resources-ros2/install/moveit_task_constructor_core/share/moveit_task_constructor_core/cmake/ament_cmake_export_dependencies-extras.cmake
[0.839s] -- Up-to-date: /home/laxmi-arz-i006/moveit_resources-ros2/install/moveit_task_constructor_core/share/moveit_task_constructor_core/cmake/moveit_task_constructor_coreConfig.cmake
[0.839s] -- Up-to-date: /home/laxmi-arz-i006/moveit_resources-ros2/install/moveit_task_constructor_core/share/moveit_task_constructor_core/cmake/moveit_task_constructor_coreConfig-version.cmake
[0.839s] -- Up-to-date: /home/laxmi-arz-i006/moveit_resources-ros2/install/moveit_task_constructor_core/share/moveit_task_constructor_core/package.xml
[0.841s] Invoked command in '/home/laxmi-arz-i006/moveit_resources-ros2/build/moveit_task_constructor_core' returned '0': AMENT_PREFIX_PATH=/home/laxmi-arz-i006/moveit_resources-ros2/install/moveit_resources_fanuc_moveit_config:/home/laxmi-arz-i006/moveit_resources-ros2/install/rviz_marker_tools:/home/laxmi-arz-i006/moveit_resources-ros2/install/moveit_task_constructor_msgs:/home/laxmi-arz-i006/moveit_resources-ros2/install/moveit_resources_fanuc_description:${AMENT_PREFIX_PATH} CMAKE_PREFIX_PATH=/home/laxmi-arz-i006/moveit_resources-ros2/install/moveit_resources_fanuc_moveit_config:/home/laxmi-arz-i006/moveit_resources-ros2/install/rviz_marker_tools:/home/laxmi-arz-i006/moveit_resources-ros2/install/moveit_task_constructor_msgs:/home/laxmi-arz-i006/moveit_resources-ros2/install/moveit_resources_fanuc_description:/opt/ros/jazzy/opt/gz_sim_vendor:/opt/ros/jazzy/opt/gz_sensors_vendor:/opt/ros/jazzy/opt/gz_physics_vendor:/opt/ros/jazzy/opt/sdformat_vendor:/opt/ros/jazzy/opt/gz_gui_vendor:/opt/ros/jazzy/opt/gz_transport_vendor:/opt/ros/jazzy/opt/gz_rendering_vendor:/opt/ros/jazzy/opt/gz_plugin_vendor:/opt/ros/jazzy/opt/gz_fuel_tools_vendor:/opt/ros/jazzy/opt/gz_msgs_vendor:/opt/ros/jazzy/opt/gz_common_vendor:/opt/ros/jazzy/opt/gz_math_vendor:/opt/ros/jazzy/opt/gz_utils_vendor:/opt/ros/jazzy/opt/gz_tools_vendor:/opt/ros/jazzy/opt/gz_ogre_next_vendor:/opt/ros/jazzy/opt/gz_dartsim_vendor:/opt/ros/jazzy/opt/gz_cmake_vendor:/opt/ros/jazzy DEBUGINFOD_URLS=https://debuginfod.ubuntu.com LD_LIBRARY_PATH=/home/laxmi-arz-i006/moveit_resources-ros2/install/rviz_marker_tools/lib:/home/laxmi-arz-i006/moveit_resources-ros2/install/moveit_task_constructor_msgs/lib:${LD_LIBRARY_PATH} PYTHONPATH=/home/laxmi-arz-i006/moveit_resources-ros2/install/moveit_task_constructor_msgs/lib/python3.12/site-packages:${PYTHONPATH} /usr/bin/cmake --install /home/laxmi-arz-i006/moveit_resources-ros2/build/moveit_task_constructor_core
