[0.336s] Invoking command in '/home/laxmi-arz-i006/moveit_resources-ros2/build/hello_moveit': CMAKE_PREFIX_PATH=${CMAKE_PREFIX_PATH}:/home/laxmi-arz-i006/moveit_resources-ros2/install/panda_gazebo:/home/laxmi-arz-i006/moveit_resources-ros2/install/arm:/opt/ros/jazzy DEBUGINFOD_URLS=https://debuginfod.ubuntu.com /usr/bin/cmake --build /home/laxmi-arz-i006/moveit_resources-ros2/build/hello_moveit -- -j16 -l16
[0.460s] [ 50%] Built target plan_around_objects
[0.470s] [100%] Built target hello_moveit_v2
[0.773s] Invoked command in '/home/laxmi-arz-i006/moveit_resources-ros2/build/hello_moveit' returned '0': CMAKE_PREFIX_PATH=${CMAKE_PREFIX_PATH}:/home/laxmi-arz-i006/moveit_resources-ros2/install/panda_gazebo:/home/laxmi-arz-i006/moveit_resources-ros2/install/arm:/opt/ros/jazzy DEBUGINFOD_URLS=https://debuginfod.ubuntu.com /usr/bin/cmake --build /home/laxmi-arz-i006/moveit_resources-ros2/build/hello_moveit -- -j16 -l16
[0.773s] Invoking command in '/home/laxmi-arz-i006/moveit_resources-ros2/build/hello_moveit': CMAKE_PREFIX_PATH=${CMAKE_PREFIX_PATH}:/home/laxmi-arz-i006/moveit_resources-ros2/install/panda_gazebo:/home/laxmi-arz-i006/moveit_resources-ros2/install/arm:/opt/ros/jazzy DEBUGINFOD_URLS=https://debuginfod.ubuntu.com /usr/bin/cmake --install /home/laxmi-arz-i006/moveit_resources-ros2/build/hello_moveit
[0.816s] -- Install configuration: ""
[0.817s] -- Up-to-date: /home/laxmi-arz-i006/moveit_resources-ros2/install/hello_moveit/lib/hello_moveit/hello_moveit_v2
[0.817s] -- Up-to-date: /home/laxmi-arz-i006/moveit_resources-ros2/install/hello_moveit/lib/hello_moveit/plan_around_objects
[0.818s] -- Up-to-date: /home/laxmi-arz-i006/moveit_resources-ros2/install/hello_moveit/share/ament_index/resource_index/package_run_dependencies/hello_moveit
[0.819s] -- Up-to-date: /home/laxmi-arz-i006/moveit_resources-ros2/install/hello_moveit/share/ament_index/resource_index/parent_prefix_path/hello_moveit
[0.819s] -- Up-to-date: /home/laxmi-arz-i006/moveit_resources-ros2/install/hello_moveit/share/hello_moveit/environment/ament_prefix_path.sh
[0.819s] -- Up-to-date: /home/laxmi-arz-i006/moveit_resources-ros2/install/hello_moveit/share/hello_moveit/environment/ament_prefix_path.dsv
[0.819s] -- Up-to-date: /home/laxmi-arz-i006/moveit_resources-ros2/install/hello_moveit/share/hello_moveit/environment/path.sh
[0.819s] -- Up-to-date: /home/laxmi-arz-i006/moveit_resources-ros2/install/hello_moveit/share/hello_moveit/environment/path.dsv
[0.819s] -- Up-to-date: /home/laxmi-arz-i006/moveit_resources-ros2/install/hello_moveit/share/hello_moveit/local_setup.bash
[0.819s] -- Up-to-date: /home/laxmi-arz-i006/moveit_resources-ros2/install/hello_moveit/share/hello_moveit/local_setup.sh
[0.820s] -- Up-to-date: /home/laxmi-arz-i006/moveit_resources-ros2/install/hello_moveit/share/hello_moveit/local_setup.zsh
[0.820s] -- Up-to-date: /home/laxmi-arz-i006/moveit_resources-ros2/install/hello_moveit/share/hello_moveit/local_setup.dsv
[0.820s] -- Installing: /home/laxmi-arz-i006/moveit_resources-ros2/install/hello_moveit/share/hello_moveit/package.dsv
[0.820s] -- Up-to-date: /home/laxmi-arz-i006/moveit_resources-ros2/install/hello_moveit/share/ament_index/resource_index/packages/hello_moveit
[0.821s] -- Up-to-date: /home/laxmi-arz-i006/moveit_resources-ros2/install/hello_moveit/share/hello_moveit/cmake/hello_moveitConfig.cmake
[0.821s] -- Up-to-date: /home/laxmi-arz-i006/moveit_resources-ros2/install/hello_moveit/share/hello_moveit/cmake/hello_moveitConfig-version.cmake
[0.821s] -- Up-to-date: /home/laxmi-arz-i006/moveit_resources-ros2/install/hello_moveit/share/hello_moveit/package.xml
[0.850s] Invoked command in '/home/laxmi-arz-i006/moveit_resources-ros2/build/hello_moveit' returned '0': CMAKE_PREFIX_PATH=${CMAKE_PREFIX_PATH}:/home/laxmi-arz-i006/moveit_resources-ros2/install/panda_gazebo:/home/laxmi-arz-i006/moveit_resources-ros2/install/arm:/opt/ros/jazzy DEBUGINFOD_URLS=https://debuginfod.ubuntu.com /usr/bin/cmake --install /home/laxmi-arz-i006/moveit_resources-ros2/build/hello_moveit
