[0.052s] Invoking command in '/home/laxmi-arz-i006/moveit_resources-ros2/build/moveit_task_constructor_msgs': CMAKE_PREFIX_PATH=${CMAKE_PREFIX_PATH}:/opt/ros/jazzy DEBUGINFOD_URLS=https://debuginfod.ubuntu.com /usr/bin/cmake --build /home/laxmi-arz-i006/moveit_resources-ros2/build/moveit_task_constructor_msgs -- -j16 -l16
[0.483s] [  1%] Built target moveit_task_constructor_msgs__rosidl_generator_type_description
[0.484s] [  1%] Built target ament_cmake_python_copy_moveit_task_constructor_msgs
[0.485s] [  1%] Built target moveit_task_constructor_msgs__cpp
[0.486s] [ 27%] Built target moveit_task_constructor_msgs__rosidl_generator_c
[0.486s] [ 37%] Built target moveit_task_constructor_msgs__rosidl_typesupport_c
[0.486s] [ 47%] Built target moveit_task_constructor_msgs__rosidl_typesupport_introspection_c
[0.486s] [ 56%] Built target moveit_task_constructor_msgs__rosidl_typesupport_cpp
[0.487s] [ 68%] Built target moveit_task_constructor_msgs__rosidl_typesupport_fastrtps_c
[0.487s] [ 76%] Built target moveit_task_constructor_msgs__rosidl_typesupport_fastrtps_cpp
[0.487s] [ 85%] Built target moveit_task_constructor_msgs__rosidl_typesupport_introspection_cpp
[0.487s] [ 85%] Built target moveit_task_constructor_msgs
[0.487s] [ 86%] Built target moveit_task_constructor_msgs__py
[0.487s] [ 95%] Built target moveit_task_constructor_msgs__rosidl_generator_py
[0.487s] [100%] Built target moveit_task_constructor_msgs_s__rosidl_typesupport_c
[0.488s] [100%] Built target moveit_task_constructor_msgs_s__rosidl_typesupport_fastrtps_c
[0.488s] [100%] Built target moveit_task_constructor_msgs_s__rosidl_typesupport_introspection_c
[0.489s] running egg_info
[0.523s] writing moveit_task_constructor_msgs.egg-info/PKG-INFO
[0.523s] writing dependency_links to moveit_task_constructor_msgs.egg-info/dependency_links.txt
[0.523s] writing top-level names to moveit_task_constructor_msgs.egg-info/top_level.txt
[0.634s] reading manifest file 'moveit_task_constructor_msgs.egg-info/SOURCES.txt'
[0.634s] writing manifest file 'moveit_task_constructor_msgs.egg-info/SOURCES.txt'
[0.668s] [100%] Built target ament_cmake_python_build_moveit_task_constructor_msgs_egg
[0.953s] Invoked command in '/home/laxmi-arz-i006/moveit_resources-ros2/build/moveit_task_constructor_msgs' returned '0': CMAKE_PREFIX_PATH=${CMAKE_PREFIX_PATH}:/opt/ros/jazzy DEBUGINFOD_URLS=https://debuginfod.ubuntu.com /usr/bin/cmake --build /home/laxmi-arz-i006/moveit_resources-ros2/build/moveit_task_constructor_msgs -- -j16 -l16
[0.953s] Invoking command in '/home/laxmi-arz-i006/moveit_resources-ros2/build/moveit_task_constructor_msgs': CMAKE_PREFIX_PATH=${CMAKE_PREFIX_PATH}:/opt/ros/jazzy DEBUGINFOD_URLS=https://debuginfod.ubuntu.com /usr/bin/cmake --install /home/laxmi-arz-i006/moveit_resources-ros2/build/moveit_task_constructor_msgs
[0.966s] -- Install configuration: ""
[0.967s] -- Up-to-date: /home/laxmi-arz-i006/moveit_resources-ros2/install/moveit_task_constructor_msgs/share/ament_index/resource_index/rosidl_interfaces/moveit_task_constructor_msgs
[0.967s] -- Up-to-date: /home/laxmi-arz-i006/moveit_resources-ros2/install/moveit_task_constructor_msgs/share/moveit_task_constructor_msgs/msg/Property.json
[0.967s] -- Up-to-date: /home/laxmi-arz-i006/moveit_resources-ros2/install/moveit_task_constructor_msgs/share/moveit_task_constructor_msgs/msg/Solution.json
[0.967s] -- Up-to-date: /home/laxmi-arz-i006/moveit_resources-ros2/install/moveit_task_constructor_msgs/share/moveit_task_constructor_msgs/msg/SolutionInfo.json
[0.967s] -- Up-to-date: /home/laxmi-arz-i006/moveit_resources-ros2/install/moveit_task_constructor_msgs/share/moveit_task_constructor_msgs/msg/StageDescription.json
[0.967s] -- Up-to-date: /home/laxmi-arz-i006/moveit_resources-ros2/install/moveit_task_constructor_msgs/share/moveit_task_constructor_msgs/msg/StageStatistics.json
[0.967s] -- Up-to-date: /home/laxmi-arz-i006/moveit_resources-ros2/install/moveit_task_constructor_msgs/share/moveit_task_constructor_msgs/msg/SubSolution.json
[0.967s] -- Up-to-date: /home/laxmi-arz-i006/moveit_resources-ros2/install/moveit_task_constructor_msgs/share/moveit_task_constructor_msgs/msg/SubTrajectory.json
[0.967s] -- Up-to-date: /home/laxmi-arz-i006/moveit_resources-ros2/install/moveit_task_constructor_msgs/share/moveit_task_constructor_msgs/msg/TaskDescription.json
[0.968s] -- Up-to-date: /home/laxmi-arz-i006/moveit_resources-ros2/install/moveit_task_constructor_msgs/share/moveit_task_constructor_msgs/msg/TaskStatistics.json
[0.968s] -- Up-to-date: /home/laxmi-arz-i006/moveit_resources-ros2/install/moveit_task_constructor_msgs/share/moveit_task_constructor_msgs/msg/TrajectoryExecutionInfo.json
[0.968s] -- Up-to-date: /home/laxmi-arz-i006/moveit_resources-ros2/install/moveit_task_constructor_msgs/share/moveit_task_constructor_msgs/srv/GetSolution.json
[0.968s] -- Up-to-date: /home/laxmi-arz-i006/moveit_resources-ros2/install/moveit_task_constructor_msgs/share/moveit_task_constructor_msgs/action/ExecuteTaskSolution.json
[0.968s] -- Up-to-date: /home/laxmi-arz-i006/moveit_resources-ros2/install/moveit_task_constructor_msgs/include/moveit_task_constructor_msgs/moveit_task_constructor_msgs
[0.968s] -- Up-to-date: /home/laxmi-arz-i006/moveit_resources-ros2/install/moveit_task_constructor_msgs/include/moveit_task_constructor_msgs/moveit_task_constructor_msgs/action
[0.969s] -- Up-to-date: /home/laxmi-arz-i006/moveit_resources-ros2/install/moveit_task_constructor_msgs/include/moveit_task_constructor_msgs/moveit_task_constructor_msgs/action/detail
[0.970s] -- Installing: /home/laxmi-arz-i006/moveit_resources-ros2/install/moveit_task_constructor_msgs/include/moveit_task_constructor_msgs/moveit_task_constructor_msgs/action/detail/execute_task_solution__type_support.c
[0.970s] -- Up-to-date: /home/laxmi-arz-i006/moveit_resources-ros2/install/moveit_task_constructor_msgs/include/moveit_task_constructor_msgs/moveit_task_constructor_msgs/action/detail/execute_task_solution__functions.h
[0.970s] -- Up-to-date: /home/laxmi-arz-i006/moveit_resources-ros2/install/moveit_task_constructor_msgs/include/moveit_task_constructor_msgs/moveit_task_constructor_msgs/action/detail/execute_task_solution__struct.h
[0.970s] -- Up-to-date: /home/laxmi-arz-i006/moveit_resources-ros2/install/moveit_task_constructor_msgs/include/moveit_task_constructor_msgs/moveit_task_constructor_msgs/action/detail/execute_task_solution__type_support.h
[0.970s] -- Up-to-date: /home/laxmi-arz-i006/moveit_resources-ros2/install/moveit_task_constructor_msgs/include/moveit_task_constructor_msgs/moveit_task_constructor_msgs/action/detail/execute_task_solution__description.c
[0.970s] -- Up-to-date: /home/laxmi-arz-i006/moveit_resources-ros2/install/moveit_task_constructor_msgs/include/moveit_task_constructor_msgs/moveit_task_constructor_msgs/action/detail/execute_task_solution__functions.c
[0.971s] -- Up-to-date: /home/laxmi-arz-i006/moveit_resources-ros2/install/moveit_task_constructor_msgs/include/moveit_task_constructor_msgs/moveit_task_constructor_msgs/action/execute_task_solution.h
[0.971s] -- Up-to-date: /home/laxmi-arz-i006/moveit_resources-ros2/install/moveit_task_constructor_msgs/include/moveit_task_constructor_msgs/moveit_task_constructor_msgs/srv
[0.971s] -- Up-to-date: /home/laxmi-arz-i006/moveit_resources-ros2/install/moveit_task_constructor_msgs/include/moveit_task_constructor_msgs/moveit_task_constructor_msgs/srv/get_solution.h
[0.971s] -- Up-to-date: /home/laxmi-arz-i006/moveit_resources-ros2/install/moveit_task_constructor_msgs/include/moveit_task_constructor_msgs/moveit_task_constructor_msgs/srv/detail
[0.971s] -- Up-to-date: /home/laxmi-arz-i006/moveit_resources-ros2/install/moveit_task_constructor_msgs/include/moveit_task_constructor_msgs/moveit_task_constructor_msgs/srv/detail/get_solution__description.c
[0.971s] -- Installing: /home/laxmi-arz-i006/moveit_resources-ros2/install/moveit_task_constructor_msgs/include/moveit_task_constructor_msgs/moveit_task_constructor_msgs/srv/detail/get_solution__type_support.c
[0.972s] -- Up-to-date: /home/laxmi-arz-i006/moveit_resources-ros2/install/moveit_task_constructor_msgs/include/moveit_task_constructor_msgs/moveit_task_constructor_msgs/srv/detail/get_solution__functions.c
[0.972s] -- Up-to-date: /home/laxmi-arz-i006/moveit_resources-ros2/install/moveit_task_constructor_msgs/include/moveit_task_constructor_msgs/moveit_task_constructor_msgs/srv/detail/get_solution__struct.h
[0.972s] -- Up-to-date: /home/laxmi-arz-i006/moveit_resources-ros2/install/moveit_task_constructor_msgs/include/moveit_task_constructor_msgs/moveit_task_constructor_msgs/srv/detail/get_solution__functions.h
[0.972s] -- Up-to-date: /home/laxmi-arz-i006/moveit_resources-ros2/install/moveit_task_constructor_msgs/include/moveit_task_constructor_msgs/moveit_task_constructor_msgs/srv/detail/get_solution__type_support.h
[0.972s] -- Up-to-date: /home/laxmi-arz-i006/moveit_resources-ros2/install/moveit_task_constructor_msgs/include/moveit_task_constructor_msgs/moveit_task_constructor_msgs/msg
[0.973s] -- Up-to-date: /home/laxmi-arz-i006/moveit_resources-ros2/install/moveit_task_constructor_msgs/include/moveit_task_constructor_msgs/moveit_task_constructor_msgs/msg/stage_description.h
[0.973s] -- Up-to-date: /home/laxmi-arz-i006/moveit_resources-ros2/install/moveit_task_constructor_msgs/include/moveit_task_constructor_msgs/moveit_task_constructor_msgs/msg/sub_solution.h
[0.973s] -- Up-to-date: /home/laxmi-arz-i006/moveit_resources-ros2/install/moveit_task_constructor_msgs/include/moveit_task_constructor_msgs/moveit_task_constructor_msgs/msg/solution_info.h
[0.973s] -- Up-to-date: /home/laxmi-arz-i006/moveit_resources-ros2/install/moveit_task_constructor_msgs/include/moveit_task_constructor_msgs/moveit_task_constructor_msgs/msg/solution.h
[0.973s] -- Up-to-date: /home/laxmi-arz-i006/moveit_resources-ros2/install/moveit_task_constructor_msgs/include/moveit_task_constructor_msgs/moveit_task_constructor_msgs/msg/task_statistics.h
[0.973s] -- Up-to-date: /home/laxmi-arz-i006/moveit_resources-ros2/install/moveit_task_constructor_msgs/include/moveit_task_constructor_msgs/moveit_task_constructor_msgs/msg/task_description.h
[0.973s] -- Up-to-date: /home/laxmi-arz-i006/moveit_resources-ros2/install/moveit_task_constructor_msgs/include/moveit_task_constructor_msgs/moveit_task_constructor_msgs/msg/rosidl_generator_c__visibility_control.h
[0.973s] -- Up-to-date: /home/laxmi-arz-i006/moveit_resources-ros2/install/moveit_task_constructor_msgs/include/moveit_task_constructor_msgs/moveit_task_constructor_msgs/msg/detail
[0.973s] -- Up-to-date: /home/laxmi-arz-i006/moveit_resources-ros2/install/moveit_task_constructor_msgs/include/moveit_task_constructor_msgs/moveit_task_constructor_msgs/msg/detail/trajectory_execution_info__struct.h
[0.974s] -- Up-to-date: /home/laxmi-arz-i006/moveit_resources-ros2/install/moveit_task_constructor_msgs/include/moveit_task_constructor_msgs/moveit_task_constructor_msgs/msg/detail/task_statistics__functions.c
[0.974s] -- Up-to-date: /home/laxmi-arz-i006/moveit_resources-ros2/install/moveit_task_constructor_msgs/include/moveit_task_constructor_msgs/moveit_task_constructor_msgs/msg/detail/trajectory_execution_info__functions.h
[0.974s] -- Installing: /home/laxmi-arz-i006/moveit_resources-ros2/install/moveit_task_constructor_msgs/include/moveit_task_constructor_msgs/moveit_task_constructor_msgs/msg/detail/property__type_support.c
[0.974s] -- Up-to-date: /home/laxmi-arz-i006/moveit_resources-ros2/install/moveit_task_constructor_msgs/include/moveit_task_constructor_msgs/moveit_task_constructor_msgs/msg/detail/task_statistics__type_support.h
[0.974s] -- Up-to-date: /home/laxmi-arz-i006/moveit_resources-ros2/install/moveit_task_constructor_msgs/include/moveit_task_constructor_msgs/moveit_task_constructor_msgs/msg/detail/sub_trajectory__description.c
[0.974s] -- Up-to-date: /home/laxmi-arz-i006/moveit_resources-ros2/install/moveit_task_constructor_msgs/include/moveit_task_constructor_msgs/moveit_task_constructor_msgs/msg/detail/stage_description__functions.c
[0.974s] -- Up-to-date: /home/laxmi-arz-i006/moveit_resources-ros2/install/moveit_task_constructor_msgs/include/moveit_task_constructor_msgs/moveit_task_constructor_msgs/msg/detail/task_description__type_support.h
[0.974s] -- Up-to-date: /home/laxmi-arz-i006/moveit_resources-ros2/install/moveit_task_constructor_msgs/include/moveit_task_constructor_msgs/moveit_task_constructor_msgs/msg/detail/stage_description__struct.h
[0.974s] -- Up-to-date: /home/laxmi-arz-i006/moveit_resources-ros2/install/moveit_task_constructor_msgs/include/moveit_task_constructor_msgs/moveit_task_constructor_msgs/msg/detail/task_description__description.c
[0.975s] -- Up-to-date: /home/laxmi-arz-i006/moveit_resources-ros2/install/moveit_task_constructor_msgs/include/moveit_task_constructor_msgs/moveit_task_constructor_msgs/msg/detail/solution_info__type_support.h
[0.975s] -- Up-to-date: /home/laxmi-arz-i006/moveit_resources-ros2/install/moveit_task_constructor_msgs/include/moveit_task_constructor_msgs/moveit_task_constructor_msgs/msg/detail/sub_trajectory__functions.c
[0.975s] -- Installing: /home/laxmi-arz-i006/moveit_resources-ros2/install/moveit_task_constructor_msgs/include/moveit_task_constructor_msgs/moveit_task_constructor_msgs/msg/detail/stage_statistics__type_support.c
[0.975s] -- Up-to-date: /home/laxmi-arz-i006/moveit_resources-ros2/install/moveit_task_constructor_msgs/include/moveit_task_constructor_msgs/moveit_task_constructor_msgs/msg/detail/stage_description__description.c
[0.975s] -- Up-to-date: /home/laxmi-arz-i006/moveit_resources-ros2/install/moveit_task_constructor_msgs/include/moveit_task_constructor_msgs/moveit_task_constructor_msgs/msg/detail/solution__functions.c
[0.975s] -- Up-to-date: /home/laxmi-arz-i006/moveit_resources-ros2/install/moveit_task_constructor_msgs/include/moveit_task_constructor_msgs/moveit_task_constructor_msgs/msg/detail/task_statistics__description.c
[0.975s] -- Up-to-date: /home/laxmi-arz-i006/moveit_resources-ros2/install/moveit_task_constructor_msgs/include/moveit_task_constructor_msgs/moveit_task_constructor_msgs/msg/detail/solution__type_support.h
[0.976s] -- Up-to-date: /home/laxmi-arz-i006/moveit_resources-ros2/install/moveit_task_constructor_msgs/include/moveit_task_constructor_msgs/moveit_task_constructor_msgs/msg/detail/sub_trajectory__type_support.h
[0.976s] -- Up-to-date: /home/laxmi-arz-i006/moveit_resources-ros2/install/moveit_task_constructor_msgs/include/moveit_task_constructor_msgs/moveit_task_constructor_msgs/msg/detail/task_description__functions.c
[0.976s] -- Up-to-date: /home/laxmi-arz-i006/moveit_resources-ros2/install/moveit_task_constructor_msgs/include/moveit_task_constructor_msgs/moveit_task_constructor_msgs/msg/detail/solution__functions.h
[0.976s] -- Installing: /home/laxmi-arz-i006/moveit_resources-ros2/install/moveit_task_constructor_msgs/include/moveit_task_constructor_msgs/moveit_task_constructor_msgs/msg/detail/stage_description__type_support.c
[0.976s] -- Up-to-date: /home/laxmi-arz-i006/moveit_resources-ros2/install/moveit_task_constructor_msgs/include/moveit_task_constructor_msgs/moveit_task_constructor_msgs/msg/detail/task_description__struct.h
[0.976s] -- Up-to-date: /home/laxmi-arz-i006/moveit_resources-ros2/install/moveit_task_constructor_msgs/include/moveit_task_constructor_msgs/moveit_task_constructor_msgs/msg/detail/sub_trajectory__struct.h
[0.976s] -- Up-to-date: /home/laxmi-arz-i006/moveit_resources-ros2/install/moveit_task_constructor_msgs/include/moveit_task_constructor_msgs/moveit_task_constructor_msgs/msg/detail/sub_solution__functions.h
[0.976s] -- Up-to-date: /home/laxmi-arz-i006/moveit_resources-ros2/install/moveit_task_constructor_msgs/include/moveit_task_constructor_msgs/moveit_task_constructor_msgs/msg/detail/solution_info__struct.h
[0.976s] -- Up-to-date: /home/laxmi-arz-i006/moveit_resources-ros2/install/moveit_task_constructor_msgs/include/moveit_task_constructor_msgs/moveit_task_constructor_msgs/msg/detail/property__type_support.h
[0.977s] -- Up-to-date: /home/laxmi-arz-i006/moveit_resources-ros2/install/moveit_task_constructor_msgs/include/moveit_task_constructor_msgs/moveit_task_constructor_msgs/msg/detail/stage_statistics__struct.h
[0.977s] -- Up-to-date: /home/laxmi-arz-i006/moveit_resources-ros2/install/moveit_task_constructor_msgs/include/moveit_task_constructor_msgs/moveit_task_constructor_msgs/msg/detail/property__functions.h
[0.977s] -- Up-to-date: /home/laxmi-arz-i006/moveit_resources-ros2/install/moveit_task_constructor_msgs/include/moveit_task_constructor_msgs/moveit_task_constructor_msgs/msg/detail/sub_trajectory__functions.h
[0.977s] -- Up-to-date: /home/laxmi-arz-i006/moveit_resources-ros2/install/moveit_task_constructor_msgs/include/moveit_task_constructor_msgs/moveit_task_constructor_msgs/msg/detail/solution_info__functions.h
[0.977s] -- Up-to-date: /home/laxmi-arz-i006/moveit_resources-ros2/install/moveit_task_constructor_msgs/include/moveit_task_constructor_msgs/moveit_task_constructor_msgs/msg/detail/solution__description.c
[0.978s] -- Up-to-date: /home/laxmi-arz-i006/moveit_resources-ros2/install/moveit_task_constructor_msgs/include/moveit_task_constructor_msgs/moveit_task_constructor_msgs/msg/detail/trajectory_execution_info__description.c
[0.978s] -- Installing: /home/laxmi-arz-i006/moveit_resources-ros2/install/moveit_task_constructor_msgs/include/moveit_task_constructor_msgs/moveit_task_constructor_msgs/msg/detail/solution__type_support.c
[0.978s] -- Up-to-date: /home/laxmi-arz-i006/moveit_resources-ros2/install/moveit_task_constructor_msgs/include/moveit_task_constructor_msgs/moveit_task_constructor_msgs/msg/detail/task_statistics__struct.h
[0.978s] -- Installing: /home/laxmi-arz-i006/moveit_resources-ros2/install/moveit_task_constructor_msgs/include/moveit_task_constructor_msgs/moveit_task_constructor_msgs/msg/detail/sub_trajectory__type_support.c
[0.978s] -- Up-to-date: /home/laxmi-arz-i006/moveit_resources-ros2/install/moveit_task_constructor_msgs/include/moveit_task_constructor_msgs/moveit_task_constructor_msgs/msg/detail/property__description.c
[0.978s] -- Up-to-date: /home/laxmi-arz-i006/moveit_resources-ros2/install/moveit_task_constructor_msgs/include/moveit_task_constructor_msgs/moveit_task_constructor_msgs/msg/detail/stage_description__functions.h
[0.978s] -- Up-to-date: /home/laxmi-arz-i006/moveit_resources-ros2/install/moveit_task_constructor_msgs/include/moveit_task_constructor_msgs/moveit_task_constructor_msgs/msg/detail/stage_statistics__type_support.h
[0.979s] -- Up-to-date: /home/laxmi-arz-i006/moveit_resources-ros2/install/moveit_task_constructor_msgs/include/moveit_task_constructor_msgs/moveit_task_constructor_msgs/msg/detail/stage_description__type_support.h
[0.979s] -- Up-to-date: /home/laxmi-arz-i006/moveit_resources-ros2/install/moveit_task_constructor_msgs/include/moveit_task_constructor_msgs/moveit_task_constructor_msgs/msg/detail/solution_info__functions.c
[0.979s] -- Up-to-date: /home/laxmi-arz-i006/moveit_resources-ros2/install/moveit_task_constructor_msgs/include/moveit_task_constructor_msgs/moveit_task_constructor_msgs/msg/detail/trajectory_execution_info__functions.c
[0.979s] -- Up-to-date: /home/laxmi-arz-i006/moveit_resources-ros2/install/moveit_task_constructor_msgs/include/moveit_task_constructor_msgs/moveit_task_constructor_msgs/msg/detail/task_description__functions.h
[0.979s] -- Up-to-date: /home/laxmi-arz-i006/moveit_resources-ros2/install/moveit_task_constructor_msgs/include/moveit_task_constructor_msgs/moveit_task_constructor_msgs/msg/detail/stage_statistics__description.c
[0.979s] -- Installing: /home/laxmi-arz-i006/moveit_resources-ros2/install/moveit_task_constructor_msgs/include/moveit_task_constructor_msgs/moveit_task_constructor_msgs/msg/detail/sub_solution__type_support.c
[0.979s] -- Installing: /home/laxmi-arz-i006/moveit_resources-ros2/install/moveit_task_constructor_msgs/include/moveit_task_constructor_msgs/moveit_task_constructor_msgs/msg/detail/task_description__type_support.c
[0.980s] -- Up-to-date: /home/laxmi-arz-i006/moveit_resources-ros2/install/moveit_task_constructor_msgs/include/moveit_task_constructor_msgs/moveit_task_constructor_msgs/msg/detail/stage_statistics__functions.c
[0.980s] -- Up-to-date: /home/laxmi-arz-i006/moveit_resources-ros2/install/moveit_task_constructor_msgs/include/moveit_task_constructor_msgs/moveit_task_constructor_msgs/msg/detail/solution_info__description.c
[0.980s] -- Up-to-date: /home/laxmi-arz-i006/moveit_resources-ros2/install/moveit_task_constructor_msgs/include/moveit_task_constructor_msgs/moveit_task_constructor_msgs/msg/detail/property__functions.c
[0.980s] -- Up-to-date: /home/laxmi-arz-i006/moveit_resources-ros2/install/moveit_task_constructor_msgs/include/moveit_task_constructor_msgs/moveit_task_constructor_msgs/msg/detail/stage_statistics__functions.h
[0.980s] -- Up-to-date: /home/laxmi-arz-i006/moveit_resources-ros2/install/moveit_task_constructor_msgs/include/moveit_task_constructor_msgs/moveit_task_constructor_msgs/msg/detail/sub_solution__functions.c
[0.980s] -- Installing: /home/laxmi-arz-i006/moveit_resources-ros2/install/moveit_task_constructor_msgs/include/moveit_task_constructor_msgs/moveit_task_constructor_msgs/msg/detail/trajectory_execution_info__type_support.c
[0.980s] -- Up-to-date: /home/laxmi-arz-i006/moveit_resources-ros2/install/moveit_task_constructor_msgs/include/moveit_task_constructor_msgs/moveit_task_constructor_msgs/msg/detail/sub_solution__description.c
[0.980s] -- Up-to-date: /home/laxmi-arz-i006/moveit_resources-ros2/install/moveit_task_constructor_msgs/include/moveit_task_constructor_msgs/moveit_task_constructor_msgs/msg/detail/solution__struct.h
[0.980s] -- Up-to-date: /home/laxmi-arz-i006/moveit_resources-ros2/install/moveit_task_constructor_msgs/include/moveit_task_constructor_msgs/moveit_task_constructor_msgs/msg/detail/sub_solution__type_support.h
[0.980s] -- Up-to-date: /home/laxmi-arz-i006/moveit_resources-ros2/install/moveit_task_constructor_msgs/include/moveit_task_constructor_msgs/moveit_task_constructor_msgs/msg/detail/sub_solution__struct.h
[0.981s] -- Up-to-date: /home/laxmi-arz-i006/moveit_resources-ros2/install/moveit_task_constructor_msgs/include/moveit_task_constructor_msgs/moveit_task_constructor_msgs/msg/detail/property__struct.h
[0.981s] -- Up-to-date: /home/laxmi-arz-i006/moveit_resources-ros2/install/moveit_task_constructor_msgs/include/moveit_task_constructor_msgs/moveit_task_constructor_msgs/msg/detail/trajectory_execution_info__type_support.h
[0.981s] -- Up-to-date: /home/laxmi-arz-i006/moveit_resources-ros2/install/moveit_task_constructor_msgs/include/moveit_task_constructor_msgs/moveit_task_constructor_msgs/msg/detail/task_statistics__functions.h
[0.981s] -- Installing: /home/laxmi-arz-i006/moveit_resources-ros2/install/moveit_task_constructor_msgs/include/moveit_task_constructor_msgs/moveit_task_constructor_msgs/msg/detail/task_statistics__type_support.c
[0.981s] -- Installing: /home/laxmi-arz-i006/moveit_resources-ros2/install/moveit_task_constructor_msgs/include/moveit_task_constructor_msgs/moveit_task_constructor_msgs/msg/detail/solution_info__type_support.c
[0.981s] -- Up-to-date: /home/laxmi-arz-i006/moveit_resources-ros2/install/moveit_task_constructor_msgs/include/moveit_task_constructor_msgs/moveit_task_constructor_msgs/msg/property.h
[0.981s] -- Up-to-date: /home/laxmi-arz-i006/moveit_resources-ros2/install/moveit_task_constructor_msgs/include/moveit_task_constructor_msgs/moveit_task_constructor_msgs/msg/trajectory_execution_info.h
[0.981s] -- Up-to-date: /home/laxmi-arz-i006/moveit_resources-ros2/install/moveit_task_constructor_msgs/include/moveit_task_constructor_msgs/moveit_task_constructor_msgs/msg/sub_trajectory.h
[0.982s] -- Up-to-date: /home/laxmi-arz-i006/moveit_resources-ros2/install/moveit_task_constructor_msgs/include/moveit_task_constructor_msgs/moveit_task_constructor_msgs/msg/stage_statistics.h
[0.982s] -- Up-to-date: /home/laxmi-arz-i006/moveit_resources-ros2/install/moveit_task_constructor_msgs/share/moveit_task_constructor_msgs/environment/library_path.sh
[0.982s] -- Up-to-date: /home/laxmi-arz-i006/moveit_resources-ros2/install/moveit_task_constructor_msgs/share/moveit_task_constructor_msgs/environment/library_path.dsv
[0.982s] -- Up-to-date: /home/laxmi-arz-i006/moveit_resources-ros2/install/moveit_task_constructor_msgs/lib/libmoveit_task_constructor_msgs__rosidl_generator_c.so
[0.982s] -- Up-to-date: /home/laxmi-arz-i006/moveit_resources-ros2/install/moveit_task_constructor_msgs/include/moveit_task_constructor_msgs/moveit_task_constructor_msgs
[0.982s] -- Up-to-date: /home/laxmi-arz-i006/moveit_resources-ros2/install/moveit_task_constructor_msgs/include/moveit_task_constructor_msgs/moveit_task_constructor_msgs/action
[0.982s] -- Up-to-date: /home/laxmi-arz-i006/moveit_resources-ros2/install/moveit_task_constructor_msgs/include/moveit_task_constructor_msgs/moveit_task_constructor_msgs/action/detail
[0.983s] -- Up-to-date: /home/laxmi-arz-i006/moveit_resources-ros2/install/moveit_task_constructor_msgs/include/moveit_task_constructor_msgs/moveit_task_constructor_msgs/action/detail/execute_task_solution__rosidl_typesupport_fastrtps_c.h
[0.983s] -- Up-to-date: /home/laxmi-arz-i006/moveit_resources-ros2/install/moveit_task_constructor_msgs/include/moveit_task_constructor_msgs/moveit_task_constructor_msgs/srv
[0.983s] -- Up-to-date: /home/laxmi-arz-i006/moveit_resources-ros2/install/moveit_task_constructor_msgs/include/moveit_task_constructor_msgs/moveit_task_constructor_msgs/srv/detail
[0.983s] -- Up-to-date: /home/laxmi-arz-i006/moveit_resources-ros2/install/moveit_task_constructor_msgs/include/moveit_task_constructor_msgs/moveit_task_constructor_msgs/srv/detail/get_solution__rosidl_typesupport_fastrtps_c.h
[0.983s] -- Up-to-date: /home/laxmi-arz-i006/moveit_resources-ros2/install/moveit_task_constructor_msgs/include/moveit_task_constructor_msgs/moveit_task_constructor_msgs/msg
[0.983s] -- Up-to-date: /home/laxmi-arz-i006/moveit_resources-ros2/install/moveit_task_constructor_msgs/include/moveit_task_constructor_msgs/moveit_task_constructor_msgs/msg/detail
[0.983s] -- Up-to-date: /home/laxmi-arz-i006/moveit_resources-ros2/install/moveit_task_constructor_msgs/include/moveit_task_constructor_msgs/moveit_task_constructor_msgs/msg/detail/sub_trajectory__rosidl_typesupport_fastrtps_c.h
[0.983s] -- Up-to-date: /home/laxmi-arz-i006/moveit_resources-ros2/install/moveit_task_constructor_msgs/include/moveit_task_constructor_msgs/moveit_task_constructor_msgs/msg/detail/stage_statistics__rosidl_typesupport_fastrtps_c.h
[0.983s] -- Up-to-date: /home/laxmi-arz-i006/moveit_resources-ros2/install/moveit_task_constructor_msgs/include/moveit_task_constructor_msgs/moveit_task_constructor_msgs/msg/detail/task_statistics__rosidl_typesupport_fastrtps_c.h
[0.984s] -- Up-to-date: /home/laxmi-arz-i006/moveit_resources-ros2/install/moveit_task_constructor_msgs/include/moveit_task_constructor_msgs/moveit_task_constructor_msgs/msg/detail/solution__rosidl_typesupport_fastrtps_c.h
[0.984s] -- Up-to-date: /home/laxmi-arz-i006/moveit_resources-ros2/install/moveit_task_constructor_msgs/include/moveit_task_constructor_msgs/moveit_task_constructor_msgs/msg/detail/trajectory_execution_info__rosidl_typesupport_fastrtps_c.h
[0.984s] -- Up-to-date: /home/laxmi-arz-i006/moveit_resources-ros2/install/moveit_task_constructor_msgs/include/moveit_task_constructor_msgs/moveit_task_constructor_msgs/msg/detail/sub_solution__rosidl_typesupport_fastrtps_c.h
[0.984s] -- Up-to-date: /home/laxmi-arz-i006/moveit_resources-ros2/install/moveit_task_constructor_msgs/include/moveit_task_constructor_msgs/moveit_task_constructor_msgs/msg/detail/stage_description__rosidl_typesupport_fastrtps_c.h
[0.984s] -- Up-to-date: /home/laxmi-arz-i006/moveit_resources-ros2/install/moveit_task_constructor_msgs/include/moveit_task_constructor_msgs/moveit_task_constructor_msgs/msg/detail/task_description__rosidl_typesupport_fastrtps_c.h
[0.984s] -- Up-to-date: /home/laxmi-arz-i006/moveit_resources-ros2/install/moveit_task_constructor_msgs/include/moveit_task_constructor_msgs/moveit_task_constructor_msgs/msg/detail/property__rosidl_typesupport_fastrtps_c.h
[0.984s] -- Up-to-date: /home/laxmi-arz-i006/moveit_resources-ros2/install/moveit_task_constructor_msgs/include/moveit_task_constructor_msgs/moveit_task_constructor_msgs/msg/detail/solution_info__rosidl_typesupport_fastrtps_c.h
[0.985s] -- Up-to-date: /home/laxmi-arz-i006/moveit_resources-ros2/install/moveit_task_constructor_msgs/include/moveit_task_constructor_msgs/moveit_task_constructor_msgs/msg/rosidl_typesupport_fastrtps_c__visibility_control.h
[0.985s] -- Up-to-date: /home/laxmi-arz-i006/moveit_resources-ros2/install/moveit_task_constructor_msgs/lib/libmoveit_task_constructor_msgs__rosidl_typesupport_fastrtps_c.so
[0.985s] -- Up-to-date: /home/laxmi-arz-i006/moveit_resources-ros2/install/moveit_task_constructor_msgs/include/moveit_task_constructor_msgs/moveit_task_constructor_msgs
[0.985s] -- Up-to-date: /home/laxmi-arz-i006/moveit_resources-ros2/install/moveit_task_constructor_msgs/include/moveit_task_constructor_msgs/moveit_task_constructor_msgs/action
[0.985s] -- Up-to-date: /home/laxmi-arz-i006/moveit_resources-ros2/install/moveit_task_constructor_msgs/include/moveit_task_constructor_msgs/moveit_task_constructor_msgs/action/execute_task_solution.hpp
[0.985s] -- Up-to-date: /home/laxmi-arz-i006/moveit_resources-ros2/install/moveit_task_constructor_msgs/include/moveit_task_constructor_msgs/moveit_task_constructor_msgs/action/detail
[0.985s] -- Up-to-date: /home/laxmi-arz-i006/moveit_resources-ros2/install/moveit_task_constructor_msgs/include/moveit_task_constructor_msgs/moveit_task_constructor_msgs/action/detail/execute_task_solution__type_support.hpp
[0.985s] -- Up-to-date: /home/laxmi-arz-i006/moveit_resources-ros2/install/moveit_task_constructor_msgs/include/moveit_task_constructor_msgs/moveit_task_constructor_msgs/action/detail/execute_task_solution__builder.hpp
[0.985s] -- Up-to-date: /home/laxmi-arz-i006/moveit_resources-ros2/install/moveit_task_constructor_msgs/include/moveit_task_constructor_msgs/moveit_task_constructor_msgs/action/detail/execute_task_solution__struct.hpp
[0.986s] -- Up-to-date: /home/laxmi-arz-i006/moveit_resources-ros2/install/moveit_task_constructor_msgs/include/moveit_task_constructor_msgs/moveit_task_constructor_msgs/action/detail/execute_task_solution__traits.hpp
[0.986s] -- Up-to-date: /home/laxmi-arz-i006/moveit_resources-ros2/install/moveit_task_constructor_msgs/include/moveit_task_constructor_msgs/moveit_task_constructor_msgs/srv
[0.986s] -- Up-to-date: /home/laxmi-arz-i006/moveit_resources-ros2/install/moveit_task_constructor_msgs/include/moveit_task_constructor_msgs/moveit_task_constructor_msgs/srv/detail
[0.986s] -- Up-to-date: /home/laxmi-arz-i006/moveit_resources-ros2/install/moveit_task_constructor_msgs/include/moveit_task_constructor_msgs/moveit_task_constructor_msgs/srv/detail/get_solution__type_support.hpp
[0.986s] -- Up-to-date: /home/laxmi-arz-i006/moveit_resources-ros2/install/moveit_task_constructor_msgs/include/moveit_task_constructor_msgs/moveit_task_constructor_msgs/srv/detail/get_solution__builder.hpp
[0.986s] -- Up-to-date: /home/laxmi-arz-i006/moveit_resources-ros2/install/moveit_task_constructor_msgs/include/moveit_task_constructor_msgs/moveit_task_constructor_msgs/srv/detail/get_solution__traits.hpp
[0.986s] -- Up-to-date: /home/laxmi-arz-i006/moveit_resources-ros2/install/moveit_task_constructor_msgs/include/moveit_task_constructor_msgs/moveit_task_constructor_msgs/srv/detail/get_solution__struct.hpp
[0.986s] -- Up-to-date: /home/laxmi-arz-i006/moveit_resources-ros2/install/moveit_task_constructor_msgs/include/moveit_task_constructor_msgs/moveit_task_constructor_msgs/srv/get_solution.hpp
[0.986s] -- Up-to-date: /home/laxmi-arz-i006/moveit_resources-ros2/install/moveit_task_constructor_msgs/include/moveit_task_constructor_msgs/moveit_task_constructor_msgs/msg
[0.987s] -- Up-to-date: /home/laxmi-arz-i006/moveit_resources-ros2/install/moveit_task_constructor_msgs/include/moveit_task_constructor_msgs/moveit_task_constructor_msgs/msg/trajectory_execution_info.hpp
[0.987s] -- Up-to-date: /home/laxmi-arz-i006/moveit_resources-ros2/install/moveit_task_constructor_msgs/include/moveit_task_constructor_msgs/moveit_task_constructor_msgs/msg/stage_statistics.hpp
[0.987s] -- Up-to-date: /home/laxmi-arz-i006/moveit_resources-ros2/install/moveit_task_constructor_msgs/include/moveit_task_constructor_msgs/moveit_task_constructor_msgs/msg/solution_info.hpp
[0.987s] -- Up-to-date: /home/laxmi-arz-i006/moveit_resources-ros2/install/moveit_task_constructor_msgs/include/moveit_task_constructor_msgs/moveit_task_constructor_msgs/msg/sub_solution.hpp
[0.987s] -- Up-to-date: /home/laxmi-arz-i006/moveit_resources-ros2/install/moveit_task_constructor_msgs/include/moveit_task_constructor_msgs/moveit_task_constructor_msgs/msg/detail
[0.987s] -- Up-to-date: /home/laxmi-arz-i006/moveit_resources-ros2/install/moveit_task_constructor_msgs/include/moveit_task_constructor_msgs/moveit_task_constructor_msgs/msg/detail/property__type_support.hpp
[0.987s] -- Up-to-date: /home/laxmi-arz-i006/moveit_resources-ros2/install/moveit_task_constructor_msgs/include/moveit_task_constructor_msgs/moveit_task_constructor_msgs/msg/detail/task_statistics__type_support.hpp
[0.987s] -- Up-to-date: /home/laxmi-arz-i006/moveit_resources-ros2/install/moveit_task_constructor_msgs/include/moveit_task_constructor_msgs/moveit_task_constructor_msgs/msg/detail/solution__traits.hpp
[0.987s] -- Up-to-date: /home/laxmi-arz-i006/moveit_resources-ros2/install/moveit_task_constructor_msgs/include/moveit_task_constructor_msgs/moveit_task_constructor_msgs/msg/detail/task_description__traits.hpp
[0.987s] -- Up-to-date: /home/laxmi-arz-i006/moveit_resources-ros2/install/moveit_task_constructor_msgs/include/moveit_task_constructor_msgs/moveit_task_constructor_msgs/msg/detail/sub_trajectory__traits.hpp
[0.988s] -- Up-to-date: /home/laxmi-arz-i006/moveit_resources-ros2/install/moveit_task_constructor_msgs/include/moveit_task_constructor_msgs/moveit_task_constructor_msgs/msg/detail/solution__type_support.hpp
[0.988s] -- Up-to-date: /home/laxmi-arz-i006/moveit_resources-ros2/install/moveit_task_constructor_msgs/include/moveit_task_constructor_msgs/moveit_task_constructor_msgs/msg/detail/task_description__type_support.hpp
[0.988s] -- Up-to-date: /home/laxmi-arz-i006/moveit_resources-ros2/install/moveit_task_constructor_msgs/include/moveit_task_constructor_msgs/moveit_task_constructor_msgs/msg/detail/solution_info__traits.hpp
[0.988s] -- Up-to-date: /home/laxmi-arz-i006/moveit_resources-ros2/install/moveit_task_constructor_msgs/include/moveit_task_constructor_msgs/moveit_task_constructor_msgs/msg/detail/sub_solution__struct.hpp
[0.988s] -- Up-to-date: /home/laxmi-arz-i006/moveit_resources-ros2/install/moveit_task_constructor_msgs/include/moveit_task_constructor_msgs/moveit_task_constructor_msgs/msg/detail/task_description__builder.hpp
[0.988s] -- Up-to-date: /home/laxmi-arz-i006/moveit_resources-ros2/install/moveit_task_constructor_msgs/include/moveit_task_constructor_msgs/moveit_task_constructor_msgs/msg/detail/stage_description__type_support.hpp
[0.988s] -- Up-to-date: /home/laxmi-arz-i006/moveit_resources-ros2/install/moveit_task_constructor_msgs/include/moveit_task_constructor_msgs/moveit_task_constructor_msgs/msg/detail/stage_statistics__builder.hpp
[0.988s] -- Up-to-date: /home/laxmi-arz-i006/moveit_resources-ros2/install/moveit_task_constructor_msgs/include/moveit_task_constructor_msgs/moveit_task_constructor_msgs/msg/detail/sub_solution__type_support.hpp
[0.988s] -- Up-to-date: /home/laxmi-arz-i006/moveit_resources-ros2/install/moveit_task_constructor_msgs/include/moveit_task_constructor_msgs/moveit_task_constructor_msgs/msg/detail/solution_info__struct.hpp
[0.988s] -- Up-to-date: /home/laxmi-arz-i006/moveit_resources-ros2/install/moveit_task_constructor_msgs/include/moveit_task_constructor_msgs/moveit_task_constructor_msgs/msg/detail/trajectory_execution_info__struct.hpp
[0.989s] -- Up-to-date: /home/laxmi-arz-i006/moveit_resources-ros2/install/moveit_task_constructor_msgs/include/moveit_task_constructor_msgs/moveit_task_constructor_msgs/msg/detail/stage_statistics__traits.hpp
[0.989s] -- Up-to-date: /home/laxmi-arz-i006/moveit_resources-ros2/install/moveit_task_constructor_msgs/include/moveit_task_constructor_msgs/moveit_task_constructor_msgs/msg/detail/sub_solution__traits.hpp
[0.989s] -- Up-to-date: /home/laxmi-arz-i006/moveit_resources-ros2/install/moveit_task_constructor_msgs/include/moveit_task_constructor_msgs/moveit_task_constructor_msgs/msg/detail/sub_trajectory__type_support.hpp
[0.989s] -- Up-to-date: /home/laxmi-arz-i006/moveit_resources-ros2/install/moveit_task_constructor_msgs/include/moveit_task_constructor_msgs/moveit_task_constructor_msgs/msg/detail/solution_info__builder.hpp
[0.989s] -- Up-to-date: /home/laxmi-arz-i006/moveit_resources-ros2/install/moveit_task_constructor_msgs/include/moveit_task_constructor_msgs/moveit_task_constructor_msgs/msg/detail/trajectory_execution_info__builder.hpp
[0.989s] -- Up-to-date: /home/laxmi-arz-i006/moveit_resources-ros2/install/moveit_task_constructor_msgs/include/moveit_task_constructor_msgs/moveit_task_constructor_msgs/msg/detail/stage_description__traits.hpp
[0.989s] -- Up-to-date: /home/laxmi-arz-i006/moveit_resources-ros2/install/moveit_task_constructor_msgs/include/moveit_task_constructor_msgs/moveit_task_constructor_msgs/msg/detail/stage_description__builder.hpp
[0.989s] -- Up-to-date: /home/laxmi-arz-i006/moveit_resources-ros2/install/moveit_task_constructor_msgs/include/moveit_task_constructor_msgs/moveit_task_constructor_msgs/msg/detail/stage_statistics__type_support.hpp
[0.989s] -- Up-to-date: /home/laxmi-arz-i006/moveit_resources-ros2/install/moveit_task_constructor_msgs/include/moveit_task_constructor_msgs/moveit_task_constructor_msgs/msg/detail/property__traits.hpp
[0.989s] -- Up-to-date: /home/laxmi-arz-i006/moveit_resources-ros2/install/moveit_task_constructor_msgs/include/moveit_task_constructor_msgs/moveit_task_constructor_msgs/msg/detail/task_statistics__traits.hpp
[0.990s] -- Up-to-date: /home/laxmi-arz-i006/moveit_resources-ros2/install/moveit_task_constructor_msgs/include/moveit_task_constructor_msgs/moveit_task_constructor_msgs/msg/detail/task_description__struct.hpp
[0.990s] -- Up-to-date: /home/laxmi-arz-i006/moveit_resources-ros2/install/moveit_task_constructor_msgs/include/moveit_task_constructor_msgs/moveit_task_constructor_msgs/msg/detail/sub_trajectory__builder.hpp
[0.990s] -- Up-to-date: /home/laxmi-arz-i006/moveit_resources-ros2/install/moveit_task_constructor_msgs/include/moveit_task_constructor_msgs/moveit_task_constructor_msgs/msg/detail/sub_solution__builder.hpp
[0.990s] -- Up-to-date: /home/laxmi-arz-i006/moveit_resources-ros2/install/moveit_task_constructor_msgs/include/moveit_task_constructor_msgs/moveit_task_constructor_msgs/msg/detail/solution__builder.hpp
[0.990s] -- Up-to-date: /home/laxmi-arz-i006/moveit_resources-ros2/install/moveit_task_constructor_msgs/include/moveit_task_constructor_msgs/moveit_task_constructor_msgs/msg/detail/solution__struct.hpp
[0.990s] -- Up-to-date: /home/laxmi-arz-i006/moveit_resources-ros2/install/moveit_task_constructor_msgs/include/moveit_task_constructor_msgs/moveit_task_constructor_msgs/msg/detail/trajectory_execution_info__type_support.hpp
[0.990s] -- Up-to-date: /home/laxmi-arz-i006/moveit_resources-ros2/install/moveit_task_constructor_msgs/include/moveit_task_constructor_msgs/moveit_task_constructor_msgs/msg/detail/sub_trajectory__struct.hpp
[0.991s] -- Up-to-date: /home/laxmi-arz-i006/moveit_resources-ros2/install/moveit_task_constructor_msgs/include/moveit_task_constructor_msgs/moveit_task_constructor_msgs/msg/detail/trajectory_execution_info__traits.hpp
[0.991s] -- Up-to-date: /home/laxmi-arz-i006/moveit_resources-ros2/install/moveit_task_constructor_msgs/include/moveit_task_constructor_msgs/moveit_task_constructor_msgs/msg/detail/stage_description__struct.hpp
[0.991s] -- Up-to-date: /home/laxmi-arz-i006/moveit_resources-ros2/install/moveit_task_constructor_msgs/include/moveit_task_constructor_msgs/moveit_task_constructor_msgs/msg/detail/solution_info__type_support.hpp
[0.991s] -- Up-to-date: /home/laxmi-arz-i006/moveit_resources-ros2/install/moveit_task_constructor_msgs/include/moveit_task_constructor_msgs/moveit_task_constructor_msgs/msg/detail/stage_statistics__struct.hpp
[0.991s] -- Up-to-date: /home/laxmi-arz-i006/moveit_resources-ros2/install/moveit_task_constructor_msgs/include/moveit_task_constructor_msgs/moveit_task_constructor_msgs/msg/detail/property__struct.hpp
[0.991s] -- Up-to-date: /home/laxmi-arz-i006/moveit_resources-ros2/install/moveit_task_constructor_msgs/include/moveit_task_constructor_msgs/moveit_task_constructor_msgs/msg/detail/task_statistics__struct.hpp
[0.991s] -- Up-to-date: /home/laxmi-arz-i006/moveit_resources-ros2/install/moveit_task_constructor_msgs/include/moveit_task_constructor_msgs/moveit_task_constructor_msgs/msg/detail/task_statistics__builder.hpp
[0.991s] -- Up-to-date: /home/laxmi-arz-i006/moveit_resources-ros2/install/moveit_task_constructor_msgs/include/moveit_task_constructor_msgs/moveit_task_constructor_msgs/msg/detail/property__builder.hpp
[0.991s] -- Up-to-date: /home/laxmi-arz-i006/moveit_resources-ros2/install/moveit_task_constructor_msgs/include/moveit_task_constructor_msgs/moveit_task_constructor_msgs/msg/rosidl_generator_cpp__visibility_control.hpp
[0.991s] -- Up-to-date: /home/laxmi-arz-i006/moveit_resources-ros2/install/moveit_task_constructor_msgs/include/moveit_task_constructor_msgs/moveit_task_constructor_msgs/msg/property.hpp
[0.992s] -- Up-to-date: /home/laxmi-arz-i006/moveit_resources-ros2/install/moveit_task_constructor_msgs/include/moveit_task_constructor_msgs/moveit_task_constructor_msgs/msg/task_description.hpp
[0.992s] -- Up-to-date: /home/laxmi-arz-i006/moveit_resources-ros2/install/moveit_task_constructor_msgs/include/moveit_task_constructor_msgs/moveit_task_constructor_msgs/msg/task_statistics.hpp
[0.992s] -- Up-to-date: /home/laxmi-arz-i006/moveit_resources-ros2/install/moveit_task_constructor_msgs/include/moveit_task_constructor_msgs/moveit_task_constructor_msgs/msg/stage_description.hpp
[0.992s] -- Up-to-date: /home/laxmi-arz-i006/moveit_resources-ros2/install/moveit_task_constructor_msgs/include/moveit_task_constructor_msgs/moveit_task_constructor_msgs/msg/sub_trajectory.hpp
[0.992s] -- Up-to-date: /home/laxmi-arz-i006/moveit_resources-ros2/install/moveit_task_constructor_msgs/include/moveit_task_constructor_msgs/moveit_task_constructor_msgs/msg/solution.hpp
[0.992s] -- Up-to-date: /home/laxmi-arz-i006/moveit_resources-ros2/install/moveit_task_constructor_msgs/include/moveit_task_constructor_msgs/moveit_task_constructor_msgs
[0.992s] -- Up-to-date: /home/laxmi-arz-i006/moveit_resources-ros2/install/moveit_task_constructor_msgs/include/moveit_task_constructor_msgs/moveit_task_constructor_msgs/action
[0.992s] -- Up-to-date: /home/laxmi-arz-i006/moveit_resources-ros2/install/moveit_task_constructor_msgs/include/moveit_task_constructor_msgs/moveit_task_constructor_msgs/action/detail
[0.992s] -- Up-to-date: /home/laxmi-arz-i006/moveit_resources-ros2/install/moveit_task_constructor_msgs/include/moveit_task_constructor_msgs/moveit_task_constructor_msgs/action/detail/dds_fastrtps
[0.992s] -- Up-to-date: /home/laxmi-arz-i006/moveit_resources-ros2/install/moveit_task_constructor_msgs/include/moveit_task_constructor_msgs/moveit_task_constructor_msgs/action/detail/execute_task_solution__rosidl_typesupport_fastrtps_cpp.hpp
[0.993s] -- Up-to-date: /home/laxmi-arz-i006/moveit_resources-ros2/install/moveit_task_constructor_msgs/include/moveit_task_constructor_msgs/moveit_task_constructor_msgs/srv
[0.993s] -- Up-to-date: /home/laxmi-arz-i006/moveit_resources-ros2/install/moveit_task_constructor_msgs/include/moveit_task_constructor_msgs/moveit_task_constructor_msgs/srv/detail
[0.993s] -- Up-to-date: /home/laxmi-arz-i006/moveit_resources-ros2/install/moveit_task_constructor_msgs/include/moveit_task_constructor_msgs/moveit_task_constructor_msgs/srv/detail/get_solution__rosidl_typesupport_fastrtps_cpp.hpp
[0.993s] -- Up-to-date: /home/laxmi-arz-i006/moveit_resources-ros2/install/moveit_task_constructor_msgs/include/moveit_task_constructor_msgs/moveit_task_constructor_msgs/srv/detail/dds_fastrtps
[0.993s] -- Up-to-date: /home/laxmi-arz-i006/moveit_resources-ros2/install/moveit_task_constructor_msgs/include/moveit_task_constructor_msgs/moveit_task_constructor_msgs/msg
[0.993s] -- Up-to-date: /home/laxmi-arz-i006/moveit_resources-ros2/install/moveit_task_constructor_msgs/include/moveit_task_constructor_msgs/moveit_task_constructor_msgs/msg/rosidl_typesupport_fastrtps_cpp__visibility_control.h
[0.993s] -- Up-to-date: /home/laxmi-arz-i006/moveit_resources-ros2/install/moveit_task_constructor_msgs/include/moveit_task_constructor_msgs/moveit_task_constructor_msgs/msg/detail
[0.993s] -- Up-to-date: /home/laxmi-arz-i006/moveit_resources-ros2/install/moveit_task_constructor_msgs/include/moveit_task_constructor_msgs/moveit_task_constructor_msgs/msg/detail/sub_solution__rosidl_typesupport_fastrtps_cpp.hpp
[0.993s] -- Up-to-date: /home/laxmi-arz-i006/moveit_resources-ros2/install/moveit_task_constructor_msgs/include/moveit_task_constructor_msgs/moveit_task_constructor_msgs/msg/detail/solution__rosidl_typesupport_fastrtps_cpp.hpp
[0.994s] -- Up-to-date: /home/laxmi-arz-i006/moveit_resources-ros2/install/moveit_task_constructor_msgs/include/moveit_task_constructor_msgs/moveit_task_constructor_msgs/msg/detail/task_description__rosidl_typesupport_fastrtps_cpp.hpp
[0.994s] -- Up-to-date: /home/laxmi-arz-i006/moveit_resources-ros2/install/moveit_task_constructor_msgs/include/moveit_task_constructor_msgs/moveit_task_constructor_msgs/msg/detail/solution_info__rosidl_typesupport_fastrtps_cpp.hpp
[0.994s] -- Up-to-date: /home/laxmi-arz-i006/moveit_resources-ros2/install/moveit_task_constructor_msgs/include/moveit_task_constructor_msgs/moveit_task_constructor_msgs/msg/detail/property__rosidl_typesupport_fastrtps_cpp.hpp
[0.994s] -- Up-to-date: /home/laxmi-arz-i006/moveit_resources-ros2/install/moveit_task_constructor_msgs/include/moveit_task_constructor_msgs/moveit_task_constructor_msgs/msg/detail/stage_description__rosidl_typesupport_fastrtps_cpp.hpp
[0.994s] -- Up-to-date: /home/laxmi-arz-i006/moveit_resources-ros2/install/moveit_task_constructor_msgs/include/moveit_task_constructor_msgs/moveit_task_constructor_msgs/msg/detail/sub_trajectory__rosidl_typesupport_fastrtps_cpp.hpp
[0.994s] -- Up-to-date: /home/laxmi-arz-i006/moveit_resources-ros2/install/moveit_task_constructor_msgs/include/moveit_task_constructor_msgs/moveit_task_constructor_msgs/msg/detail/task_statistics__rosidl_typesupport_fastrtps_cpp.hpp
[0.994s] -- Up-to-date: /home/laxmi-arz-i006/moveit_resources-ros2/install/moveit_task_constructor_msgs/include/moveit_task_constructor_msgs/moveit_task_constructor_msgs/msg/detail/trajectory_execution_info__rosidl_typesupport_fastrtps_cpp.hpp
[0.994s] -- Up-to-date: /home/laxmi-arz-i006/moveit_resources-ros2/install/moveit_task_constructor_msgs/include/moveit_task_constructor_msgs/moveit_task_constructor_msgs/msg/detail/dds_fastrtps
[0.994s] -- Up-to-date: /home/laxmi-arz-i006/moveit_resources-ros2/install/moveit_task_constructor_msgs/include/moveit_task_constructor_msgs/moveit_task_constructor_msgs/msg/detail/stage_statistics__rosidl_typesupport_fastrtps_cpp.hpp
[0.994s] -- Up-to-date: /home/laxmi-arz-i006/moveit_resources-ros2/install/moveit_task_constructor_msgs/lib/libmoveit_task_constructor_msgs__rosidl_typesupport_fastrtps_cpp.so
[0.995s] -- Up-to-date: /home/laxmi-arz-i006/moveit_resources-ros2/install/moveit_task_constructor_msgs/include/moveit_task_constructor_msgs/moveit_task_constructor_msgs
[0.995s] -- Up-to-date: /home/laxmi-arz-i006/moveit_resources-ros2/install/moveit_task_constructor_msgs/include/moveit_task_constructor_msgs/moveit_task_constructor_msgs/action
[0.995s] -- Up-to-date: /home/laxmi-arz-i006/moveit_resources-ros2/install/moveit_task_constructor_msgs/include/moveit_task_constructor_msgs/moveit_task_constructor_msgs/action/detail
[0.995s] -- Installing: /home/laxmi-arz-i006/moveit_resources-ros2/install/moveit_task_constructor_msgs/include/moveit_task_constructor_msgs/moveit_task_constructor_msgs/action/detail/execute_task_solution__type_support.c
[0.996s] -- Up-to-date: /home/laxmi-arz-i006/moveit_resources-ros2/install/moveit_task_constructor_msgs/include/moveit_task_constructor_msgs/moveit_task_constructor_msgs/action/detail/execute_task_solution__rosidl_typesupport_introspection_c.h
[0.997s] -- Up-to-date: /home/laxmi-arz-i006/moveit_resources-ros2/install/moveit_task_constructor_msgs/include/moveit_task_constructor_msgs/moveit_task_constructor_msgs/srv
[0.997s] -- Up-to-date: /home/laxmi-arz-i006/moveit_resources-ros2/install/moveit_task_constructor_msgs/include/moveit_task_constructor_msgs/moveit_task_constructor_msgs/srv/detail
[0.997s] -- Installing: /home/laxmi-arz-i006/moveit_resources-ros2/install/moveit_task_constructor_msgs/include/moveit_task_constructor_msgs/moveit_task_constructor_msgs/srv/detail/get_solution__type_support.c
[0.998s] -- Up-to-date: /home/laxmi-arz-i006/moveit_resources-ros2/install/moveit_task_constructor_msgs/include/moveit_task_constructor_msgs/moveit_task_constructor_msgs/srv/detail/get_solution__rosidl_typesupport_introspection_c.h
[0.998s] -- Up-to-date: /home/laxmi-arz-i006/moveit_resources-ros2/install/moveit_task_constructor_msgs/include/moveit_task_constructor_msgs/moveit_task_constructor_msgs/msg
[0.998s] -- Up-to-date: /home/laxmi-arz-i006/moveit_resources-ros2/install/moveit_task_constructor_msgs/include/moveit_task_constructor_msgs/moveit_task_constructor_msgs/msg/rosidl_typesupport_introspection_c__visibility_control.h
[0.998s] -- Up-to-date: /home/laxmi-arz-i006/moveit_resources-ros2/install/moveit_task_constructor_msgs/include/moveit_task_constructor_msgs/moveit_task_constructor_msgs/msg/detail
[0.998s] -- Up-to-date: /home/laxmi-arz-i006/moveit_resources-ros2/install/moveit_task_constructor_msgs/include/moveit_task_constructor_msgs/moveit_task_constructor_msgs/msg/detail/property__rosidl_typesupport_introspection_c.h
[0.998s] -- Up-to-date: /home/laxmi-arz-i006/moveit_resources-ros2/install/moveit_task_constructor_msgs/include/moveit_task_constructor_msgs/moveit_task_constructor_msgs/msg/detail/sub_solution__rosidl_typesupport_introspection_c.h
[0.998s] -- Up-to-date: /home/laxmi-arz-i006/moveit_resources-ros2/install/moveit_task_constructor_msgs/include/moveit_task_constructor_msgs/moveit_task_constructor_msgs/msg/detail/solution_info__rosidl_typesupport_introspection_c.h
[0.999s] -- Installing: /home/laxmi-arz-i006/moveit_resources-ros2/install/moveit_task_constructor_msgs/include/moveit_task_constructor_msgs/moveit_task_constructor_msgs/msg/detail/property__type_support.c
[0.999s] -- Installing: /home/laxmi-arz-i006/moveit_resources-ros2/install/moveit_task_constructor_msgs/include/moveit_task_constructor_msgs/moveit_task_constructor_msgs/msg/detail/stage_statistics__type_support.c
[0.999s] -- Up-to-date: /home/laxmi-arz-i006/moveit_resources-ros2/install/moveit_task_constructor_msgs/include/moveit_task_constructor_msgs/moveit_task_constructor_msgs/msg/detail/trajectory_execution_info__rosidl_typesupport_introspection_c.h
[0.999s] -- Installing: /home/laxmi-arz-i006/moveit_resources-ros2/install/moveit_task_constructor_msgs/include/moveit_task_constructor_msgs/moveit_task_constructor_msgs/msg/detail/stage_description__type_support.c
[0.999s] -- Up-to-date: /home/laxmi-arz-i006/moveit_resources-ros2/install/moveit_task_constructor_msgs/include/moveit_task_constructor_msgs/moveit_task_constructor_msgs/msg/detail/solution__rosidl_typesupport_introspection_c.h
[0.999s] -- Installing: /home/laxmi-arz-i006/moveit_resources-ros2/install/moveit_task_constructor_msgs/include/moveit_task_constructor_msgs/moveit_task_constructor_msgs/msg/detail/solution__type_support.c
[1.000s] -- Installing: /home/laxmi-arz-i006/moveit_resources-ros2/install/moveit_task_constructor_msgs/include/moveit_task_constructor_msgs/moveit_task_constructor_msgs/msg/detail/sub_trajectory__type_support.c
[1.000s] -- Up-to-date: /home/laxmi-arz-i006/moveit_resources-ros2/install/moveit_task_constructor_msgs/include/moveit_task_constructor_msgs/moveit_task_constructor_msgs/msg/detail/stage_description__rosidl_typesupport_introspection_c.h
[1.001s] -- Up-to-date: /home/laxmi-arz-i006/moveit_resources-ros2/install/moveit_task_constructor_msgs/include/moveit_task_constructor_msgs/moveit_task_constructor_msgs/msg/detail/sub_trajectory__rosidl_typesupport_introspection_c.h
[1.001s] -- Installing: /home/laxmi-arz-i006/moveit_resources-ros2/install/moveit_task_constructor_msgs/include/moveit_task_constructor_msgs/moveit_task_constructor_msgs/msg/detail/sub_solution__type_support.c
[1.003s] -- Installing: /home/laxmi-arz-i006/moveit_resources-ros2/install/moveit_task_constructor_msgs/include/moveit_task_constructor_msgs/moveit_task_constructor_msgs/msg/detail/task_description__type_support.c
[1.004s] -- Up-to-date: /home/laxmi-arz-i006/moveit_resources-ros2/install/moveit_task_constructor_msgs/include/moveit_task_constructor_msgs/moveit_task_constructor_msgs/msg/detail/stage_statistics__rosidl_typesupport_introspection_c.h
[1.004s] -- Installing: /home/laxmi-arz-i006/moveit_resources-ros2/install/moveit_task_constructor_msgs/include/moveit_task_constructor_msgs/moveit_task_constructor_msgs/msg/detail/trajectory_execution_info__type_support.c
[1.005s] -- Up-to-date: /home/laxmi-arz-i006/moveit_resources-ros2/install/moveit_task_constructor_msgs/include/moveit_task_constructor_msgs/moveit_task_constructor_msgs/msg/detail/task_description__rosidl_typesupport_introspection_c.h
[1.005s] -- Up-to-date: /home/laxmi-arz-i006/moveit_resources-ros2/install/moveit_task_constructor_msgs/include/moveit_task_constructor_msgs/moveit_task_constructor_msgs/msg/detail/task_statistics__rosidl_typesupport_introspection_c.h
[1.005s] -- Installing: /home/laxmi-arz-i006/moveit_resources-ros2/install/moveit_task_constructor_msgs/include/moveit_task_constructor_msgs/moveit_task_constructor_msgs/msg/detail/task_statistics__type_support.c
[1.006s] -- Installing: /home/laxmi-arz-i006/moveit_resources-ros2/install/moveit_task_constructor_msgs/include/moveit_task_constructor_msgs/moveit_task_constructor_msgs/msg/detail/solution_info__type_support.c
[1.006s] -- Up-to-date: /home/laxmi-arz-i006/moveit_resources-ros2/install/moveit_task_constructor_msgs/lib/libmoveit_task_constructor_msgs__rosidl_typesupport_introspection_c.so
[1.007s] -- Up-to-date: /home/laxmi-arz-i006/moveit_resources-ros2/install/moveit_task_constructor_msgs/lib/libmoveit_task_constructor_msgs__rosidl_typesupport_c.so
[1.007s] -- Up-to-date: /home/laxmi-arz-i006/moveit_resources-ros2/install/moveit_task_constructor_msgs/include/moveit_task_constructor_msgs/moveit_task_constructor_msgs
[1.007s] -- Up-to-date: /home/laxmi-arz-i006/moveit_resources-ros2/install/moveit_task_constructor_msgs/include/moveit_task_constructor_msgs/moveit_task_constructor_msgs/action
[1.007s] -- Up-to-date: /home/laxmi-arz-i006/moveit_resources-ros2/install/moveit_task_constructor_msgs/include/moveit_task_constructor_msgs/moveit_task_constructor_msgs/action/detail
[1.008s] -- Up-to-date: /home/laxmi-arz-i006/moveit_resources-ros2/install/moveit_task_constructor_msgs/include/moveit_task_constructor_msgs/moveit_task_constructor_msgs/action/detail/execute_task_solution__rosidl_typesupport_introspection_cpp.hpp
[1.008s] -- Up-to-date: /home/laxmi-arz-i006/moveit_resources-ros2/install/moveit_task_constructor_msgs/include/moveit_task_constructor_msgs/moveit_task_constructor_msgs/action/detail/execute_task_solution__type_support.cpp
[1.008s] -- Up-to-date: /home/laxmi-arz-i006/moveit_resources-ros2/install/moveit_task_constructor_msgs/include/moveit_task_constructor_msgs/moveit_task_constructor_msgs/srv
[1.008s] -- Up-to-date: /home/laxmi-arz-i006/moveit_resources-ros2/install/moveit_task_constructor_msgs/include/moveit_task_constructor_msgs/moveit_task_constructor_msgs/srv/detail
[1.008s] -- Up-to-date: /home/laxmi-arz-i006/moveit_resources-ros2/install/moveit_task_constructor_msgs/include/moveit_task_constructor_msgs/moveit_task_constructor_msgs/srv/detail/get_solution__type_support.cpp
[1.008s] -- Up-to-date: /home/laxmi-arz-i006/moveit_resources-ros2/install/moveit_task_constructor_msgs/include/moveit_task_constructor_msgs/moveit_task_constructor_msgs/srv/detail/get_solution__rosidl_typesupport_introspection_cpp.hpp
[1.008s] -- Up-to-date: /home/laxmi-arz-i006/moveit_resources-ros2/install/moveit_task_constructor_msgs/include/moveit_task_constructor_msgs/moveit_task_constructor_msgs/msg
[1.008s] -- Up-to-date: /home/laxmi-arz-i006/moveit_resources-ros2/install/moveit_task_constructor_msgs/include/moveit_task_constructor_msgs/moveit_task_constructor_msgs/msg/detail
[1.008s] -- Up-to-date: /home/laxmi-arz-i006/moveit_resources-ros2/install/moveit_task_constructor_msgs/include/moveit_task_constructor_msgs/moveit_task_constructor_msgs/msg/detail/task_statistics__rosidl_typesupport_introspection_cpp.hpp
[1.009s] -- Up-to-date: /home/laxmi-arz-i006/moveit_resources-ros2/install/moveit_task_constructor_msgs/include/moveit_task_constructor_msgs/moveit_task_constructor_msgs/msg/detail/solution__type_support.cpp
[1.009s] -- Up-to-date: /home/laxmi-arz-i006/moveit_resources-ros2/install/moveit_task_constructor_msgs/include/moveit_task_constructor_msgs/moveit_task_constructor_msgs/msg/detail/sub_trajectory__rosidl_typesupport_introspection_cpp.hpp
[1.009s] -- Up-to-date: /home/laxmi-arz-i006/moveit_resources-ros2/install/moveit_task_constructor_msgs/include/moveit_task_constructor_msgs/moveit_task_constructor_msgs/msg/detail/sub_trajectory__type_support.cpp
[1.009s] -- Up-to-date: /home/laxmi-arz-i006/moveit_resources-ros2/install/moveit_task_constructor_msgs/include/moveit_task_constructor_msgs/moveit_task_constructor_msgs/msg/detail/task_statistics__type_support.cpp
[1.009s] -- Up-to-date: /home/laxmi-arz-i006/moveit_resources-ros2/install/moveit_task_constructor_msgs/include/moveit_task_constructor_msgs/moveit_task_constructor_msgs/msg/detail/task_description__type_support.cpp
[1.009s] -- Up-to-date: /home/laxmi-arz-i006/moveit_resources-ros2/install/moveit_task_constructor_msgs/include/moveit_task_constructor_msgs/moveit_task_constructor_msgs/msg/detail/stage_description__type_support.cpp
[1.009s] -- Up-to-date: /home/laxmi-arz-i006/moveit_resources-ros2/install/moveit_task_constructor_msgs/include/moveit_task_constructor_msgs/moveit_task_constructor_msgs/msg/detail/solution__rosidl_typesupport_introspection_cpp.hpp
[1.010s] -- Up-to-date: /home/laxmi-arz-i006/moveit_resources-ros2/install/moveit_task_constructor_msgs/include/moveit_task_constructor_msgs/moveit_task_constructor_msgs/msg/detail/stage_statistics__type_support.cpp
[1.010s] -- Up-to-date: /home/laxmi-arz-i006/moveit_resources-ros2/install/moveit_task_constructor_msgs/include/moveit_task_constructor_msgs/moveit_task_constructor_msgs/msg/detail/trajectory_execution_info__rosidl_typesupport_introspection_cpp.hpp
[1.010s] -- Up-to-date: /home/laxmi-arz-i006/moveit_resources-ros2/install/moveit_task_constructor_msgs/include/moveit_task_constructor_msgs/moveit_task_constructor_msgs/msg/detail/stage_statistics__rosidl_typesupport_introspection_cpp.hpp
[1.010s] -- Up-to-date: /home/laxmi-arz-i006/moveit_resources-ros2/install/moveit_task_constructor_msgs/include/moveit_task_constructor_msgs/moveit_task_constructor_msgs/msg/detail/trajectory_execution_info__type_support.cpp
[1.010s] -- Up-to-date: /home/laxmi-arz-i006/moveit_resources-ros2/install/moveit_task_constructor_msgs/include/moveit_task_constructor_msgs/moveit_task_constructor_msgs/msg/detail/stage_description__rosidl_typesupport_introspection_cpp.hpp
[1.010s] -- Up-to-date: /home/laxmi-arz-i006/moveit_resources-ros2/install/moveit_task_constructor_msgs/include/moveit_task_constructor_msgs/moveit_task_constructor_msgs/msg/detail/task_description__rosidl_typesupport_introspection_cpp.hpp
[1.010s] -- Up-to-date: /home/laxmi-arz-i006/moveit_resources-ros2/install/moveit_task_constructor_msgs/include/moveit_task_constructor_msgs/moveit_task_constructor_msgs/msg/detail/solution_info__type_support.cpp
[1.010s] -- Up-to-date: /home/laxmi-arz-i006/moveit_resources-ros2/install/moveit_task_constructor_msgs/include/moveit_task_constructor_msgs/moveit_task_constructor_msgs/msg/detail/property__rosidl_typesupport_introspection_cpp.hpp
[1.010s] -- Up-to-date: /home/laxmi-arz-i006/moveit_resources-ros2/install/moveit_task_constructor_msgs/include/moveit_task_constructor_msgs/moveit_task_constructor_msgs/msg/detail/sub_solution__type_support.cpp
[1.010s] -- Up-to-date: /home/laxmi-arz-i006/moveit_resources-ros2/install/moveit_task_constructor_msgs/include/moveit_task_constructor_msgs/moveit_task_constructor_msgs/msg/detail/sub_solution__rosidl_typesupport_introspection_cpp.hpp
[1.011s] -- Up-to-date: /home/laxmi-arz-i006/moveit_resources-ros2/install/moveit_task_constructor_msgs/include/moveit_task_constructor_msgs/moveit_task_constructor_msgs/msg/detail/solution_info__rosidl_typesupport_introspection_cpp.hpp
[1.011s] -- Up-to-date: /home/laxmi-arz-i006/moveit_resources-ros2/install/moveit_task_constructor_msgs/include/moveit_task_constructor_msgs/moveit_task_constructor_msgs/msg/detail/property__type_support.cpp
[1.011s] -- Up-to-date: /home/laxmi-arz-i006/moveit_resources-ros2/install/moveit_task_constructor_msgs/lib/libmoveit_task_constructor_msgs__rosidl_typesupport_introspection_cpp.so
[1.011s] -- Up-to-date: /home/laxmi-arz-i006/moveit_resources-ros2/install/moveit_task_constructor_msgs/lib/libmoveit_task_constructor_msgs__rosidl_typesupport_cpp.so
[1.011s] -- Up-to-date: /home/laxmi-arz-i006/moveit_resources-ros2/install/moveit_task_constructor_msgs/share/moveit_task_constructor_msgs/environment/pythonpath.sh
[1.011s] -- Up-to-date: /home/laxmi-arz-i006/moveit_resources-ros2/install/moveit_task_constructor_msgs/share/moveit_task_constructor_msgs/environment/pythonpath.dsv
[1.011s] -- Up-to-date: /home/laxmi-arz-i006/moveit_resources-ros2/install/moveit_task_constructor_msgs/lib/python3.12/site-packages/moveit_task_constructor_msgs-0.1.4-py3.12.egg-info
[1.011s] -- Installing: /home/laxmi-arz-i006/moveit_resources-ros2/install/moveit_task_constructor_msgs/lib/python3.12/site-packages/moveit_task_constructor_msgs-0.1.4-py3.12.egg-info/dependency_links.txt
[1.011s] -- Installing: /home/laxmi-arz-i006/moveit_resources-ros2/install/moveit_task_constructor_msgs/lib/python3.12/site-packages/moveit_task_constructor_msgs-0.1.4-py3.12.egg-info/SOURCES.txt
[1.012s] -- Installing: /home/laxmi-arz-i006/moveit_resources-ros2/install/moveit_task_constructor_msgs/lib/python3.12/site-packages/moveit_task_constructor_msgs-0.1.4-py3.12.egg-info/top_level.txt
[1.012s] -- Installing: /home/laxmi-arz-i006/moveit_resources-ros2/install/moveit_task_constructor_msgs/lib/python3.12/site-packages/moveit_task_constructor_msgs-0.1.4-py3.12.egg-info/PKG-INFO
[1.012s] -- Up-to-date: /home/laxmi-arz-i006/moveit_resources-ros2/install/moveit_task_constructor_msgs/lib/python3.12/site-packages/moveit_task_constructor_msgs
[1.012s] -- Up-to-date: /home/laxmi-arz-i006/moveit_resources-ros2/install/moveit_task_constructor_msgs/lib/python3.12/site-packages/moveit_task_constructor_msgs/moveit_task_constructor_msgs_s__rosidl_typesupport_fastrtps_c.so
[1.012s] -- Up-to-date: /home/laxmi-arz-i006/moveit_resources-ros2/install/moveit_task_constructor_msgs/lib/python3.12/site-packages/moveit_task_constructor_msgs/moveit_task_constructor_msgs_s__rosidl_typesupport_introspection_c.so
[1.012s] -- Up-to-date: /home/laxmi-arz-i006/moveit_resources-ros2/install/moveit_task_constructor_msgs/lib/python3.12/site-packages/moveit_task_constructor_msgs/_moveit_task_constructor_msgs_s.ep.rosidl_typesupport_c.c
[1.013s] -- Up-to-date: /home/laxmi-arz-i006/moveit_resources-ros2/install/moveit_task_constructor_msgs/lib/python3.12/site-packages/moveit_task_constructor_msgs/_moveit_task_constructor_msgs_s.ep.rosidl_typesupport_fastrtps_c.c
[1.013s] -- Up-to-date: /home/laxmi-arz-i006/moveit_resources-ros2/install/moveit_task_constructor_msgs/lib/python3.12/site-packages/moveit_task_constructor_msgs/_moveit_task_constructor_msgs_s.ep.rosidl_typesupport_introspection_c.c
[1.013s] -- Up-to-date: /home/laxmi-arz-i006/moveit_resources-ros2/install/moveit_task_constructor_msgs/lib/python3.12/site-packages/moveit_task_constructor_msgs/__init__.py
[1.013s] -- Up-to-date: /home/laxmi-arz-i006/moveit_resources-ros2/install/moveit_task_constructor_msgs/lib/python3.12/site-packages/moveit_task_constructor_msgs/action
[1.013s] -- Up-to-date: /home/laxmi-arz-i006/moveit_resources-ros2/install/moveit_task_constructor_msgs/lib/python3.12/site-packages/moveit_task_constructor_msgs/action/__init__.py
[1.013s] -- Up-to-date: /home/laxmi-arz-i006/moveit_resources-ros2/install/moveit_task_constructor_msgs/lib/python3.12/site-packages/moveit_task_constructor_msgs/action/_execute_task_solution_s.c
[1.013s] -- Up-to-date: /home/laxmi-arz-i006/moveit_resources-ros2/install/moveit_task_constructor_msgs/lib/python3.12/site-packages/moveit_task_constructor_msgs/action/_execute_task_solution.py
[1.013s] -- Up-to-date: /home/laxmi-arz-i006/moveit_resources-ros2/install/moveit_task_constructor_msgs/lib/python3.12/site-packages/moveit_task_constructor_msgs/srv
[1.014s] -- Up-to-date: /home/laxmi-arz-i006/moveit_resources-ros2/install/moveit_task_constructor_msgs/lib/python3.12/site-packages/moveit_task_constructor_msgs/srv/_get_solution.py
[1.014s] -- Up-to-date: /home/laxmi-arz-i006/moveit_resources-ros2/install/moveit_task_constructor_msgs/lib/python3.12/site-packages/moveit_task_constructor_msgs/srv/__init__.py
[1.014s] -- Up-to-date: /home/laxmi-arz-i006/moveit_resources-ros2/install/moveit_task_constructor_msgs/lib/python3.12/site-packages/moveit_task_constructor_msgs/srv/_get_solution_s.c
[1.014s] -- Up-to-date: /home/laxmi-arz-i006/moveit_resources-ros2/install/moveit_task_constructor_msgs/lib/python3.12/site-packages/moveit_task_constructor_msgs/msg
[1.014s] -- Up-to-date: /home/laxmi-arz-i006/moveit_resources-ros2/install/moveit_task_constructor_msgs/lib/python3.12/site-packages/moveit_task_constructor_msgs/msg/_trajectory_execution_info_s.c
[1.014s] -- Up-to-date: /home/laxmi-arz-i006/moveit_resources-ros2/install/moveit_task_constructor_msgs/lib/python3.12/site-packages/moveit_task_constructor_msgs/msg/_sub_solution_s.c
[1.014s] -- Up-to-date: /home/laxmi-arz-i006/moveit_resources-ros2/install/moveit_task_constructor_msgs/lib/python3.12/site-packages/moveit_task_constructor_msgs/msg/_stage_description.py
[1.014s] -- Up-to-date: /home/laxmi-arz-i006/moveit_resources-ros2/install/moveit_task_constructor_msgs/lib/python3.12/site-packages/moveit_task_constructor_msgs/msg/_stage_statistics_s.c
[1.015s] -- Up-to-date: /home/laxmi-arz-i006/moveit_resources-ros2/install/moveit_task_constructor_msgs/lib/python3.12/site-packages/moveit_task_constructor_msgs/msg/__init__.py
[1.015s] -- Up-to-date: /home/laxmi-arz-i006/moveit_resources-ros2/install/moveit_task_constructor_msgs/lib/python3.12/site-packages/moveit_task_constructor_msgs/msg/_sub_trajectory_s.c
[1.015s] -- Up-to-date: /home/laxmi-arz-i006/moveit_resources-ros2/install/moveit_task_constructor_msgs/lib/python3.12/site-packages/moveit_task_constructor_msgs/msg/_solution_info_s.c
[1.015s] -- Up-to-date: /home/laxmi-arz-i006/moveit_resources-ros2/install/moveit_task_constructor_msgs/lib/python3.12/site-packages/moveit_task_constructor_msgs/msg/_solution.py
[1.015s] -- Up-to-date: /home/laxmi-arz-i006/moveit_resources-ros2/install/moveit_task_constructor_msgs/lib/python3.12/site-packages/moveit_task_constructor_msgs/msg/_solution_info.py
[1.015s] -- Up-to-date: /home/laxmi-arz-i006/moveit_resources-ros2/install/moveit_task_constructor_msgs/lib/python3.12/site-packages/moveit_task_constructor_msgs/msg/_stage_description_s.c
[1.015s] -- Up-to-date: /home/laxmi-arz-i006/moveit_resources-ros2/install/moveit_task_constructor_msgs/lib/python3.12/site-packages/moveit_task_constructor_msgs/msg/_sub_trajectory.py
[1.015s] -- Up-to-date: /home/laxmi-arz-i006/moveit_resources-ros2/install/moveit_task_constructor_msgs/lib/python3.12/site-packages/moveit_task_constructor_msgs/msg/_stage_statistics.py
[1.015s] -- Up-to-date: /home/laxmi-arz-i006/moveit_resources-ros2/install/moveit_task_constructor_msgs/lib/python3.12/site-packages/moveit_task_constructor_msgs/msg/_task_statistics.py
[1.016s] -- Up-to-date: /home/laxmi-arz-i006/moveit_resources-ros2/install/moveit_task_constructor_msgs/lib/python3.12/site-packages/moveit_task_constructor_msgs/msg/_property.py
[1.016s] -- Up-to-date: /home/laxmi-arz-i006/moveit_resources-ros2/install/moveit_task_constructor_msgs/lib/python3.12/site-packages/moveit_task_constructor_msgs/msg/_task_statistics_s.c
[1.016s] -- Up-to-date: /home/laxmi-arz-i006/moveit_resources-ros2/install/moveit_task_constructor_msgs/lib/python3.12/site-packages/moveit_task_constructor_msgs/msg/_trajectory_execution_info.py
[1.016s] -- Up-to-date: /home/laxmi-arz-i006/moveit_resources-ros2/install/moveit_task_constructor_msgs/lib/python3.12/site-packages/moveit_task_constructor_msgs/msg/_sub_solution.py
[1.016s] -- Up-to-date: /home/laxmi-arz-i006/moveit_resources-ros2/install/moveit_task_constructor_msgs/lib/python3.12/site-packages/moveit_task_constructor_msgs/msg/_property_s.c
[1.016s] -- Up-to-date: /home/laxmi-arz-i006/moveit_resources-ros2/install/moveit_task_constructor_msgs/lib/python3.12/site-packages/moveit_task_constructor_msgs/msg/_solution_s.c
[1.016s] -- Up-to-date: /home/laxmi-arz-i006/moveit_resources-ros2/install/moveit_task_constructor_msgs/lib/python3.12/site-packages/moveit_task_constructor_msgs/msg/_task_description.py
[1.016s] -- Up-to-date: /home/laxmi-arz-i006/moveit_resources-ros2/install/moveit_task_constructor_msgs/lib/python3.12/site-packages/moveit_task_constructor_msgs/msg/_task_description_s.c
[1.016s] -- Up-to-date: /home/laxmi-arz-i006/moveit_resources-ros2/install/moveit_task_constructor_msgs/lib/python3.12/site-packages/moveit_task_constructor_msgs/moveit_task_constructor_msgs_s__rosidl_typesupport_c.so
[1.045s] Listing '/home/laxmi-arz-i006/moveit_resources-ros2/install/moveit_task_constructor_msgs/lib/python3.12/site-packages/moveit_task_constructor_msgs'...
[1.045s] Listing '/home/laxmi-arz-i006/moveit_resources-ros2/install/moveit_task_constructor_msgs/lib/python3.12/site-packages/moveit_task_constructor_msgs/action'...
[1.046s] Listing '/home/laxmi-arz-i006/moveit_resources-ros2/install/moveit_task_constructor_msgs/lib/python3.12/site-packages/moveit_task_constructor_msgs/msg'...
[1.046s] Listing '/home/laxmi-arz-i006/moveit_resources-ros2/install/moveit_task_constructor_msgs/lib/python3.12/site-packages/moveit_task_constructor_msgs/srv'...
[1.054s] -- Up-to-date: /home/laxmi-arz-i006/moveit_resources-ros2/install/moveit_task_constructor_msgs/lib/python3.12/site-packages/moveit_task_constructor_msgs/moveit_task_constructor_msgs_s__rosidl_typesupport_fastrtps_c.so
[1.055s] -- Up-to-date: /home/laxmi-arz-i006/moveit_resources-ros2/install/moveit_task_constructor_msgs/lib/python3.12/site-packages/moveit_task_constructor_msgs/moveit_task_constructor_msgs_s__rosidl_typesupport_introspection_c.so
[1.056s] -- Up-to-date: /home/laxmi-arz-i006/moveit_resources-ros2/install/moveit_task_constructor_msgs/lib/python3.12/site-packages/moveit_task_constructor_msgs/moveit_task_constructor_msgs_s__rosidl_typesupport_c.so
[1.056s] -- Up-to-date: /home/laxmi-arz-i006/moveit_resources-ros2/install/moveit_task_constructor_msgs/lib/libmoveit_task_constructor_msgs__rosidl_generator_py.so
[1.057s] -- Up-to-date: /home/laxmi-arz-i006/moveit_resources-ros2/install/moveit_task_constructor_msgs/share/moveit_task_constructor_msgs/msg/Property.idl
[1.057s] -- Up-to-date: /home/laxmi-arz-i006/moveit_resources-ros2/install/moveit_task_constructor_msgs/share/moveit_task_constructor_msgs/msg/Solution.idl
[1.057s] -- Up-to-date: /home/laxmi-arz-i006/moveit_resources-ros2/install/moveit_task_constructor_msgs/share/moveit_task_constructor_msgs/msg/SolutionInfo.idl
[1.057s] -- Up-to-date: /home/laxmi-arz-i006/moveit_resources-ros2/install/moveit_task_constructor_msgs/share/moveit_task_constructor_msgs/msg/StageDescription.idl
[1.058s] -- Up-to-date: /home/laxmi-arz-i006/moveit_resources-ros2/install/moveit_task_constructor_msgs/share/moveit_task_constructor_msgs/msg/StageStatistics.idl
[1.058s] -- Up-to-date: /home/laxmi-arz-i006/moveit_resources-ros2/install/moveit_task_constructor_msgs/share/moveit_task_constructor_msgs/msg/SubSolution.idl
[1.058s] -- Up-to-date: /home/laxmi-arz-i006/moveit_resources-ros2/install/moveit_task_constructor_msgs/share/moveit_task_constructor_msgs/msg/SubTrajectory.idl
[1.058s] -- Up-to-date: /home/laxmi-arz-i006/moveit_resources-ros2/install/moveit_task_constructor_msgs/share/moveit_task_constructor_msgs/msg/TaskDescription.idl
[1.058s] -- Up-to-date: /home/laxmi-arz-i006/moveit_resources-ros2/install/moveit_task_constructor_msgs/share/moveit_task_constructor_msgs/msg/TaskStatistics.idl
[1.059s] -- Up-to-date: /home/laxmi-arz-i006/moveit_resources-ros2/install/moveit_task_constructor_msgs/share/moveit_task_constructor_msgs/msg/TrajectoryExecutionInfo.idl
[1.059s] -- Up-to-date: /home/laxmi-arz-i006/moveit_resources-ros2/install/moveit_task_constructor_msgs/share/moveit_task_constructor_msgs/srv/GetSolution.idl
[1.059s] -- Up-to-date: /home/laxmi-arz-i006/moveit_resources-ros2/install/moveit_task_constructor_msgs/share/moveit_task_constructor_msgs/action/ExecuteTaskSolution.idl
[1.059s] -- Up-to-date: /home/laxmi-arz-i006/moveit_resources-ros2/install/moveit_task_constructor_msgs/share/moveit_task_constructor_msgs/msg/Property.msg
[1.059s] -- Up-to-date: /home/laxmi-arz-i006/moveit_resources-ros2/install/moveit_task_constructor_msgs/share/moveit_task_constructor_msgs/msg/Solution.msg
[1.060s] -- Up-to-date: /home/laxmi-arz-i006/moveit_resources-ros2/install/moveit_task_constructor_msgs/share/moveit_task_constructor_msgs/msg/SolutionInfo.msg
[1.060s] -- Up-to-date: /home/laxmi-arz-i006/moveit_resources-ros2/install/moveit_task_constructor_msgs/share/moveit_task_constructor_msgs/msg/StageDescription.msg
[1.060s] -- Up-to-date: /home/laxmi-arz-i006/moveit_resources-ros2/install/moveit_task_constructor_msgs/share/moveit_task_constructor_msgs/msg/StageStatistics.msg
[1.060s] -- Up-to-date: /home/laxmi-arz-i006/moveit_resources-ros2/install/moveit_task_constructor_msgs/share/moveit_task_constructor_msgs/msg/SubSolution.msg
[1.060s] -- Up-to-date: /home/laxmi-arz-i006/moveit_resources-ros2/install/moveit_task_constructor_msgs/share/moveit_task_constructor_msgs/msg/SubTrajectory.msg
[1.060s] -- Up-to-date: /home/laxmi-arz-i006/moveit_resources-ros2/install/moveit_task_constructor_msgs/share/moveit_task_constructor_msgs/msg/TaskDescription.msg
[1.061s] -- Up-to-date: /home/laxmi-arz-i006/moveit_resources-ros2/install/moveit_task_constructor_msgs/share/moveit_task_constructor_msgs/msg/TaskStatistics.msg
[1.061s] -- Up-to-date: /home/laxmi-arz-i006/moveit_resources-ros2/install/moveit_task_constructor_msgs/share/moveit_task_constructor_msgs/msg/TrajectoryExecutionInfo.msg
[1.061s] -- Up-to-date: /home/laxmi-arz-i006/moveit_resources-ros2/install/moveit_task_constructor_msgs/share/moveit_task_constructor_msgs/srv/GetSolution.srv
[1.061s] -- Up-to-date: /home/laxmi-arz-i006/moveit_resources-ros2/install/moveit_task_constructor_msgs/share/moveit_task_constructor_msgs/action/ExecuteTaskSolution.action
[1.061s] -- Up-to-date: /home/laxmi-arz-i006/moveit_resources-ros2/install/moveit_task_constructor_msgs/share/ament_index/resource_index/package_run_dependencies/moveit_task_constructor_msgs
[1.062s] -- Up-to-date: /home/laxmi-arz-i006/moveit_resources-ros2/install/moveit_task_constructor_msgs/share/ament_index/resource_index/parent_prefix_path/moveit_task_constructor_msgs
[1.062s] -- Up-to-date: /home/laxmi-arz-i006/moveit_resources-ros2/install/moveit_task_constructor_msgs/share/moveit_task_constructor_msgs/environment/ament_prefix_path.sh
[1.062s] -- Up-to-date: /home/laxmi-arz-i006/moveit_resources-ros2/install/moveit_task_constructor_msgs/share/moveit_task_constructor_msgs/environment/ament_prefix_path.dsv
[1.062s] -- Up-to-date: /home/laxmi-arz-i006/moveit_resources-ros2/install/moveit_task_constructor_msgs/share/moveit_task_constructor_msgs/environment/path.sh
[1.062s] -- Up-to-date: /home/laxmi-arz-i006/moveit_resources-ros2/install/moveit_task_constructor_msgs/share/moveit_task_constructor_msgs/environment/path.dsv
[1.062s] -- Up-to-date: /home/laxmi-arz-i006/moveit_resources-ros2/install/moveit_task_constructor_msgs/share/moveit_task_constructor_msgs/local_setup.bash
[1.062s] -- Up-to-date: /home/laxmi-arz-i006/moveit_resources-ros2/install/moveit_task_constructor_msgs/share/moveit_task_constructor_msgs/local_setup.sh
[1.063s] -- Up-to-date: /home/laxmi-arz-i006/moveit_resources-ros2/install/moveit_task_constructor_msgs/share/moveit_task_constructor_msgs/local_setup.zsh
[1.063s] -- Up-to-date: /home/laxmi-arz-i006/moveit_resources-ros2/install/moveit_task_constructor_msgs/share/moveit_task_constructor_msgs/local_setup.dsv
[1.063s] -- Installing: /home/laxmi-arz-i006/moveit_resources-ros2/install/moveit_task_constructor_msgs/share/moveit_task_constructor_msgs/package.dsv
[1.063s] -- Up-to-date: /home/laxmi-arz-i006/moveit_resources-ros2/install/moveit_task_constructor_msgs/share/ament_index/resource_index/packages/moveit_task_constructor_msgs
[1.063s] -- Up-to-date: /home/laxmi-arz-i006/moveit_resources-ros2/install/moveit_task_constructor_msgs/share/moveit_task_constructor_msgs/cmake/export_moveit_task_constructor_msgs__rosidl_generator_cExport.cmake
[1.063s] -- Up-to-date: /home/laxmi-arz-i006/moveit_resources-ros2/install/moveit_task_constructor_msgs/share/moveit_task_constructor_msgs/cmake/export_moveit_task_constructor_msgs__rosidl_generator_cExport-noconfig.cmake
[1.064s] -- Up-to-date: /home/laxmi-arz-i006/moveit_resources-ros2/install/moveit_task_constructor_msgs/share/moveit_task_constructor_msgs/cmake/export_moveit_task_constructor_msgs__rosidl_typesupport_fastrtps_cExport.cmake
[1.064s] -- Up-to-date: /home/laxmi-arz-i006/moveit_resources-ros2/install/moveit_task_constructor_msgs/share/moveit_task_constructor_msgs/cmake/export_moveit_task_constructor_msgs__rosidl_typesupport_fastrtps_cExport-noconfig.cmake
[1.064s] -- Up-to-date: /home/laxmi-arz-i006/moveit_resources-ros2/install/moveit_task_constructor_msgs/share/moveit_task_constructor_msgs/cmake/export_moveit_task_constructor_msgs__rosidl_generator_cppExport.cmake
[1.064s] -- Up-to-date: /home/laxmi-arz-i006/moveit_resources-ros2/install/moveit_task_constructor_msgs/share/moveit_task_constructor_msgs/cmake/export_moveit_task_constructor_msgs__rosidl_typesupport_fastrtps_cppExport.cmake
[1.064s] -- Up-to-date: /home/laxmi-arz-i006/moveit_resources-ros2/install/moveit_task_constructor_msgs/share/moveit_task_constructor_msgs/cmake/export_moveit_task_constructor_msgs__rosidl_typesupport_fastrtps_cppExport-noconfig.cmake
[1.065s] -- Up-to-date: /home/laxmi-arz-i006/moveit_resources-ros2/install/moveit_task_constructor_msgs/share/moveit_task_constructor_msgs/cmake/moveit_task_constructor_msgs__rosidl_typesupport_introspection_cExport.cmake
[1.065s] -- Up-to-date: /home/laxmi-arz-i006/moveit_resources-ros2/install/moveit_task_constructor_msgs/share/moveit_task_constructor_msgs/cmake/moveit_task_constructor_msgs__rosidl_typesupport_introspection_cExport-noconfig.cmake
[1.065s] -- Up-to-date: /home/laxmi-arz-i006/moveit_resources-ros2/install/moveit_task_constructor_msgs/share/moveit_task_constructor_msgs/cmake/moveit_task_constructor_msgs__rosidl_typesupport_cExport.cmake
[1.065s] -- Up-to-date: /home/laxmi-arz-i006/moveit_resources-ros2/install/moveit_task_constructor_msgs/share/moveit_task_constructor_msgs/cmake/moveit_task_constructor_msgs__rosidl_typesupport_cExport-noconfig.cmake
[1.065s] -- Up-to-date: /home/laxmi-arz-i006/moveit_resources-ros2/install/moveit_task_constructor_msgs/share/moveit_task_constructor_msgs/cmake/moveit_task_constructor_msgs__rosidl_typesupport_introspection_cppExport.cmake
[1.065s] -- Up-to-date: /home/laxmi-arz-i006/moveit_resources-ros2/install/moveit_task_constructor_msgs/share/moveit_task_constructor_msgs/cmake/moveit_task_constructor_msgs__rosidl_typesupport_introspection_cppExport-noconfig.cmake
[1.066s] -- Up-to-date: /home/laxmi-arz-i006/moveit_resources-ros2/install/moveit_task_constructor_msgs/share/moveit_task_constructor_msgs/cmake/moveit_task_constructor_msgs__rosidl_typesupport_cppExport.cmake
[1.066s] -- Up-to-date: /home/laxmi-arz-i006/moveit_resources-ros2/install/moveit_task_constructor_msgs/share/moveit_task_constructor_msgs/cmake/moveit_task_constructor_msgs__rosidl_typesupport_cppExport-noconfig.cmake
[1.066s] -- Up-to-date: /home/laxmi-arz-i006/moveit_resources-ros2/install/moveit_task_constructor_msgs/share/moveit_task_constructor_msgs/cmake/export_moveit_task_constructor_msgs__rosidl_generator_pyExport.cmake
[1.066s] -- Up-to-date: /home/laxmi-arz-i006/moveit_resources-ros2/install/moveit_task_constructor_msgs/share/moveit_task_constructor_msgs/cmake/export_moveit_task_constructor_msgs__rosidl_generator_pyExport-noconfig.cmake
[1.066s] -- Up-to-date: /home/laxmi-arz-i006/moveit_resources-ros2/install/moveit_task_constructor_msgs/share/moveit_task_constructor_msgs/cmake/rosidl_cmake-extras.cmake
[1.067s] -- Up-to-date: /home/laxmi-arz-i006/moveit_resources-ros2/install/moveit_task_constructor_msgs/share/moveit_task_constructor_msgs/cmake/ament_cmake_export_dependencies-extras.cmake
[1.067s] -- Up-to-date: /home/laxmi-arz-i006/moveit_resources-ros2/install/moveit_task_constructor_msgs/share/moveit_task_constructor_msgs/cmake/ament_cmake_export_include_directories-extras.cmake
[1.067s] -- Up-to-date: /home/laxmi-arz-i006/moveit_resources-ros2/install/moveit_task_constructor_msgs/share/moveit_task_constructor_msgs/cmake/ament_cmake_export_libraries-extras.cmake
[1.067s] -- Up-to-date: /home/laxmi-arz-i006/moveit_resources-ros2/install/moveit_task_constructor_msgs/share/moveit_task_constructor_msgs/cmake/ament_cmake_export_targets-extras.cmake
[1.067s] -- Up-to-date: /home/laxmi-arz-i006/moveit_resources-ros2/install/moveit_task_constructor_msgs/share/moveit_task_constructor_msgs/cmake/rosidl_cmake_export_typesupport_targets-extras.cmake
[1.067s] -- Up-to-date: /home/laxmi-arz-i006/moveit_resources-ros2/install/moveit_task_constructor_msgs/share/moveit_task_constructor_msgs/cmake/rosidl_cmake_export_typesupport_libraries-extras.cmake
[1.068s] -- Up-to-date: /home/laxmi-arz-i006/moveit_resources-ros2/install/moveit_task_constructor_msgs/share/moveit_task_constructor_msgs/cmake/moveit_task_constructor_msgsConfig.cmake
[1.068s] -- Up-to-date: /home/laxmi-arz-i006/moveit_resources-ros2/install/moveit_task_constructor_msgs/share/moveit_task_constructor_msgs/cmake/moveit_task_constructor_msgsConfig-version.cmake
[1.068s] -- Up-to-date: /home/laxmi-arz-i006/moveit_resources-ros2/install/moveit_task_constructor_msgs/share/moveit_task_constructor_msgs/package.xml
[1.072s] Invoked command in '/home/laxmi-arz-i006/moveit_resources-ros2/build/moveit_task_constructor_msgs' returned '0': CMAKE_PREFIX_PATH=${CMAKE_PREFIX_PATH}:/opt/ros/jazzy DEBUGINFOD_URLS=https://debuginfod.ubuntu.com /usr/bin/cmake --install /home/laxmi-arz-i006/moveit_resources-ros2/build/moveit_task_constructor_msgs
