[0.292s] Invoking command in '/home/laxmi-arz-i006/moveit_resources-ros2/build/mycobot_mtc_demos': CMAKE_PREFIX_PATH=${CMAKE_PREFIX_PATH}:/opt/ros/jazzy DEBUGINFOD_URLS=https://debuginfod.ubuntu.com /usr/bin/cmake --build /home/laxmi-arz-i006/moveit_resources-ros2/build/mycobot_mtc_demos -- -j16 -l16
[0.395s] [ 16%] Built target ik_clearance_cost_parameters
[0.396s] [ 25%] [32mBuilding CXX object CMakeFiles/mycobot_mtc_demos_modular.dir/src/modular.cpp.o[0m
[0.398s] [ 33%] [32mBuilding CXX object CMakeFiles/mycobot_mtc_demos_fallbacks_move_to.dir/src/fallbacks_move_to.cpp.o[0m
[0.398s] [ 41%] [32mBuilding CXX object CMakeFiles/mycobot_mtc_demos_cartesian.dir/src/cartesian.cpp.o[0m
[0.399s] [ 50%] [32mBuilding CXX object CMakeFiles/mycobot_mtc_demos_alternative_path_costs.dir/src/alternative_path_costs.cpp.o[0m
[0.434s] [ 58%] [32mBuilding CXX object CMakeFiles/mycobot_mtc_demos_ik_clearance_cost.dir/src/ik_clearance_cost.cpp.o[0m
[10.658s] [ 66%] [32m[1mLinking CXX executable modular[0m
[10.904s] [ 75%] [32m[1mLinking CXX executable cartesian[0m
[11.259s] [ 75%] Built target mycobot_mtc_demos_modular
[11.336s] [ 75%] Built target mycobot_mtc_demos_cartesian
[11.675s] [ 83%] [32m[1mLinking CXX executable ik_clearance_cost[0m
[12.064s] [ 83%] Built target mycobot_mtc_demos_ik_clearance_cost
[12.645s] [ 91%] [32m[1mLinking CXX executable alternative_path_costs[0m
[13.006s] [ 91%] Built target mycobot_mtc_demos_alternative_path_costs
[13.584s] [100%] [32m[1mLinking CXX executable fallbacks_move_to[0m
[13.986s] [100%] Built target mycobot_mtc_demos_fallbacks_move_to
[14.001s] Invoked command in '/home/laxmi-arz-i006/moveit_resources-ros2/build/mycobot_mtc_demos' returned '0': CMAKE_PREFIX_PATH=${CMAKE_PREFIX_PATH}:/opt/ros/jazzy DEBUGINFOD_URLS=https://debuginfod.ubuntu.com /usr/bin/cmake --build /home/laxmi-arz-i006/moveit_resources-ros2/build/mycobot_mtc_demos -- -j16 -l16
[14.004s] Invoking command in '/home/laxmi-arz-i006/moveit_resources-ros2/build/mycobot_mtc_demos': CMAKE_PREFIX_PATH=${CMAKE_PREFIX_PATH}:/opt/ros/jazzy DEBUGINFOD_URLS=https://debuginfod.ubuntu.com /usr/bin/cmake --install /home/laxmi-arz-i006/moveit_resources-ros2/build/mycobot_mtc_demos
[14.021s] -- Install configuration: "Release"
[14.022s] -- Installing: /home/laxmi-arz-i006/moveit_resources-ros2/install/mycobot_mtc_demos/lib/mycobot_mtc_demos/alternative_path_costs
[14.023s] -- Set non-toolchain portion of runtime path of "/home/laxmi-arz-i006/moveit_resources-ros2/install/mycobot_mtc_demos/lib/mycobot_mtc_demos/alternative_path_costs" to ""
[14.023s] -- Installing: /home/laxmi-arz-i006/moveit_resources-ros2/install/mycobot_mtc_demos/lib/mycobot_mtc_demos/cartesian
[14.024s] -- Set non-toolchain portion of runtime path of "/home/laxmi-arz-i006/moveit_resources-ros2/install/mycobot_mtc_demos/lib/mycobot_mtc_demos/cartesian" to ""
[14.024s] -- Installing: /home/laxmi-arz-i006/moveit_resources-ros2/install/mycobot_mtc_demos/lib/mycobot_mtc_demos/fallbacks_move_to
[14.025s] -- Set non-toolchain portion of runtime path of "/home/laxmi-arz-i006/moveit_resources-ros2/install/mycobot_mtc_demos/lib/mycobot_mtc_demos/fallbacks_move_to" to ""
[14.025s] -- Installing: /home/laxmi-arz-i006/moveit_resources-ros2/install/mycobot_mtc_demos/include/mycobot_mtc_demos
[14.026s] -- Installing: /home/laxmi-arz-i006/moveit_resources-ros2/install/mycobot_mtc_demos/include/mycobot_mtc_demos/ik_clearance_cost_parameters.hpp
[14.026s] -- Installing: /home/laxmi-arz-i006/moveit_resources-ros2/install/mycobot_mtc_demos/lib/mycobot_mtc_demos/ik_clearance_cost
[14.027s] -- Set non-toolchain portion of runtime path of "/home/laxmi-arz-i006/moveit_resources-ros2/install/mycobot_mtc_demos/lib/mycobot_mtc_demos/ik_clearance_cost" to ""
[14.027s] -- Installing: /home/laxmi-arz-i006/moveit_resources-ros2/install/mycobot_mtc_demos/lib/mycobot_mtc_demos/modular
[14.028s] -- Set non-toolchain portion of runtime path of "/home/laxmi-arz-i006/moveit_resources-ros2/install/mycobot_mtc_demos/lib/mycobot_mtc_demos/modular" to ""
[14.028s] -- Installing: /home/laxmi-arz-i006/moveit_resources-ros2/install/mycobot_mtc_demos/share/mycobot_mtc_demos/launch
[14.028s] -- Installing: /home/laxmi-arz-i006/moveit_resources-ros2/install/mycobot_mtc_demos/share/mycobot_mtc_demos/launch/mtc_demos.launch.py
[14.028s] -- Installing: /home/laxmi-arz-i006/moveit_resources-ros2/install/mycobot_mtc_demos/share/mycobot_mtc_demos/rviz
[14.029s] -- Installing: /home/laxmi-arz-i006/moveit_resources-ros2/install/mycobot_mtc_demos/share/mycobot_mtc_demos/rviz/mtc_demos.rviz
[14.029s] -- Installing: /home/laxmi-arz-i006/moveit_resources-ros2/install/mycobot_mtc_demos/share/ament_index/resource_index/package_run_dependencies/mycobot_mtc_demos
[14.030s] -- Installing: /home/laxmi-arz-i006/moveit_resources-ros2/install/mycobot_mtc_demos/share/ament_index/resource_index/parent_prefix_path/mycobot_mtc_demos
[14.030s] -- Installing: /home/laxmi-arz-i006/moveit_resources-ros2/install/mycobot_mtc_demos/share/mycobot_mtc_demos/environment/ament_prefix_path.sh
[14.030s] -- Installing: /home/laxmi-arz-i006/moveit_resources-ros2/install/mycobot_mtc_demos/share/mycobot_mtc_demos/environment/ament_prefix_path.dsv
[14.031s] -- Installing: /home/laxmi-arz-i006/moveit_resources-ros2/install/mycobot_mtc_demos/share/mycobot_mtc_demos/environment/path.sh
[14.031s] -- Installing: /home/laxmi-arz-i006/moveit_resources-ros2/install/mycobot_mtc_demos/share/mycobot_mtc_demos/environment/path.dsv
[14.032s] -- Installing: /home/laxmi-arz-i006/moveit_resources-ros2/install/mycobot_mtc_demos/share/mycobot_mtc_demos/local_setup.bash
[14.032s] -- Installing: /home/laxmi-arz-i006/moveit_resources-ros2/install/mycobot_mtc_demos/share/mycobot_mtc_demos/local_setup.sh
[14.032s] -- Installing: /home/laxmi-arz-i006/moveit_resources-ros2/install/mycobot_mtc_demos/share/mycobot_mtc_demos/local_setup.zsh
[14.033s] -- Installing: /home/laxmi-arz-i006/moveit_resources-ros2/install/mycobot_mtc_demos/share/mycobot_mtc_demos/local_setup.dsv
[14.033s] -- Installing: /home/laxmi-arz-i006/moveit_resources-ros2/install/mycobot_mtc_demos/share/mycobot_mtc_demos/package.dsv
[14.033s] -- Installing: /home/laxmi-arz-i006/moveit_resources-ros2/install/mycobot_mtc_demos/share/ament_index/resource_index/packages/mycobot_mtc_demos
[14.033s] -- Installing: /home/laxmi-arz-i006/moveit_resources-ros2/install/mycobot_mtc_demos/share/mycobot_mtc_demos/cmake/mycobot_mtc_demosConfig.cmake
[14.033s] -- Installing: /home/laxmi-arz-i006/moveit_resources-ros2/install/mycobot_mtc_demos/share/mycobot_mtc_demos/cmake/mycobot_mtc_demosConfig-version.cmake
[14.034s] -- Installing: /home/laxmi-arz-i006/moveit_resources-ros2/install/mycobot_mtc_demos/share/mycobot_mtc_demos/package.xml
[14.036s] Invoked command in '/home/laxmi-arz-i006/moveit_resources-ros2/build/mycobot_mtc_demos' returned '0': CMAKE_PREFIX_PATH=${CMAKE_PREFIX_PATH}:/opt/ros/jazzy DEBUGINFOD_URLS=https://debuginfod.ubuntu.com /usr/bin/cmake --install /home/laxmi-arz-i006/moveit_resources-ros2/build/mycobot_mtc_demos
