[0.037s] Invoking command in '/home/laxmi-arz-i006/moveit_resources-ros2/build/moveit_resources_pr2_description': CMAKE_PREFIX_PATH=${CMAKE_PREFIX_PATH}:/opt/ros/jazzy DEBUGINFOD_URLS=https://debuginfod.ubuntu.com /usr/bin/cmake /home/laxmi-arz-i006/moveit_resources-ros2/pr2_description -DCMAKE_INSTALL_PREFIX=/home/laxmi-arz-i006/moveit_resources-ros2/install/moveit_resources_pr2_description
[0.417s] -- The C compiler identification is GNU 13.3.0
[0.417s] -- The CXX compiler identification is GNU 13.3.0
[0.417s] -- Detecting C compiler ABI info
[0.417s] -- Detecting C compiler ABI info - done
[0.417s] -- Check for working C compiler: /usr/bin/cc - skipped
[0.417s] -- Detecting C compile features
[0.417s] -- Detecting C compile features - done
[0.418s] -- Detecting CXX compiler ABI info
[0.553s] -- Detecting CXX compiler ABI info - done
[0.565s] -- Check for working CXX compiler: /usr/bin/c++ - skipped
[0.566s] -- Detecting CXX compile features
[0.566s] -- Detecting CXX compile features - done
[0.586s] -- Found ament_cmake: 2.5.4 (/opt/ros/jazzy/share/ament_cmake/cmake)
[0.807s] -- Found Python3: /usr/bin/python3 (found version "3.12.3") found components: Interpreter 
[1.177s] -- Configuring done (1.1s)
[1.182s] -- Generating done (0.0s)
[1.184s] -- Build files have been written to: /home/laxmi-arz-i006/moveit_resources-ros2/build/moveit_resources_pr2_description
[1.191s] Invoked command in '/home/laxmi-arz-i006/moveit_resources-ros2/build/moveit_resources_pr2_description' returned '0': CMAKE_PREFIX_PATH=${CMAKE_PREFIX_PATH}:/opt/ros/jazzy DEBUGINFOD_URLS=https://debuginfod.ubuntu.com /usr/bin/cmake /home/laxmi-arz-i006/moveit_resources-ros2/pr2_description -DCMAKE_INSTALL_PREFIX=/home/laxmi-arz-i006/moveit_resources-ros2/install/moveit_resources_pr2_description
[1.192s] Invoking command in '/home/laxmi-arz-i006/moveit_resources-ros2/build/moveit_resources_pr2_description': CMAKE_PREFIX_PATH=${CMAKE_PREFIX_PATH}:/opt/ros/jazzy DEBUGINFOD_URLS=https://debuginfod.ubuntu.com /usr/bin/cmake --build /home/laxmi-arz-i006/moveit_resources-ros2/build/moveit_resources_pr2_description -- -j16 -l16
[1.251s] Invoked command in '/home/laxmi-arz-i006/moveit_resources-ros2/build/moveit_resources_pr2_description' returned '0': CMAKE_PREFIX_PATH=${CMAKE_PREFIX_PATH}:/opt/ros/jazzy DEBUGINFOD_URLS=https://debuginfod.ubuntu.com /usr/bin/cmake --build /home/laxmi-arz-i006/moveit_resources-ros2/build/moveit_resources_pr2_description -- -j16 -l16
[1.252s] Invoking command in '/home/laxmi-arz-i006/moveit_resources-ros2/build/moveit_resources_pr2_description': CMAKE_PREFIX_PATH=${CMAKE_PREFIX_PATH}:/opt/ros/jazzy DEBUGINFOD_URLS=https://debuginfod.ubuntu.com /usr/bin/cmake --install /home/laxmi-arz-i006/moveit_resources-ros2/build/moveit_resources_pr2_description
[1.265s] -- Install configuration: ""
[1.265s] -- Installing: /home/laxmi-arz-i006/moveit_resources-ros2/install/moveit_resources_pr2_description/share/ament_index/resource_index/package_run_dependencies/moveit_resources_pr2_description
[1.265s] -- Installing: /home/laxmi-arz-i006/moveit_resources-ros2/install/moveit_resources_pr2_description/share/ament_index/resource_index/parent_prefix_path/moveit_resources_pr2_description
[1.266s] -- Installing: /home/laxmi-arz-i006/moveit_resources-ros2/install/moveit_resources_pr2_description/share/moveit_resources_pr2_description/environment/ament_prefix_path.sh
[1.266s] -- Installing: /home/laxmi-arz-i006/moveit_resources-ros2/install/moveit_resources_pr2_description/share/moveit_resources_pr2_description/environment/ament_prefix_path.dsv
[1.266s] -- Installing: /home/laxmi-arz-i006/moveit_resources-ros2/install/moveit_resources_pr2_description/share/moveit_resources_pr2_description/environment/path.sh
[1.266s] -- Installing: /home/laxmi-arz-i006/moveit_resources-ros2/install/moveit_resources_pr2_description/share/moveit_resources_pr2_description/environment/path.dsv
[1.266s] -- Installing: /home/laxmi-arz-i006/moveit_resources-ros2/install/moveit_resources_pr2_description/share/moveit_resources_pr2_description/local_setup.bash
[1.267s] -- Installing: /home/laxmi-arz-i006/moveit_resources-ros2/install/moveit_resources_pr2_description/share/moveit_resources_pr2_description/local_setup.sh
[1.267s] -- Installing: /home/laxmi-arz-i006/moveit_resources-ros2/install/moveit_resources_pr2_description/share/moveit_resources_pr2_description/local_setup.zsh
[1.267s] -- Installing: /home/laxmi-arz-i006/moveit_resources-ros2/install/moveit_resources_pr2_description/share/moveit_resources_pr2_description/local_setup.dsv
[1.267s] -- Installing: /home/laxmi-arz-i006/moveit_resources-ros2/install/moveit_resources_pr2_description/share/moveit_resources_pr2_description/package.dsv
[1.268s] -- Installing: /home/laxmi-arz-i006/moveit_resources-ros2/install/moveit_resources_pr2_description/share/ament_index/resource_index/packages/moveit_resources_pr2_description
[1.268s] -- Installing: /home/laxmi-arz-i006/moveit_resources-ros2/install/moveit_resources_pr2_description/share/moveit_resources_pr2_description/cmake/moveit_resources_pr2_descriptionConfig.cmake
[1.268s] -- Installing: /home/laxmi-arz-i006/moveit_resources-ros2/install/moveit_resources_pr2_description/share/moveit_resources_pr2_description/cmake/moveit_resources_pr2_descriptionConfig-version.cmake
[1.268s] -- Installing: /home/laxmi-arz-i006/moveit_resources-ros2/install/moveit_resources_pr2_description/share/moveit_resources_pr2_description/package.xml
[1.268s] -- Installing: /home/laxmi-arz-i006/moveit_resources-ros2/install/moveit_resources_pr2_description/share/moveit_resources_pr2_description/srdf
[1.269s] -- Installing: /home/laxmi-arz-i006/moveit_resources-ros2/install/moveit_resources_pr2_description/share/moveit_resources_pr2_description/srdf/robot.xml
[1.270s] -- Installing: /home/laxmi-arz-i006/moveit_resources-ros2/install/moveit_resources_pr2_description/share/moveit_resources_pr2_description/urdf
[1.270s] -- Installing: /home/laxmi-arz-i006/moveit_resources-ros2/install/moveit_resources_pr2_description/share/moveit_resources_pr2_description/urdf/robot.xml
[1.271s] -- Installing: /home/laxmi-arz-i006/moveit_resources-ros2/install/moveit_resources_pr2_description/share/moveit_resources_pr2_description/urdf/meshes
[1.271s] -- Installing: /home/laxmi-arz-i006/moveit_resources-ros2/install/moveit_resources_pr2_description/share/moveit_resources_pr2_description/urdf/meshes/base_v0
[1.271s] -- Installing: /home/laxmi-arz-i006/moveit_resources-ros2/install/moveit_resources_pr2_description/share/moveit_resources_pr2_description/urdf/meshes/base_v0/caster_L.stl
[1.271s] -- Installing: /home/laxmi-arz-i006/moveit_resources-ros2/install/moveit_resources_pr2_description/share/moveit_resources_pr2_description/urdf/meshes/base_v0/base_L.stl
[1.271s] -- Installing: /home/laxmi-arz-i006/moveit_resources-ros2/install/moveit_resources_pr2_description/share/moveit_resources_pr2_description/urdf/meshes/base_v0/base.dae
[1.272s] -- Installing: /home/laxmi-arz-i006/moveit_resources-ros2/install/moveit_resources_pr2_description/share/moveit_resources_pr2_description/urdf/meshes/base_v0/base_color.tif
[1.272s] -- Installing: /home/laxmi-arz-i006/moveit_resources-ros2/install/moveit_resources_pr2_description/share/moveit_resources_pr2_description/urdf/meshes/base_v0/caster.stl
[1.272s] -- Installing: /home/laxmi-arz-i006/moveit_resources-ros2/install/moveit_resources_pr2_description/share/moveit_resources_pr2_description/urdf/meshes/base_v0/wheel_h_color.tif
[1.272s] -- Installing: /home/laxmi-arz-i006/moveit_resources-ros2/install/moveit_resources_pr2_description/share/moveit_resources_pr2_description/urdf/meshes/base_v0/convex
[1.272s] -- Installing: /home/laxmi-arz-i006/moveit_resources-ros2/install/moveit_resources_pr2_description/share/moveit_resources_pr2_description/urdf/meshes/base_v0/convex/base_L_convex.stlb
[1.273s] -- Installing: /home/laxmi-arz-i006/moveit_resources-ros2/install/moveit_resources_pr2_description/share/moveit_resources_pr2_description/urdf/meshes/base_v0/convex/base_convex.stlb
[1.273s] -- Installing: /home/laxmi-arz-i006/moveit_resources-ros2/install/moveit_resources_pr2_description/share/moveit_resources_pr2_description/urdf/meshes/base_v0/convex/base_L.dae
[1.273s] -- Installing: /home/laxmi-arz-i006/moveit_resources-ros2/install/moveit_resources_pr2_description/share/moveit_resources_pr2_description/urdf/meshes/base_v0/convex/base.xml
[1.273s] -- Installing: /home/laxmi-arz-i006/moveit_resources-ros2/install/moveit_resources_pr2_description/share/moveit_resources_pr2_description/urdf/meshes/base_v0/convex/base.dae
[1.273s] -- Installing: /home/laxmi-arz-i006/moveit_resources-ros2/install/moveit_resources_pr2_description/share/moveit_resources_pr2_description/urdf/meshes/base_v0/convex/pr2_wheel.dae
[1.273s] -- Installing: /home/laxmi-arz-i006/moveit_resources-ros2/install/moveit_resources_pr2_description/share/moveit_resources_pr2_description/urdf/meshes/base_v0/convex/caster_L.dae
[1.274s] -- Installing: /home/laxmi-arz-i006/moveit_resources-ros2/install/moveit_resources_pr2_description/share/moveit_resources_pr2_description/urdf/meshes/base_v0/convex/pr2_wheel.xml
[1.274s] -- Installing: /home/laxmi-arz-i006/moveit_resources-ros2/install/moveit_resources_pr2_description/share/moveit_resources_pr2_description/urdf/meshes/base_v0/convex/caster_convex.stla
[1.274s] -- Installing: /home/laxmi-arz-i006/moveit_resources-ros2/install/moveit_resources_pr2_description/share/moveit_resources_pr2_description/urdf/meshes/base_v0/convex/base_L.xml
[1.274s] -- Installing: /home/laxmi-arz-i006/moveit_resources-ros2/install/moveit_resources_pr2_description/share/moveit_resources_pr2_description/urdf/meshes/base_v0/convex/wheel_convex.stlb
[1.274s] -- Installing: /home/laxmi-arz-i006/moveit_resources-ros2/install/moveit_resources_pr2_description/share/moveit_resources_pr2_description/urdf/meshes/base_v0/convex/caster_L_convex.stlb
[1.275s] -- Installing: /home/laxmi-arz-i006/moveit_resources-ros2/install/moveit_resources_pr2_description/share/moveit_resources_pr2_description/urdf/meshes/base_v0/convex/caster.dae
[1.275s] -- Installing: /home/laxmi-arz-i006/moveit_resources-ros2/install/moveit_resources_pr2_description/share/moveit_resources_pr2_description/urdf/meshes/base_v0/convex/wheel_convex.stla
[1.276s] -- Installing: /home/laxmi-arz-i006/moveit_resources-ros2/install/moveit_resources_pr2_description/share/moveit_resources_pr2_description/urdf/meshes/base_v0/convex/caster.xml
[1.276s] -- Installing: /home/laxmi-arz-i006/moveit_resources-ros2/install/moveit_resources_pr2_description/share/moveit_resources_pr2_description/urdf/meshes/base_v0/convex/pr2_wheel_convex.stla
[1.276s] -- Installing: /home/laxmi-arz-i006/moveit_resources-ros2/install/moveit_resources_pr2_description/share/moveit_resources_pr2_description/urdf/meshes/base_v0/convex/caster_L.xml
[1.277s] -- Installing: /home/laxmi-arz-i006/moveit_resources-ros2/install/moveit_resources_pr2_description/share/moveit_resources_pr2_description/urdf/meshes/base_v0/convex/base_convex.stla
[1.277s] -- Installing: /home/laxmi-arz-i006/moveit_resources-ros2/install/moveit_resources_pr2_description/share/moveit_resources_pr2_description/urdf/meshes/base_v0/convex/wheel.dae
[1.277s] -- Installing: /home/laxmi-arz-i006/moveit_resources-ros2/install/moveit_resources_pr2_description/share/moveit_resources_pr2_description/urdf/meshes/base_v0/convex/caster_convex.stlb
[1.277s] -- Installing: /home/laxmi-arz-i006/moveit_resources-ros2/install/moveit_resources_pr2_description/share/moveit_resources_pr2_description/urdf/meshes/base_v0/convex/caster_L_convex.stla
[1.278s] -- Installing: /home/laxmi-arz-i006/moveit_resources-ros2/install/moveit_resources_pr2_description/share/moveit_resources_pr2_description/urdf/meshes/base_v0/convex/pr2_wheel_convex.stlb
[1.278s] -- Installing: /home/laxmi-arz-i006/moveit_resources-ros2/install/moveit_resources_pr2_description/share/moveit_resources_pr2_description/urdf/meshes/base_v0/convex/base_L_convex.stla
[1.278s] -- Installing: /home/laxmi-arz-i006/moveit_resources-ros2/install/moveit_resources_pr2_description/share/moveit_resources_pr2_description/urdf/meshes/base_v0/convex/wheel.xml
[1.278s] -- Installing: /home/laxmi-arz-i006/moveit_resources-ros2/install/moveit_resources_pr2_description/share/moveit_resources_pr2_description/urdf/meshes/base_v0/wheel_color.tif
[1.279s] -- Installing: /home/laxmi-arz-i006/moveit_resources-ros2/install/moveit_resources_pr2_description/share/moveit_resources_pr2_description/urdf/meshes/base_v0/base.stl
[1.279s] -- Installing: /home/laxmi-arz-i006/moveit_resources-ros2/install/moveit_resources_pr2_description/share/moveit_resources_pr2_description/urdf/meshes/base_v0/wheel.dae
[1.280s] -- Installing: /home/laxmi-arz-i006/moveit_resources-ros2/install/moveit_resources_pr2_description/share/moveit_resources_pr2_description/urdf/meshes/base_v0/wheel_normals.tif
[1.282s] -- Installing: /home/laxmi-arz-i006/moveit_resources-ros2/install/moveit_resources_pr2_description/share/moveit_resources_pr2_description/urdf/meshes/base_v0/pr2_wheel.stl
[1.283s] -- Installing: /home/laxmi-arz-i006/moveit_resources-ros2/install/moveit_resources_pr2_description/share/moveit_resources_pr2_description/urdf/meshes/base_v0/base_normals.tif
[1.285s] -- Installing: /home/laxmi-arz-i006/moveit_resources-ros2/install/moveit_resources_pr2_description/share/moveit_resources_pr2_description/urdf/meshes/base_v0/wheel_h.dae
[1.288s] -- Installing: /home/laxmi-arz-i006/moveit_resources-ros2/install/moveit_resources_pr2_description/share/moveit_resources_pr2_description/urdf/meshes/base_v0/wheel.stl
[1.288s] -- Installing: /home/laxmi-arz-i006/moveit_resources-ros2/install/moveit_resources_pr2_description/share/moveit_resources_pr2_description/urdf/meshes/upper_arm_v0
[1.289s] -- Installing: /home/laxmi-arz-i006/moveit_resources-ros2/install/moveit_resources_pr2_description/share/moveit_resources_pr2_description/urdf/meshes/upper_arm_v0/elbow_flex.dae
[1.289s] -- Installing: /home/laxmi-arz-i006/moveit_resources-ros2/install/moveit_resources_pr2_description/share/moveit_resources_pr2_description/urdf/meshes/upper_arm_v0/upper_arm.dae
[1.290s] -- Installing: /home/laxmi-arz-i006/moveit_resources-ros2/install/moveit_resources_pr2_description/share/moveit_resources_pr2_description/urdf/meshes/upper_arm_v0/forearm_roll_L.stl
[1.290s] -- Installing: /home/laxmi-arz-i006/moveit_resources-ros2/install/moveit_resources_pr2_description/share/moveit_resources_pr2_description/urdf/meshes/upper_arm_v0/elbow_flex_normals.tif
[1.294s] -- Installing: /home/laxmi-arz-i006/moveit_resources-ros2/install/moveit_resources_pr2_description/share/moveit_resources_pr2_description/urdf/meshes/upper_arm_v0/upper_arm_color.tif
[1.294s] -- Installing: /home/laxmi-arz-i006/moveit_resources-ros2/install/moveit_resources_pr2_description/share/moveit_resources_pr2_description/urdf/meshes/upper_arm_v0/elbow_flex.stl
[1.295s] -- Installing: /home/laxmi-arz-i006/moveit_resources-ros2/install/moveit_resources_pr2_description/share/moveit_resources_pr2_description/urdf/meshes/upper_arm_v0/upper_arm_normals.tif
[1.295s] -- Installing: /home/laxmi-arz-i006/moveit_resources-ros2/install/moveit_resources_pr2_description/share/moveit_resources_pr2_description/urdf/meshes/upper_arm_v0/convex
[1.296s] -- Installing: /home/laxmi-arz-i006/moveit_resources-ros2/install/moveit_resources_pr2_description/share/moveit_resources_pr2_description/urdf/meshes/upper_arm_v0/convex/elbow_flex.dae
[1.296s] -- Installing: /home/laxmi-arz-i006/moveit_resources-ros2/install/moveit_resources_pr2_description/share/moveit_resources_pr2_description/urdf/meshes/upper_arm_v0/convex/upper_arm.dae
[1.296s] -- Installing: /home/laxmi-arz-i006/moveit_resources-ros2/install/moveit_resources_pr2_description/share/moveit_resources_pr2_description/urdf/meshes/upper_arm_v0/convex/elbow_flex_convex.stlb
[1.296s] -- Installing: /home/laxmi-arz-i006/moveit_resources-ros2/install/moveit_resources_pr2_description/share/moveit_resources_pr2_description/urdf/meshes/upper_arm_v0/convex/forearm_roll_L.dae
[1.296s] -- Installing: /home/laxmi-arz-i006/moveit_resources-ros2/install/moveit_resources_pr2_description/share/moveit_resources_pr2_description/urdf/meshes/upper_arm_v0/convex/forearm_roll_L_convex.stlb
[1.297s] -- Installing: /home/laxmi-arz-i006/moveit_resources-ros2/install/moveit_resources_pr2_description/share/moveit_resources_pr2_description/urdf/meshes/upper_arm_v0/convex/forearm_roll_convex.stlb
[1.297s] -- Installing: /home/laxmi-arz-i006/moveit_resources-ros2/install/moveit_resources_pr2_description/share/moveit_resources_pr2_description/urdf/meshes/upper_arm_v0/convex/upper_arm_convex.stlb
[1.297s] -- Installing: /home/laxmi-arz-i006/moveit_resources-ros2/install/moveit_resources_pr2_description/share/moveit_resources_pr2_description/urdf/meshes/upper_arm_v0/convex/elbow_flex.xml
[1.298s] -- Installing: /home/laxmi-arz-i006/moveit_resources-ros2/install/moveit_resources_pr2_description/share/moveit_resources_pr2_description/urdf/meshes/upper_arm_v0/convex/elbow_flex_convex.stla
[1.300s] -- Installing: /home/laxmi-arz-i006/moveit_resources-ros2/install/moveit_resources_pr2_description/share/moveit_resources_pr2_description/urdf/meshes/upper_arm_v0/convex/forearm_roll_L_convex.stla
[1.300s] -- Installing: /home/laxmi-arz-i006/moveit_resources-ros2/install/moveit_resources_pr2_description/share/moveit_resources_pr2_description/urdf/meshes/upper_arm_v0/convex/upper_arm.xml
[1.300s] -- Installing: /home/laxmi-arz-i006/moveit_resources-ros2/install/moveit_resources_pr2_description/share/moveit_resources_pr2_description/urdf/meshes/upper_arm_v0/convex/forearm_roll.dae
[1.300s] -- Installing: /home/laxmi-arz-i006/moveit_resources-ros2/install/moveit_resources_pr2_description/share/moveit_resources_pr2_description/urdf/meshes/upper_arm_v0/convex/forearm_roll.xml
[1.300s] -- Installing: /home/laxmi-arz-i006/moveit_resources-ros2/install/moveit_resources_pr2_description/share/moveit_resources_pr2_description/urdf/meshes/upper_arm_v0/convex/forearm_roll_convex.stla
[1.300s] -- Installing: /home/laxmi-arz-i006/moveit_resources-ros2/install/moveit_resources_pr2_description/share/moveit_resources_pr2_description/urdf/meshes/upper_arm_v0/convex/upper_arm_convex.stla
[1.301s] -- Installing: /home/laxmi-arz-i006/moveit_resources-ros2/install/moveit_resources_pr2_description/share/moveit_resources_pr2_description/urdf/meshes/upper_arm_v0/convex/forearm_roll_L.xml
[1.301s] -- Installing: /home/laxmi-arz-i006/moveit_resources-ros2/install/moveit_resources_pr2_description/share/moveit_resources_pr2_description/urdf/meshes/upper_arm_v0/elbow_flex_color.tif
[1.301s] -- Installing: /home/laxmi-arz-i006/moveit_resources-ros2/install/moveit_resources_pr2_description/share/moveit_resources_pr2_description/urdf/meshes/upper_arm_v0/upper_arm.stl
[1.301s] -- Installing: /home/laxmi-arz-i006/moveit_resources-ros2/install/moveit_resources_pr2_description/share/moveit_resources_pr2_description/urdf/meshes/upper_arm_v0/upper_arm.jpg
[1.302s] -- Installing: /home/laxmi-arz-i006/moveit_resources-ros2/install/moveit_resources_pr2_description/share/moveit_resources_pr2_description/urdf/meshes/upper_arm_v0/forearm_roll.stl
[1.303s] -- Installing: /home/laxmi-arz-i006/moveit_resources-ros2/install/moveit_resources_pr2_description/share/moveit_resources_pr2_description/urdf/meshes/sensors
[1.303s] -- Installing: /home/laxmi-arz-i006/moveit_resources-ros2/install/moveit_resources_pr2_description/share/moveit_resources_pr2_description/urdf/meshes/sensors/kinect_v0
[1.303s] -- Installing: /home/laxmi-arz-i006/moveit_resources-ros2/install/moveit_resources_pr2_description/share/moveit_resources_pr2_description/urdf/meshes/sensors/kinect_v0/kinect_mount.stl
[1.303s] -- Installing: /home/laxmi-arz-i006/moveit_resources-ros2/install/moveit_resources_pr2_description/share/moveit_resources_pr2_description/urdf/meshes/sensors/kinect_v0/kinect.dae
[1.304s] -- Installing: /home/laxmi-arz-i006/moveit_resources-ros2/install/moveit_resources_pr2_description/share/moveit_resources_pr2_description/urdf/meshes/sensors/kinect_v0/kinect_color.tga
[1.305s] -- Installing: /home/laxmi-arz-i006/moveit_resources-ros2/install/moveit_resources_pr2_description/share/moveit_resources_pr2_description/urdf/meshes/sensors/kinect_v0/kinect.tga
[1.305s] -- Installing: /home/laxmi-arz-i006/moveit_resources-ros2/install/moveit_resources_pr2_description/share/moveit_resources_pr2_description/urdf/meshes/sensors/kinect_prosilica_v0
[1.305s] -- Installing: /home/laxmi-arz-i006/moveit_resources-ros2/install/moveit_resources_pr2_description/share/moveit_resources_pr2_description/urdf/meshes/sensors/kinect_prosilica_v0/115x100_swept_back_no_sensors--coarse.STL
[1.306s] -- Installing: /home/laxmi-arz-i006/moveit_resources-ros2/install/moveit_resources_pr2_description/share/moveit_resources_pr2_description/urdf/meshes/sensors/kinect_prosilica_v0/115x100_swept_back--coarse.STL
[1.308s] -- Installing: /home/laxmi-arz-i006/moveit_resources-ros2/install/moveit_resources_pr2_description/share/moveit_resources_pr2_description/urdf/meshes/sensors/kinect_prosilica_v0/115x100_swept_fwd_no_sensors--coarse.STL
[1.310s] -- Installing: /home/laxmi-arz-i006/moveit_resources-ros2/install/moveit_resources_pr2_description/share/moveit_resources_pr2_description/urdf/meshes/sensors/kinect_prosilica_v0/68-04546_Kinect_Sensor--coarse.STL
[1.310s] -- Installing: /home/laxmi-arz-i006/moveit_resources-ros2/install/moveit_resources_pr2_description/share/moveit_resources_pr2_description/urdf/meshes/sensors/kinect_prosilica_v0/Prosilica_w_Lens--coarse.STL
[1.312s] -- Installing: /home/laxmi-arz-i006/moveit_resources-ros2/install/moveit_resources_pr2_description/share/moveit_resources_pr2_description/urdf/meshes/sensors/kinect_prosilica_v0/115x100_swept_fwd--coarse.STL
[1.314s] -- Installing: /home/laxmi-arz-i006/moveit_resources-ros2/install/moveit_resources_pr2_description/share/moveit_resources_pr2_description/urdf/meshes/tilting_laser_v0
[1.314s] -- Installing: /home/laxmi-arz-i006/moveit_resources-ros2/install/moveit_resources_pr2_description/share/moveit_resources_pr2_description/urdf/meshes/tilting_laser_v0/tilting_hokuyo.dae
[1.314s] -- Installing: /home/laxmi-arz-i006/moveit_resources-ros2/install/moveit_resources_pr2_description/share/moveit_resources_pr2_description/urdf/meshes/tilting_laser_v0/tilting_hokuyo_color.tif
[1.315s] -- Installing: /home/laxmi-arz-i006/moveit_resources-ros2/install/moveit_resources_pr2_description/share/moveit_resources_pr2_description/urdf/meshes/tilting_laser_v0/hok_tilt.stl
[1.315s] -- Installing: /home/laxmi-arz-i006/moveit_resources-ros2/install/moveit_resources_pr2_description/share/moveit_resources_pr2_description/urdf/meshes/tilting_laser_v0/convex
[1.315s] -- Installing: /home/laxmi-arz-i006/moveit_resources-ros2/install/moveit_resources_pr2_description/share/moveit_resources_pr2_description/urdf/meshes/tilting_laser_v0/convex/hok_tilt_convex.stla
[1.316s] -- Installing: /home/laxmi-arz-i006/moveit_resources-ros2/install/moveit_resources_pr2_description/share/moveit_resources_pr2_description/urdf/meshes/tilting_laser_v0/convex/hok_tilt.dae
[1.316s] -- Installing: /home/laxmi-arz-i006/moveit_resources-ros2/install/moveit_resources_pr2_description/share/moveit_resources_pr2_description/urdf/meshes/tilting_laser_v0/convex/tilting_hokuyo.dae
[1.316s] -- Installing: /home/laxmi-arz-i006/moveit_resources-ros2/install/moveit_resources_pr2_description/share/moveit_resources_pr2_description/urdf/meshes/tilting_laser_v0/convex/tilting_hokuyo.xml
[1.316s] -- Installing: /home/laxmi-arz-i006/moveit_resources-ros2/install/moveit_resources_pr2_description/share/moveit_resources_pr2_description/urdf/meshes/tilting_laser_v0/convex/tilting_hokuyo_L_convex.stlb
[1.317s] -- Installing: /home/laxmi-arz-i006/moveit_resources-ros2/install/moveit_resources_pr2_description/share/moveit_resources_pr2_description/urdf/meshes/tilting_laser_v0/convex/tilting_hokuyo_convex.stlb
[1.317s] -- Installing: /home/laxmi-arz-i006/moveit_resources-ros2/install/moveit_resources_pr2_description/share/moveit_resources_pr2_description/urdf/meshes/tilting_laser_v0/convex/tilting_hokuyo_L.dae
[1.317s] -- Installing: /home/laxmi-arz-i006/moveit_resources-ros2/install/moveit_resources_pr2_description/share/moveit_resources_pr2_description/urdf/meshes/tilting_laser_v0/convex/tilting_hokuyo_L_convex.stla
[1.318s] -- Installing: /home/laxmi-arz-i006/moveit_resources-ros2/install/moveit_resources_pr2_description/share/moveit_resources_pr2_description/urdf/meshes/tilting_laser_v0/convex/hok_tilt_convex.stlb
[1.318s] -- Installing: /home/laxmi-arz-i006/moveit_resources-ros2/install/moveit_resources_pr2_description/share/moveit_resources_pr2_description/urdf/meshes/tilting_laser_v0/convex/tilting_hokuyo_L.xml
[1.318s] -- Installing: /home/laxmi-arz-i006/moveit_resources-ros2/install/moveit_resources_pr2_description/share/moveit_resources_pr2_description/urdf/meshes/tilting_laser_v0/convex/tilting_hokuyo_convex.stla
[1.319s] -- Installing: /home/laxmi-arz-i006/moveit_resources-ros2/install/moveit_resources_pr2_description/share/moveit_resources_pr2_description/urdf/meshes/tilting_laser_v0/convex/hok_tilt.xml
[1.319s] -- Installing: /home/laxmi-arz-i006/moveit_resources-ros2/install/moveit_resources_pr2_description/share/moveit_resources_pr2_description/urdf/meshes/tilting_laser_v0/tilting_hokuyo_normals.tif
[1.321s] -- Installing: /home/laxmi-arz-i006/moveit_resources-ros2/install/moveit_resources_pr2_description/share/moveit_resources_pr2_description/urdf/meshes/tilting_laser_v0/tilting_hokuyo.stl
[1.321s] -- Installing: /home/laxmi-arz-i006/moveit_resources-ros2/install/moveit_resources_pr2_description/share/moveit_resources_pr2_description/urdf/meshes/tilting_laser_v0/tilting_hokuyo_L.stl
[1.321s] -- Installing: /home/laxmi-arz-i006/moveit_resources-ros2/install/moveit_resources_pr2_description/share/moveit_resources_pr2_description/urdf/meshes/torso_v0
[1.321s] -- Installing: /home/laxmi-arz-i006/moveit_resources-ros2/install/moveit_resources_pr2_description/share/moveit_resources_pr2_description/urdf/meshes/torso_v0/torso_lift_L.stl
[1.322s] -- Installing: /home/laxmi-arz-i006/moveit_resources-ros2/install/moveit_resources_pr2_description/share/moveit_resources_pr2_description/urdf/meshes/torso_v0/torso.stl
[1.323s] -- Installing: /home/laxmi-arz-i006/moveit_resources-ros2/install/moveit_resources_pr2_description/share/moveit_resources_pr2_description/urdf/meshes/torso_v0/convex
[1.323s] -- Installing: /home/laxmi-arz-i006/moveit_resources-ros2/install/moveit_resources_pr2_description/share/moveit_resources_pr2_description/urdf/meshes/torso_v0/convex/torso_lift_convex.stlb
[1.323s] -- Installing: /home/laxmi-arz-i006/moveit_resources-ros2/install/moveit_resources_pr2_description/share/moveit_resources_pr2_description/urdf/meshes/torso_v0/convex/torso_lift_L_convex.stla
[1.327s] -- Installing: /home/laxmi-arz-i006/moveit_resources-ros2/install/moveit_resources_pr2_description/share/moveit_resources_pr2_description/urdf/meshes/torso_v0/convex/torso_lift_L_convex.stlb
[1.327s] -- Installing: /home/laxmi-arz-i006/moveit_resources-ros2/install/moveit_resources_pr2_description/share/moveit_resources_pr2_description/urdf/meshes/torso_v0/convex/torso_lift_L.xml
[1.327s] -- Installing: /home/laxmi-arz-i006/moveit_resources-ros2/install/moveit_resources_pr2_description/share/moveit_resources_pr2_description/urdf/meshes/torso_v0/convex/torso_lift.dae
[1.328s] -- Installing: /home/laxmi-arz-i006/moveit_resources-ros2/install/moveit_resources_pr2_description/share/moveit_resources_pr2_description/urdf/meshes/torso_v0/convex/torso.dae
[1.328s] -- Installing: /home/laxmi-arz-i006/moveit_resources-ros2/install/moveit_resources_pr2_description/share/moveit_resources_pr2_description/urdf/meshes/torso_v0/convex/torso_lift_convex.stla
[1.328s] -- Installing: /home/laxmi-arz-i006/moveit_resources-ros2/install/moveit_resources_pr2_description/share/moveit_resources_pr2_description/urdf/meshes/torso_v0/convex/torso_lift_L.dae
[1.328s] -- Installing: /home/laxmi-arz-i006/moveit_resources-ros2/install/moveit_resources_pr2_description/share/moveit_resources_pr2_description/urdf/meshes/torso_v0/convex/torso_convex.stlb
[1.328s] -- Installing: /home/laxmi-arz-i006/moveit_resources-ros2/install/moveit_resources_pr2_description/share/moveit_resources_pr2_description/urdf/meshes/torso_v0/convex/torso.xml
[1.328s] -- Installing: /home/laxmi-arz-i006/moveit_resources-ros2/install/moveit_resources_pr2_description/share/moveit_resources_pr2_description/urdf/meshes/torso_v0/convex/torso_lift.xml
[1.329s] -- Installing: /home/laxmi-arz-i006/moveit_resources-ros2/install/moveit_resources_pr2_description/share/moveit_resources_pr2_description/urdf/meshes/torso_v0/convex/torso_convex.stla
[1.329s] -- Installing: /home/laxmi-arz-i006/moveit_resources-ros2/install/moveit_resources_pr2_description/share/moveit_resources_pr2_description/urdf/meshes/torso_v0/torso_lift.dae
[1.329s] -- Installing: /home/laxmi-arz-i006/moveit_resources-ros2/install/moveit_resources_pr2_description/share/moveit_resources_pr2_description/urdf/meshes/torso_v0/torso_lift.stl
[1.329s] -- Installing: /home/laxmi-arz-i006/moveit_resources-ros2/install/moveit_resources_pr2_description/share/moveit_resources_pr2_description/urdf/meshes/torso_v0/torso_lift_normals.tif
[1.331s] -- Installing: /home/laxmi-arz-i006/moveit_resources-ros2/install/moveit_resources_pr2_description/share/moveit_resources_pr2_description/urdf/meshes/torso_v0/torso_lift_color.tif
[1.332s] -- Installing: /home/laxmi-arz-i006/moveit_resources-ros2/install/moveit_resources_pr2_description/share/moveit_resources_pr2_description/urdf/meshes/forearm_v0
[1.333s] -- Installing: /home/laxmi-arz-i006/moveit_resources-ros2/install/moveit_resources_pr2_description/share/moveit_resources_pr2_description/urdf/meshes/forearm_v0/forearm_normals.tif
[1.335s] -- Installing: /home/laxmi-arz-i006/moveit_resources-ros2/install/moveit_resources_pr2_description/share/moveit_resources_pr2_description/urdf/meshes/forearm_v0/wrist_color.tif
[1.335s] -- Installing: /home/laxmi-arz-i006/moveit_resources-ros2/install/moveit_resources_pr2_description/share/moveit_resources_pr2_description/urdf/meshes/forearm_v0/wrist_flex.stl
[1.336s] -- Installing: /home/laxmi-arz-i006/moveit_resources-ros2/install/moveit_resources_pr2_description/share/moveit_resources_pr2_description/urdf/meshes/forearm_v0/wrist_roll.stl
[1.336s] -- Installing: /home/laxmi-arz-i006/moveit_resources-ros2/install/moveit_resources_pr2_description/share/moveit_resources_pr2_description/urdf/meshes/forearm_v0/forearm.stl
[1.337s] -- Installing: /home/laxmi-arz-i006/moveit_resources-ros2/install/moveit_resources_pr2_description/share/moveit_resources_pr2_description/urdf/meshes/forearm_v0/convex
[1.337s] -- Installing: /home/laxmi-arz-i006/moveit_resources-ros2/install/moveit_resources_pr2_description/share/moveit_resources_pr2_description/urdf/meshes/forearm_v0/convex/wrist_roll_convex.stla
[1.337s] -- Installing: /home/laxmi-arz-i006/moveit_resources-ros2/install/moveit_resources_pr2_description/share/moveit_resources_pr2_description/urdf/meshes/forearm_v0/convex/wrist_roll.dae
[1.338s] -- Installing: /home/laxmi-arz-i006/moveit_resources-ros2/install/moveit_resources_pr2_description/share/moveit_resources_pr2_description/urdf/meshes/forearm_v0/convex/wrist_roll.xml
[1.340s] -- Installing: /home/laxmi-arz-i006/moveit_resources-ros2/install/moveit_resources_pr2_description/share/moveit_resources_pr2_description/urdf/meshes/forearm_v0/convex/forearm_convex.stlb
[1.340s] -- Installing: /home/laxmi-arz-i006/moveit_resources-ros2/install/moveit_resources_pr2_description/share/moveit_resources_pr2_description/urdf/meshes/forearm_v0/convex/wrist_roll_L.dae
[1.340s] -- Installing: /home/laxmi-arz-i006/moveit_resources-ros2/install/moveit_resources_pr2_description/share/moveit_resources_pr2_description/urdf/meshes/forearm_v0/convex/wrist_roll_L_convex.stla
[1.340s] -- Installing: /home/laxmi-arz-i006/moveit_resources-ros2/install/moveit_resources_pr2_description/share/moveit_resources_pr2_description/urdf/meshes/forearm_v0/convex/wrist_flex_convex.stla
[1.340s] -- Installing: /home/laxmi-arz-i006/moveit_resources-ros2/install/moveit_resources_pr2_description/share/moveit_resources_pr2_description/urdf/meshes/forearm_v0/convex/wrist_roll_convex.stlb
[1.340s] -- Installing: /home/laxmi-arz-i006/moveit_resources-ros2/install/moveit_resources_pr2_description/share/moveit_resources_pr2_description/urdf/meshes/forearm_v0/convex/wrist_flex_convex.stlb
[1.340s] -- Installing: /home/laxmi-arz-i006/moveit_resources-ros2/install/moveit_resources_pr2_description/share/moveit_resources_pr2_description/urdf/meshes/forearm_v0/convex/forearm_convex.stla
[1.340s] -- Installing: /home/laxmi-arz-i006/moveit_resources-ros2/install/moveit_resources_pr2_description/share/moveit_resources_pr2_description/urdf/meshes/forearm_v0/convex/forearm.xml
[1.341s] -- Installing: /home/laxmi-arz-i006/moveit_resources-ros2/install/moveit_resources_pr2_description/share/moveit_resources_pr2_description/urdf/meshes/forearm_v0/convex/wrist_roll_L_convex.stlb
[1.341s] -- Installing: /home/laxmi-arz-i006/moveit_resources-ros2/install/moveit_resources_pr2_description/share/moveit_resources_pr2_description/urdf/meshes/forearm_v0/convex/wrist_flex.dae
[1.341s] -- Installing: /home/laxmi-arz-i006/moveit_resources-ros2/install/moveit_resources_pr2_description/share/moveit_resources_pr2_description/urdf/meshes/forearm_v0/convex/wrist_flex.xml
[1.341s] -- Installing: /home/laxmi-arz-i006/moveit_resources-ros2/install/moveit_resources_pr2_description/share/moveit_resources_pr2_description/urdf/meshes/forearm_v0/convex/forearm.dae
[1.342s] -- Installing: /home/laxmi-arz-i006/moveit_resources-ros2/install/moveit_resources_pr2_description/share/moveit_resources_pr2_description/urdf/meshes/forearm_v0/convex/wrist_roll_L.xml
[1.342s] -- Installing: /home/laxmi-arz-i006/moveit_resources-ros2/install/moveit_resources_pr2_description/share/moveit_resources_pr2_description/urdf/meshes/forearm_v0/wrist_normals.tif
[1.343s] -- Installing: /home/laxmi-arz-i006/moveit_resources-ros2/install/moveit_resources_pr2_description/share/moveit_resources_pr2_description/urdf/meshes/forearm_v0/forearm_color.tif
[1.348s] -- Installing: /home/laxmi-arz-i006/moveit_resources-ros2/install/moveit_resources_pr2_description/share/moveit_resources_pr2_description/urdf/meshes/forearm_v0/forearm.jpg
[1.349s] -- Installing: /home/laxmi-arz-i006/moveit_resources-ros2/install/moveit_resources_pr2_description/share/moveit_resources_pr2_description/urdf/meshes/forearm_v0/wrist_roll_L.stl
[1.349s] -- Installing: /home/laxmi-arz-i006/moveit_resources-ros2/install/moveit_resources_pr2_description/share/moveit_resources_pr2_description/urdf/meshes/forearm_v0/wrist_flex.dae
[1.349s] -- Installing: /home/laxmi-arz-i006/moveit_resources-ros2/install/moveit_resources_pr2_description/share/moveit_resources_pr2_description/urdf/meshes/forearm_v0/forearm.dae
[1.350s] -- Installing: /home/laxmi-arz-i006/moveit_resources-ros2/install/moveit_resources_pr2_description/share/moveit_resources_pr2_description/urdf/meshes/shoulder_v0
[1.350s] -- Installing: /home/laxmi-arz-i006/moveit_resources-ros2/install/moveit_resources_pr2_description/share/moveit_resources_pr2_description/urdf/meshes/shoulder_v0/shoulder_yaw.stl
[1.350s] -- Installing: /home/laxmi-arz-i006/moveit_resources-ros2/install/moveit_resources_pr2_description/share/moveit_resources_pr2_description/urdf/meshes/shoulder_v0/shoulder_pan.dae
[1.351s] -- Installing: /home/laxmi-arz-i006/moveit_resources-ros2/install/moveit_resources_pr2_description/share/moveit_resources_pr2_description/urdf/meshes/shoulder_v0/shoulder_lift.stl
[1.352s] -- Installing: /home/laxmi-arz-i006/moveit_resources-ros2/install/moveit_resources_pr2_description/share/moveit_resources_pr2_description/urdf/meshes/shoulder_v0/shoulder_pan.stl
[1.352s] -- Installing: /home/laxmi-arz-i006/moveit_resources-ros2/install/moveit_resources_pr2_description/share/moveit_resources_pr2_description/urdf/meshes/shoulder_v0/upper_arm_roll.stl
[1.353s] -- Installing: /home/laxmi-arz-i006/moveit_resources-ros2/install/moveit_resources_pr2_description/share/moveit_resources_pr2_description/urdf/meshes/shoulder_v0/upper_arm_roll_L.stl
[1.353s] -- Installing: /home/laxmi-arz-i006/moveit_resources-ros2/install/moveit_resources_pr2_description/share/moveit_resources_pr2_description/urdf/meshes/shoulder_v0/shoulder_lift_normals.tif
[1.355s] -- Installing: /home/laxmi-arz-i006/moveit_resources-ros2/install/moveit_resources_pr2_description/share/moveit_resources_pr2_description/urdf/meshes/shoulder_v0/upper_arm_roll_color.tif
[1.355s] -- Installing: /home/laxmi-arz-i006/moveit_resources-ros2/install/moveit_resources_pr2_description/share/moveit_resources_pr2_description/urdf/meshes/shoulder_v0/convex
[1.355s] -- Installing: /home/laxmi-arz-i006/moveit_resources-ros2/install/moveit_resources_pr2_description/share/moveit_resources_pr2_description/urdf/meshes/shoulder_v0/convex/upper_arm_roll_convex.stla
[1.356s] -- Installing: /home/laxmi-arz-i006/moveit_resources-ros2/install/moveit_resources_pr2_description/share/moveit_resources_pr2_description/urdf/meshes/shoulder_v0/convex/shoulder_pan.dae
[1.356s] -- Installing: /home/laxmi-arz-i006/moveit_resources-ros2/install/moveit_resources_pr2_description/share/moveit_resources_pr2_description/urdf/meshes/shoulder_v0/convex/shoulder_lift_convex.stlb
[1.356s] -- Installing: /home/laxmi-arz-i006/moveit_resources-ros2/install/moveit_resources_pr2_description/share/moveit_resources_pr2_description/urdf/meshes/shoulder_v0/convex/upper_arm_roll.xml
[1.357s] -- Installing: /home/laxmi-arz-i006/moveit_resources-ros2/install/moveit_resources_pr2_description/share/moveit_resources_pr2_description/urdf/meshes/shoulder_v0/convex/upper_arm_roll_L.xml
[1.357s] -- Installing: /home/laxmi-arz-i006/moveit_resources-ros2/install/moveit_resources_pr2_description/share/moveit_resources_pr2_description/urdf/meshes/shoulder_v0/convex/shoulder_pan_convex.stla
[1.357s] -- Installing: /home/laxmi-arz-i006/moveit_resources-ros2/install/moveit_resources_pr2_description/share/moveit_resources_pr2_description/urdf/meshes/shoulder_v0/convex/shoulder_pan.xml
[1.358s] -- Installing: /home/laxmi-arz-i006/moveit_resources-ros2/install/moveit_resources_pr2_description/share/moveit_resources_pr2_description/urdf/meshes/shoulder_v0/convex/upper_arm_roll_L_convex.stla
[1.358s] -- Installing: /home/laxmi-arz-i006/moveit_resources-ros2/install/moveit_resources_pr2_description/share/moveit_resources_pr2_description/urdf/meshes/shoulder_v0/convex/shoulder_lift_convex.stla
[1.359s] -- Installing: /home/laxmi-arz-i006/moveit_resources-ros2/install/moveit_resources_pr2_description/share/moveit_resources_pr2_description/urdf/meshes/shoulder_v0/convex/upper_arm_roll_L_convex.stlb
[1.359s] -- Installing: /home/laxmi-arz-i006/moveit_resources-ros2/install/moveit_resources_pr2_description/share/moveit_resources_pr2_description/urdf/meshes/shoulder_v0/convex/upper_arm_roll_L.dae
[1.360s] -- Installing: /home/laxmi-arz-i006/moveit_resources-ros2/install/moveit_resources_pr2_description/share/moveit_resources_pr2_description/urdf/meshes/shoulder_v0/convex/shoulder_yaw_convex.stlb
[1.360s] -- Installing: /home/laxmi-arz-i006/moveit_resources-ros2/install/moveit_resources_pr2_description/share/moveit_resources_pr2_description/urdf/meshes/shoulder_v0/convex/shoulder_lift.dae
[1.361s] -- Installing: /home/laxmi-arz-i006/moveit_resources-ros2/install/moveit_resources_pr2_description/share/moveit_resources_pr2_description/urdf/meshes/shoulder_v0/convex/shoulder_yaw.xml
[1.362s] -- Installing: /home/laxmi-arz-i006/moveit_resources-ros2/install/moveit_resources_pr2_description/share/moveit_resources_pr2_description/urdf/meshes/shoulder_v0/convex/shoulder_lift.xml
[1.362s] -- Installing: /home/laxmi-arz-i006/moveit_resources-ros2/install/moveit_resources_pr2_description/share/moveit_resources_pr2_description/urdf/meshes/shoulder_v0/convex/shoulder_yaw.dae
[1.362s] -- Installing: /home/laxmi-arz-i006/moveit_resources-ros2/install/moveit_resources_pr2_description/share/moveit_resources_pr2_description/urdf/meshes/shoulder_v0/convex/shoulder_yaw_convex.stla
[1.363s] -- Installing: /home/laxmi-arz-i006/moveit_resources-ros2/install/moveit_resources_pr2_description/share/moveit_resources_pr2_description/urdf/meshes/shoulder_v0/convex/upper_arm_roll_convex.stlb
[1.363s] -- Installing: /home/laxmi-arz-i006/moveit_resources-ros2/install/moveit_resources_pr2_description/share/moveit_resources_pr2_description/urdf/meshes/shoulder_v0/convex/upper_arm_roll.dae
[1.363s] -- Installing: /home/laxmi-arz-i006/moveit_resources-ros2/install/moveit_resources_pr2_description/share/moveit_resources_pr2_description/urdf/meshes/shoulder_v0/convex/shoulder_pan_convex.stlb
[1.363s] -- Installing: /home/laxmi-arz-i006/moveit_resources-ros2/install/moveit_resources_pr2_description/share/moveit_resources_pr2_description/urdf/meshes/shoulder_v0/upper_arm_roll_normals.tif
[1.367s] -- Installing: /home/laxmi-arz-i006/moveit_resources-ros2/install/moveit_resources_pr2_description/share/moveit_resources_pr2_description/urdf/meshes/shoulder_v0/shoulder_lift_color.tif
[1.368s] -- Installing: /home/laxmi-arz-i006/moveit_resources-ros2/install/moveit_resources_pr2_description/share/moveit_resources_pr2_description/urdf/meshes/shoulder_v0/shoulder_lift.dae
[1.368s] -- Installing: /home/laxmi-arz-i006/moveit_resources-ros2/install/moveit_resources_pr2_description/share/moveit_resources_pr2_description/urdf/meshes/shoulder_v0/shoulder_pan_color.tif
[1.375s] -- Installing: /home/laxmi-arz-i006/moveit_resources-ros2/install/moveit_resources_pr2_description/share/moveit_resources_pr2_description/urdf/meshes/shoulder_v0/shoulder_pan_normals.tif
[1.379s] -- Installing: /home/laxmi-arz-i006/moveit_resources-ros2/install/moveit_resources_pr2_description/share/moveit_resources_pr2_description/urdf/meshes/shoulder_v0/upper_arm_roll.dae
[1.379s] -- Installing: /home/laxmi-arz-i006/moveit_resources-ros2/install/moveit_resources_pr2_description/share/moveit_resources_pr2_description/urdf/meshes/head_v0
[1.379s] -- Installing: /home/laxmi-arz-i006/moveit_resources-ros2/install/moveit_resources_pr2_description/share/moveit_resources_pr2_description/urdf/meshes/head_v0/head_tilt_normals.tif
[1.380s] -- Installing: /home/laxmi-arz-i006/moveit_resources-ros2/install/moveit_resources_pr2_description/share/moveit_resources_pr2_description/urdf/meshes/head_v0/head_tilt.dae
[1.381s] -- Installing: /home/laxmi-arz-i006/moveit_resources-ros2/install/moveit_resources_pr2_description/share/moveit_resources_pr2_description/urdf/meshes/head_v0/head_pan.dae
[1.381s] -- Installing: /home/laxmi-arz-i006/moveit_resources-ros2/install/moveit_resources_pr2_description/share/moveit_resources_pr2_description/urdf/meshes/head_v0/head_tilt_green.tif
[1.383s] -- Installing: /home/laxmi-arz-i006/moveit_resources-ros2/install/moveit_resources_pr2_description/share/moveit_resources_pr2_description/urdf/meshes/head_v0/head_pan.stl
[1.384s] -- Installing: /home/laxmi-arz-i006/moveit_resources-ros2/install/moveit_resources_pr2_description/share/moveit_resources_pr2_description/urdf/meshes/head_v0/head_tilt_color_yellow.tif
[1.384s] -- Installing: /home/laxmi-arz-i006/moveit_resources-ros2/install/moveit_resources_pr2_description/share/moveit_resources_pr2_description/urdf/meshes/head_v0/head_pan_normals.tif
[1.387s] -- Installing: /home/laxmi-arz-i006/moveit_resources-ros2/install/moveit_resources_pr2_description/share/moveit_resources_pr2_description/urdf/meshes/head_v0/convex
[1.387s] -- Installing: /home/laxmi-arz-i006/moveit_resources-ros2/install/moveit_resources_pr2_description/share/moveit_resources_pr2_description/urdf/meshes/head_v0/convex/head_pan_L_convex.stlb
[1.387s] -- Installing: /home/laxmi-arz-i006/moveit_resources-ros2/install/moveit_resources_pr2_description/share/moveit_resources_pr2_description/urdf/meshes/head_v0/convex/head_tilt.dae
[1.388s] -- Installing: /home/laxmi-arz-i006/moveit_resources-ros2/install/moveit_resources_pr2_description/share/moveit_resources_pr2_description/urdf/meshes/head_v0/convex/head_pan.dae
[1.388s] -- Installing: /home/laxmi-arz-i006/moveit_resources-ros2/install/moveit_resources_pr2_description/share/moveit_resources_pr2_description/urdf/meshes/head_v0/convex/head_pan_L.dae
[1.389s] -- Installing: /home/laxmi-arz-i006/moveit_resources-ros2/install/moveit_resources_pr2_description/share/moveit_resources_pr2_description/urdf/meshes/head_v0/convex/head_tilt.xml
[1.392s] -- Installing: /home/laxmi-arz-i006/moveit_resources-ros2/install/moveit_resources_pr2_description/share/moveit_resources_pr2_description/urdf/meshes/head_v0/convex/head_tilt_L.dae
[1.393s] -- Installing: /home/laxmi-arz-i006/moveit_resources-ros2/install/moveit_resources_pr2_description/share/moveit_resources_pr2_description/urdf/meshes/head_v0/convex/head_tilt_convex.stla
[1.393s] -- Installing: /home/laxmi-arz-i006/moveit_resources-ros2/install/moveit_resources_pr2_description/share/moveit_resources_pr2_description/urdf/meshes/head_v0/convex/head_tilt_L_convex.stla
[1.393s] -- Installing: /home/laxmi-arz-i006/moveit_resources-ros2/install/moveit_resources_pr2_description/share/moveit_resources_pr2_description/urdf/meshes/head_v0/convex/head_tilt_L_convex.stlb
[1.393s] -- Installing: /home/laxmi-arz-i006/moveit_resources-ros2/install/moveit_resources_pr2_description/share/moveit_resources_pr2_description/urdf/meshes/head_v0/convex/head_pan_convex.stlb
[1.393s] -- Installing: /home/laxmi-arz-i006/moveit_resources-ros2/install/moveit_resources_pr2_description/share/moveit_resources_pr2_description/urdf/meshes/head_v0/convex/head_pan.xml
[1.394s] -- Installing: /home/laxmi-arz-i006/moveit_resources-ros2/install/moveit_resources_pr2_description/share/moveit_resources_pr2_description/urdf/meshes/head_v0/convex/head_tilt_convex.stlb
[1.395s] -- Installing: /home/laxmi-arz-i006/moveit_resources-ros2/install/moveit_resources_pr2_description/share/moveit_resources_pr2_description/urdf/meshes/head_v0/convex/head_tilt_L.xml
[1.395s] -- Installing: /home/laxmi-arz-i006/moveit_resources-ros2/install/moveit_resources_pr2_description/share/moveit_resources_pr2_description/urdf/meshes/head_v0/convex/head_pan_convex.stla
[1.395s] -- Installing: /home/laxmi-arz-i006/moveit_resources-ros2/install/moveit_resources_pr2_description/share/moveit_resources_pr2_description/urdf/meshes/head_v0/convex/head_pan_L_convex.stla
[1.395s] -- Installing: /home/laxmi-arz-i006/moveit_resources-ros2/install/moveit_resources_pr2_description/share/moveit_resources_pr2_description/urdf/meshes/head_v0/convex/head_pan_L.xml
[1.398s] -- Installing: /home/laxmi-arz-i006/moveit_resources-ros2/install/moveit_resources_pr2_description/share/moveit_resources_pr2_description/urdf/meshes/head_v0/head_tilt_color_red.tif
[1.398s] -- Installing: /home/laxmi-arz-i006/moveit_resources-ros2/install/moveit_resources_pr2_description/share/moveit_resources_pr2_description/urdf/meshes/head_v0/head_pan_L.stl
[1.399s] -- Installing: /home/laxmi-arz-i006/moveit_resources-ros2/install/moveit_resources_pr2_description/share/moveit_resources_pr2_description/urdf/meshes/head_v0/head_tilt_L.stl
[1.399s] -- Installing: /home/laxmi-arz-i006/moveit_resources-ros2/install/moveit_resources_pr2_description/share/moveit_resources_pr2_description/urdf/meshes/head_v0/head_pan_color.tif
[1.399s] -- Installing: /home/laxmi-arz-i006/moveit_resources-ros2/install/moveit_resources_pr2_description/share/moveit_resources_pr2_description/urdf/meshes/head_v0/head_tilt.stl
[1.399s] -- Installing: /home/laxmi-arz-i006/moveit_resources-ros2/install/moveit_resources_pr2_description/share/moveit_resources_pr2_description/urdf/meshes/head_v0/head_tilt_color.tif
[1.404s] -- Installing: /home/laxmi-arz-i006/moveit_resources-ros2/install/moveit_resources_pr2_description/share/moveit_resources_pr2_description/urdf/meshes/gripper_v0
[1.405s] -- Installing: /home/laxmi-arz-i006/moveit_resources-ros2/install/moveit_resources_pr2_description/share/moveit_resources_pr2_description/urdf/meshes/gripper_v0/l_float.dae
[1.405s] -- Installing: /home/laxmi-arz-i006/moveit_resources-ros2/install/moveit_resources_pr2_description/share/moveit_resources_pr2_description/urdf/meshes/gripper_v0/finger_tip_r.stl
[1.406s] -- Installing: /home/laxmi-arz-i006/moveit_resources-ros2/install/moveit_resources_pr2_description/share/moveit_resources_pr2_description/urdf/meshes/gripper_v0/finger_tip_pad2_l.stl
[1.406s] -- Installing: /home/laxmi-arz-i006/moveit_resources-ros2/install/moveit_resources_pr2_description/share/moveit_resources_pr2_description/urdf/meshes/gripper_v0/float_H_Color_100430.tif
[1.407s] -- Installing: /home/laxmi-arz-i006/moveit_resources-ros2/install/moveit_resources_pr2_description/share/moveit_resources_pr2_description/urdf/meshes/gripper_v0/gripper_palm.dae
[1.407s] -- Installing: /home/laxmi-arz-i006/moveit_resources-ros2/install/moveit_resources_pr2_description/share/moveit_resources_pr2_description/urdf/meshes/gripper_v0/l_finger.dae
[1.408s] -- Installing: /home/laxmi-arz-i006/moveit_resources-ros2/install/moveit_resources_pr2_description/share/moveit_resources_pr2_description/urdf/meshes/gripper_v0/gripper_palm_color.tif
[1.409s] -- Installing: /home/laxmi-arz-i006/moveit_resources-ros2/install/moveit_resources_pr2_description/share/moveit_resources_pr2_description/urdf/meshes/gripper_v0/float_H_UV_100430.dae
[1.413s] -- Installing: /home/laxmi-arz-i006/moveit_resources-ros2/install/moveit_resources_pr2_description/share/moveit_resources_pr2_description/urdf/meshes/gripper_v0/l_finger.stl
[1.413s] -- Installing: /home/laxmi-arz-i006/moveit_resources-ros2/install/moveit_resources_pr2_description/share/moveit_resources_pr2_description/urdf/meshes/gripper_v0/l_finger_tip.dae
[1.414s] -- Installing: /home/laxmi-arz-i006/moveit_resources-ros2/install/moveit_resources_pr2_description/share/moveit_resources_pr2_description/urdf/meshes/gripper_v0/finger_H_UV_100430.dae
[1.418s] -- Installing: /home/laxmi-arz-i006/moveit_resources-ros2/install/moveit_resources_pr2_description/share/moveit_resources_pr2_description/urdf/meshes/gripper_v0/l_finger_tip.stl
[1.419s] -- Installing: /home/laxmi-arz-i006/moveit_resources-ros2/install/moveit_resources_pr2_description/share/moveit_resources_pr2_description/urdf/meshes/gripper_v0/l_finger_normals.tif
[1.421s] -- Installing: /home/laxmi-arz-i006/moveit_resources-ros2/install/moveit_resources_pr2_description/share/moveit_resources_pr2_description/urdf/meshes/gripper_v0/convex
[1.421s] -- Installing: /home/laxmi-arz-i006/moveit_resources-ros2/install/moveit_resources_pr2_description/share/moveit_resources_pr2_description/urdf/meshes/gripper_v0/convex/l_finger_convex.stlb
[1.422s] -- Installing: /home/laxmi-arz-i006/moveit_resources-ros2/install/moveit_resources_pr2_description/share/moveit_resources_pr2_description/urdf/meshes/gripper_v0/convex/finger_tip_l_convex.stlb
[1.422s] -- Installing: /home/laxmi-arz-i006/moveit_resources-ros2/install/moveit_resources_pr2_description/share/moveit_resources_pr2_description/urdf/meshes/gripper_v0/convex/finger_tip_pad2_r.xml
[1.422s] -- Installing: /home/laxmi-arz-i006/moveit_resources-ros2/install/moveit_resources_pr2_description/share/moveit_resources_pr2_description/urdf/meshes/gripper_v0/convex/finger_tip_r_convex.stlb
[1.423s] -- Installing: /home/laxmi-arz-i006/moveit_resources-ros2/install/moveit_resources_pr2_description/share/moveit_resources_pr2_description/urdf/meshes/gripper_v0/convex/upper_finger_l_convex.stla
[1.423s] -- Installing: /home/laxmi-arz-i006/moveit_resources-ros2/install/moveit_resources_pr2_description/share/moveit_resources_pr2_description/urdf/meshes/gripper_v0/convex/l_finger_convex.stla
[1.423s] -- Installing: /home/laxmi-arz-i006/moveit_resources-ros2/install/moveit_resources_pr2_description/share/moveit_resources_pr2_description/urdf/meshes/gripper_v0/convex/gripper_palm.xml
[1.424s] -- Installing: /home/laxmi-arz-i006/moveit_resources-ros2/install/moveit_resources_pr2_description/share/moveit_resources_pr2_description/urdf/meshes/gripper_v0/convex/gripper_palm.dae
[1.424s] -- Installing: /home/laxmi-arz-i006/moveit_resources-ros2/install/moveit_resources_pr2_description/share/moveit_resources_pr2_description/urdf/meshes/gripper_v0/convex/l_finger.dae
[1.424s] -- Installing: /home/laxmi-arz-i006/moveit_resources-ros2/install/moveit_resources_pr2_description/share/moveit_resources_pr2_description/urdf/meshes/gripper_v0/convex/l_floating_convex.stla
[1.425s] -- Installing: /home/laxmi-arz-i006/moveit_resources-ros2/install/moveit_resources_pr2_description/share/moveit_resources_pr2_description/urdf/meshes/gripper_v0/convex/finger_tip_pad2_l_convex.stla
[1.425s] -- Installing: /home/laxmi-arz-i006/moveit_resources-ros2/install/moveit_resources_pr2_description/share/moveit_resources_pr2_description/urdf/meshes/gripper_v0/convex/finger_tip_l.dae
[1.425s] -- Installing: /home/laxmi-arz-i006/moveit_resources-ros2/install/moveit_resources_pr2_description/share/moveit_resources_pr2_description/urdf/meshes/gripper_v0/convex/upper_finger_l.dae
[1.426s] -- Installing: /home/laxmi-arz-i006/moveit_resources-ros2/install/moveit_resources_pr2_description/share/moveit_resources_pr2_description/urdf/meshes/gripper_v0/convex/l_floating.dae
[1.426s] -- Installing: /home/laxmi-arz-i006/moveit_resources-ros2/install/moveit_resources_pr2_description/share/moveit_resources_pr2_description/urdf/meshes/gripper_v0/convex/gripper_palm_convex.stla
[1.426s] -- Installing: /home/laxmi-arz-i006/moveit_resources-ros2/install/moveit_resources_pr2_description/share/moveit_resources_pr2_description/urdf/meshes/gripper_v0/convex/finger_tip_pad2_r_convex.stlb
[1.427s] -- Installing: /home/laxmi-arz-i006/moveit_resources-ros2/install/moveit_resources_pr2_description/share/moveit_resources_pr2_description/urdf/meshes/gripper_v0/convex/l_finger_tip_convex.stla
[1.427s] -- Installing: /home/laxmi-arz-i006/moveit_resources-ros2/install/moveit_resources_pr2_description/share/moveit_resources_pr2_description/urdf/meshes/gripper_v0/convex/l_finger_tip.dae
[1.427s] -- Installing: /home/laxmi-arz-i006/moveit_resources-ros2/install/moveit_resources_pr2_description/share/moveit_resources_pr2_description/urdf/meshes/gripper_v0/convex/gripper_palm_convex.stlb
[1.428s] -- Installing: /home/laxmi-arz-i006/moveit_resources-ros2/install/moveit_resources_pr2_description/share/moveit_resources_pr2_description/urdf/meshes/gripper_v0/convex/finger_tip_r_convex.stla
[1.428s] -- Installing: /home/laxmi-arz-i006/moveit_resources-ros2/install/moveit_resources_pr2_description/share/moveit_resources_pr2_description/urdf/meshes/gripper_v0/convex/l_finger_tip.xml
[1.428s] -- Installing: /home/laxmi-arz-i006/moveit_resources-ros2/install/moveit_resources_pr2_description/share/moveit_resources_pr2_description/urdf/meshes/gripper_v0/convex/upper_finger_r.xml
[1.429s] -- Installing: /home/laxmi-arz-i006/moveit_resources-ros2/install/moveit_resources_pr2_description/share/moveit_resources_pr2_description/urdf/meshes/gripper_v0/convex/finger_tip_pad2_l_convex.stlb
[1.429s] -- Installing: /home/laxmi-arz-i006/moveit_resources-ros2/install/moveit_resources_pr2_description/share/moveit_resources_pr2_description/urdf/meshes/gripper_v0/convex/upper_finger_l.xml
[1.429s] -- Installing: /home/laxmi-arz-i006/moveit_resources-ros2/install/moveit_resources_pr2_description/share/moveit_resources_pr2_description/urdf/meshes/gripper_v0/convex/l_finger_tip_convex.stlb
[1.430s] -- Installing: /home/laxmi-arz-i006/moveit_resources-ros2/install/moveit_resources_pr2_description/share/moveit_resources_pr2_description/urdf/meshes/gripper_v0/convex/finger_tip_r.xml
[1.430s] -- Installing: /home/laxmi-arz-i006/moveit_resources-ros2/install/moveit_resources_pr2_description/share/moveit_resources_pr2_description/urdf/meshes/gripper_v0/convex/l_floating_convex.stlb
[1.430s] -- Installing: /home/laxmi-arz-i006/moveit_resources-ros2/install/moveit_resources_pr2_description/share/moveit_resources_pr2_description/urdf/meshes/gripper_v0/convex/finger_tip_pad2_l.dae
[1.431s] -- Installing: /home/laxmi-arz-i006/moveit_resources-ros2/install/moveit_resources_pr2_description/share/moveit_resources_pr2_description/urdf/meshes/gripper_v0/convex/upper_finger_r.dae
[1.431s] -- Installing: /home/laxmi-arz-i006/moveit_resources-ros2/install/moveit_resources_pr2_description/share/moveit_resources_pr2_description/urdf/meshes/gripper_v0/convex/upper_finger_l_convex.stlb
[1.431s] -- Installing: /home/laxmi-arz-i006/moveit_resources-ros2/install/moveit_resources_pr2_description/share/moveit_resources_pr2_description/urdf/meshes/gripper_v0/convex/l_finger.xml
[1.431s] -- Installing: /home/laxmi-arz-i006/moveit_resources-ros2/install/moveit_resources_pr2_description/share/moveit_resources_pr2_description/urdf/meshes/gripper_v0/convex/finger_tip_l.xml
[1.432s] -- Installing: /home/laxmi-arz-i006/moveit_resources-ros2/install/moveit_resources_pr2_description/share/moveit_resources_pr2_description/urdf/meshes/gripper_v0/convex/finger_tip_pad2_r_convex.stla
[1.432s] -- Installing: /home/laxmi-arz-i006/moveit_resources-ros2/install/moveit_resources_pr2_description/share/moveit_resources_pr2_description/urdf/meshes/gripper_v0/convex/upper_finger_r_convex.stla
[1.433s] -- Installing: /home/laxmi-arz-i006/moveit_resources-ros2/install/moveit_resources_pr2_description/share/moveit_resources_pr2_description/urdf/meshes/gripper_v0/convex/finger_tip_r.dae
[1.433s] -- Installing: /home/laxmi-arz-i006/moveit_resources-ros2/install/moveit_resources_pr2_description/share/moveit_resources_pr2_description/urdf/meshes/gripper_v0/convex/upper_finger_r_convex.stlb
[1.433s] -- Installing: /home/laxmi-arz-i006/moveit_resources-ros2/install/moveit_resources_pr2_description/share/moveit_resources_pr2_description/urdf/meshes/gripper_v0/convex/l_floating.xml
[1.434s] -- Installing: /home/laxmi-arz-i006/moveit_resources-ros2/install/moveit_resources_pr2_description/share/moveit_resources_pr2_description/urdf/meshes/gripper_v0/convex/finger_tip_pad2_l.xml
[1.434s] -- Installing: /home/laxmi-arz-i006/moveit_resources-ros2/install/moveit_resources_pr2_description/share/moveit_resources_pr2_description/urdf/meshes/gripper_v0/convex/finger_tip_l_convex.stla
[1.434s] -- Installing: /home/laxmi-arz-i006/moveit_resources-ros2/install/moveit_resources_pr2_description/share/moveit_resources_pr2_description/urdf/meshes/gripper_v0/convex/finger_tip_pad2_r.dae
[1.435s] -- Installing: /home/laxmi-arz-i006/moveit_resources-ros2/install/moveit_resources_pr2_description/share/moveit_resources_pr2_description/urdf/meshes/gripper_v0/finger_tip_pad2_r.stl
[1.435s] -- Installing: /home/laxmi-arz-i006/moveit_resources-ros2/install/moveit_resources_pr2_description/share/moveit_resources_pr2_description/urdf/meshes/gripper_v0/palm_H_Color_100430.tif
[1.436s] -- Installing: /home/laxmi-arz-i006/moveit_resources-ros2/install/moveit_resources_pr2_description/share/moveit_resources_pr2_description/urdf/meshes/gripper_v0/gripper_palm_normals.tif
[1.439s] -- Installing: /home/laxmi-arz-i006/moveit_resources-ros2/install/moveit_resources_pr2_description/share/moveit_resources_pr2_description/urdf/meshes/gripper_v0/fingertip_H_Color_100430.tif
[1.439s] -- Installing: /home/laxmi-arz-i006/moveit_resources-ros2/install/moveit_resources_pr2_description/share/moveit_resources_pr2_description/urdf/meshes/gripper_v0/gripper_palm.stl
[1.440s] -- Installing: /home/laxmi-arz-i006/moveit_resources-ros2/install/moveit_resources_pr2_description/share/moveit_resources_pr2_description/urdf/meshes/gripper_v0/l_finger_tip_normals.tif
[1.442s] -- Installing: /home/laxmi-arz-i006/moveit_resources-ros2/install/moveit_resources_pr2_description/share/moveit_resources_pr2_description/urdf/meshes/gripper_v0/finger_H_Color_100430.tif
[1.443s] -- Installing: /home/laxmi-arz-i006/moveit_resources-ros2/install/moveit_resources_pr2_description/share/moveit_resources_pr2_description/urdf/meshes/gripper_v0/l_finger_tip_color.tif
[1.443s] -- Installing: /home/laxmi-arz-i006/moveit_resources-ros2/install/moveit_resources_pr2_description/share/moveit_resources_pr2_description/urdf/meshes/gripper_v0/l_float_normals.tif
[1.447s] -- Installing: /home/laxmi-arz-i006/moveit_resources-ros2/install/moveit_resources_pr2_description/share/moveit_resources_pr2_description/urdf/meshes/gripper_v0/palm_H_UV_100430.dae
[1.449s] -- Installing: /home/laxmi-arz-i006/moveit_resources-ros2/install/moveit_resources_pr2_description/share/moveit_resources_pr2_description/urdf/meshes/gripper_v0/l_float_color.tif
[1.450s] -- Installing: /home/laxmi-arz-i006/moveit_resources-ros2/install/moveit_resources_pr2_description/share/moveit_resources_pr2_description/urdf/meshes/gripper_v0/finger_tip_H_UV_100430.dae
[1.454s] -- Installing: /home/laxmi-arz-i006/moveit_resources-ros2/install/moveit_resources_pr2_description/share/moveit_resources_pr2_description/urdf/meshes/gripper_v0/upper_finger_r.stl
[1.454s] -- Installing: /home/laxmi-arz-i006/moveit_resources-ros2/install/moveit_resources_pr2_description/share/moveit_resources_pr2_description/urdf/meshes/gripper_v0/finger_tip_l.stl
[1.454s] -- Installing: /home/laxmi-arz-i006/moveit_resources-ros2/install/moveit_resources_pr2_description/share/moveit_resources_pr2_description/urdf/meshes/gripper_v0/l_floating.stl
[1.455s] -- Installing: /home/laxmi-arz-i006/moveit_resources-ros2/install/moveit_resources_pr2_description/share/moveit_resources_pr2_description/urdf/meshes/gripper_v0/upper_finger_l.stl
[1.455s] -- Installing: /home/laxmi-arz-i006/moveit_resources-ros2/install/moveit_resources_pr2_description/share/moveit_resources_pr2_description/urdf/meshes/gripper_v0/l_finger_color.tif
[1.456s] -- Installing: /home/laxmi-arz-i006/moveit_resources-ros2/install/moveit_resources_pr2_description/share/moveit_resources_pr2_description/urdf/materials
[1.456s] -- Installing: /home/laxmi-arz-i006/moveit_resources-ros2/install/moveit_resources_pr2_description/share/moveit_resources_pr2_description/urdf/materials/textures
[1.457s] -- Installing: /home/laxmi-arz-i006/moveit_resources-ros2/install/moveit_resources_pr2_description/share/moveit_resources_pr2_description/urdf/materials/textures/pr2_caster_texture.png
[1.457s] -- Installing: /home/laxmi-arz-i006/moveit_resources-ros2/install/moveit_resources_pr2_description/share/moveit_resources_pr2_description/urdf/materials/textures/pr2_wheel_left.png
[1.458s] -- Installing: /home/laxmi-arz-i006/moveit_resources-ros2/install/moveit_resources_pr2_description/share/moveit_resources_pr2_description/urdf/materials/textures/pr2_wheel_right.png
[1.458s] -- Installing: /home/laxmi-arz-i006/moveit_resources-ros2/install/moveit_resources_pr2_description/share/moveit_resources_pr2_description/kinect.dae
[1.465s] Invoked command in '/home/laxmi-arz-i006/moveit_resources-ros2/build/moveit_resources_pr2_description' returned '0': CMAKE_PREFIX_PATH=${CMAKE_PREFIX_PATH}:/opt/ros/jazzy DEBUGINFOD_URLS=https://debuginfod.ubuntu.com /usr/bin/cmake --install /home/laxmi-arz-i006/moveit_resources-ros2/build/moveit_resources_pr2_description
