[0.062s] Invoking command in '/home/laxmi-arz-i006/moveit_resources-ros2/build/moveit_task_constructor_capabilities': AMENT_PREFIX_PATH=/home/laxmi-arz-i006/moveit_resources-ros2/install/moveit_task_constructor_core:/home/laxmi-arz-i006/moveit_resources-ros2/install/moveit_resources_panda_moveit_config:/home/laxmi-arz-i006/moveit_resources-ros2/install/moveit_resources_fanuc_moveit_config:/home/laxmi-arz-i006/moveit_resources-ros2/install/rviz_marker_tools:/home/laxmi-arz-i006/moveit_resources-ros2/install/moveit_task_constructor_msgs:/home/laxmi-arz-i006/moveit_resources-ros2/install/moveit_resources_panda_description:/home/laxmi-arz-i006/moveit_resources-ros2/install/moveit_resources_fanuc_description:${AMENT_PREFIX_PATH} CMAKE_MODULE_PATH=/home/laxmi-arz-i006/moveit_resources-ros2/install/moveit_task_constructor_core/share/moveit_task_constructor_core/cmake CMAKE_PREFIX_PATH=/home/laxmi-arz-i006/moveit_resources-ros2/install/moveit_task_constructor_core:/home/laxmi-arz-i006/moveit_resources-ros2/install/moveit_resources_panda_moveit_config:/home/laxmi-arz-i006/moveit_resources-ros2/install/moveit_resources_fanuc_moveit_config:/home/laxmi-arz-i006/moveit_resources-ros2/install/rviz_marker_tools:/home/laxmi-arz-i006/moveit_resources-ros2/install/moveit_task_constructor_msgs:/home/laxmi-arz-i006/moveit_resources-ros2/install/moveit_resources_panda_description:/home/laxmi-arz-i006/moveit_resources-ros2/install/moveit_resources_fanuc_description:/opt/ros/jazzy/opt/gz_sim_vendor:/opt/ros/jazzy/opt/gz_sensors_vendor:/opt/ros/jazzy/opt/gz_physics_vendor:/opt/ros/jazzy/opt/sdformat_vendor:/opt/ros/jazzy/opt/gz_gui_vendor:/opt/ros/jazzy/opt/gz_transport_vendor:/opt/ros/jazzy/opt/gz_rendering_vendor:/opt/ros/jazzy/opt/gz_plugin_vendor:/opt/ros/jazzy/opt/gz_fuel_tools_vendor:/opt/ros/jazzy/opt/gz_msgs_vendor:/opt/ros/jazzy/opt/gz_common_vendor:/opt/ros/jazzy/opt/gz_math_vendor:/opt/ros/jazzy/opt/gz_utils_vendor:/opt/ros/jazzy/opt/gz_tools_vendor:/opt/ros/jazzy/opt/gz_ogre_next_vendor:/opt/ros/jazzy/opt/gz_dartsim_vendor:/opt/ros/jazzy/opt/gz_cmake_vendor:/opt/ros/jazzy DEBUGINFOD_URLS=https://debuginfod.ubuntu.com LD_LIBRARY_PATH=/home/laxmi-arz-i006/moveit_resources-ros2/install/moveit_task_constructor_core/lib:/home/laxmi-arz-i006/moveit_resources-ros2/install/rviz_marker_tools/lib:/home/laxmi-arz-i006/moveit_resources-ros2/install/moveit_task_constructor_msgs/lib:${LD_LIBRARY_PATH} PYTHONPATH=/home/laxmi-arz-i006/moveit_resources-ros2/install/moveit_task_constructor_core/lib/python3.12/site-packages:/home/laxmi-arz-i006/moveit_resources-ros2/install/moveit_task_constructor_msgs/lib/python3.12/site-packages:${PYTHONPATH} /usr/bin/cmake /home/laxmi-arz-i006/moveit_resources-ros2/moveit_task_constructor/capabilities -DCMAKE_INSTALL_PREFIX=/home/laxmi-arz-i006/moveit_resources-ros2/install/moveit_task_constructor_capabilities
[0.194s] -- The C compiler identification is GNU 13.3.0
[0.273s] -- The CXX compiler identification is GNU 13.3.0
[0.301s] -- Detecting C compiler ABI info
[0.491s] -- Detecting C compiler ABI info - done
[0.509s] -- Check for working C compiler: /usr/bin/cc - skipped
[0.509s] -- Detecting C compile features
[0.510s] -- Detecting C compile features - done
[0.527s] -- Detecting CXX compiler ABI info
[0.702s] -- Detecting CXX compiler ABI info - done
[0.729s] -- Check for working CXX compiler: /usr/bin/c++ - skipped
[0.729s] -- Detecting CXX compile features
[0.730s] -- Detecting CXX compile features - done
[0.743s] -- Found ament_cmake: 2.5.4 (/opt/ros/jazzy/share/ament_cmake/cmake)
[1.006s] -- Found Python3: /usr/bin/python3 (found version "3.12.3") found components: Interpreter 
[1.289s] -- Found Boost: /usr/lib/x86_64-linux-gnu/cmake/Boost-1.83.0/BoostConfig.cmake (found version "1.83.0")  
[1.294s] -- Found moveit_common: 2.12.3 (/opt/ros/jazzy/share/moveit_common/cmake)
[1.412s] [0mmoveit_task_constructor_capabilities: You did not request a specific build type: Choosing 'Release' for maximum performance[0m
[1.417s] -- Found moveit_core: 2.12.3 (/opt/ros/jazzy/share/moveit_core/cmake)
[1.652s] -- Found Boost: /usr/lib/x86_64-linux-gnu/cmake/Boost-1.83.0/BoostConfig.cmake (found version "1.83.0") found components: chrono date_time filesystem iostreams program_options regex serialization system thread 
[1.789s] -- Found parameter_traits: 0.5.0 (/opt/ros/jazzy/share/parameter_traits/cmake)
[1.875s] -- Found rosidl_generator_c: 4.6.6 (/opt/ros/jazzy/share/rosidl_generator_c/cmake)
[1.903s] -- Found rosidl_generator_cpp: 4.6.6 (/opt/ros/jazzy/share/rosidl_generator_cpp/cmake)
[1.932s] -- Using all available rosidl_typesupport_c: rosidl_typesupport_fastrtps_c;rosidl_typesupport_introspection_c
[1.965s] -- Using all available rosidl_typesupport_cpp: rosidl_typesupport_fastrtps_cpp;rosidl_typesupport_introspection_cpp
[2.094s] -- Found rmw_implementation_cmake: 7.3.2 (/opt/ros/jazzy/share/rmw_implementation_cmake/cmake)
[2.101s] -- Found rmw_fastrtps_cpp: 8.4.3 (/opt/ros/jazzy/share/rmw_fastrtps_cpp/cmake)
[2.249s] -- Found OpenSSL: /usr/lib/x86_64-linux-gnu/libcrypto.so (found version "3.0.13")  
[2.278s] -- Found FastRTPS: /opt/ros/jazzy/include (Required is at least version "2.13") 
[2.311s] -- Using RMW implementation 'rmw_fastrtps_cpp' as default
[2.453s] -- Found rclcpp_lifecycle: 28.1.13 (/opt/ros/jazzy/share/rclcpp_lifecycle/cmake)
[2.512s] -- Found Boost: /usr/lib/x86_64-linux-gnu/cmake/Boost-1.83.0/BoostConfig.cmake (found version "1.83.0") found components: filesystem 
[2.732s] -- Found Eigen3: TRUE (found version "3.4.0") 
[2.732s] -- Ensuring Eigen3 include directory is part of orocos-kdl CMake target
[3.298s] -- Found moveit_ros_move_group: 2.12.3 (/opt/ros/jazzy/share/moveit_ros_move_group/cmake)
[3.305s] -- Found Boost: /usr/lib/x86_64-linux-gnu/cmake/Boost-1.83.0/BoostConfig.cmake (found version "1.83.0") found components: system filesystem date_time program_options thread 
[3.350s] -- Found Boost: /usr/lib/x86_64-linux-gnu/cmake/Boost-1.83.0/BoostConfig.cmake (found version "1.83.0") found components: system filesystem date_time program_options thread chrono 
[3.429s] -- Found moveit_task_constructor_core: 0.1.4 (/home/laxmi-arz-i006/moveit_resources-ros2/install/moveit_task_constructor_core/share/moveit_task_constructor_core/cmake)
[3.451s] -- Found Boost: /usr/lib/x86_64-linux-gnu/cmake/Boost-1.83.0/BoostConfig.cmake (found version "1.83.0") found components: date_time filesystem program_options system thread 
[3.478s] -- Found Boost: /usr/lib/x86_64-linux-gnu/cmake/Boost-1.83.0/BoostConfig.cmake (found version "1.83.0") found components: thread system filesystem regex date_time program_options 
[3.615s] -- Found ament_cmake_gtest: 2.5.4 (/opt/ros/jazzy/share/ament_cmake_gtest/cmake)
[3.623s] -- Found launch_testing_ament_cmake: 3.4.9 (/opt/ros/jazzy/share/launch_testing_ament_cmake/cmake)
[3.630s] -- Found python_cmake_module: 0.11.1 (/opt/ros/jazzy/share/python_cmake_module/cmake)
[3.817s] -- Found PythonExtra: /usr/bin/python3  
[3.825s] -- Found gtest sources under '/opt/ros/jazzy/src/gtest_vendor': C++ tests using 'Google Test' will be built
[3.832s] -- Found Threads: TRUE  
[3.838s] -- Configuring done (3.8s)
[3.909s] -- Generating done (0.0s)
[3.924s] -- Build files have been written to: /home/laxmi-arz-i006/moveit_resources-ros2/build/moveit_task_constructor_capabilities
[3.947s] Invoked command in '/home/laxmi-arz-i006/moveit_resources-ros2/build/moveit_task_constructor_capabilities' returned '0': AMENT_PREFIX_PATH=/home/laxmi-arz-i006/moveit_resources-ros2/install/moveit_task_constructor_core:/home/laxmi-arz-i006/moveit_resources-ros2/install/moveit_resources_panda_moveit_config:/home/laxmi-arz-i006/moveit_resources-ros2/install/moveit_resources_fanuc_moveit_config:/home/laxmi-arz-i006/moveit_resources-ros2/install/rviz_marker_tools:/home/laxmi-arz-i006/moveit_resources-ros2/install/moveit_task_constructor_msgs:/home/laxmi-arz-i006/moveit_resources-ros2/install/moveit_resources_panda_description:/home/laxmi-arz-i006/moveit_resources-ros2/install/moveit_resources_fanuc_description:${AMENT_PREFIX_PATH} CMAKE_MODULE_PATH=/home/laxmi-arz-i006/moveit_resources-ros2/install/moveit_task_constructor_core/share/moveit_task_constructor_core/cmake CMAKE_PREFIX_PATH=/home/laxmi-arz-i006/moveit_resources-ros2/install/moveit_task_constructor_core:/home/laxmi-arz-i006/moveit_resources-ros2/install/moveit_resources_panda_moveit_config:/home/laxmi-arz-i006/moveit_resources-ros2/install/moveit_resources_fanuc_moveit_config:/home/laxmi-arz-i006/moveit_resources-ros2/install/rviz_marker_tools:/home/laxmi-arz-i006/moveit_resources-ros2/install/moveit_task_constructor_msgs:/home/laxmi-arz-i006/moveit_resources-ros2/install/moveit_resources_panda_description:/home/laxmi-arz-i006/moveit_resources-ros2/install/moveit_resources_fanuc_description:/opt/ros/jazzy/opt/gz_sim_vendor:/opt/ros/jazzy/opt/gz_sensors_vendor:/opt/ros/jazzy/opt/gz_physics_vendor:/opt/ros/jazzy/opt/sdformat_vendor:/opt/ros/jazzy/opt/gz_gui_vendor:/opt/ros/jazzy/opt/gz_transport_vendor:/opt/ros/jazzy/opt/gz_rendering_vendor:/opt/ros/jazzy/opt/gz_plugin_vendor:/opt/ros/jazzy/opt/gz_fuel_tools_vendor:/opt/ros/jazzy/opt/gz_msgs_vendor:/opt/ros/jazzy/opt/gz_common_vendor:/opt/ros/jazzy/opt/gz_math_vendor:/opt/ros/jazzy/opt/gz_utils_vendor:/opt/ros/jazzy/opt/gz_tools_vendor:/opt/ros/jazzy/opt/gz_ogre_next_vendor:/opt/ros/jazzy/opt/gz_dartsim_vendor:/opt/ros/jazzy/opt/gz_cmake_vendor:/opt/ros/jazzy DEBUGINFOD_URLS=https://debuginfod.ubuntu.com LD_LIBRARY_PATH=/home/laxmi-arz-i006/moveit_resources-ros2/install/moveit_task_constructor_core/lib:/home/laxmi-arz-i006/moveit_resources-ros2/install/rviz_marker_tools/lib:/home/laxmi-arz-i006/moveit_resources-ros2/install/moveit_task_constructor_msgs/lib:${LD_LIBRARY_PATH} PYTHONPATH=/home/laxmi-arz-i006/moveit_resources-ros2/install/moveit_task_constructor_core/lib/python3.12/site-packages:/home/laxmi-arz-i006/moveit_resources-ros2/install/moveit_task_constructor_msgs/lib/python3.12/site-packages:${PYTHONPATH} /usr/bin/cmake /home/laxmi-arz-i006/moveit_resources-ros2/moveit_task_constructor/capabilities -DCMAKE_INSTALL_PREFIX=/home/laxmi-arz-i006/moveit_resources-ros2/install/moveit_task_constructor_capabilities
[3.949s] Invoking command in '/home/laxmi-arz-i006/moveit_resources-ros2/build/moveit_task_constructor_capabilities': AMENT_PREFIX_PATH=/home/laxmi-arz-i006/moveit_resources-ros2/install/moveit_task_constructor_core:/home/laxmi-arz-i006/moveit_resources-ros2/install/moveit_resources_panda_moveit_config:/home/laxmi-arz-i006/moveit_resources-ros2/install/moveit_resources_fanuc_moveit_config:/home/laxmi-arz-i006/moveit_resources-ros2/install/rviz_marker_tools:/home/laxmi-arz-i006/moveit_resources-ros2/install/moveit_task_constructor_msgs:/home/laxmi-arz-i006/moveit_resources-ros2/install/moveit_resources_panda_description:/home/laxmi-arz-i006/moveit_resources-ros2/install/moveit_resources_fanuc_description:${AMENT_PREFIX_PATH} CMAKE_MODULE_PATH=/home/laxmi-arz-i006/moveit_resources-ros2/install/moveit_task_constructor_core/share/moveit_task_constructor_core/cmake CMAKE_PREFIX_PATH=/home/laxmi-arz-i006/moveit_resources-ros2/install/moveit_task_constructor_core:/home/laxmi-arz-i006/moveit_resources-ros2/install/moveit_resources_panda_moveit_config:/home/laxmi-arz-i006/moveit_resources-ros2/install/moveit_resources_fanuc_moveit_config:/home/laxmi-arz-i006/moveit_resources-ros2/install/rviz_marker_tools:/home/laxmi-arz-i006/moveit_resources-ros2/install/moveit_task_constructor_msgs:/home/laxmi-arz-i006/moveit_resources-ros2/install/moveit_resources_panda_description:/home/laxmi-arz-i006/moveit_resources-ros2/install/moveit_resources_fanuc_description:/opt/ros/jazzy/opt/gz_sim_vendor:/opt/ros/jazzy/opt/gz_sensors_vendor:/opt/ros/jazzy/opt/gz_physics_vendor:/opt/ros/jazzy/opt/sdformat_vendor:/opt/ros/jazzy/opt/gz_gui_vendor:/opt/ros/jazzy/opt/gz_transport_vendor:/opt/ros/jazzy/opt/gz_rendering_vendor:/opt/ros/jazzy/opt/gz_plugin_vendor:/opt/ros/jazzy/opt/gz_fuel_tools_vendor:/opt/ros/jazzy/opt/gz_msgs_vendor:/opt/ros/jazzy/opt/gz_common_vendor:/opt/ros/jazzy/opt/gz_math_vendor:/opt/ros/jazzy/opt/gz_utils_vendor:/opt/ros/jazzy/opt/gz_tools_vendor:/opt/ros/jazzy/opt/gz_ogre_next_vendor:/opt/ros/jazzy/opt/gz_dartsim_vendor:/opt/ros/jazzy/opt/gz_cmake_vendor:/opt/ros/jazzy DEBUGINFOD_URLS=https://debuginfod.ubuntu.com LD_LIBRARY_PATH=/home/laxmi-arz-i006/moveit_resources-ros2/install/moveit_task_constructor_core/lib:/home/laxmi-arz-i006/moveit_resources-ros2/install/rviz_marker_tools/lib:/home/laxmi-arz-i006/moveit_resources-ros2/install/moveit_task_constructor_msgs/lib:${LD_LIBRARY_PATH} PYTHONPATH=/home/laxmi-arz-i006/moveit_resources-ros2/install/moveit_task_constructor_core/lib/python3.12/site-packages:/home/laxmi-arz-i006/moveit_resources-ros2/install/moveit_task_constructor_msgs/lib/python3.12/site-packages:${PYTHONPATH} /usr/bin/cmake --build /home/laxmi-arz-i006/moveit_resources-ros2/build/moveit_task_constructor_capabilities -- -j16 -l16
[4.050s] [ 12%] [32mBuilding CXX object gtest/CMakeFiles/gtest_main.dir/src/gtest_main.cc.o[0m
[4.051s] [ 25%] [32mBuilding CXX object gtest/CMakeFiles/gtest.dir/src/gtest-all.cc.o[0m
[4.051s] [ 37%] [32mBuilding CXX object CMakeFiles/moveit_task_constructor_capabilities.dir/src/execute_task_solution_capability.cpp.o[0m
[5.704s] [ 50%] [32m[1mLinking CXX static library libgtest_main.a[0m
[5.763s] [ 50%] Built target gtest_main
