[0.019s] Invoking command in '/home/laxmi-arz-i006/moveit_resources-ros2/build/moveit_task_constructor_core': AMENT_PREFIX_PATH=/home/laxmi-arz-i006/moveit_resources-ros2/install/moveit_resources_fanuc_moveit_config:/home/laxmi-arz-i006/moveit_resources-ros2/install/rviz_marker_tools:/home/laxmi-arz-i006/moveit_resources-ros2/install/moveit_task_constructor_msgs:/home/laxmi-arz-i006/moveit_resources-ros2/install/moveit_resources_fanuc_description:${AMENT_PREFIX_PATH} CMAKE_PREFIX_PATH=/home/laxmi-arz-i006/moveit_resources-ros2/install/moveit_resources_fanuc_moveit_config:/home/laxmi-arz-i006/moveit_resources-ros2/install/rviz_marker_tools:/home/laxmi-arz-i006/moveit_resources-ros2/install/moveit_task_constructor_msgs:/home/laxmi-arz-i006/moveit_resources-ros2/install/moveit_resources_fanuc_description:/opt/ros/jazzy/opt/gz_sim_vendor:/opt/ros/jazzy/opt/gz_sensors_vendor:/opt/ros/jazzy/opt/gz_physics_vendor:/opt/ros/jazzy/opt/sdformat_vendor:/opt/ros/jazzy/opt/gz_gui_vendor:/opt/ros/jazzy/opt/gz_transport_vendor:/opt/ros/jazzy/opt/gz_rendering_vendor:/opt/ros/jazzy/opt/gz_plugin_vendor:/opt/ros/jazzy/opt/gz_fuel_tools_vendor:/opt/ros/jazzy/opt/gz_msgs_vendor:/opt/ros/jazzy/opt/gz_common_vendor:/opt/ros/jazzy/opt/gz_math_vendor:/opt/ros/jazzy/opt/gz_utils_vendor:/opt/ros/jazzy/opt/gz_tools_vendor:/opt/ros/jazzy/opt/gz_ogre_next_vendor:/opt/ros/jazzy/opt/gz_dartsim_vendor:/opt/ros/jazzy/opt/gz_cmake_vendor:/opt/ros/jazzy DEBUGINFOD_URLS=https://debuginfod.ubuntu.com LD_LIBRARY_PATH=/home/laxmi-arz-i006/moveit_resources-ros2/install/rviz_marker_tools/lib:/home/laxmi-arz-i006/moveit_resources-ros2/install/moveit_task_constructor_msgs/lib:${LD_LIBRARY_PATH} PYTHONPATH=/home/laxmi-arz-i006/moveit_resources-ros2/install/moveit_task_constructor_msgs/lib/python3.12/site-packages:${PYTHONPATH} /usr/bin/cmake /home/laxmi-arz-i006/moveit_resources-ros2/moveit_task_constructor/core -DCMAKE_INSTALL_PREFIX=/home/laxmi-arz-i006/moveit_resources-ros2/install/moveit_task_constructor_core
[0.084s] -- The C compiler identification is GNU 13.3.0
[0.145s] -- The CXX compiler identification is GNU 13.3.0
[0.165s] -- Detecting C compiler ABI info
[0.270s] -- Detecting C compiler ABI info - done
[0.285s] -- Check for working C compiler: /usr/bin/cc - skipped
[0.286s] -- Detecting C compile features
[0.286s] -- Detecting C compile features - done
[0.299s] -- Detecting CXX compiler ABI info
[0.425s] -- Detecting CXX compiler ABI info - done
[0.437s] -- Check for working CXX compiler: /usr/bin/c++ - skipped
[0.438s] -- Detecting CXX compile features
[0.439s] -- Detecting CXX compile features - done
[0.448s] -- Found ament_cmake: 2.5.4 (/opt/ros/jazzy/share/ament_cmake/cmake)
[0.663s] -- Found Python3: /usr/bin/python3 (found version "3.12.3") found components: Interpreter 
[0.814s] -- Found Boost: /usr/lib/x86_64-linux-gnu/cmake/Boost-1.83.0/BoostConfig.cmake (found version "1.83.0")  
[0.824s] -- Found geometry_msgs: 5.3.6 (/opt/ros/jazzy/share/geometry_msgs/cmake)
[0.892s] -- Found rosidl_generator_c: 4.6.6 (/opt/ros/jazzy/share/rosidl_generator_c/cmake)
[0.913s] -- Found rosidl_generator_cpp: 4.6.6 (/opt/ros/jazzy/share/rosidl_generator_cpp/cmake)
[0.938s] -- Using all available rosidl_typesupport_c: rosidl_typesupport_fastrtps_c;rosidl_typesupport_introspection_c
[0.966s] -- Using all available rosidl_typesupport_cpp: rosidl_typesupport_fastrtps_cpp;rosidl_typesupport_introspection_cpp
[1.027s] -- Found moveit_common: 2.12.3 (/opt/ros/jazzy/share/moveit_common/cmake)
[1.126s] [0mmoveit_task_constructor_core: You did not request a specific build type: Choosing 'Release' for maximum performance[0m
[1.130s] -- Found moveit_core: 2.12.3 (/opt/ros/jazzy/share/moveit_core/cmake)
[1.411s] -- Found Boost: /usr/lib/x86_64-linux-gnu/cmake/Boost-1.83.0/BoostConfig.cmake (found version "1.83.0") found components: chrono date_time filesystem iostreams program_options regex serialization system thread 
[1.532s] -- Found parameter_traits: 0.5.0 (/opt/ros/jazzy/share/parameter_traits/cmake)
[1.623s] -- Found rmw_implementation_cmake: 7.3.2 (/opt/ros/jazzy/share/rmw_implementation_cmake/cmake)
[1.629s] -- Found rmw_fastrtps_cpp: 8.4.3 (/opt/ros/jazzy/share/rmw_fastrtps_cpp/cmake)
[1.760s] -- Found OpenSSL: /usr/lib/x86_64-linux-gnu/libcrypto.so (found version "3.0.13")  
[1.800s] -- Found FastRTPS: /opt/ros/jazzy/include (Required is at least version "2.13") 
[1.832s] -- Using RMW implementation 'rmw_fastrtps_cpp' as default
[1.940s] -- Found rclcpp_lifecycle: 28.1.13 (/opt/ros/jazzy/share/rclcpp_lifecycle/cmake)
[1.986s] -- Found Boost: /usr/lib/x86_64-linux-gnu/cmake/Boost-1.83.0/BoostConfig.cmake (found version "1.83.0") found components: filesystem 
[2.120s] -- Found Eigen3: TRUE (found version "3.4.0") 
[2.121s] -- Ensuring Eigen3 include directory is part of orocos-kdl CMake target
[2.537s] -- Found moveit_ros_planning: 2.12.3 (/opt/ros/jazzy/share/moveit_ros_planning/cmake)
[2.543s] -- Found Boost: /usr/lib/x86_64-linux-gnu/cmake/Boost-1.83.0/BoostConfig.cmake (found version "1.83.0") found components: system filesystem date_time program_options thread chrono 
[2.592s] -- Found moveit_ros_planning_interface: 2.12.3 (/opt/ros/jazzy/share/moveit_ros_planning_interface/cmake)
[2.597s] -- Found Boost: /usr/lib/x86_64-linux-gnu/cmake/Boost-1.83.0/BoostConfig.cmake (found version "1.83.0") found components: date_time filesystem program_options system thread 
[2.617s] -- Found Boost: /usr/lib/x86_64-linux-gnu/cmake/Boost-1.83.0/BoostConfig.cmake (found version "1.83.0") found components: thread system filesystem regex date_time program_options 
[2.650s] -- Found Boost: /usr/lib/x86_64-linux-gnu/cmake/Boost-1.83.0/BoostConfig.cmake (found version "1.83.0") found components: system filesystem date_time program_options thread 
[2.693s] -- Found moveit_task_constructor_msgs: 0.1.4 (/home/laxmi-arz-i006/moveit_resources-ros2/install/moveit_task_constructor_msgs/share/moveit_task_constructor_msgs/cmake)
[2.740s] -- Found py_binding_tools: 2.0.1 (/opt/ros/jazzy/share/py_binding_tools/cmake)
[2.744s] -- Found rviz_marker_tools: 0.1.4 (/home/laxmi-arz-i006/moveit_resources-ros2/install/rviz_marker_tools/share/rviz_marker_tools/cmake)
[3.211s] -- Found Python3: /usr/bin/python3 (found version "3.12.3") found components: Interpreter Development Development.Module Development.Embed 
[3.236s] -- pybind11 v2.13.0 dev1
[3.285s] -- Found PythonInterp: /usr/bin/python3 (found suitable version "3.12.3", minimum required is "3.6") 
[3.320s] -- Found PythonLibs: /usr/lib/x86_64-linux-gnu/libpython3.12.so
[3.324s] -- Performing Test HAS_FLTO
[3.633s] -- Performing Test HAS_FLTO - Success
[3.649s] -- Found ament_cmake_pytest: 2.5.4 (/opt/ros/jazzy/share/ament_cmake_pytest/cmake)
[3.660s] -- Found launch_testing_ament_cmake: 3.4.9 (/opt/ros/jazzy/share/launch_testing_ament_cmake/cmake)
[3.668s] -- Found python_cmake_module: 0.11.1 (/opt/ros/jazzy/share/python_cmake_module/cmake)
[3.724s] -- Found Python3: /usr/bin/python3 (found version "3.12.3") found components: Interpreter 
[3.727s] -- Found PythonExtra: /usr/bin/python3  
[4.295s] -- Found ament_cmake_gtest: 2.5.4 (/opt/ros/jazzy/share/ament_cmake_gtest/cmake)
[4.300s] -- Found ament_cmake_gmock: 2.5.4 (/opt/ros/jazzy/share/ament_cmake_gmock/cmake)
[4.301s] -- Found launch_testing_ament_cmake: 3.4.9 (/opt/ros/jazzy/share/launch_testing_ament_cmake/cmake)
[4.302s] -- Found python_cmake_module: 0.11.1 (/opt/ros/jazzy/share/python_cmake_module/cmake)
[4.370s] -- Found gmock sources under '/opt/ros/jazzy/src/gmock_vendor': C++ tests using 'Google Mock' will be built
[4.387s] -- Found gtest sources under '/opt/ros/jazzy/src/gtest_vendor': C++ tests using 'Google Test' will be built
[4.395s] -- Found Threads: TRUE  
[4.435s] -- Configuring done (4.4s)
[4.814s] -- Generating done (0.3s)
[4.906s] -- Build files have been written to: /home/laxmi-arz-i006/moveit_resources-ros2/build/moveit_task_constructor_core
